First Layout: /home/ali112000/mpw5/UETRV-ECORE/openlane/Core/runs/Core/results/finishing/Core.gds
Second Layout: /home/ali112000/mpw5/UETRV-ECORE/openlane/Core/runs/Core/results/finishing/Core.klayout.gds
Design Name: Core
Output GDS will be: /home/ali112000/mpw5/UETRV-ECORE/openlane/Core/runs/Core/reports/finishing/Core.xor.xml
Reading /home/ali112000/mpw5/UETRV-ECORE/openlane/Core/runs/Core/results/finishing/Core.gds ..
Reading /home/ali112000/mpw5/UETRV-ECORE/openlane/Core/runs/Core/results/finishing/Core.klayout.gds ..
--- Running XOR for 122/16 ---
"input" in: xor.drc:38
    Polygons (raw): 41942 (flat)  183 (hierarchical)
    Elapsed: 0.000s  Memory: 444.00M
"input" in: xor.drc:38
    Polygons (raw): 41942 (flat)  183 (hierarchical)
    Elapsed: 0.000s  Memory: 444.00M
"^" in: xor.drc:38
    Polygons (raw): 0 (flat)  0 (hierarchical)
    Elapsed: 0.390s  Memory: 445.00M
XOR differences: 0
"output" in: xor.drc:40
    Polygons (raw): 0 (flat)  0 (hierarchical)
    Elapsed: 0.000s  Memory: 445.00M
--- Running XOR for 235/4 ---
"input" in: xor.drc:38
    Polygons (raw): 1 (flat)  1 (hierarchical)
    Elapsed: 0.010s  Memory: 445.00M
"input" in: xor.drc:38
    Polygons (raw): 1 (flat)  1 (hierarchical)
    Elapsed: 0.000s  Memory: 445.00M
"^" in: xor.drc:38
    Polygons (raw): 0 (flat)  0 (hierarchical)
    Elapsed: 0.080s  Memory: 445.00M
XOR differences: 0
"output" in: xor.drc:40
    Polygons (raw): 0 (flat)  0 (hierarchical)
    Elapsed: 0.010s  Memory: 445.00M
--- Running XOR for 236/0 ---
"input" in: xor.drc:38
    Polygons (raw): 25976 (flat)  175 (hierarchical)
    Elapsed: 0.000s  Memory: 445.00M
"input" in: xor.drc:38
    Polygons (raw): 25976 (flat)  175 (hierarchical)
    Elapsed: 0.010s  Memory: 445.00M
"^" in: xor.drc:38
    Polygons (raw): 0 (flat)  0 (hierarchical)
    Elapsed: 0.260s  Memory: 464.00M
XOR differences: 0
"output" in: xor.drc:40
    Polygons (raw): 0 (flat)  0 (hierarchical)
    Elapsed: 0.010s  Memory: 464.00M
--- Running XOR for 64/16 ---
"input" in: xor.drc:38
    Polygons (raw): 41934 (flat)  182 (hierarchical)
    Elapsed: 0.000s  Memory: 464.00M
"input" in: xor.drc:38
    Polygons (raw): 41934 (flat)  182 (hierarchical)
    Elapsed: 0.000s  Memory: 464.00M
"^" in: xor.drc:38
    Polygons (raw): 0 (flat)  0 (hierarchical)
    Elapsed: 0.390s  Memory: 464.00M
XOR differences: 0
"output" in: xor.drc:40
    Polygons (raw): 0 (flat)  0 (hierarchical)
    Elapsed: 0.000s  Memory: 464.00M
--- Running XOR for 64/20 ---
"input" in: xor.drc:38
    Polygons (raw): 43384 (flat)  178 (hierarchical)
    Elapsed: 0.010s  Memory: 464.00M
"input" in: xor.drc:38
    Polygons (raw): 43384 (flat)  178 (hierarchical)
    Elapsed: 0.000s  Memory: 464.00M
"^" in: xor.drc:38
    Polygons (raw): 0 (flat)  0 (hierarchical)
    Elapsed: 0.490s  Memory: 468.00M
XOR differences: 0
"output" in: xor.drc:40
    Polygons (raw): 0 (flat)  0 (hierarchical)
    Elapsed: 0.000s  Memory: 468.00M
--- Running XOR for 64/5 ---
"input" in: xor.drc:38
    Polygons (raw): 0 (flat)  0 (hierarchical)
    Elapsed: 0.000s  Memory: 468.00M
"input" in: xor.drc:38
    Polygons (raw): 0 (flat)  0 (hierarchical)
    Elapsed: 0.000s  Memory: 468.00M
"^" in: xor.drc:38
    Polygons (raw): 0 (flat)  0 (hierarchical)
    Elapsed: 0.130s  Memory: 468.00M
XOR differences: 0
"output" in: xor.drc:40
    Polygons (raw): 0 (flat)  0 (hierarchical)
    Elapsed: 0.010s  Memory: 468.00M
--- Running XOR for 64/59 ---
"input" in: xor.drc:38
    Polygons (raw): 0 (flat)  0 (hierarchical)
    Elapsed: 0.000s  Memory: 468.00M
"input" in: xor.drc:38
    Polygons (raw): 0 (flat)  0 (hierarchical)
    Elapsed: 0.000s  Memory: 468.00M
"^" in: xor.drc:38
    Polygons (raw): 0 (flat)  0 (hierarchical)
    Elapsed: 0.140s  Memory: 468.00M
XOR differences: 0
"output" in: xor.drc:40
    Polygons (raw): 0 (flat)  0 (hierarchical)
    Elapsed: 0.000s  Memory: 468.00M
--- Running XOR for 65/20 ---
"input" in: xor.drc:38
    Polygons (raw): 61787 (flat)  539 (hierarchical)
    Elapsed: 0.010s  Memory: 468.00M
"input" in: xor.drc:38
    Polygons (raw): 61787 (flat)  539 (hierarchical)
    Elapsed: 0.000s  Memory: 468.00M
"^" in: xor.drc:38
    Polygons (raw): 0 (flat)  0 (hierarchical)
    Elapsed: 0.530s  Memory: 487.00M
XOR differences: 0
"output" in: xor.drc:40
    Polygons (raw): 0 (flat)  0 (hierarchical)
    Elapsed: 0.010s  Memory: 487.00M
--- Running XOR for 65/44 ---
"input" in: xor.drc:38
    Polygons (raw): 6548 (flat)  2 (hierarchical)
    Elapsed: 0.000s  Memory: 487.00M
"input" in: xor.drc:38
    Polygons (raw): 6548 (flat)  2 (hierarchical)
    Elapsed: 0.000s  Memory: 487.00M
"^" in: xor.drc:38
    Polygons (raw): 0 (flat)  0 (hierarchical)
    Elapsed: 0.100s  Memory: 487.00M
XOR differences: 0
"output" in: xor.drc:40
    Polygons (raw): 0 (flat)  0 (hierarchical)
    Elapsed: 0.000s  Memory: 487.00M
--- Running XOR for 66/20 ---
"input" in: xor.drc:38
    Polygons (raw): 85098 (flat)  912 (hierarchical)
    Elapsed: 0.000s  Memory: 487.00M
"input" in: xor.drc:38
    Polygons (raw): 85098 (flat)  912 (hierarchical)
    Elapsed: 0.000s  Memory: 487.00M
"^" in: xor.drc:38
    Polygons (raw): 0 (flat)  0 (hierarchical)
    Elapsed: 1.300s  Memory: 487.00M
XOR differences: 0
"output" in: xor.drc:40
    Polygons (raw): 0 (flat)  0 (hierarchical)
    Elapsed: 0.000s  Memory: 487.00M
--- Running XOR for 66/44 ---
"input" in: xor.drc:38
    Polygons (raw): 412308 (flat)  5703 (hierarchical)
    Elapsed: 0.010s  Memory: 487.00M
"input" in: xor.drc:38
    Polygons (raw): 412308 (flat)  5703 (hierarchical)
    Elapsed: 0.000s  Memory: 487.00M
"^" in: xor.drc:38
    Polygons (raw): 0 (flat)  0 (hierarchical)
    Elapsed: 2.500s  Memory: 487.00M
XOR differences: 0
"output" in: xor.drc:40
    Polygons (raw): 0 (flat)  0 (hierarchical)
    Elapsed: 0.000s  Memory: 487.00M
--- Running XOR for 67/16 ---
"input" in: xor.drc:38
    Polygons (raw): 144798 (flat)  1492 (hierarchical)
    Elapsed: 0.010s  Memory: 487.00M
"input" in: xor.drc:38
    Polygons (raw): 144798 (flat)  1492 (hierarchical)
    Elapsed: 0.000s  Memory: 487.00M
"^" in: xor.drc:38
    Polygons (raw): 0 (flat)  0 (hierarchical)
    Elapsed: 0.720s  Memory: 487.00M
XOR differences: 0
"output" in: xor.drc:40
    Polygons (raw): 0 (flat)  0 (hierarchical)
    Elapsed: 0.000s  Memory: 487.00M
--- Running XOR for 67/20 ---
"input" in: xor.drc:38
    Polygons (raw): 220626 (flat)  44786 (hierarchical)
    Elapsed: 0.010s  Memory: 487.00M
"input" in: xor.drc:38
    Polygons (raw): 220626 (flat)  1545 (hierarchical)
    Elapsed: 0.000s  Memory: 487.00M
"^" in: xor.drc:38
    Polygons (raw): 0 (flat)  0 (hierarchical)
    Elapsed: 3.250s  Memory: 487.00M
XOR differences: 0
"output" in: xor.drc:40
    Polygons (raw): 0 (flat)  0 (hierarchical)
    Elapsed: 0.000s  Memory: 487.00M
--- Running XOR for 67/44 ---
"input" in: xor.drc:38
    Polygons (raw): 428902 (flat)  46644 (hierarchical)
    Elapsed: 0.020s  Memory: 487.00M
"input" in: xor.drc:38
    Polygons (raw): 428902 (flat)  3403 (hierarchical)
    Elapsed: 0.000s  Memory: 487.00M
"^" in: xor.drc:38
    Polygons (raw): 0 (flat)  0 (hierarchical)
    Elapsed: 2.160s  Memory: 487.00M
XOR differences: 0
"output" in: xor.drc:40
    Polygons (raw): 0 (flat)  0 (hierarchical)
    Elapsed: 0.010s  Memory: 487.00M
--- Running XOR for 67/5 ---
"input" in: xor.drc:38
    Polygons (raw): 0 (flat)  0 (hierarchical)
    Elapsed: 0.000s  Memory: 487.00M
"input" in: xor.drc:38
    Polygons (raw): 0 (flat)  0 (hierarchical)
    Elapsed: 0.010s  Memory: 487.00M
"^" in: xor.drc:38
    Polygons (raw): 0 (flat)  0 (hierarchical)
    Elapsed: 0.120s  Memory: 487.00M
XOR differences: 0
"output" in: xor.drc:40
    Polygons (raw): 0 (flat)  0 (hierarchical)
    Elapsed: 0.000s  Memory: 487.00M
--- Running XOR for 68/16 ---
"input" in: xor.drc:38
    Polygons (raw): 88128 (flat)  364 (hierarchical)
    Elapsed: 0.010s  Memory: 487.00M
"input" in: xor.drc:38
    Polygons (raw): 88128 (flat)  364 (hierarchical)
    Elapsed: 0.000s  Memory: 487.00M
"^" in: xor.drc:38
    Polygons (raw): 0 (flat)  0 (hierarchical)
    Elapsed: 0.660s  Memory: 490.00M
XOR differences: 0
"output" in: xor.drc:40
    Polygons (raw): 0 (flat)  0 (hierarchical)
    Elapsed: 0.000s  Memory: 490.00M
--- Running XOR for 68/20 ---
"input" in: xor.drc:38
    Polygons (raw): 307268 (flat)  215744 (hierarchical)
    Elapsed: 0.000s  Memory: 490.00M
"input" in: xor.drc:38
    Polygons (raw): 257614 (flat)  73065 (hierarchical)
    Elapsed: 0.000s  Memory: 490.00M
"^" in: xor.drc:38
    Polygons (raw): 0 (flat)  0 (hierarchical)
    Elapsed: 2.280s  Memory: 517.00M
XOR differences: 0
"output" in: xor.drc:40
    Polygons (raw): 0 (flat)  0 (hierarchical)
    Elapsed: 0.000s  Memory: 517.00M
--- Running XOR for 68/44 ---
"input" in: xor.drc:38
    Polygons (raw): 52251 (flat)  52251 (hierarchical)
    Elapsed: 0.020s  Memory: 517.00M
"input" in: xor.drc:38
    Polygons (raw): 52251 (flat)  7 (hierarchical)
    Elapsed: 0.010s  Memory: 517.00M
"^" in: xor.drc:38
    Polygons (raw): 0 (flat)  0 (hierarchical)
    Elapsed: 0.340s  Memory: 517.00M
XOR differences: 0
"output" in: xor.drc:40
    Polygons (raw): 0 (flat)  0 (hierarchical)
    Elapsed: 0.000s  Memory: 517.00M
--- Running XOR for 68/5 ---
"input" in: xor.drc:38
    Polygons (raw): 0 (flat)  0 (hierarchical)
    Elapsed: 0.000s  Memory: 517.00M
"input" in: xor.drc:38
    Polygons (raw): 0 (flat)  0 (hierarchical)
    Elapsed: 0.010s  Memory: 517.00M
"^" in: xor.drc:38
    Polygons (raw): 0 (flat)  0 (hierarchical)
    Elapsed: 0.140s  Memory: 517.00M
XOR differences: 0
"output" in: xor.drc:40
    Polygons (raw): 0 (flat)  0 (hierarchical)
    Elapsed: 0.000s  Memory: 517.00M
--- Running XOR for 69/16 ---
"input" in: xor.drc:38
    Polygons (raw): 3 (flat)  3 (hierarchical)
    Elapsed: 0.000s  Memory: 517.00M
"input" in: xor.drc:38
    Polygons (raw): 3 (flat)  3 (hierarchical)
    Elapsed: 0.000s  Memory: 517.00M
"^" in: xor.drc:38
    Polygons (raw): 0 (flat)  0 (hierarchical)
    Elapsed: 0.080s  Memory: 517.00M
XOR differences: 0
"output" in: xor.drc:40
    Polygons (raw): 0 (flat)  0 (hierarchical)
    Elapsed: 0.000s  Memory: 517.00M
--- Running XOR for 69/20 ---
"input" in: xor.drc:38
    Polygons (raw): 93687 (flat)  93687 (hierarchical)
    Elapsed: 0.000s  Memory: 517.00M
"input" in: xor.drc:38
    Polygons (raw): 94536 (flat)  39222 (hierarchical)
    Elapsed: 0.000s  Memory: 517.00M
"^" in: xor.drc:38
    Polygons (raw): 3 (flat)  3 (hierarchical)
    Elapsed: 1.120s  Memory: 518.00M
XOR differences: 3
"output" in: xor.drc:40
    Polygons (raw): 3 (flat)  3 (hierarchical)
    Elapsed: 0.000s  Memory: 518.00M
--- Running XOR for 69/44 ---
"input" in: xor.drc:38
    Polygons (raw): 7380 (flat)  7380 (hierarchical)
    Elapsed: 0.000s  Memory: 518.00M
"input" in: xor.drc:38
    Polygons (raw): 7380 (flat)  5 (hierarchical)
    Elapsed: 0.000s  Memory: 518.00M
"^" in: xor.drc:38
    Polygons (raw): 0 (flat)  0 (hierarchical)
    Elapsed: 0.120s  Memory: 518.00M
XOR differences: 0
"output" in: xor.drc:40
    Polygons (raw): 0 (flat)  0 (hierarchical)
    Elapsed: 0.000s  Memory: 518.00M
--- Running XOR for 69/5 ---
"input" in: xor.drc:38
    Polygons (raw): 0 (flat)  0 (hierarchical)
    Elapsed: 0.000s  Memory: 518.00M
"input" in: xor.drc:38
    Polygons (raw): 0 (flat)  0 (hierarchical)
    Elapsed: 0.000s  Memory: 518.00M
"^" in: xor.drc:38
    Polygons (raw): 0 (flat)  0 (hierarchical)
    Elapsed: 0.010s  Memory: 518.00M
XOR differences: 0
"output" in: xor.drc:40
    Polygons (raw): 0 (flat)  0 (hierarchical)
    Elapsed: 0.030s  Memory: 518.00M
--- Running XOR for 70/16 ---
"input" in: xor.drc:38
    Polygons (raw): 171 (flat)  171 (hierarchical)
    Elapsed: 0.000s  Memory: 518.00M
"input" in: xor.drc:38
    Polygons (raw): 171 (flat)  171 (hierarchical)
    Elapsed: 0.000s  Memory: 518.00M
"^" in: xor.drc:38
    Polygons (raw): 0 (flat)  0 (hierarchical)
    Elapsed: 0.080s  Memory: 518.00M
XOR differences: 0
"output" in: xor.drc:40
    Polygons (raw): 0 (flat)  0 (hierarchical)
    Elapsed: 0.000s  Memory: 518.00M
--- Running XOR for 70/20 ---
"input" in: xor.drc:38
    Polygons (raw): 17113 (flat)  17113 (hierarchical)
    Elapsed: 0.010s  Memory: 518.00M
"input" in: xor.drc:38
    Polygons (raw): 11933 (flat)  4399 (hierarchical)
    Elapsed: 0.000s  Memory: 518.00M
"^" in: xor.drc:38
    Polygons (raw): 171 (flat)  171 (hierarchical)
    Elapsed: 0.200s  Memory: 518.00M
XOR differences: 171
"output" in: xor.drc:40
    Polygons (raw): 171 (flat)  171 (hierarchical)
    Elapsed: 0.000s  Memory: 518.00M
--- Running XOR for 70/44 ---
"input" in: xor.drc:38
    Polygons (raw): 3854 (flat)  3854 (hierarchical)
    Elapsed: 0.000s  Memory: 518.00M
"input" in: xor.drc:38
    Polygons (raw): 3854 (flat)  5 (hierarchical)
    Elapsed: 0.010s  Memory: 518.00M
"^" in: xor.drc:38
    Polygons (raw): 0 (flat)  0 (hierarchical)
    Elapsed: 0.100s  Memory: 518.00M
XOR differences: 0
"output" in: xor.drc:40
    Polygons (raw): 0 (flat)  0 (hierarchical)
    Elapsed: 0.000s  Memory: 518.00M
--- Running XOR for 70/5 ---
"input" in: xor.drc:38
    Polygons (raw): 0 (flat)  0 (hierarchical)
    Elapsed: 0.010s  Memory: 518.00M
"input" in: xor.drc:38
    Polygons (raw): 0 (flat)  0 (hierarchical)
    Elapsed: 0.000s  Memory: 518.00M
"^" in: xor.drc:38
    Polygons (raw): 0 (flat)  0 (hierarchical)
    Elapsed: 0.010s  Memory: 518.00M
XOR differences: 0
"output" in: xor.drc:40
    Polygons (raw): 0 (flat)  0 (hierarchical)
    Elapsed: 0.030s  Memory: 518.00M
--- Running XOR for 71/16 ---
"input" in: xor.drc:38
    Polygons (raw): 7 (flat)  7 (hierarchical)
    Elapsed: 0.000s  Memory: 518.00M
"input" in: xor.drc:38
    Polygons (raw): 7 (flat)  7 (hierarchical)
    Elapsed: 0.010s  Memory: 518.00M
"^" in: xor.drc:38
    Polygons (raw): 0 (flat)  0 (hierarchical)
    Elapsed: 0.080s  Memory: 518.00M
XOR differences: 0
"output" in: xor.drc:40
    Polygons (raw): 0 (flat)  0 (hierarchical)
    Elapsed: 0.000s  Memory: 518.00M
--- Running XOR for 71/20 ---
"input" in: xor.drc:38
    Polygons (raw): 2188 (flat)  2188 (hierarchical)
    Elapsed: 0.000s  Memory: 518.00M
"input" in: xor.drc:38
    Polygons (raw): 2801 (flat)  797 (hierarchical)
    Elapsed: 0.000s  Memory: 518.00M
"^" in: xor.drc:38
    Polygons (raw): 0 (flat)  0 (hierarchical)
    Elapsed: 0.100s  Memory: 518.00M
XOR differences: 0
"output" in: xor.drc:40
    Polygons (raw): 0 (flat)  0 (hierarchical)
    Elapsed: 0.000s  Memory: 518.00M
--- Running XOR for 71/5 ---
"input" in: xor.drc:38
    Polygons (raw): 0 (flat)  0 (hierarchical)
    Elapsed: 0.000s  Memory: 518.00M
"input" in: xor.drc:38
    Polygons (raw): 0 (flat)  0 (hierarchical)
    Elapsed: 0.000s  Memory: 518.00M
"^" in: xor.drc:38
    Polygons (raw): 0 (flat)  0 (hierarchical)
    Elapsed: 0.000s  Memory: 518.00M
XOR differences: 0
"output" in: xor.drc:40
    Polygons (raw): 0 (flat)  0 (hierarchical)
    Elapsed: 0.020s  Memory: 518.00M
--- Running XOR for 78/44 ---
"input" in: xor.drc:38
    Polygons (raw): 44716 (flat)  180 (hierarchical)
    Elapsed: 0.000s  Memory: 518.00M
"input" in: xor.drc:38
    Polygons (raw): 44716 (flat)  180 (hierarchical)
    Elapsed: 0.000s  Memory: 518.00M
"^" in: xor.drc:38
    Polygons (raw): 0 (flat)  0 (hierarchical)
    Elapsed: 0.380s  Memory: 518.00M
XOR differences: 0
"output" in: xor.drc:40
    Polygons (raw): 0 (flat)  0 (hierarchical)
    Elapsed: 0.000s  Memory: 518.00M
--- Running XOR for 81/23 ---
"input" in: xor.drc:38
    Polygons (raw): 5998 (flat)  1 (hierarchical)
    Elapsed: 0.000s  Memory: 518.00M
"input" in: xor.drc:38
    Polygons (raw): 5998 (flat)  1 (hierarchical)
    Elapsed: 0.000s  Memory: 518.00M
"^" in: xor.drc:38
    Polygons (raw): 0 (flat)  0 (hierarchical)
    Elapsed: 0.100s  Memory: 518.00M
XOR differences: 0
"output" in: xor.drc:40
    Polygons (raw): 0 (flat)  0 (hierarchical)
    Elapsed: 0.000s  Memory: 518.00M
--- Running XOR for 81/4 ---
"input" in: xor.drc:38
    Polygons (raw): 43384 (flat)  178 (hierarchical)
    Elapsed: 0.010s  Memory: 518.00M
"input" in: xor.drc:38
    Polygons (raw): 43384 (flat)  178 (hierarchical)
    Elapsed: 0.000s  Memory: 518.00M
"^" in: xor.drc:38
    Polygons (raw): 0 (flat)  0 (hierarchical)
    Elapsed: 0.390s  Memory: 518.00M
XOR differences: 0
"output" in: xor.drc:40
    Polygons (raw): 0 (flat)  0 (hierarchical)
    Elapsed: 0.000s  Memory: 518.00M
--- Running XOR for 83/44 ---
"input" in: xor.drc:38
    Polygons (raw): 0 (flat)  0 (hierarchical)
    Elapsed: 0.000s  Memory: 518.00M
"input" in: xor.drc:38
    Polygons (raw): 0 (flat)  0 (hierarchical)
    Elapsed: 0.000s  Memory: 518.00M
"^" in: xor.drc:38
    Polygons (raw): 0 (flat)  0 (hierarchical)
    Elapsed: 0.130s  Memory: 518.00M
XOR differences: 0
"output" in: xor.drc:40
    Polygons (raw): 0 (flat)  0 (hierarchical)
    Elapsed: 0.000s  Memory: 518.00M
--- Running XOR for 93/44 ---
"input" in: xor.drc:38
    Polygons (raw): 46658 (flat)  179 (hierarchical)
    Elapsed: 0.000s  Memory: 518.00M
"input" in: xor.drc:38
    Polygons (raw): 46658 (flat)  179 (hierarchical)
    Elapsed: 0.010s  Memory: 518.00M
"^" in: xor.drc:38
    Polygons (raw): 0 (flat)  0 (hierarchical)
    Elapsed: 0.480s  Memory: 518.00M
XOR differences: 0
"output" in: xor.drc:40
    Polygons (raw): 0 (flat)  0 (hierarchical)
    Elapsed: 0.000s  Memory: 518.00M
--- Running XOR for 94/20 ---
"input" in: xor.drc:38
    Polygons (raw): 46658 (flat)  179 (hierarchical)
    Elapsed: 0.000s  Memory: 518.00M
"input" in: xor.drc:38
    Polygons (raw): 46658 (flat)  179 (hierarchical)
    Elapsed: 0.010s  Memory: 518.00M
"^" in: xor.drc:38
    Polygons (raw): 0 (flat)  0 (hierarchical)
    Elapsed: 0.560s  Memory: 518.00M
XOR differences: 0
"output" in: xor.drc:40
    Polygons (raw): 0 (flat)  0 (hierarchical)
    Elapsed: 0.000s  Memory: 518.00M
--- Running XOR for 95/20 ---
"input" in: xor.drc:38
    Polygons (raw): 20474 (flat)  191 (hierarchical)
    Elapsed: 0.000s  Memory: 518.00M
"input" in: xor.drc:38
    Polygons (raw): 20474 (flat)  191 (hierarchical)
    Elapsed: 0.010s  Memory: 518.00M
"^" in: xor.drc:38
    Polygons (raw): 0 (flat)  0 (hierarchical)
    Elapsed: 0.320s  Memory: 518.00M
XOR differences: 0
"output" in: xor.drc:40
    Polygons (raw): 0 (flat)  0 (hierarchical)
    Elapsed: 0.000s  Memory: 518.00M
Writing report database: /home/ali112000/mpw5/UETRV-ECORE/openlane/Core/runs/Core/reports/finishing/Core.xor.xml ..
Total elapsed: 21.750s  Memory: 518.00M
