Instance name,  X location,  Y location,  Voltage 
PHY_788, 5.4, 1085.28, 1.8
PHY_790, 5.4, 1085.28, 1.8
PHY_789, 1090.8, 1085.28, 1.8
PHY_791, 1090.8, 1085.28, 1.8
PHY_784, 5.4, 1079.84, 1.8
PHY_786, 5.4, 1079.84, 1.8
PHY_785, 1090.8, 1079.84, 1.8
PHY_787, 1090.8, 1079.84, 1.8
PHY_780, 5.4, 1074.4, 1.8
PHY_782, 5.4, 1074.4, 1.8
PHY_781, 1090.8, 1074.4, 1.8
PHY_783, 1090.8, 1074.4, 1.8
PHY_776, 5.4, 1068.96, 1.8
PHY_778, 5.4, 1068.96, 1.8
PHY_777, 1090.8, 1068.96, 1.8
PHY_779, 1090.8, 1068.96, 1.8
PHY_772, 5.4, 1063.52, 1.8
PHY_774, 5.4, 1063.52, 1.8
PHY_773, 1090.8, 1063.52, 1.8
PHY_775, 1090.8, 1063.52, 1.8
PHY_768, 5.4, 1058.08, 1.8
PHY_770, 5.4, 1058.08, 1.8
PHY_769, 1090.8, 1058.08, 1.8
PHY_771, 1090.8, 1058.08, 1.8
PHY_764, 5.4, 1052.64, 1.8
PHY_766, 5.4, 1052.64, 1.8
PHY_765, 1090.8, 1052.64, 1.8
PHY_767, 1090.8, 1052.64, 1.8
PHY_760, 5.4, 1047.2, 1.8
PHY_762, 5.4, 1047.2, 1.8
PHY_761, 1090.8, 1047.2, 1.8
PHY_763, 1090.8, 1047.2, 1.8
PHY_756, 5.4, 1041.76, 1.8
PHY_758, 5.4, 1041.76, 1.8
PHY_757, 1090.8, 1041.76, 1.8
PHY_759, 1090.8, 1041.76, 1.8
PHY_752, 5.4, 1036.32, 1.8
PHY_754, 5.4, 1036.32, 1.8
PHY_753, 1090.8, 1036.32, 1.8
PHY_755, 1090.8, 1036.32, 1.8
PHY_748, 5.4, 1030.88, 1.8
PHY_750, 5.4, 1030.88, 1.8
PHY_749, 1090.8, 1030.88, 1.8
PHY_751, 1090.8, 1030.88, 1.8
PHY_744, 5.4, 1025.44, 1.8
PHY_746, 5.4, 1025.44, 1.8
PHY_745, 1090.8, 1025.44, 1.8
PHY_747, 1090.8, 1025.44, 1.8
PHY_740, 5.4, 1020, 1.8
PHY_742, 5.4, 1020, 1.8
PHY_741, 1090.8, 1020, 1.8
PHY_743, 1090.8, 1020, 1.8
PHY_736, 5.4, 1014.56, 1.8
PHY_738, 5.4, 1014.56, 1.8
PHY_737, 1090.8, 1014.56, 1.8
PHY_739, 1090.8, 1014.56, 1.8
PHY_732, 5.4, 1009.12, 1.8
PHY_734, 5.4, 1009.12, 1.8
PHY_733, 1090.8, 1009.12, 1.8
PHY_735, 1090.8, 1009.12, 1.8
PHY_728, 5.4, 1003.68, 1.8
PHY_730, 5.4, 1003.68, 1.8
PHY_729, 1090.8, 1003.68, 1.8
PHY_731, 1090.8, 1003.68, 1.8
PHY_724, 5.4, 998.24, 1.8
PHY_726, 5.4, 998.24, 1.8
PHY_725, 1090.8, 998.24, 1.8
PHY_727, 1090.8, 998.24, 1.8
PHY_720, 5.4, 992.8, 1.8
PHY_722, 5.4, 992.8, 1.8
PHY_721, 1090.8, 992.8, 1.8
PHY_723, 1090.8, 992.8, 1.8
PHY_716, 5.4, 987.36, 1.8
PHY_718, 5.4, 987.36, 1.8
PHY_717, 1090.8, 987.36, 1.8
PHY_719, 1090.8, 987.36, 1.8
PHY_712, 5.4, 981.92, 1.8
PHY_714, 5.4, 981.92, 1.8
PHY_713, 1090.8, 981.92, 1.8
PHY_715, 1090.8, 981.92, 1.8
PHY_708, 5.4, 976.48, 1.8
PHY_710, 5.4, 976.48, 1.8
PHY_709, 1090.8, 976.48, 1.8
PHY_711, 1090.8, 976.48, 1.8
PHY_704, 5.4, 971.04, 1.8
PHY_706, 5.4, 971.04, 1.8
PHY_705, 1090.8, 971.04, 1.8
PHY_707, 1090.8, 971.04, 1.8
PHY_700, 5.4, 965.6, 1.8
PHY_702, 5.4, 965.6, 1.8
PHY_701, 1090.8, 965.6, 1.8
PHY_703, 1090.8, 965.6, 1.8
PHY_696, 5.4, 960.16, 1.8
PHY_698, 5.4, 960.16, 1.8
PHY_697, 1090.8, 960.16, 1.8
PHY_699, 1090.8, 960.16, 1.8
PHY_692, 5.4, 954.72, 1.8
PHY_694, 5.4, 954.72, 1.8
PHY_693, 1090.8, 954.72, 1.8
PHY_695, 1090.8, 954.72, 1.8
PHY_688, 5.4, 949.28, 1.8
PHY_690, 5.4, 949.28, 1.8
PHY_689, 1090.8, 949.28, 1.8
PHY_691, 1090.8, 949.28, 1.8
PHY_684, 5.4, 943.84, 1.8
PHY_686, 5.4, 943.84, 1.8
PHY_685, 1090.8, 943.84, 1.8
PHY_687, 1090.8, 943.84, 1.8
PHY_680, 5.4, 938.4, 1.8
PHY_682, 5.4, 938.4, 1.8
PHY_681, 1090.8, 938.4, 1.8
PHY_683, 1090.8, 938.4, 1.8
PHY_676, 5.4, 932.96, 1.8
PHY_678, 5.4, 932.96, 1.8
PHY_677, 1090.8, 932.96, 1.8
PHY_679, 1090.8, 932.96, 1.8
PHY_672, 5.4, 927.52, 1.8
PHY_674, 5.4, 927.52, 1.8
PHY_673, 1090.8, 927.52, 1.8
PHY_675, 1090.8, 927.52, 1.8
PHY_668, 5.4, 922.08, 1.8
PHY_670, 5.4, 922.08, 1.8
PHY_669, 1090.8, 922.08, 1.8
PHY_671, 1090.8, 922.08, 1.8
PHY_664, 5.4, 916.64, 1.8
PHY_666, 5.4, 916.64, 1.8
PHY_665, 1090.8, 916.64, 1.8
PHY_667, 1090.8, 916.64, 1.8
PHY_660, 5.4, 911.2, 1.8
PHY_662, 5.4, 911.2, 1.8
PHY_661, 1090.8, 911.2, 1.8
PHY_663, 1090.8, 911.2, 1.8
PHY_656, 5.4, 905.76, 1.8
PHY_658, 5.4, 905.76, 1.8
PHY_657, 1090.8, 905.76, 1.8
PHY_659, 1090.8, 905.76, 1.8
PHY_652, 5.4, 900.32, 1.8
PHY_654, 5.4, 900.32, 1.8
PHY_653, 1090.8, 900.32, 1.8
PHY_655, 1090.8, 900.32, 1.8
PHY_648, 5.4, 894.88, 1.8
PHY_650, 5.4, 894.88, 1.8
PHY_649, 1090.8, 894.88, 1.8
PHY_651, 1090.8, 894.88, 1.8
PHY_644, 5.4, 889.44, 1.8
PHY_646, 5.4, 889.44, 1.8
PHY_645, 1090.8, 889.44, 1.8
PHY_647, 1090.8, 889.44, 1.8
PHY_640, 5.4, 884, 1.8
PHY_642, 5.4, 884, 1.8
PHY_641, 1090.8, 884, 1.8
PHY_643, 1090.8, 884, 1.8
PHY_636, 5.4, 878.56, 1.8
PHY_638, 5.4, 878.56, 1.8
PHY_637, 1090.8, 878.56, 1.8
PHY_639, 1090.8, 878.56, 1.8
PHY_632, 5.4, 873.12, 1.8
PHY_634, 5.4, 873.12, 1.8
PHY_633, 1090.8, 873.12, 1.8
PHY_635, 1090.8, 873.12, 1.8
PHY_628, 5.4, 867.68, 1.8
PHY_630, 5.4, 867.68, 1.8
PHY_629, 1090.8, 867.68, 1.8
PHY_631, 1090.8, 867.68, 1.8
PHY_624, 5.4, 862.24, 1.8
PHY_626, 5.4, 862.24, 1.8
PHY_625, 1090.8, 862.24, 1.8
PHY_627, 1090.8, 862.24, 1.8
PHY_620, 5.4, 856.8, 1.8
PHY_622, 5.4, 856.8, 1.8
PHY_621, 1090.8, 856.8, 1.8
PHY_623, 1090.8, 856.8, 1.8
PHY_616, 5.4, 851.36, 1.8
PHY_618, 5.4, 851.36, 1.8
PHY_617, 1090.8, 851.36, 1.8
PHY_619, 1090.8, 851.36, 1.8
PHY_612, 5.4, 845.92, 1.8
PHY_614, 5.4, 845.92, 1.8
PHY_613, 1090.8, 845.92, 1.8
PHY_615, 1090.8, 845.92, 1.8
PHY_608, 5.4, 840.48, 1.8
PHY_610, 5.4, 840.48, 1.8
PHY_609, 1090.8, 840.48, 1.8
PHY_611, 1090.8, 840.48, 1.8
PHY_604, 5.4, 835.04, 1.8
PHY_606, 5.4, 835.04, 1.8
PHY_605, 1090.8, 835.04, 1.8
PHY_607, 1090.8, 835.04, 1.8
PHY_600, 5.4, 829.6, 1.8
PHY_602, 5.4, 829.6, 1.8
PHY_601, 1090.8, 829.6, 1.8
PHY_603, 1090.8, 829.6, 1.8
PHY_596, 5.4, 824.16, 1.8
PHY_598, 5.4, 824.16, 1.8
PHY_597, 1090.8, 824.16, 1.8
PHY_599, 1090.8, 824.16, 1.8
PHY_592, 5.4, 818.72, 1.8
PHY_594, 5.4, 818.72, 1.8
PHY_593, 1090.8, 818.72, 1.8
PHY_595, 1090.8, 818.72, 1.8
PHY_588, 5.4, 813.28, 1.8
PHY_590, 5.4, 813.28, 1.8
PHY_589, 1090.8, 813.28, 1.8
PHY_591, 1090.8, 813.28, 1.8
PHY_584, 5.4, 807.84, 1.8
PHY_586, 5.4, 807.84, 1.8
PHY_585, 1090.8, 807.84, 1.8
PHY_587, 1090.8, 807.84, 1.8
PHY_580, 5.4, 802.4, 1.8
PHY_582, 5.4, 802.4, 1.8
PHY_581, 1090.8, 802.4, 1.8
PHY_583, 1090.8, 802.4, 1.8
PHY_576, 5.4, 796.96, 1.8
PHY_578, 5.4, 796.96, 1.8
PHY_577, 1090.8, 796.96, 1.8
PHY_579, 1090.8, 796.96, 1.8
PHY_572, 5.4, 791.52, 1.8
PHY_574, 5.4, 791.52, 1.8
PHY_573, 1090.8, 791.52, 1.8
PHY_575, 1090.8, 791.52, 1.8
PHY_568, 5.4, 786.08, 1.8
PHY_570, 5.4, 786.08, 1.8
PHY_569, 1090.8, 786.08, 1.8
PHY_571, 1090.8, 786.08, 1.8
PHY_564, 5.4, 780.64, 1.8
PHY_566, 5.4, 780.64, 1.8
PHY_565, 1090.8, 780.64, 1.8
PHY_567, 1090.8, 780.64, 1.8
PHY_560, 5.4, 775.2, 1.8
PHY_562, 5.4, 775.2, 1.8
PHY_561, 1090.8, 775.2, 1.8
PHY_563, 1090.8, 775.2, 1.8
PHY_556, 5.4, 769.76, 1.8
PHY_558, 5.4, 769.76, 1.8
PHY_557, 1090.8, 769.76, 1.8
PHY_559, 1090.8, 769.76, 1.8
PHY_552, 5.4, 764.32, 1.8
PHY_554, 5.4, 764.32, 1.8
PHY_553, 1090.8, 764.32, 1.8
PHY_555, 1090.8, 764.32, 1.8
PHY_548, 5.4, 758.88, 1.8
PHY_550, 5.4, 758.88, 1.8
PHY_549, 1090.8, 758.88, 1.8
PHY_551, 1090.8, 758.88, 1.8
PHY_544, 5.4, 753.44, 1.8
PHY_546, 5.4, 753.44, 1.8
PHY_545, 1090.8, 753.44, 1.8
PHY_547, 1090.8, 753.44, 1.8
PHY_540, 5.4, 748, 1.8
PHY_542, 5.4, 748, 1.8
PHY_541, 1090.8, 748, 1.8
PHY_543, 1090.8, 748, 1.8
PHY_536, 5.4, 742.56, 1.8
PHY_538, 5.4, 742.56, 1.8
PHY_537, 1090.8, 742.56, 1.8
PHY_539, 1090.8, 742.56, 1.8
PHY_532, 5.4, 737.12, 1.8
PHY_534, 5.4, 737.12, 1.8
PHY_533, 1090.8, 737.12, 1.8
PHY_535, 1090.8, 737.12, 1.8
PHY_528, 5.4, 731.68, 1.8
PHY_530, 5.4, 731.68, 1.8
PHY_529, 1090.8, 731.68, 1.8
PHY_531, 1090.8, 731.68, 1.8
PHY_524, 5.4, 726.24, 1.8
PHY_526, 5.4, 726.24, 1.8
PHY_525, 1090.8, 726.24, 1.8
PHY_527, 1090.8, 726.24, 1.8
PHY_520, 5.4, 720.8, 1.8
PHY_522, 5.4, 720.8, 1.8
PHY_521, 1090.8, 720.8, 1.8
PHY_523, 1090.8, 720.8, 1.8
PHY_516, 5.4, 715.36, 1.8
PHY_518, 5.4, 715.36, 1.8
PHY_517, 1090.8, 715.36, 1.8
PHY_519, 1090.8, 715.36, 1.8
PHY_512, 5.4, 709.92, 1.8
PHY_514, 5.4, 709.92, 1.8
PHY_513, 1090.8, 709.92, 1.8
PHY_515, 1090.8, 709.92, 1.8
PHY_508, 5.4, 704.48, 1.8
PHY_510, 5.4, 704.48, 1.8
PHY_509, 1090.8, 704.48, 1.8
PHY_511, 1090.8, 704.48, 1.8
PHY_504, 5.4, 699.04, 1.8
PHY_506, 5.4, 699.04, 1.8
PHY_505, 1090.8, 699.04, 1.8
PHY_507, 1090.8, 699.04, 1.8
PHY_500, 5.4, 693.6, 1.8
PHY_502, 5.4, 693.6, 1.8
PHY_501, 1090.8, 693.6, 1.8
PHY_503, 1090.8, 693.6, 1.8
PHY_496, 5.4, 688.16, 1.8
PHY_498, 5.4, 688.16, 1.8
PHY_497, 1090.8, 688.16, 1.8
PHY_499, 1090.8, 688.16, 1.8
PHY_492, 5.4, 682.72, 1.8
PHY_494, 5.4, 682.72, 1.8
PHY_493, 1090.8, 682.72, 1.8
PHY_495, 1090.8, 682.72, 1.8
PHY_488, 5.4, 677.28, 1.8
PHY_490, 5.4, 677.28, 1.8
PHY_489, 1090.8, 677.28, 1.8
PHY_491, 1090.8, 677.28, 1.8
PHY_484, 5.4, 671.84, 1.8
PHY_486, 5.4, 671.84, 1.8
PHY_485, 1090.8, 671.84, 1.8
PHY_487, 1090.8, 671.84, 1.8
PHY_480, 5.4, 666.4, 1.8
PHY_482, 5.4, 666.4, 1.8
PHY_481, 1090.8, 666.4, 1.8
PHY_483, 1090.8, 666.4, 1.8
PHY_476, 5.4, 660.96, 1.8
PHY_478, 5.4, 660.96, 1.8
PHY_477, 1090.8, 660.96, 1.8
PHY_479, 1090.8, 660.96, 1.8
PHY_472, 5.4, 655.52, 1.8
PHY_474, 5.4, 655.52, 1.8
PHY_473, 1090.8, 655.52, 1.8
PHY_475, 1090.8, 655.52, 1.8
PHY_468, 5.4, 650.08, 1.8
PHY_470, 5.4, 650.08, 1.8
PHY_469, 1090.8, 650.08, 1.8
PHY_471, 1090.8, 650.08, 1.8
PHY_464, 5.4, 644.64, 1.8
PHY_466, 5.4, 644.64, 1.8
PHY_465, 1090.8, 644.64, 1.8
PHY_467, 1090.8, 644.64, 1.8
PHY_460, 5.4, 639.2, 1.8
PHY_462, 5.4, 639.2, 1.8
PHY_461, 1090.8, 639.2, 1.8
PHY_463, 1090.8, 639.2, 1.8
PHY_456, 5.4, 633.76, 1.8
PHY_458, 5.4, 633.76, 1.8
PHY_457, 1090.8, 633.76, 1.8
PHY_459, 1090.8, 633.76, 1.8
PHY_452, 5.4, 628.32, 1.8
PHY_454, 5.4, 628.32, 1.8
PHY_453, 1090.8, 628.32, 1.8
PHY_455, 1090.8, 628.32, 1.8
PHY_448, 5.4, 622.88, 1.8
PHY_450, 5.4, 622.88, 1.8
PHY_449, 1090.8, 622.88, 1.8
PHY_451, 1090.8, 622.88, 1.8
PHY_444, 5.4, 617.44, 1.8
PHY_446, 5.4, 617.44, 1.8
PHY_445, 1090.8, 617.44, 1.8
PHY_447, 1090.8, 617.44, 1.8
PHY_440, 5.4, 612, 1.8
PHY_442, 5.4, 612, 1.8
PHY_441, 1090.8, 612, 1.8
PHY_443, 1090.8, 612, 1.8
PHY_436, 5.4, 606.56, 1.8
PHY_438, 5.4, 606.56, 1.8
PHY_437, 1090.8, 606.56, 1.8
PHY_439, 1090.8, 606.56, 1.8
PHY_432, 5.4, 601.12, 1.8
PHY_434, 5.4, 601.12, 1.8
PHY_433, 1090.8, 601.12, 1.8
PHY_435, 1090.8, 601.12, 1.8
PHY_428, 5.4, 595.68, 1.8
PHY_430, 5.4, 595.68, 1.8
PHY_429, 1090.8, 595.68, 1.8
PHY_431, 1090.8, 595.68, 1.8
PHY_424, 5.4, 590.24, 1.8
PHY_426, 5.4, 590.24, 1.8
PHY_425, 1090.8, 590.24, 1.8
PHY_427, 1090.8, 590.24, 1.8
PHY_420, 5.4, 584.8, 1.8
PHY_422, 5.4, 584.8, 1.8
PHY_421, 1090.8, 584.8, 1.8
PHY_423, 1090.8, 584.8, 1.8
PHY_416, 5.4, 579.36, 1.8
PHY_418, 5.4, 579.36, 1.8
PHY_417, 1090.8, 579.36, 1.8
PHY_419, 1090.8, 579.36, 1.8
PHY_412, 5.4, 573.92, 1.8
PHY_414, 5.4, 573.92, 1.8
PHY_413, 1090.8, 573.92, 1.8
PHY_415, 1090.8, 573.92, 1.8
PHY_408, 5.4, 568.48, 1.8
PHY_410, 5.4, 568.48, 1.8
PHY_409, 1090.8, 568.48, 1.8
PHY_411, 1090.8, 568.48, 1.8
PHY_404, 5.4, 563.04, 1.8
PHY_406, 5.4, 563.04, 1.8
PHY_405, 1090.8, 563.04, 1.8
PHY_407, 1090.8, 563.04, 1.8
PHY_400, 5.4, 557.6, 1.8
PHY_402, 5.4, 557.6, 1.8
PHY_401, 1090.8, 557.6, 1.8
PHY_403, 1090.8, 557.6, 1.8
PHY_396, 5.4, 552.16, 1.8
PHY_398, 5.4, 552.16, 1.8
PHY_397, 1090.8, 552.16, 1.8
PHY_399, 1090.8, 552.16, 1.8
PHY_392, 5.4, 546.72, 1.8
PHY_394, 5.4, 546.72, 1.8
PHY_393, 1090.8, 546.72, 1.8
PHY_395, 1090.8, 546.72, 1.8
PHY_388, 5.4, 541.28, 1.8
PHY_390, 5.4, 541.28, 1.8
PHY_389, 1090.8, 541.28, 1.8
PHY_391, 1090.8, 541.28, 1.8
PHY_384, 5.4, 535.84, 1.8
PHY_386, 5.4, 535.84, 1.8
PHY_385, 1090.8, 535.84, 1.8
PHY_387, 1090.8, 535.84, 1.8
PHY_380, 5.4, 530.4, 1.8
PHY_382, 5.4, 530.4, 1.8
PHY_381, 1090.8, 530.4, 1.8
PHY_383, 1090.8, 530.4, 1.8
PHY_376, 5.4, 524.96, 1.8
PHY_378, 5.4, 524.96, 1.8
PHY_377, 1090.8, 524.96, 1.8
PHY_379, 1090.8, 524.96, 1.8
PHY_372, 5.4, 519.52, 1.8
PHY_374, 5.4, 519.52, 1.8
PHY_373, 1090.8, 519.52, 1.8
PHY_375, 1090.8, 519.52, 1.8
PHY_368, 5.4, 514.08, 1.8
PHY_370, 5.4, 514.08, 1.8
PHY_369, 1090.8, 514.08, 1.8
PHY_371, 1090.8, 514.08, 1.8
PHY_364, 5.4, 508.64, 1.8
PHY_366, 5.4, 508.64, 1.8
PHY_365, 1090.8, 508.64, 1.8
PHY_367, 1090.8, 508.64, 1.8
PHY_360, 5.4, 503.2, 1.8
PHY_362, 5.4, 503.2, 1.8
PHY_361, 1090.8, 503.2, 1.8
PHY_363, 1090.8, 503.2, 1.8
PHY_356, 5.4, 497.76, 1.8
PHY_358, 5.4, 497.76, 1.8
PHY_357, 1090.8, 497.76, 1.8
PHY_359, 1090.8, 497.76, 1.8
PHY_352, 5.4, 492.32, 1.8
PHY_354, 5.4, 492.32, 1.8
PHY_353, 1090.8, 492.32, 1.8
PHY_355, 1090.8, 492.32, 1.8
PHY_348, 5.4, 486.88, 1.8
PHY_350, 5.4, 486.88, 1.8
PHY_349, 1090.8, 486.88, 1.8
PHY_351, 1090.8, 486.88, 1.8
PHY_344, 5.4, 481.44, 1.8
PHY_346, 5.4, 481.44, 1.8
PHY_345, 1090.8, 481.44, 1.8
PHY_347, 1090.8, 481.44, 1.8
PHY_340, 5.4, 476, 1.8
PHY_342, 5.4, 476, 1.8
PHY_341, 1090.8, 476, 1.8
PHY_343, 1090.8, 476, 1.8
PHY_336, 5.4, 470.56, 1.8
PHY_338, 5.4, 470.56, 1.8
PHY_337, 1090.8, 470.56, 1.8
PHY_339, 1090.8, 470.56, 1.8
PHY_332, 5.4, 465.12, 1.8
PHY_334, 5.4, 465.12, 1.8
PHY_333, 1090.8, 465.12, 1.8
PHY_335, 1090.8, 465.12, 1.8
PHY_328, 5.4, 459.68, 1.8
PHY_330, 5.4, 459.68, 1.8
PHY_329, 1090.8, 459.68, 1.8
PHY_331, 1090.8, 459.68, 1.8
PHY_324, 5.4, 454.24, 1.8
PHY_326, 5.4, 454.24, 1.8
PHY_325, 1090.8, 454.24, 1.8
PHY_327, 1090.8, 454.24, 1.8
PHY_320, 5.4, 448.8, 1.8
PHY_322, 5.4, 448.8, 1.8
PHY_321, 1090.8, 448.8, 1.8
PHY_323, 1090.8, 448.8, 1.8
PHY_316, 5.4, 443.36, 1.8
PHY_318, 5.4, 443.36, 1.8
PHY_317, 1090.8, 443.36, 1.8
PHY_319, 1090.8, 443.36, 1.8
PHY_312, 5.4, 437.92, 1.8
PHY_314, 5.4, 437.92, 1.8
PHY_313, 1090.8, 437.92, 1.8
PHY_315, 1090.8, 437.92, 1.8
PHY_308, 5.4, 432.48, 1.8
PHY_310, 5.4, 432.48, 1.8
PHY_309, 1090.8, 432.48, 1.8
PHY_311, 1090.8, 432.48, 1.8
PHY_304, 5.4, 427.04, 1.8
PHY_306, 5.4, 427.04, 1.8
PHY_305, 1090.8, 427.04, 1.8
PHY_307, 1090.8, 427.04, 1.8
PHY_300, 5.4, 421.6, 1.8
PHY_302, 5.4, 421.6, 1.8
PHY_301, 1090.8, 421.6, 1.8
PHY_303, 1090.8, 421.6, 1.8
PHY_296, 5.4, 416.16, 1.8
PHY_298, 5.4, 416.16, 1.8
PHY_297, 1090.8, 416.16, 1.8
PHY_299, 1090.8, 416.16, 1.8
PHY_292, 5.4, 410.72, 1.8
PHY_294, 5.4, 410.72, 1.8
PHY_293, 1090.8, 410.72, 1.8
PHY_295, 1090.8, 410.72, 1.8
PHY_288, 5.4, 405.28, 1.8
PHY_290, 5.4, 405.28, 1.8
PHY_289, 1090.8, 405.28, 1.8
PHY_291, 1090.8, 405.28, 1.8
PHY_284, 5.4, 399.84, 1.8
PHY_286, 5.4, 399.84, 1.8
PHY_285, 1090.8, 399.84, 1.8
PHY_287, 1090.8, 399.84, 1.8
PHY_280, 5.4, 394.4, 1.8
PHY_282, 5.4, 394.4, 1.8
PHY_281, 1090.8, 394.4, 1.8
PHY_283, 1090.8, 394.4, 1.8
PHY_276, 5.4, 388.96, 1.8
PHY_278, 5.4, 388.96, 1.8
PHY_277, 1090.8, 388.96, 1.8
PHY_279, 1090.8, 388.96, 1.8
PHY_272, 5.4, 383.52, 1.8
PHY_274, 5.4, 383.52, 1.8
PHY_273, 1090.8, 383.52, 1.8
PHY_275, 1090.8, 383.52, 1.8
PHY_268, 5.4, 378.08, 1.8
PHY_270, 5.4, 378.08, 1.8
PHY_269, 1090.8, 378.08, 1.8
PHY_271, 1090.8, 378.08, 1.8
PHY_264, 5.4, 372.64, 1.8
PHY_266, 5.4, 372.64, 1.8
PHY_265, 1090.8, 372.64, 1.8
PHY_267, 1090.8, 372.64, 1.8
PHY_260, 5.4, 367.2, 1.8
PHY_262, 5.4, 367.2, 1.8
PHY_261, 1090.8, 367.2, 1.8
PHY_263, 1090.8, 367.2, 1.8
PHY_256, 5.4, 361.76, 1.8
PHY_258, 5.4, 361.76, 1.8
PHY_257, 1090.8, 361.76, 1.8
PHY_259, 1090.8, 361.76, 1.8
PHY_252, 5.4, 356.32, 1.8
PHY_254, 5.4, 356.32, 1.8
PHY_253, 1090.8, 356.32, 1.8
PHY_255, 1090.8, 356.32, 1.8
PHY_248, 5.4, 350.88, 1.8
PHY_250, 5.4, 350.88, 1.8
PHY_249, 1090.8, 350.88, 1.8
PHY_251, 1090.8, 350.88, 1.8
PHY_244, 5.4, 345.44, 1.8
PHY_246, 5.4, 345.44, 1.8
PHY_245, 1090.8, 345.44, 1.8
PHY_247, 1090.8, 345.44, 1.8
PHY_240, 5.4, 340, 1.8
PHY_242, 5.4, 340, 1.8
PHY_241, 1090.8, 340, 1.8
PHY_243, 1090.8, 340, 1.8
PHY_236, 5.4, 334.56, 1.8
PHY_238, 5.4, 334.56, 1.8
PHY_237, 1090.8, 334.56, 1.8
PHY_239, 1090.8, 334.56, 1.8
PHY_232, 5.4, 329.12, 1.8
PHY_234, 5.4, 329.12, 1.8
PHY_233, 1090.8, 329.12, 1.8
PHY_235, 1090.8, 329.12, 1.8
PHY_228, 5.4, 323.68, 1.8
PHY_230, 5.4, 323.68, 1.8
PHY_229, 1090.8, 323.68, 1.8
PHY_231, 1090.8, 323.68, 1.8
PHY_224, 5.4, 318.24, 1.8
PHY_226, 5.4, 318.24, 1.8
PHY_225, 1090.8, 318.24, 1.8
PHY_227, 1090.8, 318.24, 1.8
PHY_220, 5.4, 312.8, 1.8
PHY_222, 5.4, 312.8, 1.8
PHY_221, 1090.8, 312.8, 1.8
PHY_223, 1090.8, 312.8, 1.8
PHY_216, 5.4, 307.36, 1.8
PHY_218, 5.4, 307.36, 1.8
PHY_217, 1090.8, 307.36, 1.8
PHY_219, 1090.8, 307.36, 1.8
PHY_212, 5.4, 301.92, 1.8
PHY_214, 5.4, 301.92, 1.8
PHY_213, 1090.8, 301.92, 1.8
PHY_215, 1090.8, 301.92, 1.8
PHY_208, 5.4, 296.48, 1.8
PHY_210, 5.4, 296.48, 1.8
PHY_209, 1090.8, 296.48, 1.8
PHY_211, 1090.8, 296.48, 1.8
PHY_204, 5.4, 291.04, 1.8
PHY_206, 5.4, 291.04, 1.8
PHY_205, 1090.8, 291.04, 1.8
PHY_207, 1090.8, 291.04, 1.8
PHY_200, 5.4, 285.6, 1.8
PHY_202, 5.4, 285.6, 1.8
PHY_201, 1090.8, 285.6, 1.8
PHY_203, 1090.8, 285.6, 1.8
PHY_196, 5.4, 280.16, 1.8
PHY_198, 5.4, 280.16, 1.8
PHY_197, 1090.8, 280.16, 1.8
PHY_199, 1090.8, 280.16, 1.8
PHY_192, 5.4, 274.72, 1.8
PHY_194, 5.4, 274.72, 1.8
PHY_193, 1090.8, 274.72, 1.8
PHY_195, 1090.8, 274.72, 1.8
PHY_188, 5.4, 269.28, 1.8
PHY_190, 5.4, 269.28, 1.8
PHY_189, 1090.8, 269.28, 1.8
PHY_191, 1090.8, 269.28, 1.8
PHY_184, 5.4, 263.84, 1.8
PHY_186, 5.4, 263.84, 1.8
PHY_185, 1090.8, 263.84, 1.8
PHY_187, 1090.8, 263.84, 1.8
PHY_180, 5.4, 258.4, 1.8
PHY_182, 5.4, 258.4, 1.8
PHY_181, 1090.8, 258.4, 1.8
PHY_183, 1090.8, 258.4, 1.8
PHY_176, 5.4, 252.96, 1.8
PHY_178, 5.4, 252.96, 1.8
PHY_177, 1090.8, 252.96, 1.8
PHY_179, 1090.8, 252.96, 1.8
PHY_172, 5.4, 247.52, 1.8
PHY_174, 5.4, 247.52, 1.8
PHY_173, 1090.8, 247.52, 1.8
PHY_175, 1090.8, 247.52, 1.8
PHY_168, 5.4, 242.08, 1.8
PHY_170, 5.4, 242.08, 1.8
PHY_169, 1090.8, 242.08, 1.8
PHY_171, 1090.8, 242.08, 1.8
PHY_164, 5.4, 236.64, 1.8
PHY_166, 5.4, 236.64, 1.8
PHY_165, 1090.8, 236.64, 1.8
PHY_167, 1090.8, 236.64, 1.8
PHY_160, 5.4, 231.2, 1.8
PHY_162, 5.4, 231.2, 1.8
PHY_161, 1090.8, 231.2, 1.8
PHY_163, 1090.8, 231.2, 1.8
PHY_156, 5.4, 225.76, 1.8
PHY_158, 5.4, 225.76, 1.8
PHY_157, 1090.8, 225.76, 1.8
PHY_159, 1090.8, 225.76, 1.8
PHY_152, 5.4, 220.32, 1.8
PHY_154, 5.4, 220.32, 1.8
PHY_153, 1090.8, 220.32, 1.8
PHY_155, 1090.8, 220.32, 1.8
PHY_148, 5.4, 214.88, 1.8
PHY_150, 5.4, 214.88, 1.8
PHY_149, 1090.8, 214.88, 1.8
PHY_151, 1090.8, 214.88, 1.8
PHY_144, 5.4, 209.44, 1.8
PHY_146, 5.4, 209.44, 1.8
PHY_145, 1090.8, 209.44, 1.8
PHY_147, 1090.8, 209.44, 1.8
PHY_140, 5.4, 204, 1.8
PHY_142, 5.4, 204, 1.8
PHY_141, 1090.8, 204, 1.8
PHY_143, 1090.8, 204, 1.8
PHY_136, 5.4, 198.56, 1.8
PHY_138, 5.4, 198.56, 1.8
PHY_137, 1090.8, 198.56, 1.8
PHY_139, 1090.8, 198.56, 1.8
PHY_132, 5.4, 193.12, 1.8
PHY_134, 5.4, 193.12, 1.8
PHY_133, 1090.8, 193.12, 1.8
PHY_135, 1090.8, 193.12, 1.8
PHY_128, 5.4, 187.68, 1.8
PHY_130, 5.4, 187.68, 1.8
PHY_129, 1090.8, 187.68, 1.8
PHY_131, 1090.8, 187.68, 1.8
PHY_124, 5.4, 182.24, 1.8
PHY_126, 5.4, 182.24, 1.8
PHY_125, 1090.8, 182.24, 1.8
PHY_127, 1090.8, 182.24, 1.8
PHY_120, 5.4, 176.8, 1.8
PHY_122, 5.4, 176.8, 1.8
PHY_121, 1090.8, 176.8, 1.8
PHY_123, 1090.8, 176.8, 1.8
PHY_116, 5.4, 171.36, 1.8
PHY_118, 5.4, 171.36, 1.8
PHY_117, 1090.8, 171.36, 1.8
PHY_119, 1090.8, 171.36, 1.8
PHY_112, 5.4, 165.92, 1.8
PHY_114, 5.4, 165.92, 1.8
PHY_113, 1090.8, 165.92, 1.8
PHY_115, 1090.8, 165.92, 1.8
PHY_108, 5.4, 160.48, 1.8
PHY_110, 5.4, 160.48, 1.8
PHY_109, 1090.8, 160.48, 1.8
PHY_111, 1090.8, 160.48, 1.8
PHY_104, 5.4, 155.04, 1.8
PHY_106, 5.4, 155.04, 1.8
PHY_105, 1090.8, 155.04, 1.8
PHY_107, 1090.8, 155.04, 1.8
PHY_100, 5.4, 149.6, 1.8
PHY_102, 5.4, 149.6, 1.8
PHY_101, 1090.8, 149.6, 1.8
PHY_103, 1090.8, 149.6, 1.8
PHY_96, 5.4, 144.16, 1.8
PHY_98, 5.4, 144.16, 1.8
PHY_97, 1090.8, 144.16, 1.8
PHY_99, 1090.8, 144.16, 1.8
PHY_92, 5.4, 138.72, 1.8
PHY_94, 5.4, 138.72, 1.8
PHY_93, 1090.8, 138.72, 1.8
PHY_95, 1090.8, 138.72, 1.8
PHY_88, 5.4, 133.28, 1.8
PHY_90, 5.4, 133.28, 1.8
PHY_89, 1090.8, 133.28, 1.8
PHY_91, 1090.8, 133.28, 1.8
PHY_84, 5.4, 127.84, 1.8
PHY_86, 5.4, 127.84, 1.8
PHY_85, 1090.8, 127.84, 1.8
PHY_87, 1090.8, 127.84, 1.8
PHY_80, 5.4, 122.4, 1.8
PHY_82, 5.4, 122.4, 1.8
PHY_81, 1090.8, 122.4, 1.8
PHY_83, 1090.8, 122.4, 1.8
PHY_76, 5.4, 116.96, 1.8
PHY_78, 5.4, 116.96, 1.8
PHY_77, 1090.8, 116.96, 1.8
PHY_79, 1090.8, 116.96, 1.8
PHY_72, 5.4, 111.52, 1.8
PHY_74, 5.4, 111.52, 1.8
PHY_73, 1090.8, 111.52, 1.8
PHY_75, 1090.8, 111.52, 1.8
PHY_68, 5.4, 106.08, 1.8
PHY_70, 5.4, 106.08, 1.8
PHY_69, 1090.8, 106.08, 1.8
PHY_71, 1090.8, 106.08, 1.8
PHY_64, 5.4, 100.64, 1.8
PHY_66, 5.4, 100.64, 1.8
PHY_65, 1090.8, 100.64, 1.8
PHY_67, 1090.8, 100.64, 1.8
PHY_60, 5.4, 95.2, 1.8
PHY_62, 5.4, 95.2, 1.8
PHY_61, 1090.8, 95.2, 1.8
PHY_63, 1090.8, 95.2, 1.8
PHY_56, 5.4, 89.76, 1.8
PHY_58, 5.4, 89.76, 1.8
PHY_57, 1090.8, 89.76, 1.8
PHY_59, 1090.8, 89.76, 1.8
PHY_52, 5.4, 84.32, 1.8
PHY_54, 5.4, 84.32, 1.8
PHY_53, 1090.8, 84.32, 1.8
PHY_55, 1090.8, 84.32, 1.8
PHY_48, 5.4, 78.88, 1.8
PHY_50, 5.4, 78.88, 1.8
PHY_49, 1090.8, 78.88, 1.8
PHY_51, 1090.8, 78.88, 1.8
PHY_44, 5.4, 73.44, 1.8
PHY_46, 5.4, 73.44, 1.8
PHY_45, 1090.8, 73.44, 1.8
PHY_47, 1090.8, 73.44, 1.8
PHY_40, 5.4, 68, 1.8
PHY_42, 5.4, 68, 1.8
PHY_41, 1090.8, 68, 1.8
PHY_43, 1090.8, 68, 1.8
PHY_36, 5.4, 62.56, 1.8
PHY_38, 5.4, 62.56, 1.8
PHY_37, 1090.8, 62.56, 1.8
PHY_39, 1090.8, 62.56, 1.8
PHY_32, 5.4, 57.12, 1.8
PHY_34, 5.4, 57.12, 1.8
PHY_33, 1090.8, 57.12, 1.8
PHY_35, 1090.8, 57.12, 1.8
PHY_28, 5.4, 51.68, 1.8
PHY_30, 5.4, 51.68, 1.8
PHY_29, 1090.8, 51.68, 1.8
PHY_31, 1090.8, 51.68, 1.8
PHY_24, 5.4, 46.24, 1.8
PHY_26, 5.4, 46.24, 1.8
PHY_25, 1090.8, 46.24, 1.8
PHY_27, 1090.8, 46.24, 1.8
PHY_20, 5.4, 40.8, 1.8
PHY_22, 5.4, 40.8, 1.8
PHY_21, 1090.8, 40.8, 1.8
PHY_23, 1090.8, 40.8, 1.8
PHY_16, 5.4, 35.36, 1.8
PHY_18, 5.4, 35.36, 1.8
PHY_17, 1090.8, 35.36, 1.8
PHY_19, 1090.8, 35.36, 1.8
PHY_12, 5.4, 29.92, 1.8
PHY_14, 5.4, 29.92, 1.8
PHY_13, 1090.8, 29.92, 1.8
PHY_15, 1090.8, 29.92, 1.8
PHY_10, 5.4, 24.48, 1.8
PHY_8, 5.4, 24.48, 1.8
PHY_11, 1090.8, 24.48, 1.8
PHY_9, 1090.8, 24.48, 1.8
PHY_4, 5.4, 19.04, 1.8
PHY_6, 5.4, 19.04, 1.8
PHY_5, 1090.8, 19.04, 1.8
PHY_7, 1090.8, 19.04, 1.8
PHY_0, 5.4, 13.6, 1.8
PHY_2, 5.4, 13.6, 1.8
_2298_, 5.4, 13.6, 1.8
_2299_, 5.4, 13.6, 1.8
_2300_, 5.4, 13.6, 1.8
_2301_, 5.4, 13.6, 1.8
_2302_, 5.4, 13.6, 1.8
_2303_, 5.4, 13.6, 1.8
_2304_, 5.4, 13.6, 1.8
_2305_, 5.4, 13.6, 1.8
_2306_, 5.4, 13.6, 1.8
_2307_, 5.4, 13.6, 1.8
_2308_, 5.4, 13.6, 1.8
_2309_, 5.4, 13.6, 1.8
_2310_, 5.4, 13.6, 1.8
_2311_, 5.4, 13.6, 1.8
_2312_, 5.4, 13.6, 1.8
_2313_, 5.4, 13.6, 1.8
_2314_, 5.4, 13.6, 1.8
_2315_, 5.4, 13.6, 1.8
_2316_, 5.4, 13.6, 1.8
_2317_, 5.4, 13.6, 1.8
_2318_, 5.4, 13.6, 1.8
_2319_, 5.4, 13.6, 1.8
_2320_, 5.4, 13.6, 1.8
_2321_, 5.4, 13.6, 1.8
_2322_, 5.4, 13.6, 1.8
_2323_, 5.4, 13.6, 1.8
_2324_, 5.4, 13.6, 1.8
_2325_, 5.4, 13.6, 1.8
_2326_, 5.4, 13.6, 1.8
_2327_, 5.4, 13.6, 1.8
_2328_, 5.4, 13.6, 1.8
_2329_, 5.4, 13.6, 1.8
_2330_, 5.4, 13.6, 1.8
_2331_, 5.4, 13.6, 1.8
_2332_, 5.4, 13.6, 1.8
_2333_, 5.4, 13.6, 1.8
_2334_, 5.4, 13.6, 1.8
_2335_, 5.4, 13.6, 1.8
_2336_, 5.4, 13.6, 1.8
_2337_, 5.4, 13.6, 1.8
_2338_, 5.4, 13.6, 1.8
_2339_, 5.4, 13.6, 1.8
_2340_, 5.4, 13.6, 1.8
_2341_, 5.4, 13.6, 1.8
_2342_, 5.4, 13.6, 1.8
_2343_, 5.4, 13.6, 1.8
_2344_, 5.4, 13.6, 1.8
_2345_, 5.4, 13.6, 1.8
_2346_, 5.4, 13.6, 1.8
_2347_, 5.4, 13.6, 1.8
_2348_, 5.4, 13.6, 1.8
_2349_, 5.4, 13.6, 1.8
_2350_, 5.4, 13.6, 1.8
_2351_, 5.4, 13.6, 1.8
_2352_, 5.4, 13.6, 1.8
_2353_, 5.4, 13.6, 1.8
_2354_, 5.4, 13.6, 1.8
_2355_, 5.4, 13.6, 1.8
_2356_, 5.4, 13.6, 1.8
_2357_, 5.4, 13.6, 1.8
_2358_, 5.4, 13.6, 1.8
_2359_, 5.4, 13.6, 1.8
_2360_, 5.4, 13.6, 1.8
_2361_, 5.4, 13.6, 1.8
_2362_, 5.4, 13.6, 1.8
_2363_, 5.4, 13.6, 1.8
_2364_, 5.4, 13.6, 1.8
_2365_, 5.4, 13.6, 1.8
_2366_, 5.4, 13.6, 1.8
_2367_, 5.4, 13.6, 1.8
_2368_, 5.4, 13.6, 1.8
_2369_, 5.4, 13.6, 1.8
_2370_, 5.4, 13.6, 1.8
_2371_, 5.4, 13.6, 1.8
_2372_, 5.4, 13.6, 1.8
_2373_, 5.4, 13.6, 1.8
_2374_, 5.4, 13.6, 1.8
_2375_, 5.4, 13.6, 1.8
_2376_, 5.4, 13.6, 1.8
_2377_, 5.4, 13.6, 1.8
_2378_, 5.4, 13.6, 1.8
_2379_, 5.4, 13.6, 1.8
_2380_, 5.4, 13.6, 1.8
_2381_, 5.4, 13.6, 1.8
_2382_, 5.4, 13.6, 1.8
_2383_, 5.4, 13.6, 1.8
_2384_, 5.4, 13.6, 1.8
_2385_, 5.4, 13.6, 1.8
_2386_, 5.4, 13.6, 1.8
_2387_, 5.4, 13.6, 1.8
_2388_, 5.4, 13.6, 1.8
_2389_, 5.4, 13.6, 1.8
_2390_, 5.4, 13.6, 1.8
_2391_, 5.4, 13.6, 1.8
_2392_, 5.4, 13.6, 1.8
_2393_, 5.4, 13.6, 1.8
_2394_, 5.4, 13.6, 1.8
_2395_, 5.4, 13.6, 1.8
_2396_, 5.4, 13.6, 1.8
_2397_, 5.4, 13.6, 1.8
_2398_, 5.4, 13.6, 1.8
_2399_, 5.4, 13.6, 1.8
_2400_, 5.4, 13.6, 1.8
_2401_, 5.4, 13.6, 1.8
_2402_, 5.4, 13.6, 1.8
_2403_, 5.4, 13.6, 1.8
_2404_, 5.4, 13.6, 1.8
_2405_, 5.4, 13.6, 1.8
_2406_, 5.4, 13.6, 1.8
_2407_, 5.4, 13.6, 1.8
_2408_, 5.4, 13.6, 1.8
_2409_, 5.4, 13.6, 1.8
_2410_, 5.4, 13.6, 1.8
_2411_, 5.4, 13.6, 1.8
_2412_, 5.4, 13.6, 1.8
_2413_, 5.4, 13.6, 1.8
_2414_, 5.4, 13.6, 1.8
_2415_, 5.4, 13.6, 1.8
_2416_, 5.4, 13.6, 1.8
_2417_, 5.4, 13.6, 1.8
_2418_, 5.4, 13.6, 1.8
_2419_, 5.4, 13.6, 1.8
_2420_, 5.4, 13.6, 1.8
_2421_, 5.4, 13.6, 1.8
_2422_, 5.4, 13.6, 1.8
_2423_, 5.4, 13.6, 1.8
_2424_, 5.4, 13.6, 1.8
_2425_, 5.4, 13.6, 1.8
_2426_, 5.4, 13.6, 1.8
_2427_, 5.4, 13.6, 1.8
_2428_, 5.4, 13.6, 1.8
_2429_, 5.4, 13.6, 1.8
_2430_, 5.4, 13.6, 1.8
_2431_, 5.4, 13.6, 1.8
_2432_, 5.4, 13.6, 1.8
_2433_, 5.4, 13.6, 1.8
_2434_, 5.4, 13.6, 1.8
_2435_, 5.4, 13.6, 1.8
_2436_, 5.4, 13.6, 1.8
_2437_, 5.4, 13.6, 1.8
_2438_, 5.4, 13.6, 1.8
_2439_, 5.4, 13.6, 1.8
_2440_, 5.4, 13.6, 1.8
_2441_, 5.4, 13.6, 1.8
_2442_, 5.4, 13.6, 1.8
_2443_, 5.4, 13.6, 1.8
_2444_, 5.4, 13.6, 1.8
_2445_, 5.4, 13.6, 1.8
_2446_, 5.4, 13.6, 1.8
_2447_, 5.4, 13.6, 1.8
_2448_, 5.4, 13.6, 1.8
_2449_, 5.4, 13.6, 1.8
_2450_, 5.4, 13.6, 1.8
_2451_, 5.4, 13.6, 1.8
_2452_, 5.4, 13.6, 1.8
_2453_, 5.4, 13.6, 1.8
_2454_, 5.4, 13.6, 1.8
_2455_, 5.4, 13.6, 1.8
_2456_, 5.4, 13.6, 1.8
_2457_, 5.4, 13.6, 1.8
_2458_, 5.4, 13.6, 1.8
_2459_, 5.4, 13.6, 1.8
_2460_, 5.4, 13.6, 1.8
_2461_, 5.4, 13.6, 1.8
_2462_, 5.4, 13.6, 1.8
_2463_, 5.4, 13.6, 1.8
_2464_, 5.4, 13.6, 1.8
_2465_, 5.4, 13.6, 1.8
_2466_, 5.4, 13.6, 1.8
_2467_, 5.4, 13.6, 1.8
_2468_, 5.4, 13.6, 1.8
_2469_, 5.4, 13.6, 1.8
_2470_, 5.4, 13.6, 1.8
_2471_, 5.4, 13.6, 1.8
_2472_, 5.4, 13.6, 1.8
_2473_, 5.4, 13.6, 1.8
_2474_, 5.4, 13.6, 1.8
_2475_, 5.4, 13.6, 1.8
_2476_, 5.4, 13.6, 1.8
_2477_, 5.4, 13.6, 1.8
_2478_, 5.4, 13.6, 1.8
_2479_, 5.4, 13.6, 1.8
_2480_, 5.4, 13.6, 1.8
_2481_, 5.4, 13.6, 1.8
_2482_, 5.4, 13.6, 1.8
_2483_, 5.4, 13.6, 1.8
_2484_, 5.4, 13.6, 1.8
_2485_, 5.4, 13.6, 1.8
_2486_, 5.4, 13.6, 1.8
_2487_, 5.4, 13.6, 1.8
_2488_, 5.4, 13.6, 1.8
_2489_, 5.4, 13.6, 1.8
_2490_, 5.4, 13.6, 1.8
_2491_, 5.4, 13.6, 1.8
_2492_, 5.4, 13.6, 1.8
_2493_, 5.4, 13.6, 1.8
_2494_, 5.4, 13.6, 1.8
_2495_, 5.4, 13.6, 1.8
_2496_, 5.4, 13.6, 1.8
_2497_, 5.4, 13.6, 1.8
_2498_, 5.4, 13.6, 1.8
_2499_, 5.4, 13.6, 1.8
_2500_, 5.4, 13.6, 1.8
_2501_, 5.4, 13.6, 1.8
_2502_, 5.4, 13.6, 1.8
_2503_, 5.4, 13.6, 1.8
_2504_, 5.4, 13.6, 1.8
_2505_, 5.4, 13.6, 1.8
_2506_, 5.4, 13.6, 1.8
_2507_, 5.4, 13.6, 1.8
_2508_, 5.4, 13.6, 1.8
_2509_, 5.4, 13.6, 1.8
_2510_, 5.4, 13.6, 1.8
_2511_, 5.4, 13.6, 1.8
_2512_, 5.4, 13.6, 1.8
_2513_, 5.4, 13.6, 1.8
_2514_, 5.4, 13.6, 1.8
_2515_, 5.4, 13.6, 1.8
_2516_, 5.4, 13.6, 1.8
_2517_, 5.4, 13.6, 1.8
_2518_, 5.4, 13.6, 1.8
_2519_, 5.4, 13.6, 1.8
_2520_, 5.4, 13.6, 1.8
_2521_, 5.4, 13.6, 1.8
_2522_, 5.4, 13.6, 1.8
_2523_, 5.4, 13.6, 1.8
_2524_, 5.4, 13.6, 1.8
_2525_, 5.4, 13.6, 1.8
_2526_, 5.4, 13.6, 1.8
_2527_, 5.4, 13.6, 1.8
_2528_, 5.4, 13.6, 1.8
_2529_, 5.4, 13.6, 1.8
_2530_, 5.4, 13.6, 1.8
_2531_, 5.4, 13.6, 1.8
_2532_, 5.4, 13.6, 1.8
_2533_, 5.4, 13.6, 1.8
_2534_, 5.4, 13.6, 1.8
_2535_, 5.4, 13.6, 1.8
_2536_, 5.4, 13.6, 1.8
_2537_, 5.4, 13.6, 1.8
_2538_, 5.4, 13.6, 1.8
_2539_, 5.4, 13.6, 1.8
_2540_, 5.4, 13.6, 1.8
_2541_, 5.4, 13.6, 1.8
_2542_, 5.4, 13.6, 1.8
_2543_, 5.4, 13.6, 1.8
_2544_, 5.4, 13.6, 1.8
_2545_, 5.4, 13.6, 1.8
_2546_, 5.4, 13.6, 1.8
_2547_, 5.4, 13.6, 1.8
_2548_, 5.4, 13.6, 1.8
_2549_, 5.4, 13.6, 1.8
_2550_, 5.4, 13.6, 1.8
_2551_, 5.4, 13.6, 1.8
_2552_, 5.4, 13.6, 1.8
_2553_, 5.4, 13.6, 1.8
_2554_, 5.4, 13.6, 1.8
_2555_, 5.4, 13.6, 1.8
_2556_, 5.4, 13.6, 1.8
_2557_, 5.4, 13.6, 1.8
_2558_, 5.4, 13.6, 1.8
_2559_, 5.4, 13.6, 1.8
_2560_, 5.4, 13.6, 1.8
_2561_, 5.4, 13.6, 1.8
_2562_, 5.4, 13.6, 1.8
_2563_, 5.4, 13.6, 1.8
_2564_, 5.4, 13.6, 1.8
_2565_, 5.4, 13.6, 1.8
_2566_, 5.4, 13.6, 1.8
_2567_, 5.4, 13.6, 1.8
_2568_, 5.4, 13.6, 1.8
_2569_, 5.4, 13.6, 1.8
_2570_, 5.4, 13.6, 1.8
_2571_, 5.4, 13.6, 1.8
_2572_, 5.4, 13.6, 1.8
_2573_, 5.4, 13.6, 1.8
_2574_, 5.4, 13.6, 1.8
_2575_, 5.4, 13.6, 1.8
_2576_, 5.4, 13.6, 1.8
_2577_, 5.4, 13.6, 1.8
_2578_, 5.4, 13.6, 1.8
_2579_, 5.4, 13.6, 1.8
_2580_, 5.4, 13.6, 1.8
_2581_, 5.4, 13.6, 1.8
_2582_, 5.4, 13.6, 1.8
_2583_, 5.4, 13.6, 1.8
_2584_, 5.4, 13.6, 1.8
_2585_, 5.4, 13.6, 1.8
_2586_, 5.4, 13.6, 1.8
_2587_, 5.4, 13.6, 1.8
_2588_, 5.4, 13.6, 1.8
_2589_, 5.4, 13.6, 1.8
_2590_, 5.4, 13.6, 1.8
_2591_, 5.4, 13.6, 1.8
_2592_, 5.4, 13.6, 1.8
_2593_, 5.4, 13.6, 1.8
_2594_, 5.4, 13.6, 1.8
_2595_, 5.4, 13.6, 1.8
_2596_, 5.4, 13.6, 1.8
_2597_, 5.4, 13.6, 1.8
_2598_, 5.4, 13.6, 1.8
_2599_, 5.4, 13.6, 1.8
_2600_, 5.4, 13.6, 1.8
_2601_, 5.4, 13.6, 1.8
_2602_, 5.4, 13.6, 1.8
_2603_, 5.4, 13.6, 1.8
_2604_, 5.4, 13.6, 1.8
_2605_, 5.4, 13.6, 1.8
_2606_, 5.4, 13.6, 1.8
_2607_, 5.4, 13.6, 1.8
_2608_, 5.4, 13.6, 1.8
_2609_, 5.4, 13.6, 1.8
_2610_, 5.4, 13.6, 1.8
_2611_, 5.4, 13.6, 1.8
_2612_, 5.4, 13.6, 1.8
_2613_, 5.4, 13.6, 1.8
_2614_, 5.4, 13.6, 1.8
_2615_, 5.4, 13.6, 1.8
_2616_, 5.4, 13.6, 1.8
_2617_, 5.4, 13.6, 1.8
_2618_, 5.4, 13.6, 1.8
_2619_, 5.4, 13.6, 1.8
_2620_, 5.4, 13.6, 1.8
_2621_, 5.4, 13.6, 1.8
_2622_, 5.4, 13.6, 1.8
_2623_, 5.4, 13.6, 1.8
_2624_, 5.4, 13.6, 1.8
_2625_, 5.4, 13.6, 1.8
_2626_, 5.4, 13.6, 1.8
_2627_, 5.4, 13.6, 1.8
_2628_, 5.4, 13.6, 1.8
_2629_, 5.4, 13.6, 1.8
_2630_, 5.4, 13.6, 1.8
_2631_, 5.4, 13.6, 1.8
_2632_, 5.4, 13.6, 1.8
_2633_, 5.4, 13.6, 1.8
_2634_, 5.4, 13.6, 1.8
_2635_, 5.4, 13.6, 1.8
_2636_, 5.4, 13.6, 1.8
_2637_, 5.4, 13.6, 1.8
_2638_, 5.4, 13.6, 1.8
_2639_, 5.4, 13.6, 1.8
_2640_, 5.4, 13.6, 1.8
_2641_, 5.4, 13.6, 1.8
_2642_, 5.4, 13.6, 1.8
_2643_, 5.4, 13.6, 1.8
_2644_, 5.4, 13.6, 1.8
_2645_, 5.4, 13.6, 1.8
_2646_, 5.4, 13.6, 1.8
_2647_, 5.4, 13.6, 1.8
_2648_, 5.4, 13.6, 1.8
_2649_, 5.4, 13.6, 1.8
_2650_, 5.4, 13.6, 1.8
_2651_, 5.4, 13.6, 1.8
_2652_, 5.4, 13.6, 1.8
_2653_, 5.4, 13.6, 1.8
_2654_, 5.4, 13.6, 1.8
_2655_, 5.4, 13.6, 1.8
_2656_, 5.4, 13.6, 1.8
_2657_, 5.4, 13.6, 1.8
_2658_, 5.4, 13.6, 1.8
_2659_, 5.4, 13.6, 1.8
_2660_, 5.4, 13.6, 1.8
_2661_, 5.4, 13.6, 1.8
_2662_, 5.4, 13.6, 1.8
_2663_, 5.4, 13.6, 1.8
_2664_, 5.4, 13.6, 1.8
_2665_, 5.4, 13.6, 1.8
_2666_, 5.4, 13.6, 1.8
_2667_, 5.4, 13.6, 1.8
_2668_, 5.4, 13.6, 1.8
_2669_, 5.4, 13.6, 1.8
_2670_, 5.4, 13.6, 1.8
_2671_, 5.4, 13.6, 1.8
_2672_, 5.4, 13.6, 1.8
_2673_, 5.4, 13.6, 1.8
_2674_, 5.4, 13.6, 1.8
_2675_, 5.4, 13.6, 1.8
_2676_, 5.4, 13.6, 1.8
_2677_, 5.4, 13.6, 1.8
_2678_, 5.4, 13.6, 1.8
_2679_, 5.4, 13.6, 1.8
_2680_, 5.4, 13.6, 1.8
_2681_, 5.4, 13.6, 1.8
_2682_, 5.4, 13.6, 1.8
_2683_, 5.4, 13.6, 1.8
_2684_, 5.4, 13.6, 1.8
_2685_, 5.4, 13.6, 1.8
_2686_, 5.4, 13.6, 1.8
_2687_, 5.4, 13.6, 1.8
_2688_, 5.4, 13.6, 1.8
_2689_, 5.4, 13.6, 1.8
_2690_, 5.4, 13.6, 1.8
_2691_, 5.4, 13.6, 1.8
_2692_, 5.4, 13.6, 1.8
_2693_, 5.4, 13.6, 1.8
_2694_, 5.4, 13.6, 1.8
_2695_, 5.4, 13.6, 1.8
_2696_, 5.4, 13.6, 1.8
_2697_, 5.4, 13.6, 1.8
_2698_, 5.4, 13.6, 1.8
_2699_, 5.4, 13.6, 1.8
_2700_, 5.4, 13.6, 1.8
_2701_, 5.4, 13.6, 1.8
_2702_, 5.4, 13.6, 1.8
_2703_, 5.4, 13.6, 1.8
_2704_, 5.4, 13.6, 1.8
_2705_, 5.4, 13.6, 1.8
_2706_, 5.4, 13.6, 1.8
_2707_, 5.4, 13.6, 1.8
_2708_, 5.4, 13.6, 1.8
_2709_, 5.4, 13.6, 1.8
_2710_, 5.4, 13.6, 1.8
_2711_, 5.4, 13.6, 1.8
_2712_, 5.4, 13.6, 1.8
_2713_, 5.4, 13.6, 1.8
_2714_, 5.4, 13.6, 1.8
_2715_, 5.4, 13.6, 1.8
_2716_, 5.4, 13.6, 1.8
_2717_, 5.4, 13.6, 1.8
_2718_, 5.4, 13.6, 1.8
_2719_, 5.4, 13.6, 1.8
_2720_, 5.4, 13.6, 1.8
_2721_, 5.4, 13.6, 1.8
_2722_, 5.4, 13.6, 1.8
_2723_, 5.4, 13.6, 1.8
_2724_, 5.4, 13.6, 1.8
_2725_, 5.4, 13.6, 1.8
_2726_, 5.4, 13.6, 1.8
_2727_, 5.4, 13.6, 1.8
_2728_, 5.4, 13.6, 1.8
_2729_, 5.4, 13.6, 1.8
_2730_, 5.4, 13.6, 1.8
_2731_, 5.4, 13.6, 1.8
_2732_, 5.4, 13.6, 1.8
_2733_, 5.4, 13.6, 1.8
_2734_, 5.4, 13.6, 1.8
_2735_, 5.4, 13.6, 1.8
_2736_, 5.4, 13.6, 1.8
_2737_, 5.4, 13.6, 1.8
_2738_, 5.4, 13.6, 1.8
_2739_, 5.4, 13.6, 1.8
_2740_, 5.4, 13.6, 1.8
_2741_, 5.4, 13.6, 1.8
_2742_, 5.4, 13.6, 1.8
_2743_, 5.4, 13.6, 1.8
_2744_, 5.4, 13.6, 1.8
_2745_, 5.4, 13.6, 1.8
_2746_, 5.4, 13.6, 1.8
_2747_, 5.4, 13.6, 1.8
_2748_, 5.4, 13.6, 1.8
_2749_, 5.4, 13.6, 1.8
_2750_, 5.4, 13.6, 1.8
_2751_, 5.4, 13.6, 1.8
_2752_, 5.4, 13.6, 1.8
_2753_, 5.4, 13.6, 1.8
_2754_, 5.4, 13.6, 1.8
_2755_, 5.4, 13.6, 1.8
_2756_, 5.4, 13.6, 1.8
_2757_, 5.4, 13.6, 1.8
_2758_, 5.4, 13.6, 1.8
_2759_, 5.4, 13.6, 1.8
_2760_, 5.4, 13.6, 1.8
_2761_, 5.4, 13.6, 1.8
_2762_, 5.4, 13.6, 1.8
_2763_, 5.4, 13.6, 1.8
_2764_, 5.4, 13.6, 1.8
_2765_, 5.4, 13.6, 1.8
_2766_, 5.4, 13.6, 1.8
_2767_, 5.4, 13.6, 1.8
_2768_, 5.4, 13.6, 1.8
_2769_, 5.4, 13.6, 1.8
_2770_, 5.4, 13.6, 1.8
_2771_, 5.4, 13.6, 1.8
_2772_, 5.4, 13.6, 1.8
_2773_, 5.4, 13.6, 1.8
_2774_, 5.4, 13.6, 1.8
_2775_, 5.4, 13.6, 1.8
_2776_, 5.4, 13.6, 1.8
_2777_, 5.4, 13.6, 1.8
_2778_, 5.4, 13.6, 1.8
_2779_, 5.4, 13.6, 1.8
_2780_, 5.4, 13.6, 1.8
_2781_, 5.4, 13.6, 1.8
_2782_, 5.4, 13.6, 1.8
_2783_, 5.4, 13.6, 1.8
_2784_, 5.4, 13.6, 1.8
_2785_, 5.4, 13.6, 1.8
_2786_, 5.4, 13.6, 1.8
_2787_, 5.4, 13.6, 1.8
_2788_, 5.4, 13.6, 1.8
_2789_, 5.4, 13.6, 1.8
_2790_, 5.4, 13.6, 1.8
_2791_, 5.4, 13.6, 1.8
_2792_, 5.4, 13.6, 1.8
_2793_, 5.4, 13.6, 1.8
_2794_, 5.4, 13.6, 1.8
_2795_, 5.4, 13.6, 1.8
_2796_, 5.4, 13.6, 1.8
_2797_, 5.4, 13.6, 1.8
_2798_, 5.4, 13.6, 1.8
_2799_, 5.4, 13.6, 1.8
_2800_, 5.4, 13.6, 1.8
_2801_, 5.4, 13.6, 1.8
_2802_, 5.4, 13.6, 1.8
_2803_, 5.4, 13.6, 1.8
_2804_, 5.4, 13.6, 1.8
_2805_, 5.4, 13.6, 1.8
_2806_, 5.4, 13.6, 1.8
_2807_, 5.4, 13.6, 1.8
_2808_, 5.4, 13.6, 1.8
_2809_, 5.4, 13.6, 1.8
_2810_, 5.4, 13.6, 1.8
_2811_, 5.4, 13.6, 1.8
_2812_, 5.4, 13.6, 1.8
_2813_, 5.4, 13.6, 1.8
_2814_, 5.4, 13.6, 1.8
_2815_, 5.4, 13.6, 1.8
_2816_, 5.4, 13.6, 1.8
_2817_, 5.4, 13.6, 1.8
_2818_, 5.4, 13.6, 1.8
_2819_, 5.4, 13.6, 1.8
_2820_, 5.4, 13.6, 1.8
_2821_, 5.4, 13.6, 1.8
_2822_, 5.4, 13.6, 1.8
_2823_, 5.4, 13.6, 1.8
_2824_, 5.4, 13.6, 1.8
_2825_, 5.4, 13.6, 1.8
_2826_, 5.4, 13.6, 1.8
_2827_, 5.4, 13.6, 1.8
_2828_, 5.4, 13.6, 1.8
_2829_, 5.4, 13.6, 1.8
_2830_, 5.4, 13.6, 1.8
_2831_, 5.4, 13.6, 1.8
_2832_, 5.4, 13.6, 1.8
_2833_, 5.4, 13.6, 1.8
_2834_, 5.4, 13.6, 1.8
_2835_, 5.4, 13.6, 1.8
_2836_, 5.4, 13.6, 1.8
_2837_, 5.4, 13.6, 1.8
_2838_, 5.4, 13.6, 1.8
_2839_, 5.4, 13.6, 1.8
_2840_, 5.4, 13.6, 1.8
_2841_, 5.4, 13.6, 1.8
_2842_, 5.4, 13.6, 1.8
_2843_, 5.4, 13.6, 1.8
_2844_, 5.4, 13.6, 1.8
_2845_, 5.4, 13.6, 1.8
_2846_, 5.4, 13.6, 1.8
_2847_, 5.4, 13.6, 1.8
_2848_, 5.4, 13.6, 1.8
_2849_, 5.4, 13.6, 1.8
_2850_, 5.4, 13.6, 1.8
_2851_, 5.4, 13.6, 1.8
_2852_, 5.4, 13.6, 1.8
_2853_, 5.4, 13.6, 1.8
_2854_, 5.4, 13.6, 1.8
_2855_, 5.4, 13.6, 1.8
_2856_, 5.4, 13.6, 1.8
_2857_, 5.4, 13.6, 1.8
_2858_, 5.4, 13.6, 1.8
_2859_, 5.4, 13.6, 1.8
_2860_, 5.4, 13.6, 1.8
_2861_, 5.4, 13.6, 1.8
_2862_, 5.4, 13.6, 1.8
_2863_, 5.4, 13.6, 1.8
_2864_, 5.4, 13.6, 1.8
_2865_, 5.4, 13.6, 1.8
_2866_, 5.4, 13.6, 1.8
_2867_, 5.4, 13.6, 1.8
_2868_, 5.4, 13.6, 1.8
_2869_, 5.4, 13.6, 1.8
_2870_, 5.4, 13.6, 1.8
_2871_, 5.4, 13.6, 1.8
_2872_, 5.4, 13.6, 1.8
_2873_, 5.4, 13.6, 1.8
_2874_, 5.4, 13.6, 1.8
_2875_, 5.4, 13.6, 1.8
_2876_, 5.4, 13.6, 1.8
_2877_, 5.4, 13.6, 1.8
_2878_, 5.4, 13.6, 1.8
_2879_, 5.4, 13.6, 1.8
_2880_, 5.4, 13.6, 1.8
_2881_, 5.4, 13.6, 1.8
_2882_, 5.4, 13.6, 1.8
_2883_, 5.4, 13.6, 1.8
_2884_, 5.4, 13.6, 1.8
_2885_, 5.4, 13.6, 1.8
_2886_, 5.4, 13.6, 1.8
_2887_, 5.4, 13.6, 1.8
_2888_, 5.4, 13.6, 1.8
_2889_, 5.4, 13.6, 1.8
_2890_, 5.4, 13.6, 1.8
_2891_, 5.4, 13.6, 1.8
_2892_, 5.4, 13.6, 1.8
_2893_, 5.4, 13.6, 1.8
_2894_, 5.4, 13.6, 1.8
_2895_, 5.4, 13.6, 1.8
_2896_, 5.4, 13.6, 1.8
_2897_, 5.4, 13.6, 1.8
_2898_, 5.4, 13.6, 1.8
_2899_, 5.4, 13.6, 1.8
_2900_, 5.4, 13.6, 1.8
_2901_, 5.4, 13.6, 1.8
_2902_, 5.4, 13.6, 1.8
_2903_, 5.4, 13.6, 1.8
_2904_, 5.4, 13.6, 1.8
_2905_, 5.4, 13.6, 1.8
_2906_, 5.4, 13.6, 1.8
_2907_, 5.4, 13.6, 1.8
_2908_, 5.4, 13.6, 1.8
_2909_, 5.4, 13.6, 1.8
_2910_, 5.4, 13.6, 1.8
_2911_, 5.4, 13.6, 1.8
_2912_, 5.4, 13.6, 1.8
_2913_, 5.4, 13.6, 1.8
_2914_, 5.4, 13.6, 1.8
_2915_, 5.4, 13.6, 1.8
_2916_, 5.4, 13.6, 1.8
_2917_, 5.4, 13.6, 1.8
_2918_, 5.4, 13.6, 1.8
_2919_, 5.4, 13.6, 1.8
_2920_, 5.4, 13.6, 1.8
_2921_, 5.4, 13.6, 1.8
_2922_, 5.4, 13.6, 1.8
_2923_, 5.4, 13.6, 1.8
_2924_, 5.4, 13.6, 1.8
_2925_, 5.4, 13.6, 1.8
_2926_, 5.4, 13.6, 1.8
_2927_, 5.4, 13.6, 1.8
_2928_, 5.4, 13.6, 1.8
_2929_, 5.4, 13.6, 1.8
_2930_, 5.4, 13.6, 1.8
_2931_, 5.4, 13.6, 1.8
_2932_, 5.4, 13.6, 1.8
_2933_, 5.4, 13.6, 1.8
_2934_, 5.4, 13.6, 1.8
_2935_, 5.4, 13.6, 1.8
_2936_, 5.4, 13.6, 1.8
_2937_, 5.4, 13.6, 1.8
_2938_, 5.4, 13.6, 1.8
_2939_, 5.4, 13.6, 1.8
_2940_, 5.4, 13.6, 1.8
_2941_, 5.4, 13.6, 1.8
_2942_, 5.4, 13.6, 1.8
_2943_, 5.4, 13.6, 1.8
_2944_, 5.4, 13.6, 1.8
_2945_, 5.4, 13.6, 1.8
_2946_, 5.4, 13.6, 1.8
_2947_, 5.4, 13.6, 1.8
_2948_, 5.4, 13.6, 1.8
_2949_, 5.4, 13.6, 1.8
_2950_, 5.4, 13.6, 1.8
_2951_, 5.4, 13.6, 1.8
_2952_, 5.4, 13.6, 1.8
_2953_, 5.4, 13.6, 1.8
_2954_, 5.4, 13.6, 1.8
_2955_, 5.4, 13.6, 1.8
_2956_, 5.4, 13.6, 1.8
_2957_, 5.4, 13.6, 1.8
_2958_, 5.4, 13.6, 1.8
_2959_, 5.4, 13.6, 1.8
_2960_, 5.4, 13.6, 1.8
_2961_, 5.4, 13.6, 1.8
_2962_, 5.4, 13.6, 1.8
_2963_, 5.4, 13.6, 1.8
_2964_, 5.4, 13.6, 1.8
_2965_, 5.4, 13.6, 1.8
_2966_, 5.4, 13.6, 1.8
_2967_, 5.4, 13.6, 1.8
_2968_, 5.4, 13.6, 1.8
_2969_, 5.4, 13.6, 1.8
_2970_, 5.4, 13.6, 1.8
_2971_, 5.4, 13.6, 1.8
_2972_, 5.4, 13.6, 1.8
_2973_, 5.4, 13.6, 1.8
_2974_, 5.4, 13.6, 1.8
_2975_, 5.4, 13.6, 1.8
_2976_, 5.4, 13.6, 1.8
_2977_, 5.4, 13.6, 1.8
_2978_, 5.4, 13.6, 1.8
_2979_, 5.4, 13.6, 1.8
_2980_, 5.4, 13.6, 1.8
_2981_, 5.4, 13.6, 1.8
_2982_, 5.4, 13.6, 1.8
_2983_, 5.4, 13.6, 1.8
_2984_, 5.4, 13.6, 1.8
_2985_, 5.4, 13.6, 1.8
_2986_, 5.4, 13.6, 1.8
_2987_, 5.4, 13.6, 1.8
_2988_, 5.4, 13.6, 1.8
_2989_, 5.4, 13.6, 1.8
_2990_, 5.4, 13.6, 1.8
_2991_, 5.4, 13.6, 1.8
_2992_, 5.4, 13.6, 1.8
_2993_, 5.4, 13.6, 1.8
_2994_, 5.4, 13.6, 1.8
_2995_, 5.4, 13.6, 1.8
_2996_, 5.4, 13.6, 1.8
_2997_, 5.4, 13.6, 1.8
_2998_, 5.4, 13.6, 1.8
_2999_, 5.4, 13.6, 1.8
_3000_, 5.4, 13.6, 1.8
_3001_, 5.4, 13.6, 1.8
_3002_, 5.4, 13.6, 1.8
_3003_, 5.4, 13.6, 1.8
_3004_, 5.4, 13.6, 1.8
_3005_, 5.4, 13.6, 1.8
_3006_, 5.4, 13.6, 1.8
_3007_, 5.4, 13.6, 1.8
_3008_, 5.4, 13.6, 1.8
_3009_, 5.4, 13.6, 1.8
_3010_, 5.4, 13.6, 1.8
_3011_, 5.4, 13.6, 1.8
_3012_, 5.4, 13.6, 1.8
_3013_, 5.4, 13.6, 1.8
_3014_, 5.4, 13.6, 1.8
_3015_, 5.4, 13.6, 1.8
_3016_, 5.4, 13.6, 1.8
_3017_, 5.4, 13.6, 1.8
_3018_, 5.4, 13.6, 1.8
_3019_, 5.4, 13.6, 1.8
_3020_, 5.4, 13.6, 1.8
_3021_, 5.4, 13.6, 1.8
_3022_, 5.4, 13.6, 1.8
_3023_, 5.4, 13.6, 1.8
_3024_, 5.4, 13.6, 1.8
_3025_, 5.4, 13.6, 1.8
_3026_, 5.4, 13.6, 1.8
_3027_, 5.4, 13.6, 1.8
_3028_, 5.4, 13.6, 1.8
_3029_, 5.4, 13.6, 1.8
_3030_, 5.4, 13.6, 1.8
_3031_, 5.4, 13.6, 1.8
_3032_, 5.4, 13.6, 1.8
_3033_, 5.4, 13.6, 1.8
_3034_, 5.4, 13.6, 1.8
_3035_, 5.4, 13.6, 1.8
_3036_, 5.4, 13.6, 1.8
_3037_, 5.4, 13.6, 1.8
_3038_, 5.4, 13.6, 1.8
_3039_, 5.4, 13.6, 1.8
_3040_, 5.4, 13.6, 1.8
_3041_, 5.4, 13.6, 1.8
_3042_, 5.4, 13.6, 1.8
_3043_, 5.4, 13.6, 1.8
_3044_, 5.4, 13.6, 1.8
_3045_, 5.4, 13.6, 1.8
_3046_, 5.4, 13.6, 1.8
_3047_, 5.4, 13.6, 1.8
_3048_, 5.4, 13.6, 1.8
_3049_, 5.4, 13.6, 1.8
_3050_, 5.4, 13.6, 1.8
_3051_, 5.4, 13.6, 1.8
_3052_, 5.4, 13.6, 1.8
_3053_, 5.4, 13.6, 1.8
_3054_, 5.4, 13.6, 1.8
_3055_, 5.4, 13.6, 1.8
_3056_, 5.4, 13.6, 1.8
_3057_, 5.4, 13.6, 1.8
_3058_, 5.4, 13.6, 1.8
_3059_, 5.4, 13.6, 1.8
_3060_, 5.4, 13.6, 1.8
_3061_, 5.4, 13.6, 1.8
_3062_, 5.4, 13.6, 1.8
_3063_, 5.4, 13.6, 1.8
_3064_, 5.4, 13.6, 1.8
_3065_, 5.4, 13.6, 1.8
_3066_, 5.4, 13.6, 1.8
_3067_, 5.4, 13.6, 1.8
_3068_, 5.4, 13.6, 1.8
_3069_, 5.4, 13.6, 1.8
_3070_, 5.4, 13.6, 1.8
_3071_, 5.4, 13.6, 1.8
_3072_, 5.4, 13.6, 1.8
_3073_, 5.4, 13.6, 1.8
_3074_, 5.4, 13.6, 1.8
_3075_, 5.4, 13.6, 1.8
_3076_, 5.4, 13.6, 1.8
_3077_, 5.4, 13.6, 1.8
_3078_, 5.4, 13.6, 1.8
_3079_, 5.4, 13.6, 1.8
_3080_, 5.4, 13.6, 1.8
_3081_, 5.4, 13.6, 1.8
_3082_, 5.4, 13.6, 1.8
_3083_, 5.4, 13.6, 1.8
_3084_, 5.4, 13.6, 1.8
_3085_, 5.4, 13.6, 1.8
_3086_, 5.4, 13.6, 1.8
_3087_, 5.4, 13.6, 1.8
_3088_, 5.4, 13.6, 1.8
_3089_, 5.4, 13.6, 1.8
_3090_, 5.4, 13.6, 1.8
_3091_, 5.4, 13.6, 1.8
_3092_, 5.4, 13.6, 1.8
_3093_, 5.4, 13.6, 1.8
_3094_, 5.4, 13.6, 1.8
_3095_, 5.4, 13.6, 1.8
_3096_, 5.4, 13.6, 1.8
_3097_, 5.4, 13.6, 1.8
_3098_, 5.4, 13.6, 1.8
_3099_, 5.4, 13.6, 1.8
_3100_, 5.4, 13.6, 1.8
_3101_, 5.4, 13.6, 1.8
_3102_, 5.4, 13.6, 1.8
_3103_, 5.4, 13.6, 1.8
_3104_, 5.4, 13.6, 1.8
_3105_, 5.4, 13.6, 1.8
_3106_, 5.4, 13.6, 1.8
_3107_, 5.4, 13.6, 1.8
_3108_, 5.4, 13.6, 1.8
_3109_, 5.4, 13.6, 1.8
_3110_, 5.4, 13.6, 1.8
_3111_, 5.4, 13.6, 1.8
_3112_, 5.4, 13.6, 1.8
_3113_, 5.4, 13.6, 1.8
_3114_, 5.4, 13.6, 1.8
_3115_, 5.4, 13.6, 1.8
_3116_, 5.4, 13.6, 1.8
_3117_, 5.4, 13.6, 1.8
_3118_, 5.4, 13.6, 1.8
_3119_, 5.4, 13.6, 1.8
_3120_, 5.4, 13.6, 1.8
_3121_, 5.4, 13.6, 1.8
_3122_, 5.4, 13.6, 1.8
_3123_, 5.4, 13.6, 1.8
_3124_, 5.4, 13.6, 1.8
_3125_, 5.4, 13.6, 1.8
_3126_, 5.4, 13.6, 1.8
_3127_, 5.4, 13.6, 1.8
_3128_, 5.4, 13.6, 1.8
_3129_, 5.4, 13.6, 1.8
_3130_, 5.4, 13.6, 1.8
_3131_, 5.4, 13.6, 1.8
_3132_, 5.4, 13.6, 1.8
_3133_, 5.4, 13.6, 1.8
_3134_, 5.4, 13.6, 1.8
_3135_, 5.4, 13.6, 1.8
_3136_, 5.4, 13.6, 1.8
_3137_, 5.4, 13.6, 1.8
_3138_, 5.4, 13.6, 1.8
_3139_, 5.4, 13.6, 1.8
_3140_, 5.4, 13.6, 1.8
_3141_, 5.4, 13.6, 1.8
_3142_, 5.4, 13.6, 1.8
_3143_, 5.4, 13.6, 1.8
_3144_, 5.4, 13.6, 1.8
_3145_, 5.4, 13.6, 1.8
_3146_, 5.4, 13.6, 1.8
_3147_, 5.4, 13.6, 1.8
_3148_, 5.4, 13.6, 1.8
_3149_, 5.4, 13.6, 1.8
_3150_, 5.4, 13.6, 1.8
_3151_, 5.4, 13.6, 1.8
_3152_, 5.4, 13.6, 1.8
_3153_, 5.4, 13.6, 1.8
_3154_, 5.4, 13.6, 1.8
_3155_, 5.4, 13.6, 1.8
_3156_, 5.4, 13.6, 1.8
_3157_, 5.4, 13.6, 1.8
_3158_, 5.4, 13.6, 1.8
_3159_, 5.4, 13.6, 1.8
_3160_, 5.4, 13.6, 1.8
_3161_, 5.4, 13.6, 1.8
_3162_, 5.4, 13.6, 1.8
_3163_, 5.4, 13.6, 1.8
_3164_, 5.4, 13.6, 1.8
_3165_, 5.4, 13.6, 1.8
_3166_, 5.4, 13.6, 1.8
_3167_, 5.4, 13.6, 1.8
_3168_, 5.4, 13.6, 1.8
_3169_, 5.4, 13.6, 1.8
_3170_, 5.4, 13.6, 1.8
_3171_, 5.4, 13.6, 1.8
_3172_, 5.4, 13.6, 1.8
_3173_, 5.4, 13.6, 1.8
_3174_, 5.4, 13.6, 1.8
_3175_, 5.4, 13.6, 1.8
_3176_, 5.4, 13.6, 1.8
_3177_, 5.4, 13.6, 1.8
_3178_, 5.4, 13.6, 1.8
_3179_, 5.4, 13.6, 1.8
_3180_, 5.4, 13.6, 1.8
_3181_, 5.4, 13.6, 1.8
_3182_, 5.4, 13.6, 1.8
_3183_, 5.4, 13.6, 1.8
_3184_, 5.4, 13.6, 1.8
_3185_, 5.4, 13.6, 1.8
_3186_, 5.4, 13.6, 1.8
_3187_, 5.4, 13.6, 1.8
_3188_, 5.4, 13.6, 1.8
_3189_, 5.4, 13.6, 1.8
_3190_, 5.4, 13.6, 1.8
_3191_, 5.4, 13.6, 1.8
_3192_, 5.4, 13.6, 1.8
_3193_, 5.4, 13.6, 1.8
_3194_, 5.4, 13.6, 1.8
_3195_, 5.4, 13.6, 1.8
_3196_, 5.4, 13.6, 1.8
_3197_, 5.4, 13.6, 1.8
_3198_, 5.4, 13.6, 1.8
_3199_, 5.4, 13.6, 1.8
_3200_, 5.4, 13.6, 1.8
_3201_, 5.4, 13.6, 1.8
_3202_, 5.4, 13.6, 1.8
_3203_, 5.4, 13.6, 1.8
_3204_, 5.4, 13.6, 1.8
_3205_, 5.4, 13.6, 1.8
_3206_, 5.4, 13.6, 1.8
_3207_, 5.4, 13.6, 1.8
_3208_, 5.4, 13.6, 1.8
_3209_, 5.4, 13.6, 1.8
_3210_, 5.4, 13.6, 1.8
_3211_, 5.4, 13.6, 1.8
_3212_, 5.4, 13.6, 1.8
_3213_, 5.4, 13.6, 1.8
_3214_, 5.4, 13.6, 1.8
_3215_, 5.4, 13.6, 1.8
_3216_, 5.4, 13.6, 1.8
_3217_, 5.4, 13.6, 1.8
_3218_, 5.4, 13.6, 1.8
_3219_, 5.4, 13.6, 1.8
_3220_, 5.4, 13.6, 1.8
_3221_, 5.4, 13.6, 1.8
_3222_, 5.4, 13.6, 1.8
_3223_, 5.4, 13.6, 1.8
_3224_, 5.4, 13.6, 1.8
_3225_, 5.4, 13.6, 1.8
_3226_, 5.4, 13.6, 1.8
_3227_, 5.4, 13.6, 1.8
_3228_, 5.4, 13.6, 1.8
_3229_, 5.4, 13.6, 1.8
_3230_, 5.4, 13.6, 1.8
_3231_, 5.4, 13.6, 1.8
_3232_, 5.4, 13.6, 1.8
_3233_, 5.4, 13.6, 1.8
_3234_, 5.4, 13.6, 1.8
_3235_, 5.4, 13.6, 1.8
_3236_, 5.4, 13.6, 1.8
_3237_, 5.4, 13.6, 1.8
_3238_, 5.4, 13.6, 1.8
_3239_, 5.4, 13.6, 1.8
_3240_, 5.4, 13.6, 1.8
_3241_, 5.4, 13.6, 1.8
_3242_, 5.4, 13.6, 1.8
_3243_, 5.4, 13.6, 1.8
_3244_, 5.4, 13.6, 1.8
_3245_, 5.4, 13.6, 1.8
_3246_, 5.4, 13.6, 1.8
_3247_, 5.4, 13.6, 1.8
_3248_, 5.4, 13.6, 1.8
_3249_, 5.4, 13.6, 1.8
_3250_, 5.4, 13.6, 1.8
_3251_, 5.4, 13.6, 1.8
_3252_, 5.4, 13.6, 1.8
_3253_, 5.4, 13.6, 1.8
_3254_, 5.4, 13.6, 1.8
_3255_, 5.4, 13.6, 1.8
_3256_, 5.4, 13.6, 1.8
_3257_, 5.4, 13.6, 1.8
_3258_, 5.4, 13.6, 1.8
_3259_, 5.4, 13.6, 1.8
_3260_, 5.4, 13.6, 1.8
_3261_, 5.4, 13.6, 1.8
_3262_, 5.4, 13.6, 1.8
_3263_, 5.4, 13.6, 1.8
_3264_, 5.4, 13.6, 1.8
_3265_, 5.4, 13.6, 1.8
_3266_, 5.4, 13.6, 1.8
_3267_, 5.4, 13.6, 1.8
_3268_, 5.4, 13.6, 1.8
_3269_, 5.4, 13.6, 1.8
_3270_, 5.4, 13.6, 1.8
_3271_, 5.4, 13.6, 1.8
_3272_, 5.4, 13.6, 1.8
_3273_, 5.4, 13.6, 1.8
_3274_, 5.4, 13.6, 1.8
_3275_, 5.4, 13.6, 1.8
_3276_, 5.4, 13.6, 1.8
_3277_, 5.4, 13.6, 1.8
_3278_, 5.4, 13.6, 1.8
_3279_, 5.4, 13.6, 1.8
_3280_, 5.4, 13.6, 1.8
_3281_, 5.4, 13.6, 1.8
_3282_, 5.4, 13.6, 1.8
_3283_, 5.4, 13.6, 1.8
_3284_, 5.4, 13.6, 1.8
_3285_, 5.4, 13.6, 1.8
_3286_, 5.4, 13.6, 1.8
_3287_, 5.4, 13.6, 1.8
_3288_, 5.4, 13.6, 1.8
_3289_, 5.4, 13.6, 1.8
_3290_, 5.4, 13.6, 1.8
_3291_, 5.4, 13.6, 1.8
_3292_, 5.4, 13.6, 1.8
_3293_, 5.4, 13.6, 1.8
_3294_, 5.4, 13.6, 1.8
_3295_, 5.4, 13.6, 1.8
_3296_, 5.4, 13.6, 1.8
_3297_, 5.4, 13.6, 1.8
_3298_, 5.4, 13.6, 1.8
_3299_, 5.4, 13.6, 1.8
_3300_, 5.4, 13.6, 1.8
_3301_, 5.4, 13.6, 1.8
_3302_, 5.4, 13.6, 1.8
_3303_, 5.4, 13.6, 1.8
_3304_, 5.4, 13.6, 1.8
_3305_, 5.4, 13.6, 1.8
_3306_, 5.4, 13.6, 1.8
_3307_, 5.4, 13.6, 1.8
_3308_, 5.4, 13.6, 1.8
_3309_, 5.4, 13.6, 1.8
_3310_, 5.4, 13.6, 1.8
_3311_, 5.4, 13.6, 1.8
_3312_, 5.4, 13.6, 1.8
_3313_, 5.4, 13.6, 1.8
_3314_, 5.4, 13.6, 1.8
_3315_, 5.4, 13.6, 1.8
_3316_, 5.4, 13.6, 1.8
_3317_, 5.4, 13.6, 1.8
_3318_, 5.4, 13.6, 1.8
_3319_, 5.4, 13.6, 1.8
_3320_, 5.4, 13.6, 1.8
_3321_, 5.4, 13.6, 1.8
_3322_, 5.4, 13.6, 1.8
_3323_, 5.4, 13.6, 1.8
_3324_, 5.4, 13.6, 1.8
_3325_, 5.4, 13.6, 1.8
_3326_, 5.4, 13.6, 1.8
_3327_, 5.4, 13.6, 1.8
_3328_, 5.4, 13.6, 1.8
_3329_, 5.4, 13.6, 1.8
_3330_, 5.4, 13.6, 1.8
_3331_, 5.4, 13.6, 1.8
_3332_, 5.4, 13.6, 1.8
_3333_, 5.4, 13.6, 1.8
_3334_, 5.4, 13.6, 1.8
_3335_, 5.4, 13.6, 1.8
_3336_, 5.4, 13.6, 1.8
_3337_, 5.4, 13.6, 1.8
_3338_, 5.4, 13.6, 1.8
_3339_, 5.4, 13.6, 1.8
_3340_, 5.4, 13.6, 1.8
_3341_, 5.4, 13.6, 1.8
_3342_, 5.4, 13.6, 1.8
_3343_, 5.4, 13.6, 1.8
_3344_, 5.4, 13.6, 1.8
_3345_, 5.4, 13.6, 1.8
_3346_, 5.4, 13.6, 1.8
_3347_, 5.4, 13.6, 1.8
_3348_, 5.4, 13.6, 1.8
_3349_, 5.4, 13.6, 1.8
_3350_, 5.4, 13.6, 1.8
_3351_, 5.4, 13.6, 1.8
_3352_, 5.4, 13.6, 1.8
_3353_, 5.4, 13.6, 1.8
_3354_, 5.4, 13.6, 1.8
_3355_, 5.4, 13.6, 1.8
_3356_, 5.4, 13.6, 1.8
_3357_, 5.4, 13.6, 1.8
_3358_, 5.4, 13.6, 1.8
_3359_, 5.4, 13.6, 1.8
_3360_, 5.4, 13.6, 1.8
_3361_, 5.4, 13.6, 1.8
_3362_, 5.4, 13.6, 1.8
_3363_, 5.4, 13.6, 1.8
_3364_, 5.4, 13.6, 1.8
_3365_, 5.4, 13.6, 1.8
_3366_, 5.4, 13.6, 1.8
_3367_, 5.4, 13.6, 1.8
_3368_, 5.4, 13.6, 1.8
_3369_, 5.4, 13.6, 1.8
_3370_, 5.4, 13.6, 1.8
_3371_, 5.4, 13.6, 1.8
_3372_, 5.4, 13.6, 1.8
_3373_, 5.4, 13.6, 1.8
_3374_, 5.4, 13.6, 1.8
_3375_, 5.4, 13.6, 1.8
_3376_, 5.4, 13.6, 1.8
_3377_, 5.4, 13.6, 1.8
_3378_, 5.4, 13.6, 1.8
_3379_, 5.4, 13.6, 1.8
_3380_, 5.4, 13.6, 1.8
_3381_, 5.4, 13.6, 1.8
_3382_, 5.4, 13.6, 1.8
_3383_, 5.4, 13.6, 1.8
_3384_, 5.4, 13.6, 1.8
_3385_, 5.4, 13.6, 1.8
_3386_, 5.4, 13.6, 1.8
_3387_, 5.4, 13.6, 1.8
_3388_, 5.4, 13.6, 1.8
_3389_, 5.4, 13.6, 1.8
_3390_, 5.4, 13.6, 1.8
_3391_, 5.4, 13.6, 1.8
_3392_, 5.4, 13.6, 1.8
_3393_, 5.4, 13.6, 1.8
_3394_, 5.4, 13.6, 1.8
_3395_, 5.4, 13.6, 1.8
_3396_, 5.4, 13.6, 1.8
_3397_, 5.4, 13.6, 1.8
_3398_, 5.4, 13.6, 1.8
_3399_, 5.4, 13.6, 1.8
_3400_, 5.4, 13.6, 1.8
_3401_, 5.4, 13.6, 1.8
_3402_, 5.4, 13.6, 1.8
_3403_, 5.4, 13.6, 1.8
_3404_, 5.4, 13.6, 1.8
_3405_, 5.4, 13.6, 1.8
_3406_, 5.4, 13.6, 1.8
_3407_, 5.4, 13.6, 1.8
_3408_, 5.4, 13.6, 1.8
_3409_, 5.4, 13.6, 1.8
_3410_, 5.4, 13.6, 1.8
_3411_, 5.4, 13.6, 1.8
_3412_, 5.4, 13.6, 1.8
_3413_, 5.4, 13.6, 1.8
_3414_, 5.4, 13.6, 1.8
_3415_, 5.4, 13.6, 1.8
_3416_, 5.4, 13.6, 1.8
_3417_, 5.4, 13.6, 1.8
_3418_, 5.4, 13.6, 1.8
_3419_, 5.4, 13.6, 1.8
_3420_, 5.4, 13.6, 1.8
_3421_, 5.4, 13.6, 1.8
_3422_, 5.4, 13.6, 1.8
_3423_, 5.4, 13.6, 1.8
_3424_, 5.4, 13.6, 1.8
_3425_, 5.4, 13.6, 1.8
_3426_, 5.4, 13.6, 1.8
_3427_, 5.4, 13.6, 1.8
_3428_, 5.4, 13.6, 1.8
_3429_, 5.4, 13.6, 1.8
_3430_, 5.4, 13.6, 1.8
_3431_, 5.4, 13.6, 1.8
_3432_, 5.4, 13.6, 1.8
_3433_, 5.4, 13.6, 1.8
_3434_, 5.4, 13.6, 1.8
_3435_, 5.4, 13.6, 1.8
_3436_, 5.4, 13.6, 1.8
_3437_, 5.4, 13.6, 1.8
_3438_, 5.4, 13.6, 1.8
_3439_, 5.4, 13.6, 1.8
_3440_, 5.4, 13.6, 1.8
_3441_, 5.4, 13.6, 1.8
_3442_, 5.4, 13.6, 1.8
_3443_, 5.4, 13.6, 1.8
_3444_, 5.4, 13.6, 1.8
_3445_, 5.4, 13.6, 1.8
_3446_, 5.4, 13.6, 1.8
_3447_, 5.4, 13.6, 1.8
_3448_, 5.4, 13.6, 1.8
_3449_, 5.4, 13.6, 1.8
_3450_, 5.4, 13.6, 1.8
_3451_, 5.4, 13.6, 1.8
_3452_, 5.4, 13.6, 1.8
_3453_, 5.4, 13.6, 1.8
_3454_, 5.4, 13.6, 1.8
_3455_, 5.4, 13.6, 1.8
_3456_, 5.4, 13.6, 1.8
_3457_, 5.4, 13.6, 1.8
_3458_, 5.4, 13.6, 1.8
_3459_, 5.4, 13.6, 1.8
_3460_, 5.4, 13.6, 1.8
_3461_, 5.4, 13.6, 1.8
_3462_, 5.4, 13.6, 1.8
_3463_, 5.4, 13.6, 1.8
_3464_, 5.4, 13.6, 1.8
_3465_, 5.4, 13.6, 1.8
_3466_, 5.4, 13.6, 1.8
_3467_, 5.4, 13.6, 1.8
_3468_, 5.4, 13.6, 1.8
_3469_, 5.4, 13.6, 1.8
_3470_, 5.4, 13.6, 1.8
_3471_, 5.4, 13.6, 1.8
_3472_, 5.4, 13.6, 1.8
_3473_, 5.4, 13.6, 1.8
_3474_, 5.4, 13.6, 1.8
_3475_, 5.4, 13.6, 1.8
_3476_, 5.4, 13.6, 1.8
_3477_, 5.4, 13.6, 1.8
_3478_, 5.4, 13.6, 1.8
_3479_, 5.4, 13.6, 1.8
_3480_, 5.4, 13.6, 1.8
_3481_, 5.4, 13.6, 1.8
_3482_, 5.4, 13.6, 1.8
_3483_, 5.4, 13.6, 1.8
_3484_, 5.4, 13.6, 1.8
_3485_, 5.4, 13.6, 1.8
_3486_, 5.4, 13.6, 1.8
_3487_, 5.4, 13.6, 1.8
_3488_, 5.4, 13.6, 1.8
_3489_, 5.4, 13.6, 1.8
_3490_, 5.4, 13.6, 1.8
_3491_, 5.4, 13.6, 1.8
_3492_, 5.4, 13.6, 1.8
_3493_, 5.4, 13.6, 1.8
_3494_, 5.4, 13.6, 1.8
_3495_, 5.4, 13.6, 1.8
_3496_, 5.4, 13.6, 1.8
_3497_, 5.4, 13.6, 1.8
_3498_, 5.4, 13.6, 1.8
_3499_, 5.4, 13.6, 1.8
_3500_, 5.4, 13.6, 1.8
_3501_, 5.4, 13.6, 1.8
_3502_, 5.4, 13.6, 1.8
_3503_, 5.4, 13.6, 1.8
_3504_, 5.4, 13.6, 1.8
_3505_, 5.4, 13.6, 1.8
_3506_, 5.4, 13.6, 1.8
_3507_, 5.4, 13.6, 1.8
_3508_, 5.4, 13.6, 1.8
_3509_, 5.4, 13.6, 1.8
_3510_, 5.4, 13.6, 1.8
_3511_, 5.4, 13.6, 1.8
_3512_, 5.4, 13.6, 1.8
_3513_, 5.4, 13.6, 1.8
_3514_, 5.4, 13.6, 1.8
_3515_, 5.4, 13.6, 1.8
_3516_, 5.4, 13.6, 1.8
_3517_, 5.4, 13.6, 1.8
_3518_, 5.4, 13.6, 1.8
_3519_, 5.4, 13.6, 1.8
_3520_, 5.4, 13.6, 1.8
_3521_, 5.4, 13.6, 1.8
_3522_, 5.4, 13.6, 1.8
_3523_, 5.4, 13.6, 1.8
_3524_, 5.4, 13.6, 1.8
_3525_, 5.4, 13.6, 1.8
_3526_, 5.4, 13.6, 1.8
_3527_, 5.4, 13.6, 1.8
_3528_, 5.4, 13.6, 1.8
_3529_, 5.4, 13.6, 1.8
_3530_, 5.4, 13.6, 1.8
_3531_, 5.4, 13.6, 1.8
_3532_, 5.4, 13.6, 1.8
_3533_, 5.4, 13.6, 1.8
_3534_, 5.4, 13.6, 1.8
_3535_, 5.4, 13.6, 1.8
_3536_, 5.4, 13.6, 1.8
_3537_, 5.4, 13.6, 1.8
_3538_, 5.4, 13.6, 1.8
_3539_, 5.4, 13.6, 1.8
_3540_, 5.4, 13.6, 1.8
_3541_, 5.4, 13.6, 1.8
_3542_, 5.4, 13.6, 1.8
_3543_, 5.4, 13.6, 1.8
_3544_, 5.4, 13.6, 1.8
_3545_, 5.4, 13.6, 1.8
_3546_, 5.4, 13.6, 1.8
_3547_, 5.4, 13.6, 1.8
_3548_, 5.4, 13.6, 1.8
_3549_, 5.4, 13.6, 1.8
_3550_, 5.4, 13.6, 1.8
_3551_, 5.4, 13.6, 1.8
_3552_, 5.4, 13.6, 1.8
_3553_, 5.4, 13.6, 1.8
_3554_, 5.4, 13.6, 1.8
_3555_, 5.4, 13.6, 1.8
_3556_, 5.4, 13.6, 1.8
_3557_, 5.4, 13.6, 1.8
_3558_, 5.4, 13.6, 1.8
_3559_, 5.4, 13.6, 1.8
_3560_, 5.4, 13.6, 1.8
_3561_, 5.4, 13.6, 1.8
_3562_, 5.4, 13.6, 1.8
_3563_, 5.4, 13.6, 1.8
_3564_, 5.4, 13.6, 1.8
_3565_, 5.4, 13.6, 1.8
_3566_, 5.4, 13.6, 1.8
_3567_, 5.4, 13.6, 1.8
_3568_, 5.4, 13.6, 1.8
_3569_, 5.4, 13.6, 1.8
_3570_, 5.4, 13.6, 1.8
_3571_, 5.4, 13.6, 1.8
_3572_, 5.4, 13.6, 1.8
_3573_, 5.4, 13.6, 1.8
_3574_, 5.4, 13.6, 1.8
_3575_, 5.4, 13.6, 1.8
_3576_, 5.4, 13.6, 1.8
_3577_, 5.4, 13.6, 1.8
_3578_, 5.4, 13.6, 1.8
_3579_, 5.4, 13.6, 1.8
_3580_, 5.4, 13.6, 1.8
_3581_, 5.4, 13.6, 1.8
_3582_, 5.4, 13.6, 1.8
_3583_, 5.4, 13.6, 1.8
_3584_, 5.4, 13.6, 1.8
_3585_, 5.4, 13.6, 1.8
_3586_, 5.4, 13.6, 1.8
_3587_, 5.4, 13.6, 1.8
_3588_, 5.4, 13.6, 1.8
_3589_, 5.4, 13.6, 1.8
_3590_, 5.4, 13.6, 1.8
_3591_, 5.4, 13.6, 1.8
_3592_, 5.4, 13.6, 1.8
_3593_, 5.4, 13.6, 1.8
_3594_, 5.4, 13.6, 1.8
_3595_, 5.4, 13.6, 1.8
_3596_, 5.4, 13.6, 1.8
_3597_, 5.4, 13.6, 1.8
_3598_, 5.4, 13.6, 1.8
_3599_, 5.4, 13.6, 1.8
_3600_, 5.4, 13.6, 1.8
_3601_, 5.4, 13.6, 1.8
_3602_, 5.4, 13.6, 1.8
_3603_, 5.4, 13.6, 1.8
_3604_, 5.4, 13.6, 1.8
_3605_, 5.4, 13.6, 1.8
_3606_, 5.4, 13.6, 1.8
_3607_, 5.4, 13.6, 1.8
_3608_, 5.4, 13.6, 1.8
_3609_, 5.4, 13.6, 1.8
_3610_, 5.4, 13.6, 1.8
_3611_, 5.4, 13.6, 1.8
_3612_, 5.4, 13.6, 1.8
_3613_, 5.4, 13.6, 1.8
_3614_, 5.4, 13.6, 1.8
_3615_, 5.4, 13.6, 1.8
_3616_, 5.4, 13.6, 1.8
_3617_, 5.4, 13.6, 1.8
_3618_, 5.4, 13.6, 1.8
_3619_, 5.4, 13.6, 1.8
_3620_, 5.4, 13.6, 1.8
_3621_, 5.4, 13.6, 1.8
_3622_, 5.4, 13.6, 1.8
_3623_, 5.4, 13.6, 1.8
_3624_, 5.4, 13.6, 1.8
_3625_, 5.4, 13.6, 1.8
_3626_, 5.4, 13.6, 1.8
_3627_, 5.4, 13.6, 1.8
_3628_, 5.4, 13.6, 1.8
_3629_, 5.4, 13.6, 1.8
_3630_, 5.4, 13.6, 1.8
_3631_, 5.4, 13.6, 1.8
_3632_, 5.4, 13.6, 1.8
_3633_, 5.4, 13.6, 1.8
_3634_, 5.4, 13.6, 1.8
_3635_, 5.4, 13.6, 1.8
_3636_, 5.4, 13.6, 1.8
_3637_, 5.4, 13.6, 1.8
_3638_, 5.4, 13.6, 1.8
_3639_, 5.4, 13.6, 1.8
_3640_, 5.4, 13.6, 1.8
_3641_, 5.4, 13.6, 1.8
_3642_, 5.4, 13.6, 1.8
_3643_, 5.4, 13.6, 1.8
_3644_, 5.4, 13.6, 1.8
_3645_, 5.4, 13.6, 1.8
_3646_, 5.4, 13.6, 1.8
_3647_, 5.4, 13.6, 1.8
_3648_, 5.4, 13.6, 1.8
_3649_, 5.4, 13.6, 1.8
_3650_, 5.4, 13.6, 1.8
_3651_, 5.4, 13.6, 1.8
_3652_, 5.4, 13.6, 1.8
_3653_, 5.4, 13.6, 1.8
_3654_, 5.4, 13.6, 1.8
_3655_, 5.4, 13.6, 1.8
_3656_, 5.4, 13.6, 1.8
_3657_, 5.4, 13.6, 1.8
_3658_, 5.4, 13.6, 1.8
_3659_, 5.4, 13.6, 1.8
_3660_, 5.4, 13.6, 1.8
_3661_, 5.4, 13.6, 1.8
_3662_, 5.4, 13.6, 1.8
_3663_, 5.4, 13.6, 1.8
_3664_, 5.4, 13.6, 1.8
_3665_, 5.4, 13.6, 1.8
_3666_, 5.4, 13.6, 1.8
_3667_, 5.4, 13.6, 1.8
_3668_, 5.4, 13.6, 1.8
_3669_, 5.4, 13.6, 1.8
_3670_, 5.4, 13.6, 1.8
_3671_, 5.4, 13.6, 1.8
_3672_, 5.4, 13.6, 1.8
_3673_, 5.4, 13.6, 1.8
_3674_, 5.4, 13.6, 1.8
_3675_, 5.4, 13.6, 1.8
_3676_, 5.4, 13.6, 1.8
_3677_, 5.4, 13.6, 1.8
_3678_, 5.4, 13.6, 1.8
_3679_, 5.4, 13.6, 1.8
_3680_, 5.4, 13.6, 1.8
_3681_, 5.4, 13.6, 1.8
_3682_, 5.4, 13.6, 1.8
_3683_, 5.4, 13.6, 1.8
_3684_, 5.4, 13.6, 1.8
_3685_, 5.4, 13.6, 1.8
_3686_, 5.4, 13.6, 1.8
_3687_, 5.4, 13.6, 1.8
_3688_, 5.4, 13.6, 1.8
_3689_, 5.4, 13.6, 1.8
_3690_, 5.4, 13.6, 1.8
_3691_, 5.4, 13.6, 1.8
_3692_, 5.4, 13.6, 1.8
_3693_, 5.4, 13.6, 1.8
_3694_, 5.4, 13.6, 1.8
_3695_, 5.4, 13.6, 1.8
_3696_, 5.4, 13.6, 1.8
_3697_, 5.4, 13.6, 1.8
_3698_, 5.4, 13.6, 1.8
_3699_, 5.4, 13.6, 1.8
_3700_, 5.4, 13.6, 1.8
_3701_, 5.4, 13.6, 1.8
_3702_, 5.4, 13.6, 1.8
_3703_, 5.4, 13.6, 1.8
_3704_, 5.4, 13.6, 1.8
_3705_, 5.4, 13.6, 1.8
_3706_, 5.4, 13.6, 1.8
_3707_, 5.4, 13.6, 1.8
_3708_, 5.4, 13.6, 1.8
_3709_, 5.4, 13.6, 1.8
_3710_, 5.4, 13.6, 1.8
_3711_, 5.4, 13.6, 1.8
_3712_, 5.4, 13.6, 1.8
_3713_, 5.4, 13.6, 1.8
_3714_, 5.4, 13.6, 1.8
_3715_, 5.4, 13.6, 1.8
_3716_, 5.4, 13.6, 1.8
_3717_, 5.4, 13.6, 1.8
_3718_, 5.4, 13.6, 1.8
_3719_, 5.4, 13.6, 1.8
_3720_, 5.4, 13.6, 1.8
_3721_, 5.4, 13.6, 1.8
_3722_, 5.4, 13.6, 1.8
_3723_, 5.4, 13.6, 1.8
_3724_, 5.4, 13.6, 1.8
_3725_, 5.4, 13.6, 1.8
_3726_, 5.4, 13.6, 1.8
_3727_, 5.4, 13.6, 1.8
_3728_, 5.4, 13.6, 1.8
_3729_, 5.4, 13.6, 1.8
_3730_, 5.4, 13.6, 1.8
_3731_, 5.4, 13.6, 1.8
_3732_, 5.4, 13.6, 1.8
_3733_, 5.4, 13.6, 1.8
_3734_, 5.4, 13.6, 1.8
_3735_, 5.4, 13.6, 1.8
_3736_, 5.4, 13.6, 1.8
_3737_, 5.4, 13.6, 1.8
_3738_, 5.4, 13.6, 1.8
_3739_, 5.4, 13.6, 1.8
_3740_, 5.4, 13.6, 1.8
_3741_, 5.4, 13.6, 1.8
_3742_, 5.4, 13.6, 1.8
_3743_, 5.4, 13.6, 1.8
_3744_, 5.4, 13.6, 1.8
_3745_, 5.4, 13.6, 1.8
_3746_, 5.4, 13.6, 1.8
_3747_, 5.4, 13.6, 1.8
_3748_, 5.4, 13.6, 1.8
_3749_, 5.4, 13.6, 1.8
_3750_, 5.4, 13.6, 1.8
_3751_, 5.4, 13.6, 1.8
_3752_, 5.4, 13.6, 1.8
_3753_, 5.4, 13.6, 1.8
_3754_, 5.4, 13.6, 1.8
_3755_, 5.4, 13.6, 1.8
_3756_, 5.4, 13.6, 1.8
_3757_, 5.4, 13.6, 1.8
_3758_, 5.4, 13.6, 1.8
_3759_, 5.4, 13.6, 1.8
_3760_, 5.4, 13.6, 1.8
_3761_, 5.4, 13.6, 1.8
_3762_, 5.4, 13.6, 1.8
_3763_, 5.4, 13.6, 1.8
_3764_, 5.4, 13.6, 1.8
_3765_, 5.4, 13.6, 1.8
_3766_, 5.4, 13.6, 1.8
_3767_, 5.4, 13.6, 1.8
_3768_, 5.4, 13.6, 1.8
_3769_, 5.4, 13.6, 1.8
_3770_, 5.4, 13.6, 1.8
_3771_, 5.4, 13.6, 1.8
_3772_, 5.4, 13.6, 1.8
_3773_, 5.4, 13.6, 1.8
_3774_, 5.4, 13.6, 1.8
_3775_, 5.4, 13.6, 1.8
_3776_, 5.4, 13.6, 1.8
_3777_, 5.4, 13.6, 1.8
_3778_, 5.4, 13.6, 1.8
_3779_, 5.4, 13.6, 1.8
_3780_, 5.4, 13.6, 1.8
_3781_, 5.4, 13.6, 1.8
_3782_, 5.4, 13.6, 1.8
_3783_, 5.4, 13.6, 1.8
_3784_, 5.4, 13.6, 1.8
_3785_, 5.4, 13.6, 1.8
_3786_, 5.4, 13.6, 1.8
_3787_, 5.4, 13.6, 1.8
_3788_, 5.4, 13.6, 1.8
_3789_, 5.4, 13.6, 1.8
_3790_, 5.4, 13.6, 1.8
_3791_, 5.4, 13.6, 1.8
_3792_, 5.4, 13.6, 1.8
_3793_, 5.4, 13.6, 1.8
_3794_, 5.4, 13.6, 1.8
_3795_, 5.4, 13.6, 1.8
_3796_, 5.4, 13.6, 1.8
_3797_, 5.4, 13.6, 1.8
_3798_, 5.4, 13.6, 1.8
_3799_, 5.4, 13.6, 1.8
_3800_, 5.4, 13.6, 1.8
_3801_, 5.4, 13.6, 1.8
_3802_, 5.4, 13.6, 1.8
_3803_, 5.4, 13.6, 1.8
_3804_, 5.4, 13.6, 1.8
_3805_, 5.4, 13.6, 1.8
_3806_, 5.4, 13.6, 1.8
_3807_, 5.4, 13.6, 1.8
_3808_, 5.4, 13.6, 1.8
_3809_, 5.4, 13.6, 1.8
_3810_, 5.4, 13.6, 1.8
_3811_, 5.4, 13.6, 1.8
_3812_, 5.4, 13.6, 1.8
_3813_, 5.4, 13.6, 1.8
_3814_, 5.4, 13.6, 1.8
_3815_, 5.4, 13.6, 1.8
_3816_, 5.4, 13.6, 1.8
_3817_, 5.4, 13.6, 1.8
_3818_, 5.4, 13.6, 1.8
_3819_, 5.4, 13.6, 1.8
_3820_, 5.4, 13.6, 1.8
_3821_, 5.4, 13.6, 1.8
_3822_, 5.4, 13.6, 1.8
_3823_, 5.4, 13.6, 1.8
_3824_, 5.4, 13.6, 1.8
_3825_, 5.4, 13.6, 1.8
_3826_, 5.4, 13.6, 1.8
_3827_, 5.4, 13.6, 1.8
_3828_, 5.4, 13.6, 1.8
_3829_, 5.4, 13.6, 1.8
_3830_, 5.4, 13.6, 1.8
_3831_, 5.4, 13.6, 1.8
_3832_, 5.4, 13.6, 1.8
_3833_, 5.4, 13.6, 1.8
_3834_, 5.4, 13.6, 1.8
_3835_, 5.4, 13.6, 1.8
_3836_, 5.4, 13.6, 1.8
_3837_, 5.4, 13.6, 1.8
_3838_, 5.4, 13.6, 1.8
_3839_, 5.4, 13.6, 1.8
_3840_, 5.4, 13.6, 1.8
_3841_, 5.4, 13.6, 1.8
_3842_, 5.4, 13.6, 1.8
_3843_, 5.4, 13.6, 1.8
_3844_, 5.4, 13.6, 1.8
_3845_, 5.4, 13.6, 1.8
_3846_, 5.4, 13.6, 1.8
_3847_, 5.4, 13.6, 1.8
_3848_, 5.4, 13.6, 1.8
_3849_, 5.4, 13.6, 1.8
_3850_, 5.4, 13.6, 1.8
_3851_, 5.4, 13.6, 1.8
_3852_, 5.4, 13.6, 1.8
_3853_, 5.4, 13.6, 1.8
_3854_, 5.4, 13.6, 1.8
_3855_, 5.4, 13.6, 1.8
_3856_, 5.4, 13.6, 1.8
_3857_, 5.4, 13.6, 1.8
_3858_, 5.4, 13.6, 1.8
_3859_, 5.4, 13.6, 1.8
_3860_, 5.4, 13.6, 1.8
_3861_, 5.4, 13.6, 1.8
_3862_, 5.4, 13.6, 1.8
_3863_, 5.4, 13.6, 1.8
_3864_, 5.4, 13.6, 1.8
_3865_, 5.4, 13.6, 1.8
_3866_, 5.4, 13.6, 1.8
_3867_, 5.4, 13.6, 1.8
_3868_, 5.4, 13.6, 1.8
_3869_, 5.4, 13.6, 1.8
_3870_, 5.4, 13.6, 1.8
_3871_, 5.4, 13.6, 1.8
_3872_, 5.4, 13.6, 1.8
_3873_, 5.4, 13.6, 1.8
_3874_, 5.4, 13.6, 1.8
_3875_, 5.4, 13.6, 1.8
_3876_, 5.4, 13.6, 1.8
_3877_, 5.4, 13.6, 1.8
_3878_, 5.4, 13.6, 1.8
_3879_, 5.4, 13.6, 1.8
_3880_, 5.4, 13.6, 1.8
_3881_, 5.4, 13.6, 1.8
_3882_, 5.4, 13.6, 1.8
_3883_, 5.4, 13.6, 1.8
_3884_, 5.4, 13.6, 1.8
_3885_, 5.4, 13.6, 1.8
_3886_, 5.4, 13.6, 1.8
_3887_, 5.4, 13.6, 1.8
_3888_, 5.4, 13.6, 1.8
_3889_, 5.4, 13.6, 1.8
_3890_, 5.4, 13.6, 1.8
_3891_, 5.4, 13.6, 1.8
_3892_, 5.4, 13.6, 1.8
_3893_, 5.4, 13.6, 1.8
_3894_, 5.4, 13.6, 1.8
_3895_, 5.4, 13.6, 1.8
_3896_, 5.4, 13.6, 1.8
_3897_, 5.4, 13.6, 1.8
_3898_, 5.4, 13.6, 1.8
_3899_, 5.4, 13.6, 1.8
_3900_, 5.4, 13.6, 1.8
_3901_, 5.4, 13.6, 1.8
_3902_, 5.4, 13.6, 1.8
_3903_, 5.4, 13.6, 1.8
_3904_, 5.4, 13.6, 1.8
_3905_, 5.4, 13.6, 1.8
_3906_, 5.4, 13.6, 1.8
_3907_, 5.4, 13.6, 1.8
_3908_, 5.4, 13.6, 1.8
_3909_, 5.4, 13.6, 1.8
_3910_, 5.4, 13.6, 1.8
_3911_, 5.4, 13.6, 1.8
_3912_, 5.4, 13.6, 1.8
_3913_, 5.4, 13.6, 1.8
_3914_, 5.4, 13.6, 1.8
_3915_, 5.4, 13.6, 1.8
_3916_, 5.4, 13.6, 1.8
_3917_, 5.4, 13.6, 1.8
_3918_, 5.4, 13.6, 1.8
_3919_, 5.4, 13.6, 1.8
_3920_, 5.4, 13.6, 1.8
_3921_, 5.4, 13.6, 1.8
_3922_, 5.4, 13.6, 1.8
_3923_, 5.4, 13.6, 1.8
_3924_, 5.4, 13.6, 1.8
_3925_, 5.4, 13.6, 1.8
_3926_, 5.4, 13.6, 1.8
_3927_, 5.4, 13.6, 1.8
_3928_, 5.4, 13.6, 1.8
_3929_, 5.4, 13.6, 1.8
_3930_, 5.4, 13.6, 1.8
_3931_, 5.4, 13.6, 1.8
_3932_, 5.4, 13.6, 1.8
_3933_, 5.4, 13.6, 1.8
_3934_, 5.4, 13.6, 1.8
_3935_, 5.4, 13.6, 1.8
_3936_, 5.4, 13.6, 1.8
_3937_, 5.4, 13.6, 1.8
_3938_, 5.4, 13.6, 1.8
_3939_, 5.4, 13.6, 1.8
_3940_, 5.4, 13.6, 1.8
_3941_, 5.4, 13.6, 1.8
_3942_, 5.4, 13.6, 1.8
_3943_, 5.4, 13.6, 1.8
_3944_, 5.4, 13.6, 1.8
_3945_, 5.4, 13.6, 1.8
_3946_, 5.4, 13.6, 1.8
_3947_, 5.4, 13.6, 1.8
_3948_, 5.4, 13.6, 1.8
_3949_, 5.4, 13.6, 1.8
_3950_, 5.4, 13.6, 1.8
_3951_, 5.4, 13.6, 1.8
_3952_, 5.4, 13.6, 1.8
_3953_, 5.4, 13.6, 1.8
_3954_, 5.4, 13.6, 1.8
_3955_, 5.4, 13.6, 1.8
_3956_, 5.4, 13.6, 1.8
_3957_, 5.4, 13.6, 1.8
_3958_, 5.4, 13.6, 1.8
_3959_, 5.4, 13.6, 1.8
_3960_, 5.4, 13.6, 1.8
_3961_, 5.4, 13.6, 1.8
_3962_, 5.4, 13.6, 1.8
_3963_, 5.4, 13.6, 1.8
_3964_, 5.4, 13.6, 1.8
_3965_, 5.4, 13.6, 1.8
_3966_, 5.4, 13.6, 1.8
_3967_, 5.4, 13.6, 1.8
_3968_, 5.4, 13.6, 1.8
_3969_, 5.4, 13.6, 1.8
_3970_, 5.4, 13.6, 1.8
_3971_, 5.4, 13.6, 1.8
_3972_, 5.4, 13.6, 1.8
_3973_, 5.4, 13.6, 1.8
_3974_, 5.4, 13.6, 1.8
_3975_, 5.4, 13.6, 1.8
_3976_, 5.4, 13.6, 1.8
_3977_, 5.4, 13.6, 1.8
_3978_, 5.4, 13.6, 1.8
_3979_, 5.4, 13.6, 1.8
_3980_, 5.4, 13.6, 1.8
_3981_, 5.4, 13.6, 1.8
_3982_, 5.4, 13.6, 1.8
_3983_, 5.4, 13.6, 1.8
_3984_, 5.4, 13.6, 1.8
_3985_, 5.4, 13.6, 1.8
_3986_, 5.4, 13.6, 1.8
_3987_, 5.4, 13.6, 1.8
_3988_, 5.4, 13.6, 1.8
_3989_, 5.4, 13.6, 1.8
_3990_, 5.4, 13.6, 1.8
_3991_, 5.4, 13.6, 1.8
_3992_, 5.4, 13.6, 1.8
_3993_, 5.4, 13.6, 1.8
_3994_, 5.4, 13.6, 1.8
_3995_, 5.4, 13.6, 1.8
_3996_, 5.4, 13.6, 1.8
_3997_, 5.4, 13.6, 1.8
_3998_, 5.4, 13.6, 1.8
_3999_, 5.4, 13.6, 1.8
_4000_, 5.4, 13.6, 1.8
_4001_, 5.4, 13.6, 1.8
_4002_, 5.4, 13.6, 1.8
_4003_, 5.4, 13.6, 1.8
_4004_, 5.4, 13.6, 1.8
_4005_, 5.4, 13.6, 1.8
_4006_, 5.4, 13.6, 1.8
_4007_, 5.4, 13.6, 1.8
_4008_, 5.4, 13.6, 1.8
_4009_, 5.4, 13.6, 1.8
_4010_, 5.4, 13.6, 1.8
_4011_, 5.4, 13.6, 1.8
_4012_, 5.4, 13.6, 1.8
_4013_, 5.4, 13.6, 1.8
_4014_, 5.4, 13.6, 1.8
_4015_, 5.4, 13.6, 1.8
_4016_, 5.4, 13.6, 1.8
_4017_, 5.4, 13.6, 1.8
_4018_, 5.4, 13.6, 1.8
_4019_, 5.4, 13.6, 1.8
_4020_, 5.4, 13.6, 1.8
_4021_, 5.4, 13.6, 1.8
_4022_, 5.4, 13.6, 1.8
_4023_, 5.4, 13.6, 1.8
_4024_, 5.4, 13.6, 1.8
_4025_, 5.4, 13.6, 1.8
_4026_, 5.4, 13.6, 1.8
_4027_, 5.4, 13.6, 1.8
_4028_, 5.4, 13.6, 1.8
_4029_, 5.4, 13.6, 1.8
_4030_, 5.4, 13.6, 1.8
_4031_, 5.4, 13.6, 1.8
_4032_, 5.4, 13.6, 1.8
_4033_, 5.4, 13.6, 1.8
_4034_, 5.4, 13.6, 1.8
_4035_, 5.4, 13.6, 1.8
_4036_, 5.4, 13.6, 1.8
_4037_, 5.4, 13.6, 1.8
_4038_, 5.4, 13.6, 1.8
_4039_, 5.4, 13.6, 1.8
_4040_, 5.4, 13.6, 1.8
_4041_, 5.4, 13.6, 1.8
_4042_, 5.4, 13.6, 1.8
_4043_, 5.4, 13.6, 1.8
_4044_, 5.4, 13.6, 1.8
_4045_, 5.4, 13.6, 1.8
_4046_, 5.4, 13.6, 1.8
_4047_, 5.4, 13.6, 1.8
_4048_, 5.4, 13.6, 1.8
_4049_, 5.4, 13.6, 1.8
_4050_, 5.4, 13.6, 1.8
_4051_, 5.4, 13.6, 1.8
_4052_, 5.4, 13.6, 1.8
_4053_, 5.4, 13.6, 1.8
_4054_, 5.4, 13.6, 1.8
_4055_, 5.4, 13.6, 1.8
_4056_, 5.4, 13.6, 1.8
_4057_, 5.4, 13.6, 1.8
_4058_, 5.4, 13.6, 1.8
_4059_, 5.4, 13.6, 1.8
_4060_, 5.4, 13.6, 1.8
_4061_, 5.4, 13.6, 1.8
_4062_, 5.4, 13.6, 1.8
_4063_, 5.4, 13.6, 1.8
_4064_, 5.4, 13.6, 1.8
_4065_, 5.4, 13.6, 1.8
_4066_, 5.4, 13.6, 1.8
_4067_, 5.4, 13.6, 1.8
_4068_, 5.4, 13.6, 1.8
_4069_, 5.4, 13.6, 1.8
_4070_, 5.4, 13.6, 1.8
_4071_, 5.4, 13.6, 1.8
_4072_, 5.4, 13.6, 1.8
_4073_, 5.4, 13.6, 1.8
_4074_, 5.4, 13.6, 1.8
_4075_, 5.4, 13.6, 1.8
_4076_, 5.4, 13.6, 1.8
_4077_, 5.4, 13.6, 1.8
_4078_, 5.4, 13.6, 1.8
_4079_, 5.4, 13.6, 1.8
_4080_, 5.4, 13.6, 1.8
_4081_, 5.4, 13.6, 1.8
_4082_, 5.4, 13.6, 1.8
_4083_, 5.4, 13.6, 1.8
_4084_, 5.4, 13.6, 1.8
_4085_, 5.4, 13.6, 1.8
_4086_, 5.4, 13.6, 1.8
_4087_, 5.4, 13.6, 1.8
_4088_, 5.4, 13.6, 1.8
_4089_, 5.4, 13.6, 1.8
_4090_, 5.4, 13.6, 1.8
_4091_, 5.4, 13.6, 1.8
_4092_, 5.4, 13.6, 1.8
_4093_, 5.4, 13.6, 1.8
_4094_, 5.4, 13.6, 1.8
_4095_, 5.4, 13.6, 1.8
_4096_, 5.4, 13.6, 1.8
_4097_, 5.4, 13.6, 1.8
_4098_, 5.4, 13.6, 1.8
_4099_, 5.4, 13.6, 1.8
_4100_, 5.4, 13.6, 1.8
_4101_, 5.4, 13.6, 1.8
_4102_, 5.4, 13.6, 1.8
_4103_, 5.4, 13.6, 1.8
_4104_, 5.4, 13.6, 1.8
_4105_, 5.4, 13.6, 1.8
_4106_, 5.4, 13.6, 1.8
_4107_, 5.4, 13.6, 1.8
_4108_, 5.4, 13.6, 1.8
_4109_, 5.4, 13.6, 1.8
_4110_, 5.4, 13.6, 1.8
_4111_, 5.4, 13.6, 1.8
_4112_, 5.4, 13.6, 1.8
_4113_, 5.4, 13.6, 1.8
_4114_, 5.4, 13.6, 1.8
_4115_, 5.4, 13.6, 1.8
_4116_, 5.4, 13.6, 1.8
_4117_, 5.4, 13.6, 1.8
_4118_, 5.4, 13.6, 1.8
_4119_, 5.4, 13.6, 1.8
_4120_, 5.4, 13.6, 1.8
_4121_, 5.4, 13.6, 1.8
_4122_, 5.4, 13.6, 1.8
_4123_, 5.4, 13.6, 1.8
_4124_, 5.4, 13.6, 1.8
_4125_, 5.4, 13.6, 1.8
_4126_, 5.4, 13.6, 1.8
_4127_, 5.4, 13.6, 1.8
_4128_, 5.4, 13.6, 1.8
_4129_, 5.4, 13.6, 1.8
_4130_, 5.4, 13.6, 1.8
_4131_, 5.4, 13.6, 1.8
_4132_, 5.4, 13.6, 1.8
_4133_, 5.4, 13.6, 1.8
_4134_, 5.4, 13.6, 1.8
_4135_, 5.4, 13.6, 1.8
_4136_, 5.4, 13.6, 1.8
_4137_, 5.4, 13.6, 1.8
_4138_, 5.4, 13.6, 1.8
_4139_, 5.4, 13.6, 1.8
_4140_, 5.4, 13.6, 1.8
_4141_, 5.4, 13.6, 1.8
_4142_, 5.4, 13.6, 1.8
_4143_, 5.4, 13.6, 1.8
_4144_, 5.4, 13.6, 1.8
_4145_, 5.4, 13.6, 1.8
_4146_, 5.4, 13.6, 1.8
_4147_, 5.4, 13.6, 1.8
_4148_, 5.4, 13.6, 1.8
_4149_, 5.4, 13.6, 1.8
_4150_, 5.4, 13.6, 1.8
_4151_, 5.4, 13.6, 1.8
_4152_, 5.4, 13.6, 1.8
_4153_, 5.4, 13.6, 1.8
_4154_, 5.4, 13.6, 1.8
_4155_, 5.4, 13.6, 1.8
_4156_, 5.4, 13.6, 1.8
_4157_, 5.4, 13.6, 1.8
_4158_, 5.4, 13.6, 1.8
_4159_, 5.4, 13.6, 1.8
_4160_, 5.4, 13.6, 1.8
_4161_, 5.4, 13.6, 1.8
_4162_, 5.4, 13.6, 1.8
_4163_, 5.4, 13.6, 1.8
_4164_, 5.4, 13.6, 1.8
_4165_, 5.4, 13.6, 1.8
_4166_, 5.4, 13.6, 1.8
_4167_, 5.4, 13.6, 1.8
_4168_, 5.4, 13.6, 1.8
_4169_, 5.4, 13.6, 1.8
_4170_, 5.4, 13.6, 1.8
_4171_, 5.4, 13.6, 1.8
_4172_, 5.4, 13.6, 1.8
_4173_, 5.4, 13.6, 1.8
_4174_, 5.4, 13.6, 1.8
_4175_, 5.4, 13.6, 1.8
_4176_, 5.4, 13.6, 1.8
_4177_, 5.4, 13.6, 1.8
_4178_, 5.4, 13.6, 1.8
_4179_, 5.4, 13.6, 1.8
_4180_, 5.4, 13.6, 1.8
_4181_, 5.4, 13.6, 1.8
_4182_, 5.4, 13.6, 1.8
_4183_, 5.4, 13.6, 1.8
_4184_, 5.4, 13.6, 1.8
_4185_, 5.4, 13.6, 1.8
_4186_, 5.4, 13.6, 1.8
_4187_, 5.4, 13.6, 1.8
_4188_, 5.4, 13.6, 1.8
_4189_, 5.4, 13.6, 1.8
_4190_, 5.4, 13.6, 1.8
_4191_, 5.4, 13.6, 1.8
_4192_, 5.4, 13.6, 1.8
_4193_, 5.4, 13.6, 1.8
_4194_, 5.4, 13.6, 1.8
_4195_, 5.4, 13.6, 1.8
_4196_, 5.4, 13.6, 1.8
_4197_, 5.4, 13.6, 1.8
_4198_, 5.4, 13.6, 1.8
_4199_, 5.4, 13.6, 1.8
_4200_, 5.4, 13.6, 1.8
_4201_, 5.4, 13.6, 1.8
_4202_, 5.4, 13.6, 1.8
_4203_, 5.4, 13.6, 1.8
_4204_, 5.4, 13.6, 1.8
_4205_, 5.4, 13.6, 1.8
_4206_, 5.4, 13.6, 1.8
_4207_, 5.4, 13.6, 1.8
_4208_, 5.4, 13.6, 1.8
_4209_, 5.4, 13.6, 1.8
_4210_, 5.4, 13.6, 1.8
_4211_, 5.4, 13.6, 1.8
_4212_, 5.4, 13.6, 1.8
_4213_, 5.4, 13.6, 1.8
_4214_, 5.4, 13.6, 1.8
_4215_, 5.4, 13.6, 1.8
_4216_, 5.4, 13.6, 1.8
_4217_, 5.4, 13.6, 1.8
_4218_, 5.4, 13.6, 1.8
_4219_, 5.4, 13.6, 1.8
_4220_, 5.4, 13.6, 1.8
_4221_, 5.4, 13.6, 1.8
_4222_, 5.4, 13.6, 1.8
_4223_, 5.4, 13.6, 1.8
_4224_, 5.4, 13.6, 1.8
_4225_, 5.4, 13.6, 1.8
_4226_, 5.4, 13.6, 1.8
_4227_, 5.4, 13.6, 1.8
_4228_, 5.4, 13.6, 1.8
_4229_, 5.4, 13.6, 1.8
_4230_, 5.4, 13.6, 1.8
_4231_, 5.4, 13.6, 1.8
_4232_, 5.4, 13.6, 1.8
_4233_, 5.4, 13.6, 1.8
_4234_, 5.4, 13.6, 1.8
_4235_, 5.4, 13.6, 1.8
_4236_, 5.4, 13.6, 1.8
_4237_, 5.4, 13.6, 1.8
_4238_, 5.4, 13.6, 1.8
_4239_, 5.4, 13.6, 1.8
_4240_, 5.4, 13.6, 1.8
_4241_, 5.4, 13.6, 1.8
_4242_, 5.4, 13.6, 1.8
_4243_, 5.4, 13.6, 1.8
_4244_, 5.4, 13.6, 1.8
_4245_, 5.4, 13.6, 1.8
_4246_, 5.4, 13.6, 1.8
_4247_, 5.4, 13.6, 1.8
_4248_, 5.4, 13.6, 1.8
_4249_, 5.4, 13.6, 1.8
_4250_, 5.4, 13.6, 1.8
_4251_, 5.4, 13.6, 1.8
_4252_, 5.4, 13.6, 1.8
_4253_, 5.4, 13.6, 1.8
_4254_, 5.4, 13.6, 1.8
_4255_, 5.4, 13.6, 1.8
_4256_, 5.4, 13.6, 1.8
_4257_, 5.4, 13.6, 1.8
_4258_, 5.4, 13.6, 1.8
_4259_, 5.4, 13.6, 1.8
_4260_, 5.4, 13.6, 1.8
_4261_, 5.4, 13.6, 1.8
_4262_, 5.4, 13.6, 1.8
_4263_, 5.4, 13.6, 1.8
_4264_, 5.4, 13.6, 1.8
_4265_, 5.4, 13.6, 1.8
_4266_, 5.4, 13.6, 1.8
_4267_, 5.4, 13.6, 1.8
_4268_, 5.4, 13.6, 1.8
_4269_, 5.4, 13.6, 1.8
_4270_, 5.4, 13.6, 1.8
_4271_, 5.4, 13.6, 1.8
_4272_, 5.4, 13.6, 1.8
_4273_, 5.4, 13.6, 1.8
_4274_, 5.4, 13.6, 1.8
_4275_, 5.4, 13.6, 1.8
_4276_, 5.4, 13.6, 1.8
_4277_, 5.4, 13.6, 1.8
_4278_, 5.4, 13.6, 1.8
_4279_, 5.4, 13.6, 1.8
_4280_, 5.4, 13.6, 1.8
_4281_, 5.4, 13.6, 1.8
_4282_, 5.4, 13.6, 1.8
_4283_, 5.4, 13.6, 1.8
_4284_, 5.4, 13.6, 1.8
_4285_, 5.4, 13.6, 1.8
_4286_, 5.4, 13.6, 1.8
_4287_, 5.4, 13.6, 1.8
_4288_, 5.4, 13.6, 1.8
_4289_, 5.4, 13.6, 1.8
_4290_, 5.4, 13.6, 1.8
_4291_, 5.4, 13.6, 1.8
_4292_, 5.4, 13.6, 1.8
_4293_, 5.4, 13.6, 1.8
_4294_, 5.4, 13.6, 1.8
_4295_, 5.4, 13.6, 1.8
_4296_, 5.4, 13.6, 1.8
_4297_, 5.4, 13.6, 1.8
_4298_, 5.4, 13.6, 1.8
_4299_, 5.4, 13.6, 1.8
_4300_, 5.4, 13.6, 1.8
_4301_, 5.4, 13.6, 1.8
_4302_, 5.4, 13.6, 1.8
_4303_, 5.4, 13.6, 1.8
_4304_, 5.4, 13.6, 1.8
_4305_, 5.4, 13.6, 1.8
_4306_, 5.4, 13.6, 1.8
_4307_, 5.4, 13.6, 1.8
_4308_, 5.4, 13.6, 1.8
_4309_, 5.4, 13.6, 1.8
_4310_, 5.4, 13.6, 1.8
_4311_, 5.4, 13.6, 1.8
_4312_, 5.4, 13.6, 1.8
_4313_, 5.4, 13.6, 1.8
_4314_, 5.4, 13.6, 1.8
_4315_, 5.4, 13.6, 1.8
_4316_, 5.4, 13.6, 1.8
_4317_, 5.4, 13.6, 1.8
_4318_, 5.4, 13.6, 1.8
_4319_, 5.4, 13.6, 1.8
_4320_, 5.4, 13.6, 1.8
_4321_, 5.4, 13.6, 1.8
_4322_, 5.4, 13.6, 1.8
_4323_, 5.4, 13.6, 1.8
_4324_, 5.4, 13.6, 1.8
_4325_, 5.4, 13.6, 1.8
_4326_, 5.4, 13.6, 1.8
_4327_, 5.4, 13.6, 1.8
_4328_, 5.4, 13.6, 1.8
_4329_, 5.4, 13.6, 1.8
_4330_, 5.4, 13.6, 1.8
_4331_, 5.4, 13.6, 1.8
_4332_, 5.4, 13.6, 1.8
_4333_, 5.4, 13.6, 1.8
_4334_, 5.4, 13.6, 1.8
_4335_, 5.4, 13.6, 1.8
_4336_, 5.4, 13.6, 1.8
_4337_, 5.4, 13.6, 1.8
_4338_, 5.4, 13.6, 1.8
_4339_, 5.4, 13.6, 1.8
_4340_, 5.4, 13.6, 1.8
_4341_, 5.4, 13.6, 1.8
_4342_, 5.4, 13.6, 1.8
_4343_, 5.4, 13.6, 1.8
_4344_, 5.4, 13.6, 1.8
_4345_, 5.4, 13.6, 1.8
_4346_, 5.4, 13.6, 1.8
_4347_, 5.4, 13.6, 1.8
_4348_, 5.4, 13.6, 1.8
_4349_, 5.4, 13.6, 1.8
_4350_, 5.4, 13.6, 1.8
_4351_, 5.4, 13.6, 1.8
_4352_, 5.4, 13.6, 1.8
_4353_, 5.4, 13.6, 1.8
_4354_, 5.4, 13.6, 1.8
_4355_, 5.4, 13.6, 1.8
_4356_, 5.4, 13.6, 1.8
_4357_, 5.4, 13.6, 1.8
_4358_, 5.4, 13.6, 1.8
_4359_, 5.4, 13.6, 1.8
_4360_, 5.4, 13.6, 1.8
_4361_, 5.4, 13.6, 1.8
_4362_, 5.4, 13.6, 1.8
_4363_, 5.4, 13.6, 1.8
_4364_, 5.4, 13.6, 1.8
_4365_, 5.4, 13.6, 1.8
_4366_, 5.4, 13.6, 1.8
_4367_, 5.4, 13.6, 1.8
_4368_, 5.4, 13.6, 1.8
_4369_, 5.4, 13.6, 1.8
_4370_, 5.4, 13.6, 1.8
_4371_, 5.4, 13.6, 1.8
_4372_, 5.4, 13.6, 1.8
_4373_, 5.4, 13.6, 1.8
_4374_, 5.4, 13.6, 1.8
_4375_, 5.4, 13.6, 1.8
_4376_, 5.4, 13.6, 1.8
_4377_, 5.4, 13.6, 1.8
_4378_, 5.4, 13.6, 1.8
_4379_, 5.4, 13.6, 1.8
_4380_, 5.4, 13.6, 1.8
_4381_, 5.4, 13.6, 1.8
_4382_, 5.4, 13.6, 1.8
_4383_, 5.4, 13.6, 1.8
_4384_, 5.4, 13.6, 1.8
_4385_, 5.4, 13.6, 1.8
_4386_, 5.4, 13.6, 1.8
_4387_, 5.4, 13.6, 1.8
_4388_, 5.4, 13.6, 1.8
_4389_, 5.4, 13.6, 1.8
_4390_, 5.4, 13.6, 1.8
_4391_, 5.4, 13.6, 1.8
_4392_, 5.4, 13.6, 1.8
_4393_, 5.4, 13.6, 1.8
_4394_, 5.4, 13.6, 1.8
_4395_, 5.4, 13.6, 1.8
_4396_, 5.4, 13.6, 1.8
_4397_, 5.4, 13.6, 1.8
_4398_, 5.4, 13.6, 1.8
_4399_, 5.4, 13.6, 1.8
_4400_, 5.4, 13.6, 1.8
_4401_, 5.4, 13.6, 1.8
_4402_, 5.4, 13.6, 1.8
_4403_, 5.4, 13.6, 1.8
_4404_, 5.4, 13.6, 1.8
_4405_, 5.4, 13.6, 1.8
_4406_, 5.4, 13.6, 1.8
_4407_, 5.4, 13.6, 1.8
_4408_, 5.4, 13.6, 1.8
_4409_, 5.4, 13.6, 1.8
_4410_, 5.4, 13.6, 1.8
_4411_, 5.4, 13.6, 1.8
_4412_, 5.4, 13.6, 1.8
_4413_, 5.4, 13.6, 1.8
_4414_, 5.4, 13.6, 1.8
_4415_, 5.4, 13.6, 1.8
_4416_, 5.4, 13.6, 1.8
_4417_, 5.4, 13.6, 1.8
_4418_, 5.4, 13.6, 1.8
_4419_, 5.4, 13.6, 1.8
_4420_, 5.4, 13.6, 1.8
_4421_, 5.4, 13.6, 1.8
_4422_, 5.4, 13.6, 1.8
_4423_, 5.4, 13.6, 1.8
_4424_, 5.4, 13.6, 1.8
_4425_, 5.4, 13.6, 1.8
_4426_, 5.4, 13.6, 1.8
_4427_, 5.4, 13.6, 1.8
_4428_, 5.4, 13.6, 1.8
_4429_, 5.4, 13.6, 1.8
_4430_, 5.4, 13.6, 1.8
_4431_, 5.4, 13.6, 1.8
_4432_, 5.4, 13.6, 1.8
_4433_, 5.4, 13.6, 1.8
_4434_, 5.4, 13.6, 1.8
_4435_, 5.4, 13.6, 1.8
_4436_, 5.4, 13.6, 1.8
_4437_, 5.4, 13.6, 1.8
_4438_, 5.4, 13.6, 1.8
_4439_, 5.4, 13.6, 1.8
_4440_, 5.4, 13.6, 1.8
_4441_, 5.4, 13.6, 1.8
_4442_, 5.4, 13.6, 1.8
_4443_, 5.4, 13.6, 1.8
_4444_, 5.4, 13.6, 1.8
_4445_, 5.4, 13.6, 1.8
_4446_, 5.4, 13.6, 1.8
_4447_, 5.4, 13.6, 1.8
_4448_, 5.4, 13.6, 1.8
_4449_, 5.4, 13.6, 1.8
_4450_, 5.4, 13.6, 1.8
_4451_, 5.4, 13.6, 1.8
_4452_, 5.4, 13.6, 1.8
_4453_, 5.4, 13.6, 1.8
_4454_, 5.4, 13.6, 1.8
_4455_, 5.4, 13.6, 1.8
_4456_, 5.4, 13.6, 1.8
_4457_, 5.4, 13.6, 1.8
_4458_, 5.4, 13.6, 1.8
_4459_, 5.4, 13.6, 1.8
_4460_, 5.4, 13.6, 1.8
_4461_, 5.4, 13.6, 1.8
_4462_, 5.4, 13.6, 1.8
_4463_, 5.4, 13.6, 1.8
_4464_, 5.4, 13.6, 1.8
_4465_, 5.4, 13.6, 1.8
_4466_, 5.4, 13.6, 1.8
_4467_, 5.4, 13.6, 1.8
_4468_, 5.4, 13.6, 1.8
_4469_, 5.4, 13.6, 1.8
_4470_, 5.4, 13.6, 1.8
_4471_, 5.4, 13.6, 1.8
_4472_, 5.4, 13.6, 1.8
_4473_, 5.4, 13.6, 1.8
_4474_, 5.4, 13.6, 1.8
_4475_, 5.4, 13.6, 1.8
_4476_, 5.4, 13.6, 1.8
_4477_, 5.4, 13.6, 1.8
_4478_, 5.4, 13.6, 1.8
_4479_, 5.4, 13.6, 1.8
_4480_, 5.4, 13.6, 1.8
_4481_, 5.4, 13.6, 1.8
_4482_, 5.4, 13.6, 1.8
_4483_, 5.4, 13.6, 1.8
_4484_, 5.4, 13.6, 1.8
_4485_, 5.4, 13.6, 1.8
_4486_, 5.4, 13.6, 1.8
_4487_, 5.4, 13.6, 1.8
_4488_, 5.4, 13.6, 1.8
_4489_, 5.4, 13.6, 1.8
_4490_, 5.4, 13.6, 1.8
_4491_, 5.4, 13.6, 1.8
_4492_, 5.4, 13.6, 1.8
_4493_, 5.4, 13.6, 1.8
_4494_, 5.4, 13.6, 1.8
_4495_, 5.4, 13.6, 1.8
_4496_, 5.4, 13.6, 1.8
_4497_, 5.4, 13.6, 1.8
_4498_, 5.4, 13.6, 1.8
_4499_, 5.4, 13.6, 1.8
_4500_, 5.4, 13.6, 1.8
_4501_, 5.4, 13.6, 1.8
_4502_, 5.4, 13.6, 1.8
_4503_, 5.4, 13.6, 1.8
_4504_, 5.4, 13.6, 1.8
_4505_, 5.4, 13.6, 1.8
_4506_, 5.4, 13.6, 1.8
_4507_, 5.4, 13.6, 1.8
_4508_, 5.4, 13.6, 1.8
_4509_, 5.4, 13.6, 1.8
_4510_, 5.4, 13.6, 1.8
_4511_, 5.4, 13.6, 1.8
_4512_, 5.4, 13.6, 1.8
_4513_, 5.4, 13.6, 1.8
_4514_, 5.4, 13.6, 1.8
_4515_, 5.4, 13.6, 1.8
_4516_, 5.4, 13.6, 1.8
_4517_, 5.4, 13.6, 1.8
_4518_, 5.4, 13.6, 1.8
_4519_, 5.4, 13.6, 1.8
_4520_, 5.4, 13.6, 1.8
_4521_, 5.4, 13.6, 1.8
_4522_, 5.4, 13.6, 1.8
_4523_, 5.4, 13.6, 1.8
_4524_, 5.4, 13.6, 1.8
_4525_, 5.4, 13.6, 1.8
_4526_, 5.4, 13.6, 1.8
_4527_, 5.4, 13.6, 1.8
_4528_, 5.4, 13.6, 1.8
_4529_, 5.4, 13.6, 1.8
_4530_, 5.4, 13.6, 1.8
_4531_, 5.4, 13.6, 1.8
_4532_, 5.4, 13.6, 1.8
_4533_, 5.4, 13.6, 1.8
_4534_, 5.4, 13.6, 1.8
_4535_, 5.4, 13.6, 1.8
_4536_, 5.4, 13.6, 1.8
_4537_, 5.4, 13.6, 1.8
_4538_, 5.4, 13.6, 1.8
_4539_, 5.4, 13.6, 1.8
_4540_, 5.4, 13.6, 1.8
_4541_, 5.4, 13.6, 1.8
_4542_, 5.4, 13.6, 1.8
_4543_, 5.4, 13.6, 1.8
_4544_, 5.4, 13.6, 1.8
_4545_, 5.4, 13.6, 1.8
_4546_, 5.4, 13.6, 1.8
_4547_, 5.4, 13.6, 1.8
_4548_, 5.4, 13.6, 1.8
_4549_, 5.4, 13.6, 1.8
_4550_, 5.4, 13.6, 1.8
_4551_, 5.4, 13.6, 1.8
_4552_, 5.4, 13.6, 1.8
_4553_, 5.4, 13.6, 1.8
_4554_, 5.4, 13.6, 1.8
_4555_, 5.4, 13.6, 1.8
_4556_, 5.4, 13.6, 1.8
_4557_, 5.4, 13.6, 1.8
_4558_, 5.4, 13.6, 1.8
_4559_, 5.4, 13.6, 1.8
_4560_, 5.4, 13.6, 1.8
_4561_, 5.4, 13.6, 1.8
_4562_, 5.4, 13.6, 1.8
_4563_, 5.4, 13.6, 1.8
_4564_, 5.4, 13.6, 1.8
_4565_, 5.4, 13.6, 1.8
_4566_, 5.4, 13.6, 1.8
_4567_, 5.4, 13.6, 1.8
_4568_, 5.4, 13.6, 1.8
_4569_, 5.4, 13.6, 1.8
_4570_, 5.4, 13.6, 1.8
_4571_, 5.4, 13.6, 1.8
_4572_, 5.4, 13.6, 1.8
_4573_, 5.4, 13.6, 1.8
_4574_, 5.4, 13.6, 1.8
_4575_, 5.4, 13.6, 1.8
_4576_, 5.4, 13.6, 1.8
_4577_, 5.4, 13.6, 1.8
_4578_, 5.4, 13.6, 1.8
_4579_, 5.4, 13.6, 1.8
_4580_, 5.4, 13.6, 1.8
_4581_, 5.4, 13.6, 1.8
_4582_, 5.4, 13.6, 1.8
_4583_, 5.4, 13.6, 1.8
_4584_, 5.4, 13.6, 1.8
_4585_, 5.4, 13.6, 1.8
_4586_, 5.4, 13.6, 1.8
_4587_, 5.4, 13.6, 1.8
_4588_, 5.4, 13.6, 1.8
_4589_, 5.4, 13.6, 1.8
_4590_, 5.4, 13.6, 1.8
_4591_, 5.4, 13.6, 1.8
_4592_, 5.4, 13.6, 1.8
_4593_, 5.4, 13.6, 1.8
_4594_, 5.4, 13.6, 1.8
_4595_, 5.4, 13.6, 1.8
_4596_, 5.4, 13.6, 1.8
_4597_, 5.4, 13.6, 1.8
_4598_, 5.4, 13.6, 1.8
_4599_, 5.4, 13.6, 1.8
_4600_, 5.4, 13.6, 1.8
_4601_, 5.4, 13.6, 1.8
_4602_, 5.4, 13.6, 1.8
_4603_, 5.4, 13.6, 1.8
_4604_, 5.4, 13.6, 1.8
_4605_, 5.4, 13.6, 1.8
_4606_, 5.4, 13.6, 1.8
_4607_, 5.4, 13.6, 1.8
_4608_, 5.4, 13.6, 1.8
_4609_, 5.4, 13.6, 1.8
_4610_, 5.4, 13.6, 1.8
_4611_, 5.4, 13.6, 1.8
_4612_, 5.4, 13.6, 1.8
_4613_, 5.4, 13.6, 1.8
_4614_, 5.4, 13.6, 1.8
_4615_, 5.4, 13.6, 1.8
_4616_, 5.4, 13.6, 1.8
_4617_, 5.4, 13.6, 1.8
_4618_, 5.4, 13.6, 1.8
_4619_, 5.4, 13.6, 1.8
_4620_, 5.4, 13.6, 1.8
_4621_, 5.4, 13.6, 1.8
_4622_, 5.4, 13.6, 1.8
_4623_, 5.4, 13.6, 1.8
_4624_, 5.4, 13.6, 1.8
_4625_, 5.4, 13.6, 1.8
_4626_, 5.4, 13.6, 1.8
_4627_, 5.4, 13.6, 1.8
_4628_, 5.4, 13.6, 1.8
_4629_, 5.4, 13.6, 1.8
_4630_, 5.4, 13.6, 1.8
_4631_, 5.4, 13.6, 1.8
_4632_, 5.4, 13.6, 1.8
_4633_, 5.4, 13.6, 1.8
_4634_, 5.4, 13.6, 1.8
_4635_, 5.4, 13.6, 1.8
_4636_, 5.4, 13.6, 1.8
_4637_, 5.4, 13.6, 1.8
_4638_, 5.4, 13.6, 1.8
_4639_, 5.4, 13.6, 1.8
_4640_, 5.4, 13.6, 1.8
_4641_, 5.4, 13.6, 1.8
_4642_, 5.4, 13.6, 1.8
_4643_, 5.4, 13.6, 1.8
_4644_, 5.4, 13.6, 1.8
_4645_, 5.4, 13.6, 1.8
_4646_, 5.4, 13.6, 1.8
_4647_, 5.4, 13.6, 1.8
_4648_, 5.4, 13.6, 1.8
_4649_, 5.4, 13.6, 1.8
_4650_, 5.4, 13.6, 1.8
_4651_, 5.4, 13.6, 1.8
_4652_, 5.4, 13.6, 1.8
_4653_, 5.4, 13.6, 1.8
_4654_, 5.4, 13.6, 1.8
_4655_, 5.4, 13.6, 1.8
_4656_, 5.4, 13.6, 1.8
_4657_, 5.4, 13.6, 1.8
_4658_, 5.4, 13.6, 1.8
_4659_, 5.4, 13.6, 1.8
_4660_, 5.4, 13.6, 1.8
_4661_, 5.4, 13.6, 1.8
_4662_, 5.4, 13.6, 1.8
_4663_, 5.4, 13.6, 1.8
_4664_, 5.4, 13.6, 1.8
_4665_, 5.4, 13.6, 1.8
_4666_, 5.4, 13.6, 1.8
_4667_, 5.4, 13.6, 1.8
_4668_, 5.4, 13.6, 1.8
_4669_, 5.4, 13.6, 1.8
_4670_, 5.4, 13.6, 1.8
_4671_, 5.4, 13.6, 1.8
_4672_, 5.4, 13.6, 1.8
_4673_, 5.4, 13.6, 1.8
_4674_, 5.4, 13.6, 1.8
_4675_, 5.4, 13.6, 1.8
_4676_, 5.4, 13.6, 1.8
_4677_, 5.4, 13.6, 1.8
_4678_, 5.4, 13.6, 1.8
_4679_, 5.4, 13.6, 1.8
_4680_, 5.4, 13.6, 1.8
_4681_, 5.4, 13.6, 1.8
_4682_, 5.4, 13.6, 1.8
_4683_, 5.4, 13.6, 1.8
_4684_, 5.4, 13.6, 1.8
_4685_, 5.4, 13.6, 1.8
_4686_, 5.4, 13.6, 1.8
_4687_, 5.4, 13.6, 1.8
_4688_, 5.4, 13.6, 1.8
_4689_, 5.4, 13.6, 1.8
_4690_, 5.4, 13.6, 1.8
_4691_, 5.4, 13.6, 1.8
_4692_, 5.4, 13.6, 1.8
_4693_, 5.4, 13.6, 1.8
_4694_, 5.4, 13.6, 1.8
_4695_, 5.4, 13.6, 1.8
_4696_, 5.4, 13.6, 1.8
_4697_, 5.4, 13.6, 1.8
_4698_, 5.4, 13.6, 1.8
_4699_, 5.4, 13.6, 1.8
_4700_, 5.4, 13.6, 1.8
_4701_, 5.4, 13.6, 1.8
_4702_, 5.4, 13.6, 1.8
_4703_, 5.4, 13.6, 1.8
_4704_, 5.4, 13.6, 1.8
_4705_, 5.4, 13.6, 1.8
_4706_, 5.4, 13.6, 1.8
_4707_, 5.4, 13.6, 1.8
_4708_, 5.4, 13.6, 1.8
_4709_, 5.4, 13.6, 1.8
_4710_, 5.4, 13.6, 1.8
_4711_, 5.4, 13.6, 1.8
_4712_, 5.4, 13.6, 1.8
_4713_, 5.4, 13.6, 1.8
_4714_, 5.4, 13.6, 1.8
_4715_, 5.4, 13.6, 1.8
_4716_, 5.4, 13.6, 1.8
_4717_, 5.4, 13.6, 1.8
_4718_, 5.4, 13.6, 1.8
_4719_, 5.4, 13.6, 1.8
_4720_, 5.4, 13.6, 1.8
_4721_, 5.4, 13.6, 1.8
_4722_, 5.4, 13.6, 1.8
_4723_, 5.4, 13.6, 1.8
_4724_, 5.4, 13.6, 1.8
_4725_, 5.4, 13.6, 1.8
_4726_, 5.4, 13.6, 1.8
_4727_, 5.4, 13.6, 1.8
_4728_, 5.4, 13.6, 1.8
_4729_, 5.4, 13.6, 1.8
_4730_, 5.4, 13.6, 1.8
_4731_, 5.4, 13.6, 1.8
_4732_, 5.4, 13.6, 1.8
_4733_, 5.4, 13.6, 1.8
_4734_, 5.4, 13.6, 1.8
_4735_, 5.4, 13.6, 1.8
_4736_, 5.4, 13.6, 1.8
_4737_, 5.4, 13.6, 1.8
_4738_, 5.4, 13.6, 1.8
_4739_, 5.4, 13.6, 1.8
_4740_, 5.4, 13.6, 1.8
_4741_, 5.4, 13.6, 1.8
_4742_, 5.4, 13.6, 1.8
_4743_, 5.4, 13.6, 1.8
_4744_, 5.4, 13.6, 1.8
_4745_, 5.4, 13.6, 1.8
_4746_, 5.4, 13.6, 1.8
_4747_, 5.4, 13.6, 1.8
_4748_, 5.4, 13.6, 1.8
_4749_, 5.4, 13.6, 1.8
_4750_, 5.4, 13.6, 1.8
_4751_, 5.4, 13.6, 1.8
_4752_, 5.4, 13.6, 1.8
_4753_, 5.4, 13.6, 1.8
_4754_, 5.4, 13.6, 1.8
_4755_, 5.4, 13.6, 1.8
_4756_, 5.4, 13.6, 1.8
_4757_, 5.4, 13.6, 1.8
_4758_, 5.4, 13.6, 1.8
_4759_, 5.4, 13.6, 1.8
_4760_, 5.4, 13.6, 1.8
_4761_, 5.4, 13.6, 1.8
_4762_, 5.4, 13.6, 1.8
_4763_, 5.4, 13.6, 1.8
_4764_, 5.4, 13.6, 1.8
_4765_, 5.4, 13.6, 1.8
_4766_, 5.4, 13.6, 1.8
_4767_, 5.4, 13.6, 1.8
_4768_, 5.4, 13.6, 1.8
_4769_, 5.4, 13.6, 1.8
_4770_, 5.4, 13.6, 1.8
_4771_, 5.4, 13.6, 1.8
_4772_, 5.4, 13.6, 1.8
_4773_, 5.4, 13.6, 1.8
_4774_, 5.4, 13.6, 1.8
_4775_, 5.4, 13.6, 1.8
_4776_, 5.4, 13.6, 1.8
_4777_, 5.4, 13.6, 1.8
_4778_, 5.4, 13.6, 1.8
_4779_, 5.4, 13.6, 1.8
_4780_, 5.4, 13.6, 1.8
_4781_, 5.4, 13.6, 1.8
_4782_, 5.4, 13.6, 1.8
_4783_, 5.4, 13.6, 1.8
_4784_, 5.4, 13.6, 1.8
_4785_, 5.4, 13.6, 1.8
_4786_, 5.4, 13.6, 1.8
_4787_, 5.4, 13.6, 1.8
_4788_, 5.4, 13.6, 1.8
_4789_, 5.4, 13.6, 1.8
_4790_, 5.4, 13.6, 1.8
_4791_, 5.4, 13.6, 1.8
_4792_, 5.4, 13.6, 1.8
_4793_, 5.4, 13.6, 1.8
_4794_, 5.4, 13.6, 1.8
_4795_, 5.4, 13.6, 1.8
_4796_, 5.4, 13.6, 1.8
_4797_, 5.4, 13.6, 1.8
_4798_, 5.4, 13.6, 1.8
_4799_, 5.4, 13.6, 1.8
_4800_, 5.4, 13.6, 1.8
_4801_, 5.4, 13.6, 1.8
_4802_, 5.4, 13.6, 1.8
_4803_, 5.4, 13.6, 1.8
_4804_, 5.4, 13.6, 1.8
_4805_, 5.4, 13.6, 1.8
_4806_, 5.4, 13.6, 1.8
_4807_, 5.4, 13.6, 1.8
_4808_, 5.4, 13.6, 1.8
_4809_, 5.4, 13.6, 1.8
_4810_, 5.4, 13.6, 1.8
_4811_, 5.4, 13.6, 1.8
_4812_, 5.4, 13.6, 1.8
_4813_, 5.4, 13.6, 1.8
_4814_, 5.4, 13.6, 1.8
_4815_, 5.4, 13.6, 1.8
_4816_, 5.4, 13.6, 1.8
_4817_, 5.4, 13.6, 1.8
_4818_, 5.4, 13.6, 1.8
_4819_, 5.4, 13.6, 1.8
_4820_, 5.4, 13.6, 1.8
_4821_, 5.4, 13.6, 1.8
_4822_, 5.4, 13.6, 1.8
_4823_, 5.4, 13.6, 1.8
_4824_, 5.4, 13.6, 1.8
_4825_, 5.4, 13.6, 1.8
_4826_, 5.4, 13.6, 1.8
_4827_, 5.4, 13.6, 1.8
_4828_, 5.4, 13.6, 1.8
_4829_, 5.4, 13.6, 1.8
_4830_, 5.4, 13.6, 1.8
_4831_, 5.4, 13.6, 1.8
_4832_, 5.4, 13.6, 1.8
_4833_, 5.4, 13.6, 1.8
_4834_, 5.4, 13.6, 1.8
_4835_, 5.4, 13.6, 1.8
_4836_, 5.4, 13.6, 1.8
_4837_, 5.4, 13.6, 1.8
_4838_, 5.4, 13.6, 1.8
_4839_, 5.4, 13.6, 1.8
_4840_, 5.4, 13.6, 1.8
_4841_, 5.4, 13.6, 1.8
_4842_, 5.4, 13.6, 1.8
_4843_, 5.4, 13.6, 1.8
_4844_, 5.4, 13.6, 1.8
_4845_, 5.4, 13.6, 1.8
_4846_, 5.4, 13.6, 1.8
_4847_, 5.4, 13.6, 1.8
_4848_, 5.4, 13.6, 1.8
_4849_, 5.4, 13.6, 1.8
_4850_, 5.4, 13.6, 1.8
_4851_, 5.4, 13.6, 1.8
_4852_, 5.4, 13.6, 1.8
_4853_, 5.4, 13.6, 1.8
_4854_, 5.4, 13.6, 1.8
_4855_, 5.4, 13.6, 1.8
_4856_, 5.4, 13.6, 1.8
_4857_, 5.4, 13.6, 1.8
_4858_, 5.4, 13.6, 1.8
_4859_, 5.4, 13.6, 1.8
_4860_, 5.4, 13.6, 1.8
_4861_, 5.4, 13.6, 1.8
_4862_, 5.4, 13.6, 1.8
_4863_, 5.4, 13.6, 1.8
_4864_, 5.4, 13.6, 1.8
_4865_, 5.4, 13.6, 1.8
_4866_, 5.4, 13.6, 1.8
_4867_, 5.4, 13.6, 1.8
_4868_, 5.4, 13.6, 1.8
_4869_, 5.4, 13.6, 1.8
_4870_, 5.4, 13.6, 1.8
_4871_, 5.4, 13.6, 1.8
_4872_, 5.4, 13.6, 1.8
_4873_, 5.4, 13.6, 1.8
_4874_, 5.4, 13.6, 1.8
_4875_, 5.4, 13.6, 1.8
_4876_, 5.4, 13.6, 1.8
_4877_, 5.4, 13.6, 1.8
_4878_, 5.4, 13.6, 1.8
_4879_, 5.4, 13.6, 1.8
_4880_, 5.4, 13.6, 1.8
_4881_, 5.4, 13.6, 1.8
_4882_, 5.4, 13.6, 1.8
_4883_, 5.4, 13.6, 1.8
_4884_, 5.4, 13.6, 1.8
_4885_, 5.4, 13.6, 1.8
_4886_, 5.4, 13.6, 1.8
_4887_, 5.4, 13.6, 1.8
_4888_, 5.4, 13.6, 1.8
_4889_, 5.4, 13.6, 1.8
_4890_, 5.4, 13.6, 1.8
_4891_, 5.4, 13.6, 1.8
_4892_, 5.4, 13.6, 1.8
_4893_, 5.4, 13.6, 1.8
_4894_, 5.4, 13.6, 1.8
_4895_, 5.4, 13.6, 1.8
_4896_, 5.4, 13.6, 1.8
_4897_, 5.4, 13.6, 1.8
_4898_, 5.4, 13.6, 1.8
_4899_, 5.4, 13.6, 1.8
_4900_, 5.4, 13.6, 1.8
_4901_, 5.4, 13.6, 1.8
_4902_, 5.4, 13.6, 1.8
_4903_, 5.4, 13.6, 1.8
_4904_, 5.4, 13.6, 1.8
_4905_, 5.4, 13.6, 1.8
_4906_, 5.4, 13.6, 1.8
_4907_, 5.4, 13.6, 1.8
_4908_, 5.4, 13.6, 1.8
_4909_, 5.4, 13.6, 1.8
_4910_, 5.4, 13.6, 1.8
_4911_, 5.4, 13.6, 1.8
_4912_, 5.4, 13.6, 1.8
_4913_, 5.4, 13.6, 1.8
_4914_, 5.4, 13.6, 1.8
_4915_, 5.4, 13.6, 1.8
_4916_, 5.4, 13.6, 1.8
_4917_, 5.4, 13.6, 1.8
_4918_, 5.4, 13.6, 1.8
_4919_, 5.4, 13.6, 1.8
_4920_, 5.4, 13.6, 1.8
_4921_, 5.4, 13.6, 1.8
_4922_, 5.4, 13.6, 1.8
_4923_, 5.4, 13.6, 1.8
_4924_, 5.4, 13.6, 1.8
_4925_, 5.4, 13.6, 1.8
_4926_, 5.4, 13.6, 1.8
_4927_, 5.4, 13.6, 1.8
_4928_, 5.4, 13.6, 1.8
_4929_, 5.4, 13.6, 1.8
_4930_, 5.4, 13.6, 1.8
_4931_, 5.4, 13.6, 1.8
_4932_, 5.4, 13.6, 1.8
_4933_, 5.4, 13.6, 1.8
_4934_, 5.4, 13.6, 1.8
_4935_, 5.4, 13.6, 1.8
_4936_, 5.4, 13.6, 1.8
_4937_, 5.4, 13.6, 1.8
_4938_, 5.4, 13.6, 1.8
_4939_, 5.4, 13.6, 1.8
_4940_, 5.4, 13.6, 1.8
_4941_, 5.4, 13.6, 1.8
_4942_, 5.4, 13.6, 1.8
_4943_, 5.4, 13.6, 1.8
_4944_, 5.4, 13.6, 1.8
_4945_, 5.4, 13.6, 1.8
_4946_, 5.4, 13.6, 1.8
_4947_, 5.4, 13.6, 1.8
_4948_, 5.4, 13.6, 1.8
_4949_, 5.4, 13.6, 1.8
_4950_, 5.4, 13.6, 1.8
_4951_, 5.4, 13.6, 1.8
_4952_, 5.4, 13.6, 1.8
_4953_, 5.4, 13.6, 1.8
_4954_, 5.4, 13.6, 1.8
_4955_, 5.4, 13.6, 1.8
_4956_, 5.4, 13.6, 1.8
_4957_, 5.4, 13.6, 1.8
_4958_, 5.4, 13.6, 1.8
_4959_, 5.4, 13.6, 1.8
_4960_, 5.4, 13.6, 1.8
_4961_, 5.4, 13.6, 1.8
_4962_, 5.4, 13.6, 1.8
_4963_, 5.4, 13.6, 1.8
_4964_, 5.4, 13.6, 1.8
_4965_, 5.4, 13.6, 1.8
_4966_, 5.4, 13.6, 1.8
_4967_, 5.4, 13.6, 1.8
_4968_, 5.4, 13.6, 1.8
_4969_, 5.4, 13.6, 1.8
_4970_, 5.4, 13.6, 1.8
_4971_, 5.4, 13.6, 1.8
_4972_, 5.4, 13.6, 1.8
_4973_, 5.4, 13.6, 1.8
_4974_, 5.4, 13.6, 1.8
_4975_, 5.4, 13.6, 1.8
_4976_, 5.4, 13.6, 1.8
_4977_, 5.4, 13.6, 1.8
_4978_, 5.4, 13.6, 1.8
_4979_, 5.4, 13.6, 1.8
_4980_, 5.4, 13.6, 1.8
_4981_, 5.4, 13.6, 1.8
_4982_, 5.4, 13.6, 1.8
_4983_, 5.4, 13.6, 1.8
_4984_, 5.4, 13.6, 1.8
_4985_, 5.4, 13.6, 1.8
_4986_, 5.4, 13.6, 1.8
_4987_, 5.4, 13.6, 1.8
_4988_, 5.4, 13.6, 1.8
_4989_, 5.4, 13.6, 1.8
_4990_, 5.4, 13.6, 1.8
_4991_, 5.4, 13.6, 1.8
_4992_, 5.4, 13.6, 1.8
_4993_, 5.4, 13.6, 1.8
_4994_, 5.4, 13.6, 1.8
_4995_, 5.4, 13.6, 1.8
_4996_, 5.4, 13.6, 1.8
_4997_, 5.4, 13.6, 1.8
_4998_, 5.4, 13.6, 1.8
_4999_, 5.4, 13.6, 1.8
_5000_, 5.4, 13.6, 1.8
_5001_, 5.4, 13.6, 1.8
_5002_, 5.4, 13.6, 1.8
_5003_, 5.4, 13.6, 1.8
_5004_, 5.4, 13.6, 1.8
_5005_, 5.4, 13.6, 1.8
_5006_, 5.4, 13.6, 1.8
_5007_, 5.4, 13.6, 1.8
_5008_, 5.4, 13.6, 1.8
_5009_, 5.4, 13.6, 1.8
_5010_, 5.4, 13.6, 1.8
_5011_, 5.4, 13.6, 1.8
_5012_, 5.4, 13.6, 1.8
_5013_, 5.4, 13.6, 1.8
_5014_, 5.4, 13.6, 1.8
_5015_, 5.4, 13.6, 1.8
_5016_, 5.4, 13.6, 1.8
_5017_, 5.4, 13.6, 1.8
_5018_, 5.4, 13.6, 1.8
_5019_, 5.4, 13.6, 1.8
_5020_, 5.4, 13.6, 1.8
_5021_, 5.4, 13.6, 1.8
_5022_, 5.4, 13.6, 1.8
_5023_, 5.4, 13.6, 1.8
_5024_, 5.4, 13.6, 1.8
_5025_, 5.4, 13.6, 1.8
_5026_, 5.4, 13.6, 1.8
_5027_, 5.4, 13.6, 1.8
_5028_, 5.4, 13.6, 1.8
_5029_, 5.4, 13.6, 1.8
_5030_, 5.4, 13.6, 1.8
_5031_, 5.4, 13.6, 1.8
_5032_, 5.4, 13.6, 1.8
_5033_, 5.4, 13.6, 1.8
_5034_, 5.4, 13.6, 1.8
_5035_, 5.4, 13.6, 1.8
_5036_, 5.4, 13.6, 1.8
_5037_, 5.4, 13.6, 1.8
_5038_, 5.4, 13.6, 1.8
_5039_, 5.4, 13.6, 1.8
_5040_, 5.4, 13.6, 1.8
_5041_, 5.4, 13.6, 1.8
_5042_, 5.4, 13.6, 1.8
_5043_, 5.4, 13.6, 1.8
_5044_, 5.4, 13.6, 1.8
_5045_, 5.4, 13.6, 1.8
_5046_, 5.4, 13.6, 1.8
_5047_, 5.4, 13.6, 1.8
_5048_, 5.4, 13.6, 1.8
_5049_, 5.4, 13.6, 1.8
_5050_, 5.4, 13.6, 1.8
PHY_1, 1090.8, 13.6, 1.8
PHY_3, 1090.8, 13.6, 1.8

