OpenROAD 8d53e9b018dec98fa63e907ddeb6c5406f035361 
This program is licensed under the BSD-3 license. See the LICENSE file for details.
Components of this program may be licensed under more restrictive licenses which must be honored.
[INFO ODB-0222] Reading LEF file: /home/ali112000/mpw5/UETRV-ECORE/openlane/Motor_Top/runs/Motor_Top/tmp/merged_unpadded.lef
[INFO ODB-0223]     Created 13 technology layers
[INFO ODB-0224]     Created 25 technology vias
[INFO ODB-0225]     Created 441 library cells
[INFO ODB-0226] Finished LEF file:  /home/ali112000/mpw5/UETRV-ECORE/openlane/Motor_Top/runs/Motor_Top/tmp/merged_unpadded.lef
[INFO ODB-0127] Reading DEF file: /home/ali112000/mpw5/UETRV-ECORE/openlane/Motor_Top/runs/Motor_Top/tmp/placement/8-resizer.def
[INFO ODB-0128] Design: Motor_Top
[INFO ODB-0130]     Created 99 pins.
[INFO ODB-0131]     Created 9472 components and 50989 component-terminals.
[INFO ODB-0132]     Created 2 special nets and 31340 connections.
[INFO ODB-0133]     Created 5907 nets and 19649 connections.
[INFO ODB-0134] Finished DEF file: /home/ali112000/mpw5/UETRV-ECORE/openlane/Motor_Top/runs/Motor_Top/tmp/placement/8-resizer.def
Placement Analysis
---------------------------------
total displacement          0.0 u
average displacement        0.0 u
max displacement            0.0 u
original HPWL          183471.8 u
legalized HPWL         187902.1 u
delta HPWL                    2 %

[INFO DPL-0020] Mirrored 2217 instances
[INFO DPL-0021] HPWL before          187902.1 u
[INFO DPL-0022] HPWL after           183471.8 u
[INFO DPL-0023] HPWL delta               -2.4 %
