OpenROAD 8d53e9b018dec98fa63e907ddeb6c5406f035361 
This program is licensed under the BSD-3 license. See the LICENSE file for details.
Components of this program may be licensed under more restrictive licenses which must be honored.
[INFO ODB-0222] Reading LEF file: /home/ali11-2000/FYP/mpw/UETRV-ECORE/openlane/Core/runs/Core/tmp/merged_unpadded.lef
[INFO ODB-0223]     Created 13 technology layers
[INFO ODB-0224]     Created 25 technology vias
[INFO ODB-0225]     Created 441 library cells
[INFO ODB-0226] Finished LEF file:  /home/ali11-2000/FYP/mpw/UETRV-ECORE/openlane/Core/runs/Core/tmp/merged_unpadded.lef
[INFO ODB-0127] Reading DEF file: /home/ali11-2000/FYP/mpw/UETRV-ECORE/openlane/Core/runs/Core/tmp/routing/15-diodes.def
[INFO ODB-0128] Design: Core
[INFO ODB-0130]     Created 176 pins.
[INFO ODB-0131]     Created 20829 components and 120064 component-terminals.
[INFO ODB-0132]     Created 2 special nets and 76768 connections.
[INFO ODB-0133]     Created 11278 nets and 43296 connections.
[INFO ODB-0134] Finished DEF file: /home/ali11-2000/FYP/mpw/UETRV-ECORE/openlane/Core/runs/Core/tmp/routing/15-diodes.def
Placement Analysis
---------------------------------
total displacement      43695.3 u
average displacement        2.1 u
max displacement           75.4 u
original HPWL          440525.2 u
legalized HPWL         460087.2 u
delta HPWL                    4 %

[INFO DPL-0020] Mirrored 6398 instances
[INFO DPL-0021] HPWL before          460087.2 u
[INFO DPL-0022] HPWL after           451691.9 u
[INFO DPL-0023] HPWL delta               -1.8 %
