
Magic 8.3 revision 269 - Compiled on Fri Feb 18 11:40:47 UTC 2022.
Starting magic under Tcl interpreter
Using the terminal as the console.
Using NULL graphics device.
Processing system .magicrc file
Sourcing design .magicrc for technology sky130A ...
2 Magic internal units = 1 Lambda
Input style sky130(vendor): scaleFactor=2, multiplier=2
The following types are not handled by extraction and will be treated as non-electrical types:
    mvobsactive ubm 
Scaled tech values by 2 / 1 to match internal grid scaling
Loading sky130A Device Generator Menu ...
Loading "/openlane/scripts/magic/lef.tcl" from command line.
Reading LEF data from file /home/ali11-2000/FYP/mpw/pdks/sky130A/libs.ref/sky130_fd_sc_hd/techlef/sky130_fd_sc_hd.tlef.
This action cannot be undone.
LEF read, Line 78 (Message): Unknown keyword "ANTENNAMODEL" in LEF file; ignoring.
LEF read, Line 79 (Message): Unknown keyword "ANTENNADIFFSIDEAREARATIO" in LEF file; ignoring.
LEF read, Line 111 (Message): Unknown keyword "MINENCLOSEDAREA" in LEF file; ignoring.
LEF read, Line 113 (Message): Unknown keyword "ANTENNAMODEL" in LEF file; ignoring.
LEF read, Line 114 (Message): Unknown keyword "ANTENNADIFFSIDEAREARATIO" in LEF file; ignoring.
LEF read, Line 120 (Message): Unknown keyword "MAXIMUMDENSITY" in LEF file; ignoring.
LEF read, Line 121 (Message): Unknown keyword "DENSITYCHECKWINDOW" in LEF file; ignoring.
LEF read, Line 122 (Message): Unknown keyword "DENSITYCHECKSTEP" in LEF file; ignoring.
LEF read, Line 154 (Message): Unknown keyword "MINENCLOSEDAREA" in LEF file; ignoring.
LEF read, Line 162 (Message): Unknown keyword "ANTENNAMODEL" in LEF file; ignoring.
LEF read, Line 163 (Message): Unknown keyword "ANTENNADIFFSIDEAREARATIO" in LEF file; ignoring.
LEF read, Line 165 (Message): Unknown keyword "MAXIMUMDENSITY" in LEF file; ignoring.
LEF read, Line 166 (Message): Unknown keyword "DENSITYCHECKWINDOW" in LEF file; ignoring.
LEF read, Line 167 (Message): Unknown keyword "DENSITYCHECKSTEP" in LEF file; ignoring.
LEF read, Line 203 (Message): Unknown keyword "ANTENNAMODEL" in LEF file; ignoring.
LEF read, Line 204 (Message): Unknown keyword "ANTENNADIFFSIDEAREARATIO" in LEF file; ignoring.
LEF read, Line 206 (Message): Unknown keyword "MAXIMUMDENSITY" in LEF file; ignoring.
LEF read, Line 207 (Message): Unknown keyword "DENSITYCHECKWINDOW" in LEF file; ignoring.
LEF read, Line 208 (Message): Unknown keyword "DENSITYCHECKSTEP" in LEF file; ignoring.
LEF read, Line 244 (Message): Unknown keyword "ANTENNAMODEL" in LEF file; ignoring.
LEF read, Line 245 (Message): Unknown keyword "ANTENNADIFFSIDEAREARATIO" in LEF file; ignoring.
LEF read, Line 247 (Message): Unknown keyword "MAXIMUMDENSITY" in LEF file; ignoring.
LEF read, Line 248 (Message): Unknown keyword "DENSITYCHECKWINDOW" in LEF file; ignoring.
LEF read, Line 249 (Message): Unknown keyword "DENSITYCHECKSTEP" in LEF file; ignoring.
LEF read, Line 285 (Message): Unknown keyword "ANTENNAMODEL" in LEF file; ignoring.
LEF read, Line 286 (Message): Unknown keyword "ANTENNADIFFSIDEAREARATIO" in LEF file; ignoring.
LEF read: Processed 792 lines.
Core: 10000 rects
Core: 20000 rects
Core: 30000 rects
Core: 40000 rects
Core: 50000 rects
Core: 60000 rects
Core: 70000 rects
Core: 80000 rects
Core: 90000 rects
Core: 100000 rects
Core: 110000 rects
Core: 120000 rects
Core: 130000 rects
Core: 140000 rects
Core: 150000 rects
Core: 160000 rects
Core: 170000 rects
Core: 180000 rects
Core: 190000 rects
Core: 200000 rects
Core: 210000 rects
Core: 220000 rects
Core: 230000 rects
Core: 240000 rects
Core: 250000 rects
Core: 260000 rects
Core: 270000 rects
Core: 280000 rects
Core: 290000 rects
Core: 300000 rects
Core: 310000 rects
Core: 320000 rects
Core: 330000 rects
Core: 340000 rects
Core: 350000 rects
Core: 360000 rects
Core: 370000 rects
Core: 380000 rects
Core: 390000 rects
Core: 400000 rects
Core: 410000 rects
Core: 420000 rects
Core: 430000 rects
Core: 440000 rects
Core: 450000 rects
Core: 460000 rects
Core: 470000 rects
Core: 480000 rects
Core: 490000 rects
Core: 500000 rects
Core: 510000 rects
Core: 520000 rects
Core: 530000 rects
Core: 540000 rects
Core: 550000 rects
Core: 560000 rects
Core: 570000 rects
Core: 580000 rects
Core: 590000 rects
Core: 600000 rects
Core: 610000 rects
Core: 620000 rects
Core: 630000 rects
Core: 640000 rects
Core: 650000 rects
Core: 660000 rects
Core: 670000 rects
Core: 680000 rects
Core: 690000 rects
Core: 700000 rects
Core: 710000 rects
Core: 720000 rects
Core: 730000 rects
Core: 740000 rects
Core: 750000 rects
[INFO]: Writing abstract LEF
Generating LEF output /home/ali11-2000/FYP/mpw/UETRV-ECORE/openlane/Core/runs/Core/results/finishing/Core.lef for cell Core:
Diagnostic:  Write LEF header for cell Core
Diagnostic:  Writing LEF output for cell Core
Warning:  Parent cell lists instance of "sky130_fd_sc_hd__decap_12" at bad file path /home/ali11-2000/FYP/mpw/UETRV-ECORE/openlane/Core/runs/Core/results/finishing/sky130_fd_sc_hd__decap_12.mag.
The cell exists in the search paths at /home/ali11-2000/FYP/mpw/pdks/sky130A/libs.ref/sky130_fd_sc_hd/maglef/sky130_fd_sc_hd__decap_12.mag.
The discovered version will be used.
Warning:  Parent cell lists instance of "sky130_fd_sc_hd__decap_3" at bad file path /home/ali11-2000/FYP/mpw/UETRV-ECORE/openlane/Core/runs/Core/results/finishing/sky130_fd_sc_hd__decap_3.mag.
The cell exists in the search paths at /home/ali11-2000/FYP/mpw/pdks/sky130A/libs.ref/sky130_fd_sc_hd/maglef/sky130_fd_sc_hd__decap_3.mag.
The discovered version will be used.
Warning:  Parent cell lists instance of "sky130_fd_sc_hd__fill_1" at bad file path /home/ali11-2000/FYP/mpw/UETRV-ECORE/openlane/Core/runs/Core/results/finishing/sky130_fd_sc_hd__fill_1.mag.
The cell exists in the search paths at /home/ali11-2000/FYP/mpw/pdks/sky130A/libs.ref/sky130_fd_sc_hd/maglef/sky130_fd_sc_hd__fill_1.mag.
The discovered version will be used.
Warning:  Parent cell lists instance of "sky130_fd_sc_hd__tapvpwrvgnd_1" at bad file path /home/ali11-2000/FYP/mpw/UETRV-ECORE/openlane/Core/runs/Core/results/finishing/sky130_fd_sc_hd__tapvpwrvgnd_1.mag.
The cell exists in the search paths at /home/ali11-2000/FYP/mpw/pdks/sky130A/libs.ref/sky130_fd_sc_hd/maglef/sky130_fd_sc_hd__tapvpwrvgnd_1.mag.
The discovered version will be used.
Warning:  Parent cell lists instance of "sky130_fd_sc_hd__decap_4" at bad file path /home/ali11-2000/FYP/mpw/UETRV-ECORE/openlane/Core/runs/Core/results/finishing/sky130_fd_sc_hd__decap_4.mag.
The cell exists in the search paths at /home/ali11-2000/FYP/mpw/pdks/sky130A/libs.ref/sky130_fd_sc_hd/maglef/sky130_fd_sc_hd__decap_4.mag.
The discovered version will be used.
Warning:  Parent cell lists instance of "sky130_fd_sc_hd__decap_6" at bad file path /home/ali11-2000/FYP/mpw/UETRV-ECORE/openlane/Core/runs/Core/results/finishing/sky130_fd_sc_hd__decap_6.mag.
The cell exists in the search paths at /home/ali11-2000/FYP/mpw/pdks/sky130A/libs.ref/sky130_fd_sc_hd/maglef/sky130_fd_sc_hd__decap_6.mag.
The discovered version will be used.
Warning:  Parent cell lists instance of "sky130_fd_sc_hd__fill_2" at bad file path /home/ali11-2000/FYP/mpw/UETRV-ECORE/openlane/Core/runs/Core/results/finishing/sky130_fd_sc_hd__fill_2.mag.
The cell exists in the search paths at /home/ali11-2000/FYP/mpw/pdks/sky130A/libs.ref/sky130_fd_sc_hd/maglef/sky130_fd_sc_hd__fill_2.mag.
The discovered version will be used.
Warning:  Parent cell lists instance of "sky130_fd_sc_hd__clkbuf_1" at bad file path /home/ali11-2000/FYP/mpw/UETRV-ECORE/openlane/Core/runs/Core/results/finishing/sky130_fd_sc_hd__clkbuf_1.mag.
The cell exists in the search paths at /home/ali11-2000/FYP/mpw/pdks/sky130A/libs.ref/sky130_fd_sc_hd/maglef/sky130_fd_sc_hd__clkbuf_1.mag.
The discovered version will be used.
Warning:  Parent cell lists instance of "sky130_fd_sc_hd__dfxtp_1" at bad file path /home/ali11-2000/FYP/mpw/UETRV-ECORE/openlane/Core/runs/Core/results/finishing/sky130_fd_sc_hd__dfxtp_1.mag.
The cell exists in the search paths at /home/ali11-2000/FYP/mpw/pdks/sky130A/libs.ref/sky130_fd_sc_hd/maglef/sky130_fd_sc_hd__dfxtp_1.mag.
The discovered version will be used.
Warning:  Parent cell lists instance of "sky130_fd_sc_hd__diode_2" at bad file path /home/ali11-2000/FYP/mpw/UETRV-ECORE/openlane/Core/runs/Core/results/finishing/sky130_fd_sc_hd__diode_2.mag.
The cell exists in the search paths at /home/ali11-2000/FYP/mpw/pdks/sky130A/libs.ref/sky130_fd_sc_hd/maglef/sky130_fd_sc_hd__diode_2.mag.
The discovered version will be used.
Warning:  Parent cell lists instance of "sky130_fd_sc_hd__mux2_1" at bad file path /home/ali11-2000/FYP/mpw/UETRV-ECORE/openlane/Core/runs/Core/results/finishing/sky130_fd_sc_hd__mux2_1.mag.
The cell exists in the search paths at /home/ali11-2000/FYP/mpw/pdks/sky130A/libs.ref/sky130_fd_sc_hd/maglef/sky130_fd_sc_hd__mux2_1.mag.
The discovered version will be used.
Warning:  Parent cell lists instance of "sky130_fd_sc_hd__decap_8" at bad file path /home/ali11-2000/FYP/mpw/UETRV-ECORE/openlane/Core/runs/Core/results/finishing/sky130_fd_sc_hd__decap_8.mag.
The cell exists in the search paths at /home/ali11-2000/FYP/mpw/pdks/sky130A/libs.ref/sky130_fd_sc_hd/maglef/sky130_fd_sc_hd__decap_8.mag.
The discovered version will be used.
Warning:  Parent cell lists instance of "sky130_fd_sc_hd__buf_6" at bad file path /home/ali11-2000/FYP/mpw/UETRV-ECORE/openlane/Core/runs/Core/results/finishing/sky130_fd_sc_hd__buf_6.mag.
The cell exists in the search paths at /home/ali11-2000/FYP/mpw/pdks/sky130A/libs.ref/sky130_fd_sc_hd/maglef/sky130_fd_sc_hd__buf_6.mag.
The discovered version will be used.
Warning:  Parent cell lists instance of "sky130_fd_sc_hd__clkinv_2" at bad file path /home/ali11-2000/FYP/mpw/UETRV-ECORE/openlane/Core/runs/Core/results/finishing/sky130_fd_sc_hd__clkinv_2.mag.
The cell exists in the search paths at /home/ali11-2000/FYP/mpw/pdks/sky130A/libs.ref/sky130_fd_sc_hd/maglef/sky130_fd_sc_hd__clkinv_2.mag.
The discovered version will be used.
Warning:  Parent cell lists instance of "sky130_fd_sc_hd__nand2_1" at bad file path /home/ali11-2000/FYP/mpw/UETRV-ECORE/openlane/Core/runs/Core/results/finishing/sky130_fd_sc_hd__nand2_1.mag.
The cell exists in the search paths at /home/ali11-2000/FYP/mpw/pdks/sky130A/libs.ref/sky130_fd_sc_hd/maglef/sky130_fd_sc_hd__nand2_1.mag.
The discovered version will be used.
Warning:  Parent cell lists instance of "sky130_fd_sc_hd__a21oi_2" at bad file path /home/ali11-2000/FYP/mpw/UETRV-ECORE/openlane/Core/runs/Core/results/finishing/sky130_fd_sc_hd__a21oi_2.mag.
The cell exists in the search paths at /home/ali11-2000/FYP/mpw/pdks/sky130A/libs.ref/sky130_fd_sc_hd/maglef/sky130_fd_sc_hd__a21oi_2.mag.
The discovered version will be used.
Warning:  Parent cell lists instance of "sky130_fd_sc_hd__buf_2" at bad file path /home/ali11-2000/FYP/mpw/UETRV-ECORE/openlane/Core/runs/Core/results/finishing/sky130_fd_sc_hd__buf_2.mag.
The cell exists in the search paths at /home/ali11-2000/FYP/mpw/pdks/sky130A/libs.ref/sky130_fd_sc_hd/maglef/sky130_fd_sc_hd__buf_2.mag.
The discovered version will be used.
Warning:  Parent cell lists instance of "sky130_fd_sc_hd__xnor2_4" at bad file path /home/ali11-2000/FYP/mpw/UETRV-ECORE/openlane/Core/runs/Core/results/finishing/sky130_fd_sc_hd__xnor2_4.mag.
The cell exists in the search paths at /home/ali11-2000/FYP/mpw/pdks/sky130A/libs.ref/sky130_fd_sc_hd/maglef/sky130_fd_sc_hd__xnor2_4.mag.
The discovered version will be used.
Warning:  Parent cell lists instance of "sky130_fd_sc_hd__o21ai_4" at bad file path /home/ali11-2000/FYP/mpw/UETRV-ECORE/openlane/Core/runs/Core/results/finishing/sky130_fd_sc_hd__o21ai_4.mag.
The cell exists in the search paths at /home/ali11-2000/FYP/mpw/pdks/sky130A/libs.ref/sky130_fd_sc_hd/maglef/sky130_fd_sc_hd__o21ai_4.mag.
The discovered version will be used.
Warning:  Parent cell lists instance of "sky130_fd_sc_hd__clkbuf_4" at bad file path /home/ali11-2000/FYP/mpw/UETRV-ECORE/openlane/Core/runs/Core/results/finishing/sky130_fd_sc_hd__clkbuf_4.mag.
The cell exists in the search paths at /home/ali11-2000/FYP/mpw/pdks/sky130A/libs.ref/sky130_fd_sc_hd/maglef/sky130_fd_sc_hd__clkbuf_4.mag.
The discovered version will be used.
Warning:  Parent cell lists instance of "sky130_fd_sc_hd__dlymetal6s2s_1" at bad file path /home/ali11-2000/FYP/mpw/UETRV-ECORE/openlane/Core/runs/Core/results/finishing/sky130_fd_sc_hd__dlymetal6s2s_1.mag.
The cell exists in the search paths at /home/ali11-2000/FYP/mpw/pdks/sky130A/libs.ref/sky130_fd_sc_hd/maglef/sky130_fd_sc_hd__dlymetal6s2s_1.mag.
The discovered version will be used.
Warning:  Parent cell lists instance of "sky130_fd_sc_hd__nor2_1" at bad file path /home/ali11-2000/FYP/mpw/UETRV-ECORE/openlane/Core/runs/Core/results/finishing/sky130_fd_sc_hd__nor2_1.mag.
The cell exists in the search paths at /home/ali11-2000/FYP/mpw/pdks/sky130A/libs.ref/sky130_fd_sc_hd/maglef/sky130_fd_sc_hd__nor2_1.mag.
The discovered version will be used.
Warning:  Parent cell lists instance of "sky130_fd_sc_hd__a21oi_4" at bad file path /home/ali11-2000/FYP/mpw/UETRV-ECORE/openlane/Core/runs/Core/results/finishing/sky130_fd_sc_hd__a21oi_4.mag.
The cell exists in the search paths at /home/ali11-2000/FYP/mpw/pdks/sky130A/libs.ref/sky130_fd_sc_hd/maglef/sky130_fd_sc_hd__a21oi_4.mag.
The discovered version will be used.
Warning:  Parent cell lists instance of "sky130_fd_sc_hd__o21ai_1" at bad file path /home/ali11-2000/FYP/mpw/UETRV-ECORE/openlane/Core/runs/Core/results/finishing/sky130_fd_sc_hd__o21ai_1.mag.
The cell exists in the search paths at /home/ali11-2000/FYP/mpw/pdks/sky130A/libs.ref/sky130_fd_sc_hd/maglef/sky130_fd_sc_hd__o21ai_1.mag.
The discovered version will be used.
Warning:  Parent cell lists instance of "sky130_fd_sc_hd__inv_2" at bad file path /home/ali11-2000/FYP/mpw/UETRV-ECORE/openlane/Core/runs/Core/results/finishing/sky130_fd_sc_hd__inv_2.mag.
The cell exists in the search paths at /home/ali11-2000/FYP/mpw/pdks/sky130A/libs.ref/sky130_fd_sc_hd/maglef/sky130_fd_sc_hd__inv_2.mag.
The discovered version will be used.
Warning:  Parent cell lists instance of "sky130_fd_sc_hd__o211a_1" at bad file path /home/ali11-2000/FYP/mpw/UETRV-ECORE/openlane/Core/runs/Core/results/finishing/sky130_fd_sc_hd__o211a_1.mag.
The cell exists in the search paths at /home/ali11-2000/FYP/mpw/pdks/sky130A/libs.ref/sky130_fd_sc_hd/maglef/sky130_fd_sc_hd__o211a_1.mag.
The discovered version will be used.
Warning:  Parent cell lists instance of "sky130_fd_sc_hd__and2b_1" at bad file path /home/ali11-2000/FYP/mpw/UETRV-ECORE/openlane/Core/runs/Core/results/finishing/sky130_fd_sc_hd__and2b_1.mag.
The cell exists in the search paths at /home/ali11-2000/FYP/mpw/pdks/sky130A/libs.ref/sky130_fd_sc_hd/maglef/sky130_fd_sc_hd__and2b_1.mag.
The discovered version will be used.
Warning:  Parent cell lists instance of "sky130_fd_sc_hd__xor2_4" at bad file path /home/ali11-2000/FYP/mpw/UETRV-ECORE/openlane/Core/runs/Core/results/finishing/sky130_fd_sc_hd__xor2_4.mag.
The cell exists in the search paths at /home/ali11-2000/FYP/mpw/pdks/sky130A/libs.ref/sky130_fd_sc_hd/maglef/sky130_fd_sc_hd__xor2_4.mag.
The discovered version will be used.
Warning:  Parent cell lists instance of "sky130_fd_sc_hd__clkbuf_16" at bad file path /home/ali11-2000/FYP/mpw/UETRV-ECORE/openlane/Core/runs/Core/results/finishing/sky130_fd_sc_hd__clkbuf_16.mag.
The cell exists in the search paths at /home/ali11-2000/FYP/mpw/pdks/sky130A/libs.ref/sky130_fd_sc_hd/maglef/sky130_fd_sc_hd__clkbuf_16.mag.
The discovered version will be used.
Warning:  Parent cell lists instance of "sky130_fd_sc_hd__o21ba_1" at bad file path /home/ali11-2000/FYP/mpw/UETRV-ECORE/openlane/Core/runs/Core/results/finishing/sky130_fd_sc_hd__o21ba_1.mag.
The cell exists in the search paths at /home/ali11-2000/FYP/mpw/pdks/sky130A/libs.ref/sky130_fd_sc_hd/maglef/sky130_fd_sc_hd__o21ba_1.mag.
The discovered version will be used.
Warning:  Parent cell lists instance of "sky130_fd_sc_hd__or2_1" at bad file path /home/ali11-2000/FYP/mpw/UETRV-ECORE/openlane/Core/runs/Core/results/finishing/sky130_fd_sc_hd__or2_1.mag.
The cell exists in the search paths at /home/ali11-2000/FYP/mpw/pdks/sky130A/libs.ref/sky130_fd_sc_hd/maglef/sky130_fd_sc_hd__or2_1.mag.
The discovered version will be used.
Warning:  Parent cell lists instance of "sky130_fd_sc_hd__a211o_1" at bad file path /home/ali11-2000/FYP/mpw/UETRV-ECORE/openlane/Core/runs/Core/results/finishing/sky130_fd_sc_hd__a211o_1.mag.
The cell exists in the search paths at /home/ali11-2000/FYP/mpw/pdks/sky130A/libs.ref/sky130_fd_sc_hd/maglef/sky130_fd_sc_hd__a211o_1.mag.
The discovered version will be used.
Warning:  Parent cell lists instance of "sky130_fd_sc_hd__clkbuf_2" at bad file path /home/ali11-2000/FYP/mpw/UETRV-ECORE/openlane/Core/runs/Core/results/finishing/sky130_fd_sc_hd__clkbuf_2.mag.
The cell exists in the search paths at /home/ali11-2000/FYP/mpw/pdks/sky130A/libs.ref/sky130_fd_sc_hd/maglef/sky130_fd_sc_hd__clkbuf_2.mag.
The discovered version will be used.
Warning:  Parent cell lists instance of "sky130_fd_sc_hd__o21a_1" at bad file path /home/ali11-2000/FYP/mpw/UETRV-ECORE/openlane/Core/runs/Core/results/finishing/sky130_fd_sc_hd__o21a_1.mag.
The cell exists in the search paths at /home/ali11-2000/FYP/mpw/pdks/sky130A/libs.ref/sky130_fd_sc_hd/maglef/sky130_fd_sc_hd__o21a_1.mag.
The discovered version will be used.
Warning:  Parent cell lists instance of "sky130_fd_sc_hd__or3_1" at bad file path /home/ali11-2000/FYP/mpw/UETRV-ECORE/openlane/Core/runs/Core/results/finishing/sky130_fd_sc_hd__or3_1.mag.
The cell exists in the search paths at /home/ali11-2000/FYP/mpw/pdks/sky130A/libs.ref/sky130_fd_sc_hd/maglef/sky130_fd_sc_hd__or3_1.mag.
The discovered version will be used.
Warning:  Parent cell lists instance of "sky130_fd_sc_hd__a21oi_1" at bad file path /home/ali11-2000/FYP/mpw/UETRV-ECORE/openlane/Core/runs/Core/results/finishing/sky130_fd_sc_hd__a21oi_1.mag.
The cell exists in the search paths at /home/ali11-2000/FYP/mpw/pdks/sky130A/libs.ref/sky130_fd_sc_hd/maglef/sky130_fd_sc_hd__a21oi_1.mag.
The discovered version will be used.
Warning:  Parent cell lists instance of "sky130_fd_sc_hd__and3_1" at bad file path /home/ali11-2000/FYP/mpw/UETRV-ECORE/openlane/Core/runs/Core/results/finishing/sky130_fd_sc_hd__and3_1.mag.
The cell exists in the search paths at /home/ali11-2000/FYP/mpw/pdks/sky130A/libs.ref/sky130_fd_sc_hd/maglef/sky130_fd_sc_hd__and3_1.mag.
The discovered version will be used.
Warning:  Parent cell lists instance of "sky130_fd_sc_hd__mux4_2" at bad file path /home/ali11-2000/FYP/mpw/UETRV-ECORE/openlane/Core/runs/Core/results/finishing/sky130_fd_sc_hd__mux4_2.mag.
The cell exists in the search paths at /home/ali11-2000/FYP/mpw/pdks/sky130A/libs.ref/sky130_fd_sc_hd/maglef/sky130_fd_sc_hd__mux4_2.mag.
The discovered version will be used.
Warning:  Parent cell lists instance of "sky130_fd_sc_hd__o21ai_2" at bad file path /home/ali11-2000/FYP/mpw/UETRV-ECORE/openlane/Core/runs/Core/results/finishing/sky130_fd_sc_hd__o21ai_2.mag.
The cell exists in the search paths at /home/ali11-2000/FYP/mpw/pdks/sky130A/libs.ref/sky130_fd_sc_hd/maglef/sky130_fd_sc_hd__o21ai_2.mag.
The discovered version will be used.
Warning:  Parent cell lists instance of "sky130_fd_sc_hd__buf_4" at bad file path /home/ali11-2000/FYP/mpw/UETRV-ECORE/openlane/Core/runs/Core/results/finishing/sky130_fd_sc_hd__buf_4.mag.
The cell exists in the search paths at /home/ali11-2000/FYP/mpw/pdks/sky130A/libs.ref/sky130_fd_sc_hd/maglef/sky130_fd_sc_hd__buf_4.mag.
The discovered version will be used.
Warning:  Parent cell lists instance of "sky130_fd_sc_hd__mux4_1" at bad file path /home/ali11-2000/FYP/mpw/UETRV-ECORE/openlane/Core/runs/Core/results/finishing/sky130_fd_sc_hd__mux4_1.mag.
The cell exists in the search paths at /home/ali11-2000/FYP/mpw/pdks/sky130A/libs.ref/sky130_fd_sc_hd/maglef/sky130_fd_sc_hd__mux4_1.mag.
The discovered version will be used.
Warning:  Parent cell lists instance of "sky130_fd_sc_hd__a21o_1" at bad file path /home/ali11-2000/FYP/mpw/UETRV-ECORE/openlane/Core/runs/Core/results/finishing/sky130_fd_sc_hd__a21o_1.mag.
The cell exists in the search paths at /home/ali11-2000/FYP/mpw/pdks/sky130A/libs.ref/sky130_fd_sc_hd/maglef/sky130_fd_sc_hd__a21o_1.mag.
The discovered version will be used.
Warning:  Parent cell lists instance of "sky130_fd_sc_hd__and2_1" at bad file path /home/ali11-2000/FYP/mpw/UETRV-ECORE/openlane/Core/runs/Core/results/finishing/sky130_fd_sc_hd__and2_1.mag.
The cell exists in the search paths at /home/ali11-2000/FYP/mpw/pdks/sky130A/libs.ref/sky130_fd_sc_hd/maglef/sky130_fd_sc_hd__and2_1.mag.
The discovered version will be used.
Warning:  Parent cell lists instance of "sky130_fd_sc_hd__xnor2_2" at bad file path /home/ali11-2000/FYP/mpw/UETRV-ECORE/openlane/Core/runs/Core/results/finishing/sky130_fd_sc_hd__xnor2_2.mag.
The cell exists in the search paths at /home/ali11-2000/FYP/mpw/pdks/sky130A/libs.ref/sky130_fd_sc_hd/maglef/sky130_fd_sc_hd__xnor2_2.mag.
The discovered version will be used.
Warning:  Parent cell lists instance of "sky130_fd_sc_hd__a2bb2o_1" at bad file path /home/ali11-2000/FYP/mpw/UETRV-ECORE/openlane/Core/runs/Core/results/finishing/sky130_fd_sc_hd__a2bb2o_1.mag.
The cell exists in the search paths at /home/ali11-2000/FYP/mpw/pdks/sky130A/libs.ref/sky130_fd_sc_hd/maglef/sky130_fd_sc_hd__a2bb2o_1.mag.
The discovered version will be used.
Warning:  Parent cell lists instance of "sky130_fd_sc_hd__a21o_2" at bad file path /home/ali11-2000/FYP/mpw/UETRV-ECORE/openlane/Core/runs/Core/results/finishing/sky130_fd_sc_hd__a21o_2.mag.
The cell exists in the search paths at /home/ali11-2000/FYP/mpw/pdks/sky130A/libs.ref/sky130_fd_sc_hd/maglef/sky130_fd_sc_hd__a21o_2.mag.
The discovered version will be used.
Warning:  Parent cell lists instance of "sky130_fd_sc_hd__clkinv_4" at bad file path /home/ali11-2000/FYP/mpw/UETRV-ECORE/openlane/Core/runs/Core/results/finishing/sky130_fd_sc_hd__clkinv_4.mag.
The cell exists in the search paths at /home/ali11-2000/FYP/mpw/pdks/sky130A/libs.ref/sky130_fd_sc_hd/maglef/sky130_fd_sc_hd__clkinv_4.mag.
The discovered version will be used.
Warning:  Parent cell lists instance of "sky130_fd_sc_hd__nor2_2" at bad file path /home/ali11-2000/FYP/mpw/UETRV-ECORE/openlane/Core/runs/Core/results/finishing/sky130_fd_sc_hd__nor2_2.mag.
The cell exists in the search paths at /home/ali11-2000/FYP/mpw/pdks/sky130A/libs.ref/sky130_fd_sc_hd/maglef/sky130_fd_sc_hd__nor2_2.mag.
The discovered version will be used.
Warning:  Parent cell lists instance of "sky130_fd_sc_hd__mux2_2" at bad file path /home/ali11-2000/FYP/mpw/UETRV-ECORE/openlane/Core/runs/Core/results/finishing/sky130_fd_sc_hd__mux2_2.mag.
The cell exists in the search paths at /home/ali11-2000/FYP/mpw/pdks/sky130A/libs.ref/sky130_fd_sc_hd/maglef/sky130_fd_sc_hd__mux2_2.mag.
The discovered version will be used.
Warning:  Parent cell lists instance of "sky130_fd_sc_hd__or2b_1" at bad file path /home/ali11-2000/FYP/mpw/UETRV-ECORE/openlane/Core/runs/Core/results/finishing/sky130_fd_sc_hd__or2b_1.mag.
The cell exists in the search paths at /home/ali11-2000/FYP/mpw/pdks/sky130A/libs.ref/sky130_fd_sc_hd/maglef/sky130_fd_sc_hd__or2b_1.mag.
The discovered version will be used.
Warning:  Parent cell lists instance of "sky130_fd_sc_hd__and4b_1" at bad file path /home/ali11-2000/FYP/mpw/UETRV-ECORE/openlane/Core/runs/Core/results/finishing/sky130_fd_sc_hd__and4b_1.mag.
The cell exists in the search paths at /home/ali11-2000/FYP/mpw/pdks/sky130A/libs.ref/sky130_fd_sc_hd/maglef/sky130_fd_sc_hd__and4b_1.mag.
The discovered version will be used.
Warning:  Parent cell lists instance of "sky130_fd_sc_hd__a221o_2" at bad file path /home/ali11-2000/FYP/mpw/UETRV-ECORE/openlane/Core/runs/Core/results/finishing/sky130_fd_sc_hd__a221o_2.mag.
The cell exists in the search paths at /home/ali11-2000/FYP/mpw/pdks/sky130A/libs.ref/sky130_fd_sc_hd/maglef/sky130_fd_sc_hd__a221o_2.mag.
The discovered version will be used.
Warning:  Parent cell lists instance of "sky130_fd_sc_hd__or2_2" at bad file path /home/ali11-2000/FYP/mpw/UETRV-ECORE/openlane/Core/runs/Core/results/finishing/sky130_fd_sc_hd__or2_2.mag.
The cell exists in the search paths at /home/ali11-2000/FYP/mpw/pdks/sky130A/libs.ref/sky130_fd_sc_hd/maglef/sky130_fd_sc_hd__or2_2.mag.
The discovered version will be used.
Warning:  Parent cell lists instance of "sky130_fd_sc_hd__a31o_1" at bad file path /home/ali11-2000/FYP/mpw/UETRV-ECORE/openlane/Core/runs/Core/results/finishing/sky130_fd_sc_hd__a31o_1.mag.
The cell exists in the search paths at /home/ali11-2000/FYP/mpw/pdks/sky130A/libs.ref/sky130_fd_sc_hd/maglef/sky130_fd_sc_hd__a31o_1.mag.
The discovered version will be used.
Warning:  Parent cell lists instance of "sky130_fd_sc_hd__a21bo_1" at bad file path /home/ali11-2000/FYP/mpw/UETRV-ECORE/openlane/Core/runs/Core/results/finishing/sky130_fd_sc_hd__a21bo_1.mag.
The cell exists in the search paths at /home/ali11-2000/FYP/mpw/pdks/sky130A/libs.ref/sky130_fd_sc_hd/maglef/sky130_fd_sc_hd__a21bo_1.mag.
The discovered version will be used.
Warning:  Parent cell lists instance of "sky130_fd_sc_hd__xnor2_1" at bad file path /home/ali11-2000/FYP/mpw/UETRV-ECORE/openlane/Core/runs/Core/results/finishing/sky130_fd_sc_hd__xnor2_1.mag.
The cell exists in the search paths at /home/ali11-2000/FYP/mpw/pdks/sky130A/libs.ref/sky130_fd_sc_hd/maglef/sky130_fd_sc_hd__xnor2_1.mag.
The discovered version will be used.
Warning:  Parent cell lists instance of "sky130_fd_sc_hd__and2_2" at bad file path /home/ali11-2000/FYP/mpw/UETRV-ECORE/openlane/Core/runs/Core/results/finishing/sky130_fd_sc_hd__and2_2.mag.
The cell exists in the search paths at /home/ali11-2000/FYP/mpw/pdks/sky130A/libs.ref/sky130_fd_sc_hd/maglef/sky130_fd_sc_hd__and2_2.mag.
The discovered version will be used.
Warning:  Parent cell lists instance of "sky130_fd_sc_hd__a21boi_1" at bad file path /home/ali11-2000/FYP/mpw/UETRV-ECORE/openlane/Core/runs/Core/results/finishing/sky130_fd_sc_hd__a21boi_1.mag.
The cell exists in the search paths at /home/ali11-2000/FYP/mpw/pdks/sky130A/libs.ref/sky130_fd_sc_hd/maglef/sky130_fd_sc_hd__a21boi_1.mag.
The discovered version will be used.
Warning:  Parent cell lists instance of "sky130_fd_sc_hd__a22o_1" at bad file path /home/ali11-2000/FYP/mpw/UETRV-ECORE/openlane/Core/runs/Core/results/finishing/sky130_fd_sc_hd__a22o_1.mag.
The cell exists in the search paths at /home/ali11-2000/FYP/mpw/pdks/sky130A/libs.ref/sky130_fd_sc_hd/maglef/sky130_fd_sc_hd__a22o_1.mag.
The discovered version will be used.
Warning:  Parent cell lists instance of "sky130_fd_sc_hd__a311o_1" at bad file path /home/ali11-2000/FYP/mpw/UETRV-ECORE/openlane/Core/runs/Core/results/finishing/sky130_fd_sc_hd__a311o_1.mag.
The cell exists in the search paths at /home/ali11-2000/FYP/mpw/pdks/sky130A/libs.ref/sky130_fd_sc_hd/maglef/sky130_fd_sc_hd__a311o_1.mag.
The discovered version will be used.
Warning:  Parent cell lists instance of "sky130_fd_sc_hd__o2111a_1" at bad file path /home/ali11-2000/FYP/mpw/UETRV-ECORE/openlane/Core/runs/Core/results/finishing/sky130_fd_sc_hd__o2111a_1.mag.
The cell exists in the search paths at /home/ali11-2000/FYP/mpw/pdks/sky130A/libs.ref/sky130_fd_sc_hd/maglef/sky130_fd_sc_hd__o2111a_1.mag.
The discovered version will be used.
Warning:  Parent cell lists instance of "sky130_fd_sc_hd__a311o_2" at bad file path /home/ali11-2000/FYP/mpw/UETRV-ECORE/openlane/Core/runs/Core/results/finishing/sky130_fd_sc_hd__a311o_2.mag.
The cell exists in the search paths at /home/ali11-2000/FYP/mpw/pdks/sky130A/libs.ref/sky130_fd_sc_hd/maglef/sky130_fd_sc_hd__a311o_2.mag.
The discovered version will be used.
Warning:  Parent cell lists instance of "sky130_fd_sc_hd__a211oi_2" at bad file path /home/ali11-2000/FYP/mpw/UETRV-ECORE/openlane/Core/runs/Core/results/finishing/sky130_fd_sc_hd__a211oi_2.mag.
The cell exists in the search paths at /home/ali11-2000/FYP/mpw/pdks/sky130A/libs.ref/sky130_fd_sc_hd/maglef/sky130_fd_sc_hd__a211oi_2.mag.
The discovered version will be used.
Warning:  Parent cell lists instance of "sky130_fd_sc_hd__nand4_4" at bad file path /home/ali11-2000/FYP/mpw/UETRV-ECORE/openlane/Core/runs/Core/results/finishing/sky130_fd_sc_hd__nand4_4.mag.
The cell exists in the search paths at /home/ali11-2000/FYP/mpw/pdks/sky130A/libs.ref/sky130_fd_sc_hd/maglef/sky130_fd_sc_hd__nand4_4.mag.
The discovered version will be used.
Warning:  Parent cell lists instance of "sky130_fd_sc_hd__a31o_4" at bad file path /home/ali11-2000/FYP/mpw/UETRV-ECORE/openlane/Core/runs/Core/results/finishing/sky130_fd_sc_hd__a31o_4.mag.
The cell exists in the search paths at /home/ali11-2000/FYP/mpw/pdks/sky130A/libs.ref/sky130_fd_sc_hd/maglef/sky130_fd_sc_hd__a31o_4.mag.
The discovered version will be used.
Warning:  Parent cell lists instance of "sky130_fd_sc_hd__clkbuf_8" at bad file path /home/ali11-2000/FYP/mpw/UETRV-ECORE/openlane/Core/runs/Core/results/finishing/sky130_fd_sc_hd__clkbuf_8.mag.
The cell exists in the search paths at /home/ali11-2000/FYP/mpw/pdks/sky130A/libs.ref/sky130_fd_sc_hd/maglef/sky130_fd_sc_hd__clkbuf_8.mag.
The discovered version will be used.
Warning:  Parent cell lists instance of "sky130_fd_sc_hd__a21boi_2" at bad file path /home/ali11-2000/FYP/mpw/UETRV-ECORE/openlane/Core/runs/Core/results/finishing/sky130_fd_sc_hd__a21boi_2.mag.
The cell exists in the search paths at /home/ali11-2000/FYP/mpw/pdks/sky130A/libs.ref/sky130_fd_sc_hd/maglef/sky130_fd_sc_hd__a21boi_2.mag.
The discovered version will be used.
Warning:  Parent cell lists instance of "sky130_fd_sc_hd__o211ai_4" at bad file path /home/ali11-2000/FYP/mpw/UETRV-ECORE/openlane/Core/runs/Core/results/finishing/sky130_fd_sc_hd__o211ai_4.mag.
The cell exists in the search paths at /home/ali11-2000/FYP/mpw/pdks/sky130A/libs.ref/sky130_fd_sc_hd/maglef/sky130_fd_sc_hd__o211ai_4.mag.
The discovered version will be used.
Warning:  Parent cell lists instance of "sky130_fd_sc_hd__a211oi_1" at bad file path /home/ali11-2000/FYP/mpw/UETRV-ECORE/openlane/Core/runs/Core/results/finishing/sky130_fd_sc_hd__a211oi_1.mag.
The cell exists in the search paths at /home/ali11-2000/FYP/mpw/pdks/sky130A/libs.ref/sky130_fd_sc_hd/maglef/sky130_fd_sc_hd__a211oi_1.mag.
The discovered version will be used.
Warning:  Parent cell lists instance of "sky130_fd_sc_hd__o22a_1" at bad file path /home/ali11-2000/FYP/mpw/UETRV-ECORE/openlane/Core/runs/Core/results/finishing/sky130_fd_sc_hd__o22a_1.mag.
The cell exists in the search paths at /home/ali11-2000/FYP/mpw/pdks/sky130A/libs.ref/sky130_fd_sc_hd/maglef/sky130_fd_sc_hd__o22a_1.mag.
The discovered version will be used.
Warning:  Parent cell lists instance of "sky130_fd_sc_hd__o221a_1" at bad file path /home/ali11-2000/FYP/mpw/UETRV-ECORE/openlane/Core/runs/Core/results/finishing/sky130_fd_sc_hd__o221a_1.mag.
The cell exists in the search paths at /home/ali11-2000/FYP/mpw/pdks/sky130A/libs.ref/sky130_fd_sc_hd/maglef/sky130_fd_sc_hd__o221a_1.mag.
The discovered version will be used.
Warning:  Parent cell lists instance of "sky130_fd_sc_hd__nor3_1" at bad file path /home/ali11-2000/FYP/mpw/UETRV-ECORE/openlane/Core/runs/Core/results/finishing/sky130_fd_sc_hd__nor3_1.mag.
The cell exists in the search paths at /home/ali11-2000/FYP/mpw/pdks/sky130A/libs.ref/sky130_fd_sc_hd/maglef/sky130_fd_sc_hd__nor3_1.mag.
The discovered version will be used.
Warning:  Parent cell lists instance of "sky130_fd_sc_hd__o31a_1" at bad file path /home/ali11-2000/FYP/mpw/UETRV-ECORE/openlane/Core/runs/Core/results/finishing/sky130_fd_sc_hd__o31a_1.mag.
The cell exists in the search paths at /home/ali11-2000/FYP/mpw/pdks/sky130A/libs.ref/sky130_fd_sc_hd/maglef/sky130_fd_sc_hd__o31a_1.mag.
The discovered version will be used.
Warning:  Parent cell lists instance of "sky130_fd_sc_hd__a221o_4" at bad file path /home/ali11-2000/FYP/mpw/UETRV-ECORE/openlane/Core/runs/Core/results/finishing/sky130_fd_sc_hd__a221o_4.mag.
The cell exists in the search paths at /home/ali11-2000/FYP/mpw/pdks/sky130A/libs.ref/sky130_fd_sc_hd/maglef/sky130_fd_sc_hd__a221o_4.mag.
The discovered version will be used.
Warning:  Parent cell lists instance of "sky130_fd_sc_hd__a311o_4" at bad file path /home/ali11-2000/FYP/mpw/UETRV-ECORE/openlane/Core/runs/Core/results/finishing/sky130_fd_sc_hd__a311o_4.mag.
The cell exists in the search paths at /home/ali11-2000/FYP/mpw/pdks/sky130A/libs.ref/sky130_fd_sc_hd/maglef/sky130_fd_sc_hd__a311o_4.mag.
The discovered version will be used.
Warning:  Parent cell lists instance of "sky130_fd_sc_hd__nor2_4" at bad file path /home/ali11-2000/FYP/mpw/UETRV-ECORE/openlane/Core/runs/Core/results/finishing/sky130_fd_sc_hd__nor2_4.mag.
The cell exists in the search paths at /home/ali11-2000/FYP/mpw/pdks/sky130A/libs.ref/sky130_fd_sc_hd/maglef/sky130_fd_sc_hd__nor2_4.mag.
The discovered version will be used.
Warning:  Parent cell lists instance of "sky130_fd_sc_hd__a2bb2o_2" at bad file path /home/ali11-2000/FYP/mpw/UETRV-ECORE/openlane/Core/runs/Core/results/finishing/sky130_fd_sc_hd__a2bb2o_2.mag.
The cell exists in the search paths at /home/ali11-2000/FYP/mpw/pdks/sky130A/libs.ref/sky130_fd_sc_hd/maglef/sky130_fd_sc_hd__a2bb2o_2.mag.
The discovered version will be used.
Warning:  Parent cell lists instance of "sky130_fd_sc_hd__o221a_2" at bad file path /home/ali11-2000/FYP/mpw/UETRV-ECORE/openlane/Core/runs/Core/results/finishing/sky130_fd_sc_hd__o221a_2.mag.
The cell exists in the search paths at /home/ali11-2000/FYP/mpw/pdks/sky130A/libs.ref/sky130_fd_sc_hd/maglef/sky130_fd_sc_hd__o221a_2.mag.
The discovered version will be used.
Warning:  Parent cell lists instance of "sky130_fd_sc_hd__o32a_4" at bad file path /home/ali11-2000/FYP/mpw/UETRV-ECORE/openlane/Core/runs/Core/results/finishing/sky130_fd_sc_hd__o32a_4.mag.
The cell exists in the search paths at /home/ali11-2000/FYP/mpw/pdks/sky130A/libs.ref/sky130_fd_sc_hd/maglef/sky130_fd_sc_hd__o32a_4.mag.
The discovered version will be used.
Warning:  Parent cell lists instance of "sky130_fd_sc_hd__o32ai_4" at bad file path /home/ali11-2000/FYP/mpw/UETRV-ECORE/openlane/Core/runs/Core/results/finishing/sky130_fd_sc_hd__o32ai_4.mag.
The cell exists in the search paths at /home/ali11-2000/FYP/mpw/pdks/sky130A/libs.ref/sky130_fd_sc_hd/maglef/sky130_fd_sc_hd__o32ai_4.mag.
The discovered version will be used.
Warning:  Parent cell lists instance of "sky130_fd_sc_hd__and3b_1" at bad file path /home/ali11-2000/FYP/mpw/UETRV-ECORE/openlane/Core/runs/Core/results/finishing/sky130_fd_sc_hd__and3b_1.mag.
The cell exists in the search paths at /home/ali11-2000/FYP/mpw/pdks/sky130A/libs.ref/sky130_fd_sc_hd/maglef/sky130_fd_sc_hd__and3b_1.mag.
The discovered version will be used.
Warning:  Parent cell lists instance of "sky130_fd_sc_hd__o32a_1" at bad file path /home/ali11-2000/FYP/mpw/UETRV-ECORE/openlane/Core/runs/Core/results/finishing/sky130_fd_sc_hd__o32a_1.mag.
The cell exists in the search paths at /home/ali11-2000/FYP/mpw/pdks/sky130A/libs.ref/sky130_fd_sc_hd/maglef/sky130_fd_sc_hd__o32a_1.mag.
The discovered version will be used.
Warning:  Parent cell lists instance of "sky130_fd_sc_hd__o311a_1" at bad file path /home/ali11-2000/FYP/mpw/UETRV-ECORE/openlane/Core/runs/Core/results/finishing/sky130_fd_sc_hd__o311a_1.mag.
The cell exists in the search paths at /home/ali11-2000/FYP/mpw/pdks/sky130A/libs.ref/sky130_fd_sc_hd/maglef/sky130_fd_sc_hd__o311a_1.mag.
The discovered version will be used.
Warning:  Parent cell lists instance of "sky130_fd_sc_hd__o311a_2" at bad file path /home/ali11-2000/FYP/mpw/UETRV-ECORE/openlane/Core/runs/Core/results/finishing/sky130_fd_sc_hd__o311a_2.mag.
The cell exists in the search paths at /home/ali11-2000/FYP/mpw/pdks/sky130A/libs.ref/sky130_fd_sc_hd/maglef/sky130_fd_sc_hd__o311a_2.mag.
The discovered version will be used.
Warning:  Parent cell lists instance of "sky130_fd_sc_hd__or3_2" at bad file path /home/ali11-2000/FYP/mpw/UETRV-ECORE/openlane/Core/runs/Core/results/finishing/sky130_fd_sc_hd__or3_2.mag.
The cell exists in the search paths at /home/ali11-2000/FYP/mpw/pdks/sky130A/libs.ref/sky130_fd_sc_hd/maglef/sky130_fd_sc_hd__or3_2.mag.
The discovered version will be used.
Warning:  Parent cell lists instance of "sky130_fd_sc_hd__o221a_4" at bad file path /home/ali11-2000/FYP/mpw/UETRV-ECORE/openlane/Core/runs/Core/results/finishing/sky130_fd_sc_hd__o221a_4.mag.
The cell exists in the search paths at /home/ali11-2000/FYP/mpw/pdks/sky130A/libs.ref/sky130_fd_sc_hd/maglef/sky130_fd_sc_hd__o221a_4.mag.
The discovered version will be used.
Warning:  Parent cell lists instance of "sky130_fd_sc_hd__a22o_2" at bad file path /home/ali11-2000/FYP/mpw/UETRV-ECORE/openlane/Core/runs/Core/results/finishing/sky130_fd_sc_hd__a22o_2.mag.
The cell exists in the search paths at /home/ali11-2000/FYP/mpw/pdks/sky130A/libs.ref/sky130_fd_sc_hd/maglef/sky130_fd_sc_hd__a22o_2.mag.
The discovered version will be used.
Warning:  Parent cell lists instance of "sky130_fd_sc_hd__or3b_2" at bad file path /home/ali11-2000/FYP/mpw/UETRV-ECORE/openlane/Core/runs/Core/results/finishing/sky130_fd_sc_hd__or3b_2.mag.
The cell exists in the search paths at /home/ali11-2000/FYP/mpw/pdks/sky130A/libs.ref/sky130_fd_sc_hd/maglef/sky130_fd_sc_hd__or3b_2.mag.
The discovered version will be used.
Warning:  Parent cell lists instance of "sky130_fd_sc_hd__nand2_2" at bad file path /home/ali11-2000/FYP/mpw/UETRV-ECORE/openlane/Core/runs/Core/results/finishing/sky130_fd_sc_hd__nand2_2.mag.
The cell exists in the search paths at /home/ali11-2000/FYP/mpw/pdks/sky130A/libs.ref/sky130_fd_sc_hd/maglef/sky130_fd_sc_hd__nand2_2.mag.
The discovered version will be used.
Warning:  Parent cell lists instance of "sky130_fd_sc_hd__a32o_1" at bad file path /home/ali11-2000/FYP/mpw/UETRV-ECORE/openlane/Core/runs/Core/results/finishing/sky130_fd_sc_hd__a32o_1.mag.
The cell exists in the search paths at /home/ali11-2000/FYP/mpw/pdks/sky130A/libs.ref/sky130_fd_sc_hd/maglef/sky130_fd_sc_hd__a32o_1.mag.
The discovered version will be used.
Warning:  Parent cell lists instance of "sky130_fd_sc_hd__nor3b_1" at bad file path /home/ali11-2000/FYP/mpw/UETRV-ECORE/openlane/Core/runs/Core/results/finishing/sky130_fd_sc_hd__nor3b_1.mag.
The cell exists in the search paths at /home/ali11-2000/FYP/mpw/pdks/sky130A/libs.ref/sky130_fd_sc_hd/maglef/sky130_fd_sc_hd__nor3b_1.mag.
The discovered version will be used.
Warning:  Parent cell lists instance of "sky130_fd_sc_hd__a41o_1" at bad file path /home/ali11-2000/FYP/mpw/UETRV-ECORE/openlane/Core/runs/Core/results/finishing/sky130_fd_sc_hd__a41o_1.mag.
The cell exists in the search paths at /home/ali11-2000/FYP/mpw/pdks/sky130A/libs.ref/sky130_fd_sc_hd/maglef/sky130_fd_sc_hd__a41o_1.mag.
The discovered version will be used.
Warning:  Parent cell lists instance of "sky130_fd_sc_hd__or3b_1" at bad file path /home/ali11-2000/FYP/mpw/UETRV-ECORE/openlane/Core/runs/Core/results/finishing/sky130_fd_sc_hd__or3b_1.mag.
The cell exists in the search paths at /home/ali11-2000/FYP/mpw/pdks/sky130A/libs.ref/sky130_fd_sc_hd/maglef/sky130_fd_sc_hd__or3b_1.mag.
The discovered version will be used.
Warning:  Parent cell lists instance of "sky130_fd_sc_hd__dfxtp_4" at bad file path /home/ali11-2000/FYP/mpw/UETRV-ECORE/openlane/Core/runs/Core/results/finishing/sky130_fd_sc_hd__dfxtp_4.mag.
The cell exists in the search paths at /home/ali11-2000/FYP/mpw/pdks/sky130A/libs.ref/sky130_fd_sc_hd/maglef/sky130_fd_sc_hd__dfxtp_4.mag.
The discovered version will be used.
Warning:  Parent cell lists instance of "sky130_fd_sc_hd__dfxtp_2" at bad file path /home/ali11-2000/FYP/mpw/UETRV-ECORE/openlane/Core/runs/Core/results/finishing/sky130_fd_sc_hd__dfxtp_2.mag.
The cell exists in the search paths at /home/ali11-2000/FYP/mpw/pdks/sky130A/libs.ref/sky130_fd_sc_hd/maglef/sky130_fd_sc_hd__dfxtp_2.mag.
The discovered version will be used.
Warning:  Parent cell lists instance of "sky130_fd_sc_hd__or3_4" at bad file path /home/ali11-2000/FYP/mpw/UETRV-ECORE/openlane/Core/runs/Core/results/finishing/sky130_fd_sc_hd__or3_4.mag.
The cell exists in the search paths at /home/ali11-2000/FYP/mpw/pdks/sky130A/libs.ref/sky130_fd_sc_hd/maglef/sky130_fd_sc_hd__or3_4.mag.
The discovered version will be used.
Warning:  Parent cell lists instance of "sky130_fd_sc_hd__xor2_2" at bad file path /home/ali11-2000/FYP/mpw/UETRV-ECORE/openlane/Core/runs/Core/results/finishing/sky130_fd_sc_hd__xor2_2.mag.
The cell exists in the search paths at /home/ali11-2000/FYP/mpw/pdks/sky130A/libs.ref/sky130_fd_sc_hd/maglef/sky130_fd_sc_hd__xor2_2.mag.
The discovered version will be used.
Warning:  Parent cell lists instance of "sky130_fd_sc_hd__nand3_4" at bad file path /home/ali11-2000/FYP/mpw/UETRV-ECORE/openlane/Core/runs/Core/results/finishing/sky130_fd_sc_hd__nand3_4.mag.
The cell exists in the search paths at /home/ali11-2000/FYP/mpw/pdks/sky130A/libs.ref/sky130_fd_sc_hd/maglef/sky130_fd_sc_hd__nand3_4.mag.
The discovered version will be used.
Warning:  Parent cell lists instance of "sky130_fd_sc_hd__a32o_2" at bad file path /home/ali11-2000/FYP/mpw/UETRV-ECORE/openlane/Core/runs/Core/results/finishing/sky130_fd_sc_hd__a32o_2.mag.
The cell exists in the search paths at /home/ali11-2000/FYP/mpw/pdks/sky130A/libs.ref/sky130_fd_sc_hd/maglef/sky130_fd_sc_hd__a32o_2.mag.
The discovered version will be used.
Warning:  Parent cell lists instance of "sky130_fd_sc_hd__a32o_4" at bad file path /home/ali11-2000/FYP/mpw/UETRV-ECORE/openlane/Core/runs/Core/results/finishing/sky130_fd_sc_hd__a32o_4.mag.
The cell exists in the search paths at /home/ali11-2000/FYP/mpw/pdks/sky130A/libs.ref/sky130_fd_sc_hd/maglef/sky130_fd_sc_hd__a32o_4.mag.
The discovered version will be used.
Warning:  Parent cell lists instance of "sky130_fd_sc_hd__xor2_1" at bad file path /home/ali11-2000/FYP/mpw/UETRV-ECORE/openlane/Core/runs/Core/results/finishing/sky130_fd_sc_hd__xor2_1.mag.
The cell exists in the search paths at /home/ali11-2000/FYP/mpw/pdks/sky130A/libs.ref/sky130_fd_sc_hd/maglef/sky130_fd_sc_hd__xor2_1.mag.
The discovered version will be used.
Warning:  Parent cell lists instance of "sky130_fd_sc_hd__a221o_1" at bad file path /home/ali11-2000/FYP/mpw/UETRV-ECORE/openlane/Core/runs/Core/results/finishing/sky130_fd_sc_hd__a221o_1.mag.
The cell exists in the search paths at /home/ali11-2000/FYP/mpw/pdks/sky130A/libs.ref/sky130_fd_sc_hd/maglef/sky130_fd_sc_hd__a221o_1.mag.
The discovered version will be used.
Warning:  Parent cell lists instance of "sky130_fd_sc_hd__a31o_2" at bad file path /home/ali11-2000/FYP/mpw/UETRV-ECORE/openlane/Core/runs/Core/results/finishing/sky130_fd_sc_hd__a31o_2.mag.
The cell exists in the search paths at /home/ali11-2000/FYP/mpw/pdks/sky130A/libs.ref/sky130_fd_sc_hd/maglef/sky130_fd_sc_hd__a31o_2.mag.
The discovered version will be used.
Warning:  Parent cell lists instance of "sky130_fd_sc_hd__or4_2" at bad file path /home/ali11-2000/FYP/mpw/UETRV-ECORE/openlane/Core/runs/Core/results/finishing/sky130_fd_sc_hd__or4_2.mag.
The cell exists in the search paths at /home/ali11-2000/FYP/mpw/pdks/sky130A/libs.ref/sky130_fd_sc_hd/maglef/sky130_fd_sc_hd__or4_2.mag.
The discovered version will be used.
Warning:  Parent cell lists instance of "sky130_fd_sc_hd__o311a_4" at bad file path /home/ali11-2000/FYP/mpw/UETRV-ECORE/openlane/Core/runs/Core/results/finishing/sky130_fd_sc_hd__o311a_4.mag.
The cell exists in the search paths at /home/ali11-2000/FYP/mpw/pdks/sky130A/libs.ref/sky130_fd_sc_hd/maglef/sky130_fd_sc_hd__o311a_4.mag.
The discovered version will be used.
Warning:  Parent cell lists instance of "sky130_fd_sc_hd__o22ai_4" at bad file path /home/ali11-2000/FYP/mpw/UETRV-ECORE/openlane/Core/runs/Core/results/finishing/sky130_fd_sc_hd__o22ai_4.mag.
The cell exists in the search paths at /home/ali11-2000/FYP/mpw/pdks/sky130A/libs.ref/sky130_fd_sc_hd/maglef/sky130_fd_sc_hd__o22ai_4.mag.
The discovered version will be used.
Warning:  Parent cell lists instance of "sky130_fd_sc_hd__a22oi_2" at bad file path /home/ali11-2000/FYP/mpw/UETRV-ECORE/openlane/Core/runs/Core/results/finishing/sky130_fd_sc_hd__a22oi_2.mag.
The cell exists in the search paths at /home/ali11-2000/FYP/mpw/pdks/sky130A/libs.ref/sky130_fd_sc_hd/maglef/sky130_fd_sc_hd__a22oi_2.mag.
The discovered version will be used.
Warning:  Parent cell lists instance of "sky130_fd_sc_hd__o221ai_2" at bad file path /home/ali11-2000/FYP/mpw/UETRV-ECORE/openlane/Core/runs/Core/results/finishing/sky130_fd_sc_hd__o221ai_2.mag.
The cell exists in the search paths at /home/ali11-2000/FYP/mpw/pdks/sky130A/libs.ref/sky130_fd_sc_hd/maglef/sky130_fd_sc_hd__o221ai_2.mag.
The discovered version will be used.
Warning:  Parent cell lists instance of "sky130_fd_sc_hd__a32oi_2" at bad file path /home/ali11-2000/FYP/mpw/UETRV-ECORE/openlane/Core/runs/Core/results/finishing/sky130_fd_sc_hd__a32oi_2.mag.
The cell exists in the search paths at /home/ali11-2000/FYP/mpw/pdks/sky130A/libs.ref/sky130_fd_sc_hd/maglef/sky130_fd_sc_hd__a32oi_2.mag.
The discovered version will be used.
Warning:  Parent cell lists instance of "sky130_fd_sc_hd__o2bb2a_1" at bad file path /home/ali11-2000/FYP/mpw/UETRV-ECORE/openlane/Core/runs/Core/results/finishing/sky130_fd_sc_hd__o2bb2a_1.mag.
The cell exists in the search paths at /home/ali11-2000/FYP/mpw/pdks/sky130A/libs.ref/sky130_fd_sc_hd/maglef/sky130_fd_sc_hd__o2bb2a_1.mag.
The discovered version will be used.
Warning:  Parent cell lists instance of "sky130_fd_sc_hd__o22ai_2" at bad file path /home/ali11-2000/FYP/mpw/UETRV-ECORE/openlane/Core/runs/Core/results/finishing/sky130_fd_sc_hd__o22ai_2.mag.
The cell exists in the search paths at /home/ali11-2000/FYP/mpw/pdks/sky130A/libs.ref/sky130_fd_sc_hd/maglef/sky130_fd_sc_hd__o22ai_2.mag.
The discovered version will be used.
Warning:  Parent cell lists instance of "sky130_fd_sc_hd__o21bai_1" at bad file path /home/ali11-2000/FYP/mpw/UETRV-ECORE/openlane/Core/runs/Core/results/finishing/sky130_fd_sc_hd__o21bai_1.mag.
The cell exists in the search paths at /home/ali11-2000/FYP/mpw/pdks/sky130A/libs.ref/sky130_fd_sc_hd/maglef/sky130_fd_sc_hd__o21bai_1.mag.
The discovered version will be used.
Warning:  Parent cell lists instance of "sky130_fd_sc_hd__or4_1" at bad file path /home/ali11-2000/FYP/mpw/UETRV-ECORE/openlane/Core/runs/Core/results/finishing/sky130_fd_sc_hd__or4_1.mag.
The cell exists in the search paths at /home/ali11-2000/FYP/mpw/pdks/sky130A/libs.ref/sky130_fd_sc_hd/maglef/sky130_fd_sc_hd__or4_1.mag.
The discovered version will be used.
Warning:  Parent cell lists instance of "sky130_fd_sc_hd__o211a_2" at bad file path /home/ali11-2000/FYP/mpw/UETRV-ECORE/openlane/Core/runs/Core/results/finishing/sky130_fd_sc_hd__o211a_2.mag.
The cell exists in the search paths at /home/ali11-2000/FYP/mpw/pdks/sky130A/libs.ref/sky130_fd_sc_hd/maglef/sky130_fd_sc_hd__o211a_2.mag.
The discovered version will be used.
Warning:  Parent cell lists instance of "sky130_fd_sc_hd__o21a_4" at bad file path /home/ali11-2000/FYP/mpw/UETRV-ECORE/openlane/Core/runs/Core/results/finishing/sky130_fd_sc_hd__o21a_4.mag.
The cell exists in the search paths at /home/ali11-2000/FYP/mpw/pdks/sky130A/libs.ref/sky130_fd_sc_hd/maglef/sky130_fd_sc_hd__o21a_4.mag.
The discovered version will be used.
Warning:  Parent cell lists instance of "sky130_fd_sc_hd__o21a_2" at bad file path /home/ali11-2000/FYP/mpw/UETRV-ECORE/openlane/Core/runs/Core/results/finishing/sky130_fd_sc_hd__o21a_2.mag.
The cell exists in the search paths at /home/ali11-2000/FYP/mpw/pdks/sky130A/libs.ref/sky130_fd_sc_hd/maglef/sky130_fd_sc_hd__o21a_2.mag.
The discovered version will be used.
Warning:  Parent cell lists instance of "sky130_fd_sc_hd__and2_4" at bad file path /home/ali11-2000/FYP/mpw/UETRV-ECORE/openlane/Core/runs/Core/results/finishing/sky130_fd_sc_hd__and2_4.mag.
The cell exists in the search paths at /home/ali11-2000/FYP/mpw/pdks/sky130A/libs.ref/sky130_fd_sc_hd/maglef/sky130_fd_sc_hd__and2_4.mag.
The discovered version will be used.
Warning:  Parent cell lists instance of "sky130_fd_sc_hd__nand3_1" at bad file path /home/ali11-2000/FYP/mpw/UETRV-ECORE/openlane/Core/runs/Core/results/finishing/sky130_fd_sc_hd__nand3_1.mag.
The cell exists in the search paths at /home/ali11-2000/FYP/mpw/pdks/sky130A/libs.ref/sky130_fd_sc_hd/maglef/sky130_fd_sc_hd__nand3_1.mag.
The discovered version will be used.
Warning:  Parent cell lists instance of "sky130_fd_sc_hd__mux2_8" at bad file path /home/ali11-2000/FYP/mpw/UETRV-ECORE/openlane/Core/runs/Core/results/finishing/sky130_fd_sc_hd__mux2_8.mag.
The cell exists in the search paths at /home/ali11-2000/FYP/mpw/pdks/sky130A/libs.ref/sky130_fd_sc_hd/maglef/sky130_fd_sc_hd__mux2_8.mag.
The discovered version will be used.
Warning:  Parent cell lists instance of "sky130_fd_sc_hd__mux2_4" at bad file path /home/ali11-2000/FYP/mpw/UETRV-ECORE/openlane/Core/runs/Core/results/finishing/sky130_fd_sc_hd__mux2_4.mag.
The cell exists in the search paths at /home/ali11-2000/FYP/mpw/pdks/sky130A/libs.ref/sky130_fd_sc_hd/maglef/sky130_fd_sc_hd__mux2_4.mag.
The discovered version will be used.
Warning:  Parent cell lists instance of "sky130_fd_sc_hd__or4bb_1" at bad file path /home/ali11-2000/FYP/mpw/UETRV-ECORE/openlane/Core/runs/Core/results/finishing/sky130_fd_sc_hd__or4bb_1.mag.
The cell exists in the search paths at /home/ali11-2000/FYP/mpw/pdks/sky130A/libs.ref/sky130_fd_sc_hd/maglef/sky130_fd_sc_hd__or4bb_1.mag.
The discovered version will be used.
Warning:  Parent cell lists instance of "sky130_fd_sc_hd__o211a_4" at bad file path /home/ali11-2000/FYP/mpw/UETRV-ECORE/openlane/Core/runs/Core/results/finishing/sky130_fd_sc_hd__o211a_4.mag.
The cell exists in the search paths at /home/ali11-2000/FYP/mpw/pdks/sky130A/libs.ref/sky130_fd_sc_hd/maglef/sky130_fd_sc_hd__o211a_4.mag.
The discovered version will be used.
Warning:  Parent cell lists instance of "sky130_fd_sc_hd__nor4_1" at bad file path /home/ali11-2000/FYP/mpw/UETRV-ECORE/openlane/Core/runs/Core/results/finishing/sky130_fd_sc_hd__nor4_1.mag.
The cell exists in the search paths at /home/ali11-2000/FYP/mpw/pdks/sky130A/libs.ref/sky130_fd_sc_hd/maglef/sky130_fd_sc_hd__nor4_1.mag.
The discovered version will be used.
Warning:  Parent cell lists instance of "sky130_fd_sc_hd__a211o_2" at bad file path /home/ali11-2000/FYP/mpw/UETRV-ECORE/openlane/Core/runs/Core/results/finishing/sky130_fd_sc_hd__a211o_2.mag.
The cell exists in the search paths at /home/ali11-2000/FYP/mpw/pdks/sky130A/libs.ref/sky130_fd_sc_hd/maglef/sky130_fd_sc_hd__a211o_2.mag.
The discovered version will be used.
Warning:  Parent cell lists instance of "sky130_fd_sc_hd__a2111o_1" at bad file path /home/ali11-2000/FYP/mpw/UETRV-ECORE/openlane/Core/runs/Core/results/finishing/sky130_fd_sc_hd__a2111o_1.mag.
The cell exists in the search paths at /home/ali11-2000/FYP/mpw/pdks/sky130A/libs.ref/sky130_fd_sc_hd/maglef/sky130_fd_sc_hd__a2111o_1.mag.
The discovered version will be used.
Warning:  Parent cell lists instance of "sky130_fd_sc_hd__clkdlybuf4s25_1" at bad file path /home/ali11-2000/FYP/mpw/UETRV-ECORE/openlane/Core/runs/Core/results/finishing/sky130_fd_sc_hd__clkdlybuf4s25_1.mag.
The cell exists in the search paths at /home/ali11-2000/FYP/mpw/pdks/sky130A/libs.ref/sky130_fd_sc_hd/maglef/sky130_fd_sc_hd__clkdlybuf4s25_1.mag.
The discovered version will be used.
Warning:  Parent cell lists instance of "sky130_fd_sc_hd__nand2_4" at bad file path /home/ali11-2000/FYP/mpw/UETRV-ECORE/openlane/Core/runs/Core/results/finishing/sky130_fd_sc_hd__nand2_4.mag.
The cell exists in the search paths at /home/ali11-2000/FYP/mpw/pdks/sky130A/libs.ref/sky130_fd_sc_hd/maglef/sky130_fd_sc_hd__nand2_4.mag.
The discovered version will be used.
Warning:  Parent cell lists instance of "sky130_fd_sc_hd__or4b_4" at bad file path /home/ali11-2000/FYP/mpw/UETRV-ECORE/openlane/Core/runs/Core/results/finishing/sky130_fd_sc_hd__or4b_4.mag.
The cell exists in the search paths at /home/ali11-2000/FYP/mpw/pdks/sky130A/libs.ref/sky130_fd_sc_hd/maglef/sky130_fd_sc_hd__or4b_4.mag.
The discovered version will be used.
Warning:  Parent cell lists instance of "sky130_fd_sc_hd__o2111a_4" at bad file path /home/ali11-2000/FYP/mpw/UETRV-ECORE/openlane/Core/runs/Core/results/finishing/sky130_fd_sc_hd__o2111a_4.mag.
The cell exists in the search paths at /home/ali11-2000/FYP/mpw/pdks/sky130A/libs.ref/sky130_fd_sc_hd/maglef/sky130_fd_sc_hd__o2111a_4.mag.
The discovered version will be used.
Warning:  Parent cell lists instance of "sky130_fd_sc_hd__nor4b_4" at bad file path /home/ali11-2000/FYP/mpw/UETRV-ECORE/openlane/Core/runs/Core/results/finishing/sky130_fd_sc_hd__nor4b_4.mag.
The cell exists in the search paths at /home/ali11-2000/FYP/mpw/pdks/sky130A/libs.ref/sky130_fd_sc_hd/maglef/sky130_fd_sc_hd__nor4b_4.mag.
The discovered version will be used.
Warning:  Parent cell lists instance of "sky130_fd_sc_hd__or3b_4" at bad file path /home/ali11-2000/FYP/mpw/UETRV-ECORE/openlane/Core/runs/Core/results/finishing/sky130_fd_sc_hd__or3b_4.mag.
The cell exists in the search paths at /home/ali11-2000/FYP/mpw/pdks/sky130A/libs.ref/sky130_fd_sc_hd/maglef/sky130_fd_sc_hd__or3b_4.mag.
The discovered version will be used.
Warning:  Parent cell lists instance of "sky130_fd_sc_hd__or4b_1" at bad file path /home/ali11-2000/FYP/mpw/UETRV-ECORE/openlane/Core/runs/Core/results/finishing/sky130_fd_sc_hd__or4b_1.mag.
The cell exists in the search paths at /home/ali11-2000/FYP/mpw/pdks/sky130A/libs.ref/sky130_fd_sc_hd/maglef/sky130_fd_sc_hd__or4b_1.mag.
The discovered version will be used.
Warning:  Parent cell lists instance of "sky130_fd_sc_hd__and2b_2" at bad file path /home/ali11-2000/FYP/mpw/UETRV-ECORE/openlane/Core/runs/Core/results/finishing/sky130_fd_sc_hd__and2b_2.mag.
The cell exists in the search paths at /home/ali11-2000/FYP/mpw/pdks/sky130A/libs.ref/sky130_fd_sc_hd/maglef/sky130_fd_sc_hd__and2b_2.mag.
The discovered version will be used.
Warning:  Parent cell lists instance of "sky130_fd_sc_hd__o21ba_2" at bad file path /home/ali11-2000/FYP/mpw/UETRV-ECORE/openlane/Core/runs/Core/results/finishing/sky130_fd_sc_hd__o21ba_2.mag.
The cell exists in the search paths at /home/ali11-2000/FYP/mpw/pdks/sky130A/libs.ref/sky130_fd_sc_hd/maglef/sky130_fd_sc_hd__o21ba_2.mag.
The discovered version will be used.
Warning:  Parent cell lists instance of "sky130_fd_sc_hd__o2111a_2" at bad file path /home/ali11-2000/FYP/mpw/UETRV-ECORE/openlane/Core/runs/Core/results/finishing/sky130_fd_sc_hd__o2111a_2.mag.
The cell exists in the search paths at /home/ali11-2000/FYP/mpw/pdks/sky130A/libs.ref/sky130_fd_sc_hd/maglef/sky130_fd_sc_hd__o2111a_2.mag.
The discovered version will be used.
Warning:  Parent cell lists instance of "sky130_fd_sc_hd__and4_1" at bad file path /home/ali11-2000/FYP/mpw/UETRV-ECORE/openlane/Core/runs/Core/results/finishing/sky130_fd_sc_hd__and4_1.mag.
The cell exists in the search paths at /home/ali11-2000/FYP/mpw/pdks/sky130A/libs.ref/sky130_fd_sc_hd/maglef/sky130_fd_sc_hd__and4_1.mag.
The discovered version will be used.
Warning:  Parent cell lists instance of "sky130_fd_sc_hd__nor4_4" at bad file path /home/ali11-2000/FYP/mpw/UETRV-ECORE/openlane/Core/runs/Core/results/finishing/sky130_fd_sc_hd__nor4_4.mag.
The cell exists in the search paths at /home/ali11-2000/FYP/mpw/pdks/sky130A/libs.ref/sky130_fd_sc_hd/maglef/sky130_fd_sc_hd__nor4_4.mag.
The discovered version will be used.
Warning:  Parent cell lists instance of "sky130_fd_sc_hd__nand2b_1" at bad file path /home/ali11-2000/FYP/mpw/UETRV-ECORE/openlane/Core/runs/Core/results/finishing/sky130_fd_sc_hd__nand2b_1.mag.
The cell exists in the search paths at /home/ali11-2000/FYP/mpw/pdks/sky130A/libs.ref/sky130_fd_sc_hd/maglef/sky130_fd_sc_hd__nand2b_1.mag.
The discovered version will be used.
Warning:  Parent cell lists instance of "sky130_fd_sc_hd__nand4_1" at bad file path /home/ali11-2000/FYP/mpw/UETRV-ECORE/openlane/Core/runs/Core/results/finishing/sky130_fd_sc_hd__nand4_1.mag.
The cell exists in the search paths at /home/ali11-2000/FYP/mpw/pdks/sky130A/libs.ref/sky130_fd_sc_hd/maglef/sky130_fd_sc_hd__nand4_1.mag.
The discovered version will be used.
Warning:  Parent cell lists instance of "sky130_fd_sc_hd__a41o_2" at bad file path /home/ali11-2000/FYP/mpw/UETRV-ECORE/openlane/Core/runs/Core/results/finishing/sky130_fd_sc_hd__a41o_2.mag.
The cell exists in the search paths at /home/ali11-2000/FYP/mpw/pdks/sky130A/libs.ref/sky130_fd_sc_hd/maglef/sky130_fd_sc_hd__a41o_2.mag.
The discovered version will be used.
Warning:  Parent cell lists instance of "sky130_fd_sc_hd__or4_4" at bad file path /home/ali11-2000/FYP/mpw/UETRV-ECORE/openlane/Core/runs/Core/results/finishing/sky130_fd_sc_hd__or4_4.mag.
The cell exists in the search paths at /home/ali11-2000/FYP/mpw/pdks/sky130A/libs.ref/sky130_fd_sc_hd/maglef/sky130_fd_sc_hd__or4_4.mag.
The discovered version will be used.
Warning:  Parent cell lists instance of "sky130_fd_sc_hd__nor3_4" at bad file path /home/ali11-2000/FYP/mpw/UETRV-ECORE/openlane/Core/runs/Core/results/finishing/sky130_fd_sc_hd__nor3_4.mag.
The cell exists in the search paths at /home/ali11-2000/FYP/mpw/pdks/sky130A/libs.ref/sky130_fd_sc_hd/maglef/sky130_fd_sc_hd__nor3_4.mag.
The discovered version will be used.
Warning:  Parent cell lists instance of "sky130_fd_sc_hd__nand2_8" at bad file path /home/ali11-2000/FYP/mpw/UETRV-ECORE/openlane/Core/runs/Core/results/finishing/sky130_fd_sc_hd__nand2_8.mag.
The cell exists in the search paths at /home/ali11-2000/FYP/mpw/pdks/sky130A/libs.ref/sky130_fd_sc_hd/maglef/sky130_fd_sc_hd__nand2_8.mag.
The discovered version will be used.
Warning:  Parent cell lists instance of "sky130_fd_sc_hd__o31a_4" at bad file path /home/ali11-2000/FYP/mpw/UETRV-ECORE/openlane/Core/runs/Core/results/finishing/sky130_fd_sc_hd__o31a_4.mag.
The cell exists in the search paths at /home/ali11-2000/FYP/mpw/pdks/sky130A/libs.ref/sky130_fd_sc_hd/maglef/sky130_fd_sc_hd__o31a_4.mag.
The discovered version will be used.
Warning:  Parent cell lists instance of "sky130_fd_sc_hd__a32oi_4" at bad file path /home/ali11-2000/FYP/mpw/UETRV-ECORE/openlane/Core/runs/Core/results/finishing/sky130_fd_sc_hd__a32oi_4.mag.
The cell exists in the search paths at /home/ali11-2000/FYP/mpw/pdks/sky130A/libs.ref/sky130_fd_sc_hd/maglef/sky130_fd_sc_hd__a32oi_4.mag.
The discovered version will be used.
Warning:  Parent cell lists instance of "sky130_fd_sc_hd__inv_4" at bad file path /home/ali11-2000/FYP/mpw/UETRV-ECORE/openlane/Core/runs/Core/results/finishing/sky130_fd_sc_hd__inv_4.mag.
The cell exists in the search paths at /home/ali11-2000/FYP/mpw/pdks/sky130A/libs.ref/sky130_fd_sc_hd/maglef/sky130_fd_sc_hd__inv_4.mag.
The discovered version will be used.
Warning:  Parent cell lists instance of "sky130_fd_sc_hd__and3_2" at bad file path /home/ali11-2000/FYP/mpw/UETRV-ECORE/openlane/Core/runs/Core/results/finishing/sky130_fd_sc_hd__and3_2.mag.
The cell exists in the search paths at /home/ali11-2000/FYP/mpw/pdks/sky130A/libs.ref/sky130_fd_sc_hd/maglef/sky130_fd_sc_hd__and3_2.mag.
The discovered version will be used.
Warning:  Parent cell lists instance of "sky130_fd_sc_hd__a22o_4" at bad file path /home/ali11-2000/FYP/mpw/UETRV-ECORE/openlane/Core/runs/Core/results/finishing/sky130_fd_sc_hd__a22o_4.mag.
The cell exists in the search paths at /home/ali11-2000/FYP/mpw/pdks/sky130A/libs.ref/sky130_fd_sc_hd/maglef/sky130_fd_sc_hd__a22o_4.mag.
The discovered version will be used.
Warning:  Parent cell lists instance of "sky130_fd_sc_hd__o31ai_2" at bad file path /home/ali11-2000/FYP/mpw/UETRV-ECORE/openlane/Core/runs/Core/results/finishing/sky130_fd_sc_hd__o31ai_2.mag.
The cell exists in the search paths at /home/ali11-2000/FYP/mpw/pdks/sky130A/libs.ref/sky130_fd_sc_hd/maglef/sky130_fd_sc_hd__o31ai_2.mag.
The discovered version will be used.
Warning:  Parent cell lists instance of "sky130_fd_sc_hd__a21bo_2" at bad file path /home/ali11-2000/FYP/mpw/UETRV-ECORE/openlane/Core/runs/Core/results/finishing/sky130_fd_sc_hd__a21bo_2.mag.
The cell exists in the search paths at /home/ali11-2000/FYP/mpw/pdks/sky130A/libs.ref/sky130_fd_sc_hd/maglef/sky130_fd_sc_hd__a21bo_2.mag.
The discovered version will be used.
Warning:  Parent cell lists instance of "sky130_fd_sc_hd__nor3_2" at bad file path /home/ali11-2000/FYP/mpw/UETRV-ECORE/openlane/Core/runs/Core/results/finishing/sky130_fd_sc_hd__nor3_2.mag.
The cell exists in the search paths at /home/ali11-2000/FYP/mpw/pdks/sky130A/libs.ref/sky130_fd_sc_hd/maglef/sky130_fd_sc_hd__nor3_2.mag.
The discovered version will be used.
Warning:  Parent cell lists instance of "sky130_fd_sc_hd__or2_4" at bad file path /home/ali11-2000/FYP/mpw/UETRV-ECORE/openlane/Core/runs/Core/results/finishing/sky130_fd_sc_hd__or2_4.mag.
The cell exists in the search paths at /home/ali11-2000/FYP/mpw/pdks/sky130A/libs.ref/sky130_fd_sc_hd/maglef/sky130_fd_sc_hd__or2_4.mag.
The discovered version will be used.
Warning:  Parent cell lists instance of "sky130_fd_sc_hd__nor2_8" at bad file path /home/ali11-2000/FYP/mpw/UETRV-ECORE/openlane/Core/runs/Core/results/finishing/sky130_fd_sc_hd__nor2_8.mag.
The cell exists in the search paths at /home/ali11-2000/FYP/mpw/pdks/sky130A/libs.ref/sky130_fd_sc_hd/maglef/sky130_fd_sc_hd__nor2_8.mag.
The discovered version will be used.
Warning:  Parent cell lists instance of "sky130_fd_sc_hd__buf_8" at bad file path /home/ali11-2000/FYP/mpw/UETRV-ECORE/openlane/Core/runs/Core/results/finishing/sky130_fd_sc_hd__buf_8.mag.
The cell exists in the search paths at /home/ali11-2000/FYP/mpw/pdks/sky130A/libs.ref/sky130_fd_sc_hd/maglef/sky130_fd_sc_hd__buf_8.mag.
The discovered version will be used.
Warning:  Parent cell lists instance of "sky130_fd_sc_hd__o21ba_4" at bad file path /home/ali11-2000/FYP/mpw/UETRV-ECORE/openlane/Core/runs/Core/results/finishing/sky130_fd_sc_hd__o21ba_4.mag.
The cell exists in the search paths at /home/ali11-2000/FYP/mpw/pdks/sky130A/libs.ref/sky130_fd_sc_hd/maglef/sky130_fd_sc_hd__o21ba_4.mag.
The discovered version will be used.
Warning:  Parent cell lists instance of "sky130_fd_sc_hd__and3b_2" at bad file path /home/ali11-2000/FYP/mpw/UETRV-ECORE/openlane/Core/runs/Core/results/finishing/sky130_fd_sc_hd__and3b_2.mag.
The cell exists in the search paths at /home/ali11-2000/FYP/mpw/pdks/sky130A/libs.ref/sky130_fd_sc_hd/maglef/sky130_fd_sc_hd__and3b_2.mag.
The discovered version will be used.
Warning:  Parent cell lists instance of "sky130_fd_sc_hd__nand3b_1" at bad file path /home/ali11-2000/FYP/mpw/UETRV-ECORE/openlane/Core/runs/Core/results/finishing/sky130_fd_sc_hd__nand3b_1.mag.
The cell exists in the search paths at /home/ali11-2000/FYP/mpw/pdks/sky130A/libs.ref/sky130_fd_sc_hd/maglef/sky130_fd_sc_hd__nand3b_1.mag.
The discovered version will be used.
Warning:  Parent cell lists instance of "sky130_fd_sc_hd__nor4b_1" at bad file path /home/ali11-2000/FYP/mpw/UETRV-ECORE/openlane/Core/runs/Core/results/finishing/sky130_fd_sc_hd__nor4b_1.mag.
The cell exists in the search paths at /home/ali11-2000/FYP/mpw/pdks/sky130A/libs.ref/sky130_fd_sc_hd/maglef/sky130_fd_sc_hd__nor4b_1.mag.
The discovered version will be used.
Warning:  Parent cell lists instance of "sky130_fd_sc_hd__a31oi_2" at bad file path /home/ali11-2000/FYP/mpw/UETRV-ECORE/openlane/Core/runs/Core/results/finishing/sky130_fd_sc_hd__a31oi_2.mag.
The cell exists in the search paths at /home/ali11-2000/FYP/mpw/pdks/sky130A/libs.ref/sky130_fd_sc_hd/maglef/sky130_fd_sc_hd__a31oi_2.mag.
The discovered version will be used.
Warning:  Parent cell lists instance of "sky130_fd_sc_hd__nor4_2" at bad file path /home/ali11-2000/FYP/mpw/UETRV-ECORE/openlane/Core/runs/Core/results/finishing/sky130_fd_sc_hd__nor4_2.mag.
The cell exists in the search paths at /home/ali11-2000/FYP/mpw/pdks/sky130A/libs.ref/sky130_fd_sc_hd/maglef/sky130_fd_sc_hd__nor4_2.mag.
The discovered version will be used.
Warning:  Parent cell lists instance of "sky130_fd_sc_hd__and4b_2" at bad file path /home/ali11-2000/FYP/mpw/UETRV-ECORE/openlane/Core/runs/Core/results/finishing/sky130_fd_sc_hd__and4b_2.mag.
The cell exists in the search paths at /home/ali11-2000/FYP/mpw/pdks/sky130A/libs.ref/sky130_fd_sc_hd/maglef/sky130_fd_sc_hd__and4b_2.mag.
The discovered version will be used.
Warning:  Parent cell lists instance of "sky130_fd_sc_hd__and4_2" at bad file path /home/ali11-2000/FYP/mpw/UETRV-ECORE/openlane/Core/runs/Core/results/finishing/sky130_fd_sc_hd__and4_2.mag.
The cell exists in the search paths at /home/ali11-2000/FYP/mpw/pdks/sky130A/libs.ref/sky130_fd_sc_hd/maglef/sky130_fd_sc_hd__and4_2.mag.
The discovered version will be used.
Warning:  Parent cell lists instance of "sky130_fd_sc_hd__and4bb_2" at bad file path /home/ali11-2000/FYP/mpw/UETRV-ECORE/openlane/Core/runs/Core/results/finishing/sky130_fd_sc_hd__and4bb_2.mag.
The cell exists in the search paths at /home/ali11-2000/FYP/mpw/pdks/sky130A/libs.ref/sky130_fd_sc_hd/maglef/sky130_fd_sc_hd__and4bb_2.mag.
The discovered version will be used.
Warning:  Parent cell lists instance of "sky130_fd_sc_hd__o22a_4" at bad file path /home/ali11-2000/FYP/mpw/UETRV-ECORE/openlane/Core/runs/Core/results/finishing/sky130_fd_sc_hd__o22a_4.mag.
The cell exists in the search paths at /home/ali11-2000/FYP/mpw/pdks/sky130A/libs.ref/sky130_fd_sc_hd/maglef/sky130_fd_sc_hd__o22a_4.mag.
The discovered version will be used.
Warning:  Parent cell lists instance of "sky130_fd_sc_hd__o22a_2" at bad file path /home/ali11-2000/FYP/mpw/UETRV-ECORE/openlane/Core/runs/Core/results/finishing/sky130_fd_sc_hd__o22a_2.mag.
The cell exists in the search paths at /home/ali11-2000/FYP/mpw/pdks/sky130A/libs.ref/sky130_fd_sc_hd/maglef/sky130_fd_sc_hd__o22a_2.mag.
The discovered version will be used.
Warning:  Parent cell lists instance of "sky130_fd_sc_hd__o2bb2a_2" at bad file path /home/ali11-2000/FYP/mpw/UETRV-ECORE/openlane/Core/runs/Core/results/finishing/sky130_fd_sc_hd__o2bb2a_2.mag.
The cell exists in the search paths at /home/ali11-2000/FYP/mpw/pdks/sky130A/libs.ref/sky130_fd_sc_hd/maglef/sky130_fd_sc_hd__o2bb2a_2.mag.
The discovered version will be used.
Warning:  Parent cell lists instance of "sky130_fd_sc_hd__or4b_2" at bad file path /home/ali11-2000/FYP/mpw/UETRV-ECORE/openlane/Core/runs/Core/results/finishing/sky130_fd_sc_hd__or4b_2.mag.
The cell exists in the search paths at /home/ali11-2000/FYP/mpw/pdks/sky130A/libs.ref/sky130_fd_sc_hd/maglef/sky130_fd_sc_hd__or4b_2.mag.
The discovered version will be used.
Warning:  Parent cell lists instance of "sky130_fd_sc_hd__and4bb_1" at bad file path /home/ali11-2000/FYP/mpw/UETRV-ECORE/openlane/Core/runs/Core/results/finishing/sky130_fd_sc_hd__and4bb_1.mag.
The cell exists in the search paths at /home/ali11-2000/FYP/mpw/pdks/sky130A/libs.ref/sky130_fd_sc_hd/maglef/sky130_fd_sc_hd__and4bb_1.mag.
The discovered version will be used.
Warning:  Parent cell lists instance of "sky130_fd_sc_hd__nand4b_2" at bad file path /home/ali11-2000/FYP/mpw/UETRV-ECORE/openlane/Core/runs/Core/results/finishing/sky130_fd_sc_hd__nand4b_2.mag.
The cell exists in the search paths at /home/ali11-2000/FYP/mpw/pdks/sky130A/libs.ref/sky130_fd_sc_hd/maglef/sky130_fd_sc_hd__nand4b_2.mag.
The discovered version will be used.
Warning:  Parent cell lists instance of "sky130_fd_sc_hd__a221oi_1" at bad file path /home/ali11-2000/FYP/mpw/UETRV-ECORE/openlane/Core/runs/Core/results/finishing/sky130_fd_sc_hd__a221oi_1.mag.
The cell exists in the search paths at /home/ali11-2000/FYP/mpw/pdks/sky130A/libs.ref/sky130_fd_sc_hd/maglef/sky130_fd_sc_hd__a221oi_1.mag.
The discovered version will be used.
Warning:  Parent cell lists instance of "sky130_fd_sc_hd__or4bb_2" at bad file path /home/ali11-2000/FYP/mpw/UETRV-ECORE/openlane/Core/runs/Core/results/finishing/sky130_fd_sc_hd__or4bb_2.mag.
The cell exists in the search paths at /home/ali11-2000/FYP/mpw/pdks/sky130A/libs.ref/sky130_fd_sc_hd/maglef/sky130_fd_sc_hd__or4bb_2.mag.
The discovered version will be used.
Warning:  Parent cell lists instance of "sky130_fd_sc_hd__o31a_2" at bad file path /home/ali11-2000/FYP/mpw/UETRV-ECORE/openlane/Core/runs/Core/results/finishing/sky130_fd_sc_hd__o31a_2.mag.
The cell exists in the search paths at /home/ali11-2000/FYP/mpw/pdks/sky130A/libs.ref/sky130_fd_sc_hd/maglef/sky130_fd_sc_hd__o31a_2.mag.
The discovered version will be used.
Warning:  Parent cell lists instance of "sky130_fd_sc_hd__o31ai_1" at bad file path /home/ali11-2000/FYP/mpw/UETRV-ECORE/openlane/Core/runs/Core/results/finishing/sky130_fd_sc_hd__o31ai_1.mag.
The cell exists in the search paths at /home/ali11-2000/FYP/mpw/pdks/sky130A/libs.ref/sky130_fd_sc_hd/maglef/sky130_fd_sc_hd__o31ai_1.mag.
The discovered version will be used.
Warning:  Parent cell lists instance of "sky130_fd_sc_hd__clkdlybuf4s50_1" at bad file path /home/ali11-2000/FYP/mpw/UETRV-ECORE/openlane/Core/runs/Core/results/finishing/sky130_fd_sc_hd__clkdlybuf4s50_1.mag.
The cell exists in the search paths at /home/ali11-2000/FYP/mpw/pdks/sky130A/libs.ref/sky130_fd_sc_hd/maglef/sky130_fd_sc_hd__clkdlybuf4s50_1.mag.
The discovered version will be used.
Warning:  Parent cell lists instance of "sky130_fd_sc_hd__or2b_4" at bad file path /home/ali11-2000/FYP/mpw/UETRV-ECORE/openlane/Core/runs/Core/results/finishing/sky130_fd_sc_hd__or2b_4.mag.
The cell exists in the search paths at /home/ali11-2000/FYP/mpw/pdks/sky130A/libs.ref/sky130_fd_sc_hd/maglef/sky130_fd_sc_hd__or2b_4.mag.
The discovered version will be used.
Warning:  Parent cell lists instance of "sky130_fd_sc_hd__and4bb_4" at bad file path /home/ali11-2000/FYP/mpw/UETRV-ECORE/openlane/Core/runs/Core/results/finishing/sky130_fd_sc_hd__and4bb_4.mag.
The cell exists in the search paths at /home/ali11-2000/FYP/mpw/pdks/sky130A/libs.ref/sky130_fd_sc_hd/maglef/sky130_fd_sc_hd__and4bb_4.mag.
The discovered version will be used.
Warning:  Parent cell lists instance of "sky130_fd_sc_hd__a2111o_4" at bad file path /home/ali11-2000/FYP/mpw/UETRV-ECORE/openlane/Core/runs/Core/results/finishing/sky130_fd_sc_hd__a2111o_4.mag.
The cell exists in the search paths at /home/ali11-2000/FYP/mpw/pdks/sky130A/libs.ref/sky130_fd_sc_hd/maglef/sky130_fd_sc_hd__a2111o_4.mag.
The discovered version will be used.
Warning:  Parent cell lists instance of "sky130_fd_sc_hd__or4bb_4" at bad file path /home/ali11-2000/FYP/mpw/UETRV-ECORE/openlane/Core/runs/Core/results/finishing/sky130_fd_sc_hd__or4bb_4.mag.
The cell exists in the search paths at /home/ali11-2000/FYP/mpw/pdks/sky130A/libs.ref/sky130_fd_sc_hd/maglef/sky130_fd_sc_hd__or4bb_4.mag.
The discovered version will be used.
Diagnostic:  Scale value is 0.005000
[INFO]: LEF Write Complete
Using technology "sky130A", version 1.0.283-0-g7519dfb
