
===========================================================================
 report_clock_skew
============================================================================

======================== Slowest Corner ==================================

Clock clock
Latency      CRPR       Skew
_10843_/CLK ^
   3.58
_10906_/CLK ^
   2.18     -0.07       1.34


======================= Typical Corner ===================================

Clock clock
Latency      CRPR       Skew
_10843_/CLK ^
   2.00
_10906_/CLK ^
   1.26     -0.04       0.70


======================= Fastest Corner ===================================

Clock clock
Latency      CRPR       Skew
_10843_/CLK ^
   1.34
_10906_/CLK ^
   0.88     -0.03       0.44

