
===========================================================================
 report_power
============================================================================


======================= Slowest Corner =================================

Group                  Internal  Switching    Leakage      Total
                          Power      Power      Power      Power
----------------------------------------------------------------
Sequential             7.46e-04   5.93e-05   6.63e-06   8.12e-04  17.9%
Combinational          1.73e-03   1.96e-03   2.80e-05   3.72e-03  82.1%
Macro                  0.00e+00   0.00e+00   0.00e+00   0.00e+00   0.0%
Pad                    0.00e+00   0.00e+00   0.00e+00   0.00e+00   0.0%
----------------------------------------------------------------
Total                  2.47e-03   2.02e-03   3.46e-05   4.53e-03 100.0%
                          54.6%      44.6%       0.8%

======================= Typical Corner ===================================

Group                  Internal  Switching    Leakage      Total
                          Power      Power      Power      Power
----------------------------------------------------------------
Sequential             9.59e-04   7.54e-05   3.78e-09   1.03e-03  17.9%
Combinational          2.26e-03   2.50e-03   7.03e-08   4.76e-03  82.1%
Macro                  0.00e+00   0.00e+00   0.00e+00   0.00e+00   0.0%
Pad                    0.00e+00   0.00e+00   0.00e+00   0.00e+00   0.0%
----------------------------------------------------------------
Total                  3.22e-03   2.57e-03   7.41e-08   5.79e-03 100.0%
                          55.6%      44.4%       0.0%


======================= Fastest Corner =================================

Group                  Internal  Switching    Leakage      Total
                          Power      Power      Power      Power
----------------------------------------------------------------
Sequential             1.11e-03   8.92e-05   6.80e-09   1.20e-03  17.9%
Combinational          2.59e-03   2.94e-03   9.19e-08   5.53e-03  82.1%
Macro                  0.00e+00   0.00e+00   0.00e+00   0.00e+00   0.0%
Pad                    0.00e+00   0.00e+00   0.00e+00   0.00e+00   0.0%
----------------------------------------------------------------
Total                  3.70e-03   3.03e-03   9.87e-08   6.73e-03 100.0%
                          55.0%      45.0%       0.0%
