
===========================================================================
report_checks -path_delay max (Setup)
============================================================================
Startpoint: _10999_ (rising edge-triggered flip-flop clocked by clock)
Endpoint: _10707_ (rising edge-triggered flip-flop clocked by clock)
Path Group: clock
Path Type: max

Fanout     Cap    Slew   Delay    Time   Description
-----------------------------------------------------------------------------
                          0.00    0.00   clock clock (rise edge)
                          0.00    0.00   clock source latency
                  0.31    0.23    0.23 ^ clock (in)
     1    0.07                           clock (net)
                  0.31    0.00    0.23 ^ clkbuf_0_clock/A (sky130_fd_sc_hd__clkbuf_16)
                  0.05    0.22    0.45 ^ clkbuf_0_clock/X (sky130_fd_sc_hd__clkbuf_16)
     2    0.02                           clknet_0_clock (net)
                  0.05    0.00    0.45 ^ clkbuf_1_0_0_clock/A (sky130_fd_sc_hd__clkbuf_2)
                  0.19    0.22    0.67 ^ clkbuf_1_0_0_clock/X (sky130_fd_sc_hd__clkbuf_2)
     2    0.03                           clknet_1_0_0_clock (net)
                  0.19    0.00    0.67 ^ clkbuf_2_1_0_clock/A (sky130_fd_sc_hd__clkbuf_2)
                  0.15    0.23    0.90 ^ clkbuf_2_1_0_clock/X (sky130_fd_sc_hd__clkbuf_2)
     2    0.03                           clknet_2_1_0_clock (net)
                  0.15    0.00    0.90 ^ clkbuf_3_3_0_clock/A (sky130_fd_sc_hd__clkbuf_2)
                  0.71    0.63    1.53 ^ clkbuf_3_3_0_clock/X (sky130_fd_sc_hd__clkbuf_2)
    10    0.13                           clknet_3_3_0_clock (net)
                  0.71    0.00    1.53 ^ clkbuf_leaf_48_clock/A (sky130_fd_sc_hd__clkbuf_16)
                  0.06    0.28    1.82 ^ clkbuf_leaf_48_clock/X (sky130_fd_sc_hd__clkbuf_16)
     6    0.02                           clknet_leaf_48_clock (net)
                  0.06    0.00    1.82 ^ _10999_/CLK (sky130_fd_sc_hd__dfxtp_2)
                  0.08    0.38    2.20 v _10999_/Q (sky130_fd_sc_hd__dfxtp_2)
     4    0.03                           pid.sigma_old[6] (net)
                  0.08    0.00    2.20 v _06338_/A (sky130_fd_sc_hd__xnor2_4)
                  0.09    0.19    2.39 v _06338_/Y (sky130_fd_sc_hd__xnor2_4)
     3    0.02                           _01315_ (net)
                  0.09    0.00    2.39 v _06339_/A (sky130_fd_sc_hd__or3b_1)
                  0.08    0.43    2.82 v _06339_/X (sky130_fd_sc_hd__or3b_1)
     2    0.01                           _01316_ (net)
                  0.08    0.00    2.82 v _06342_/C (sky130_fd_sc_hd__or3_1)
                  0.07    0.33    3.15 v _06342_/X (sky130_fd_sc_hd__or3_1)
     1    0.00                           _01319_ (net)
                  0.07    0.00    3.15 v _06343_/B1 (sky130_fd_sc_hd__a311o_1)
                  0.09    0.39    3.54 v _06343_/X (sky130_fd_sc_hd__a311o_1)
     2    0.01                           _01320_ (net)
                  0.09    0.00    3.54 v _06347_/A3 (sky130_fd_sc_hd__a31o_2)
                  0.08    0.33    3.87 v _06347_/X (sky130_fd_sc_hd__a31o_2)
     3    0.02                           _01324_ (net)
                  0.08    0.00    3.87 v _06362_/A1 (sky130_fd_sc_hd__o311ai_4)
                  0.33    0.40    4.26 ^ _06362_/Y (sky130_fd_sc_hd__o311ai_4)
     3    0.02                           _01339_ (net)
                  0.33    0.00    4.26 ^ _06363_/B2 (sky130_fd_sc_hd__a221o_1)
                  0.08    0.24    4.50 ^ _06363_/X (sky130_fd_sc_hd__a221o_1)
     2    0.01                           _01340_ (net)
                  0.08    0.00    4.50 ^ _06365_/A3 (sky130_fd_sc_hd__a31o_2)
                  0.15    0.25    4.75 ^ _06365_/X (sky130_fd_sc_hd__a31o_2)
     2    0.02                           _01342_ (net)
                  0.15    0.00    4.75 ^ _06380_/A (sky130_fd_sc_hd__xor2_2)
                  0.10    0.12    4.87 v _06380_/X (sky130_fd_sc_hd__xor2_2)
     4    0.01                           _01357_ (net)
                  0.10    0.00    4.87 v _06382_/A (sky130_fd_sc_hd__clkbuf_2)
                  0.08    0.18    5.05 v _06382_/X (sky130_fd_sc_hd__clkbuf_2)
     5    0.02                           _01359_ (net)
                  0.08    0.00    5.05 v _06398_/C (sky130_fd_sc_hd__or3_1)
                  0.08    0.35    5.40 v _06398_/X (sky130_fd_sc_hd__or3_1)
     2    0.01                           _01375_ (net)
                  0.08    0.00    5.40 v _06598_/B1 (sky130_fd_sc_hd__o2111a_1)
                  0.07    0.18    5.58 v _06598_/X (sky130_fd_sc_hd__o2111a_1)
     2    0.01                           _01575_ (net)
                  0.07    0.00    5.58 v _06599_/B1 (sky130_fd_sc_hd__a31o_1)
                  0.09    0.25    5.84 v _06599_/X (sky130_fd_sc_hd__a31o_1)
     4    0.02                           _01576_ (net)
                  0.09    0.00    5.84 v _06601_/B (sky130_fd_sc_hd__and3_1)
                  0.05    0.20    6.04 v _06601_/X (sky130_fd_sc_hd__and3_1)
     2    0.01                           _01578_ (net)
                  0.05    0.00    6.04 v _06603_/B (sky130_fd_sc_hd__or3_1)
                  0.10    0.40    6.44 v _06603_/X (sky130_fd_sc_hd__or3_1)
     3    0.01                           _01580_ (net)
                  0.10    0.00    6.44 v _06610_/C (sky130_fd_sc_hd__and3_1)
                  0.04    0.22    6.66 v _06610_/X (sky130_fd_sc_hd__and3_1)
     2    0.00                           _01587_ (net)
                  0.04    0.00    6.66 v _06633_/A (sky130_fd_sc_hd__or3b_1)
                  0.09    0.43    7.09 v _06633_/X (sky130_fd_sc_hd__or3b_1)
     3    0.01                           _01610_ (net)
                  0.09    0.00    7.09 v _06646_/A1 (sky130_fd_sc_hd__a21o_1)
                  0.04    0.19    7.28 v _06646_/X (sky130_fd_sc_hd__a21o_1)
     2    0.01                           _01623_ (net)
                  0.04    0.00    7.28 v _06650_/A2 (sky130_fd_sc_hd__a21o_1)
                  0.06    0.21    7.49 v _06650_/X (sky130_fd_sc_hd__a21o_1)
     3    0.01                           _01627_ (net)
                  0.06    0.00    7.49 v _06652_/A2 (sky130_fd_sc_hd__a21bo_1)
                  0.06    0.23    7.72 v _06652_/X (sky130_fd_sc_hd__a21bo_1)
     2    0.01                           _01629_ (net)
                  0.06    0.00    7.72 v _06654_/A2 (sky130_fd_sc_hd__a21o_1)
                  0.06    0.22    7.93 v _06654_/X (sky130_fd_sc_hd__a21o_1)
     2    0.01                           _01631_ (net)
                  0.06    0.00    7.93 v _06656_/A2 (sky130_fd_sc_hd__a21o_1)
                  0.09    0.25    8.18 v _06656_/X (sky130_fd_sc_hd__a21o_1)
     4    0.02                           _01633_ (net)
                  0.09    0.00    8.18 v _06699_/A1 (sky130_fd_sc_hd__a21oi_1)
                  0.24    0.24    8.43 ^ _06699_/Y (sky130_fd_sc_hd__a21oi_1)
     1    0.01                           _01676_ (net)
                  0.24    0.00    8.43 ^ _06700_/B (sky130_fd_sc_hd__xnor2_2)
                  0.09    0.13    8.56 v _06700_/Y (sky130_fd_sc_hd__xnor2_2)
     2    0.01                           _01677_ (net)
                  0.09    0.00    8.56 v _06731_/B (sky130_fd_sc_hd__xor2_2)
                  0.09    0.19    8.75 v _06731_/X (sky130_fd_sc_hd__xor2_2)
     2    0.01                           _01708_ (net)
                  0.09    0.00    8.75 v _06733_/A (sky130_fd_sc_hd__xnor2_2)
                  0.29    0.31    9.06 ^ _06733_/Y (sky130_fd_sc_hd__xnor2_2)
     2    0.02                           _01710_ (net)
                  0.29    0.00    9.06 ^ _06735_/A2 (sky130_fd_sc_hd__a21o_1)
                  0.12    0.24    9.29 ^ _06735_/X (sky130_fd_sc_hd__a21o_1)
     2    0.01                           _01712_ (net)
                  0.12    0.00    9.29 ^ _06737_/A2 (sky130_fd_sc_hd__a21o_1)
                  0.18    0.24    9.54 ^ _06737_/X (sky130_fd_sc_hd__a21o_1)
     2    0.02                           _01714_ (net)
                  0.18    0.00    9.54 ^ _06929_/B (sky130_fd_sc_hd__xor2_4)
                  0.28    0.31    9.85 ^ _06929_/X (sky130_fd_sc_hd__xor2_4)
     2    0.04                           _01906_ (net)
                  0.28    0.00    9.85 ^ _06930_/B (sky130_fd_sc_hd__xor2_4)
                  0.24    0.28   10.13 ^ _06930_/X (sky130_fd_sc_hd__xor2_4)
     2    0.03                           _01907_ (net)
                  0.24    0.00   10.13 ^ _06935_/A (sky130_fd_sc_hd__xnor2_4)
                  0.22    0.19   10.32 ^ _06935_/Y (sky130_fd_sc_hd__xnor2_4)
     2    0.02                           _01912_ (net)
                  0.22    0.00   10.32 ^ _06942_/A (sky130_fd_sc_hd__xor2_4)
                  0.20    0.25   10.57 ^ _06942_/X (sky130_fd_sc_hd__xor2_4)
     2    0.02                           _01919_ (net)
                  0.20    0.00   10.57 ^ _06963_/A1 (sky130_fd_sc_hd__a21o_2)
                  0.12    0.24   10.80 ^ _06963_/X (sky130_fd_sc_hd__a21o_2)
     2    0.02                           _01940_ (net)
                  0.12    0.00   10.80 ^ _06965_/A2 (sky130_fd_sc_hd__a21o_1)
                  0.19    0.25   11.06 ^ _06965_/X (sky130_fd_sc_hd__a21o_1)
     2    0.02                           _01942_ (net)
                  0.19    0.00   11.06 ^ _06967_/A2 (sky130_fd_sc_hd__a21o_1)
                  0.18    0.26   11.32 ^ _06967_/X (sky130_fd_sc_hd__a21o_1)
     2    0.02                           _01944_ (net)
                  0.18    0.00   11.32 ^ _06968_/B (sky130_fd_sc_hd__xor2_4)
                  0.24    0.27   11.59 ^ _06968_/X (sky130_fd_sc_hd__xor2_4)
     2    0.03                           _01945_ (net)
                  0.24    0.00   11.59 ^ _07765_/A2 (sky130_fd_sc_hd__a21oi_1)
                  0.10    0.16   11.75 v _07765_/Y (sky130_fd_sc_hd__a21oi_1)
     1    0.01                           _02742_ (net)
                  0.10    0.00   11.75 v _07770_/A (sky130_fd_sc_hd__xnor2_1)
                  0.27    0.29   12.04 ^ _07770_/Y (sky130_fd_sc_hd__xnor2_1)
     1    0.01                           _02747_ (net)
                  0.27    0.00   12.04 ^ _07813_/A (sky130_fd_sc_hd__xnor2_2)
                  0.27    0.21   12.26 ^ _07813_/Y (sky130_fd_sc_hd__xnor2_2)
     3    0.02                           _02790_ (net)
                  0.27    0.00   12.26 ^ _07863_/B (sky130_fd_sc_hd__nor3_1)
                  0.08    0.11   12.36 v _07863_/Y (sky130_fd_sc_hd__nor3_1)
     1    0.00                           _02840_ (net)
                  0.08    0.00   12.36 v _07864_/B1 (sky130_fd_sc_hd__a311o_4)
                  0.12    0.49   12.85 v _07864_/X (sky130_fd_sc_hd__a311o_4)
     3    0.05                           _02841_ (net)
                  0.12    0.01   12.86 v _07917_/A (sky130_fd_sc_hd__clkbuf_2)
                  0.09    0.20   13.06 v _07917_/X (sky130_fd_sc_hd__clkbuf_2)
     5    0.02                           _02884_ (net)
                  0.09    0.00   13.06 v _07935_/A (sky130_fd_sc_hd__nor2_2)
                  0.20    0.23   13.29 ^ _07935_/Y (sky130_fd_sc_hd__nor2_2)
     1    0.02                           _02899_ (net)
                  0.20    0.00   13.29 ^ _07937_/B1 (sky130_fd_sc_hd__o221a_1)
                  0.05    0.22   13.51 ^ _07937_/X (sky130_fd_sc_hd__o221a_1)
     1    0.00                           _00089_ (net)
                  0.05    0.00   13.51 ^ _10707_/D (sky130_fd_sc_hd__dfxtp_1)
                                 13.51   data arrival time

                         20.00   20.00   clock clock (rise edge)
                          0.00   20.00   clock source latency
                  0.31    0.21   20.21 ^ clock (in)
     1    0.07                           clock (net)
                  0.31    0.00   20.21 ^ clkbuf_0_clock/A (sky130_fd_sc_hd__clkbuf_16)
                  0.05    0.20   20.41 ^ clkbuf_0_clock/X (sky130_fd_sc_hd__clkbuf_16)
     2    0.02                           clknet_0_clock (net)
                  0.05    0.00   20.41 ^ clkbuf_1_1_0_clock/A (sky130_fd_sc_hd__clkbuf_2)
                  0.19    0.20   20.61 ^ clkbuf_1_1_0_clock/X (sky130_fd_sc_hd__clkbuf_2)
     2    0.03                           clknet_1_1_0_clock (net)
                  0.19    0.00   20.61 ^ clkbuf_2_3_0_clock/A (sky130_fd_sc_hd__clkbuf_2)
                  0.11    0.19   20.80 ^ clkbuf_2_3_0_clock/X (sky130_fd_sc_hd__clkbuf_2)
     2    0.02                           clknet_2_3_0_clock (net)
                  0.11    0.00   20.80 ^ clkbuf_3_6_0_clock/A (sky130_fd_sc_hd__clkbuf_2)
                  0.60    0.49   21.28 ^ clkbuf_3_6_0_clock/X (sky130_fd_sc_hd__clkbuf_2)
     8    0.11                           clknet_3_6_0_clock (net)
                  0.60    0.00   21.28 ^ clkbuf_leaf_10_clock/A (sky130_fd_sc_hd__clkbuf_16)
                  0.07    0.26   21.54 ^ clkbuf_leaf_10_clock/X (sky130_fd_sc_hd__clkbuf_16)
    10    0.03                           clknet_leaf_10_clock (net)
                  0.07    0.00   21.54 ^ _10707_/CLK (sky130_fd_sc_hd__dfxtp_1)
                         -0.25   21.29   clock uncertainty
                          0.04   21.33   clock reconvergence pessimism
                         -0.05   21.28   library setup time
                                 21.28   data required time
-----------------------------------------------------------------------------
                                 21.28   data required time
                                -13.51   data arrival time
-----------------------------------------------------------------------------
                                  7.77   slack (MET)


Startpoint: _10999_ (rising edge-triggered flip-flop clocked by clock)
Endpoint: _10708_ (rising edge-triggered flip-flop clocked by clock)
Path Group: clock
Path Type: max

Fanout     Cap    Slew   Delay    Time   Description
-----------------------------------------------------------------------------
                          0.00    0.00   clock clock (rise edge)
                          0.00    0.00   clock source latency
                  0.31    0.23    0.23 ^ clock (in)
     1    0.07                           clock (net)
                  0.31    0.00    0.23 ^ clkbuf_0_clock/A (sky130_fd_sc_hd__clkbuf_16)
                  0.05    0.22    0.45 ^ clkbuf_0_clock/X (sky130_fd_sc_hd__clkbuf_16)
     2    0.02                           clknet_0_clock (net)
                  0.05    0.00    0.45 ^ clkbuf_1_0_0_clock/A (sky130_fd_sc_hd__clkbuf_2)
                  0.19    0.22    0.67 ^ clkbuf_1_0_0_clock/X (sky130_fd_sc_hd__clkbuf_2)
     2    0.03                           clknet_1_0_0_clock (net)
                  0.19    0.00    0.67 ^ clkbuf_2_1_0_clock/A (sky130_fd_sc_hd__clkbuf_2)
                  0.15    0.23    0.90 ^ clkbuf_2_1_0_clock/X (sky130_fd_sc_hd__clkbuf_2)
     2    0.03                           clknet_2_1_0_clock (net)
                  0.15    0.00    0.90 ^ clkbuf_3_3_0_clock/A (sky130_fd_sc_hd__clkbuf_2)
                  0.71    0.63    1.53 ^ clkbuf_3_3_0_clock/X (sky130_fd_sc_hd__clkbuf_2)
    10    0.13                           clknet_3_3_0_clock (net)
                  0.71    0.00    1.53 ^ clkbuf_leaf_48_clock/A (sky130_fd_sc_hd__clkbuf_16)
                  0.06    0.28    1.82 ^ clkbuf_leaf_48_clock/X (sky130_fd_sc_hd__clkbuf_16)
     6    0.02                           clknet_leaf_48_clock (net)
                  0.06    0.00    1.82 ^ _10999_/CLK (sky130_fd_sc_hd__dfxtp_2)
                  0.08    0.38    2.20 v _10999_/Q (sky130_fd_sc_hd__dfxtp_2)
     4    0.03                           pid.sigma_old[6] (net)
                  0.08    0.00    2.20 v _06338_/A (sky130_fd_sc_hd__xnor2_4)
                  0.09    0.19    2.39 v _06338_/Y (sky130_fd_sc_hd__xnor2_4)
     3    0.02                           _01315_ (net)
                  0.09    0.00    2.39 v _06339_/A (sky130_fd_sc_hd__or3b_1)
                  0.08    0.43    2.82 v _06339_/X (sky130_fd_sc_hd__or3b_1)
     2    0.01                           _01316_ (net)
                  0.08    0.00    2.82 v _06342_/C (sky130_fd_sc_hd__or3_1)
                  0.07    0.33    3.15 v _06342_/X (sky130_fd_sc_hd__or3_1)
     1    0.00                           _01319_ (net)
                  0.07    0.00    3.15 v _06343_/B1 (sky130_fd_sc_hd__a311o_1)
                  0.09    0.39    3.54 v _06343_/X (sky130_fd_sc_hd__a311o_1)
     2    0.01                           _01320_ (net)
                  0.09    0.00    3.54 v _06347_/A3 (sky130_fd_sc_hd__a31o_2)
                  0.08    0.33    3.87 v _06347_/X (sky130_fd_sc_hd__a31o_2)
     3    0.02                           _01324_ (net)
                  0.08    0.00    3.87 v _06362_/A1 (sky130_fd_sc_hd__o311ai_4)
                  0.33    0.40    4.26 ^ _06362_/Y (sky130_fd_sc_hd__o311ai_4)
     3    0.02                           _01339_ (net)
                  0.33    0.00    4.26 ^ _06363_/B2 (sky130_fd_sc_hd__a221o_1)
                  0.08    0.24    4.50 ^ _06363_/X (sky130_fd_sc_hd__a221o_1)
     2    0.01                           _01340_ (net)
                  0.08    0.00    4.50 ^ _06365_/A3 (sky130_fd_sc_hd__a31o_2)
                  0.15    0.25    4.75 ^ _06365_/X (sky130_fd_sc_hd__a31o_2)
     2    0.02                           _01342_ (net)
                  0.15    0.00    4.75 ^ _06380_/A (sky130_fd_sc_hd__xor2_2)
                  0.10    0.12    4.87 v _06380_/X (sky130_fd_sc_hd__xor2_2)
     4    0.01                           _01357_ (net)
                  0.10    0.00    4.87 v _06382_/A (sky130_fd_sc_hd__clkbuf_2)
                  0.08    0.18    5.05 v _06382_/X (sky130_fd_sc_hd__clkbuf_2)
     5    0.02                           _01359_ (net)
                  0.08    0.00    5.05 v _06398_/C (sky130_fd_sc_hd__or3_1)
                  0.08    0.35    5.40 v _06398_/X (sky130_fd_sc_hd__or3_1)
     2    0.01                           _01375_ (net)
                  0.08    0.00    5.40 v _06598_/B1 (sky130_fd_sc_hd__o2111a_1)
                  0.07    0.18    5.58 v _06598_/X (sky130_fd_sc_hd__o2111a_1)
     2    0.01                           _01575_ (net)
                  0.07    0.00    5.58 v _06599_/B1 (sky130_fd_sc_hd__a31o_1)
                  0.09    0.25    5.84 v _06599_/X (sky130_fd_sc_hd__a31o_1)
     4    0.02                           _01576_ (net)
                  0.09    0.00    5.84 v _06601_/B (sky130_fd_sc_hd__and3_1)
                  0.05    0.20    6.04 v _06601_/X (sky130_fd_sc_hd__and3_1)
     2    0.01                           _01578_ (net)
                  0.05    0.00    6.04 v _06603_/B (sky130_fd_sc_hd__or3_1)
                  0.10    0.40    6.44 v _06603_/X (sky130_fd_sc_hd__or3_1)
     3    0.01                           _01580_ (net)
                  0.10    0.00    6.44 v _06610_/C (sky130_fd_sc_hd__and3_1)
                  0.04    0.22    6.66 v _06610_/X (sky130_fd_sc_hd__and3_1)
     2    0.00                           _01587_ (net)
                  0.04    0.00    6.66 v _06633_/A (sky130_fd_sc_hd__or3b_1)
                  0.09    0.43    7.09 v _06633_/X (sky130_fd_sc_hd__or3b_1)
     3    0.01                           _01610_ (net)
                  0.09    0.00    7.09 v _06646_/A1 (sky130_fd_sc_hd__a21o_1)
                  0.04    0.19    7.28 v _06646_/X (sky130_fd_sc_hd__a21o_1)
     2    0.01                           _01623_ (net)
                  0.04    0.00    7.28 v _06650_/A2 (sky130_fd_sc_hd__a21o_1)
                  0.06    0.21    7.49 v _06650_/X (sky130_fd_sc_hd__a21o_1)
     3    0.01                           _01627_ (net)
                  0.06    0.00    7.49 v _06652_/A2 (sky130_fd_sc_hd__a21bo_1)
                  0.06    0.23    7.72 v _06652_/X (sky130_fd_sc_hd__a21bo_1)
     2    0.01                           _01629_ (net)
                  0.06    0.00    7.72 v _06654_/A2 (sky130_fd_sc_hd__a21o_1)
                  0.06    0.22    7.93 v _06654_/X (sky130_fd_sc_hd__a21o_1)
     2    0.01                           _01631_ (net)
                  0.06    0.00    7.93 v _06656_/A2 (sky130_fd_sc_hd__a21o_1)
                  0.09    0.25    8.18 v _06656_/X (sky130_fd_sc_hd__a21o_1)
     4    0.02                           _01633_ (net)
                  0.09    0.00    8.18 v _06699_/A1 (sky130_fd_sc_hd__a21oi_1)
                  0.24    0.24    8.43 ^ _06699_/Y (sky130_fd_sc_hd__a21oi_1)
     1    0.01                           _01676_ (net)
                  0.24    0.00    8.43 ^ _06700_/B (sky130_fd_sc_hd__xnor2_2)
                  0.09    0.13    8.56 v _06700_/Y (sky130_fd_sc_hd__xnor2_2)
     2    0.01                           _01677_ (net)
                  0.09    0.00    8.56 v _06731_/B (sky130_fd_sc_hd__xor2_2)
                  0.09    0.19    8.75 v _06731_/X (sky130_fd_sc_hd__xor2_2)
     2    0.01                           _01708_ (net)
                  0.09    0.00    8.75 v _06733_/A (sky130_fd_sc_hd__xnor2_2)
                  0.29    0.31    9.06 ^ _06733_/Y (sky130_fd_sc_hd__xnor2_2)
     2    0.02                           _01710_ (net)
                  0.29    0.00    9.06 ^ _06735_/A2 (sky130_fd_sc_hd__a21o_1)
                  0.12    0.24    9.29 ^ _06735_/X (sky130_fd_sc_hd__a21o_1)
     2    0.01                           _01712_ (net)
                  0.12    0.00    9.29 ^ _06737_/A2 (sky130_fd_sc_hd__a21o_1)
                  0.18    0.24    9.54 ^ _06737_/X (sky130_fd_sc_hd__a21o_1)
     2    0.02                           _01714_ (net)
                  0.18    0.00    9.54 ^ _06929_/B (sky130_fd_sc_hd__xor2_4)
                  0.28    0.31    9.85 ^ _06929_/X (sky130_fd_sc_hd__xor2_4)
     2    0.04                           _01906_ (net)
                  0.28    0.00    9.85 ^ _06930_/B (sky130_fd_sc_hd__xor2_4)
                  0.24    0.28   10.13 ^ _06930_/X (sky130_fd_sc_hd__xor2_4)
     2    0.03                           _01907_ (net)
                  0.24    0.00   10.13 ^ _06935_/A (sky130_fd_sc_hd__xnor2_4)
                  0.22    0.19   10.32 ^ _06935_/Y (sky130_fd_sc_hd__xnor2_4)
     2    0.02                           _01912_ (net)
                  0.22    0.00   10.32 ^ _06942_/A (sky130_fd_sc_hd__xor2_4)
                  0.20    0.25   10.57 ^ _06942_/X (sky130_fd_sc_hd__xor2_4)
     2    0.02                           _01919_ (net)
                  0.20    0.00   10.57 ^ _06963_/A1 (sky130_fd_sc_hd__a21o_2)
                  0.12    0.24   10.80 ^ _06963_/X (sky130_fd_sc_hd__a21o_2)
     2    0.02                           _01940_ (net)
                  0.12    0.00   10.80 ^ _06965_/A2 (sky130_fd_sc_hd__a21o_1)
                  0.19    0.25   11.06 ^ _06965_/X (sky130_fd_sc_hd__a21o_1)
     2    0.02                           _01942_ (net)
                  0.19    0.00   11.06 ^ _06967_/A2 (sky130_fd_sc_hd__a21o_1)
                  0.18    0.26   11.32 ^ _06967_/X (sky130_fd_sc_hd__a21o_1)
     2    0.02                           _01944_ (net)
                  0.18    0.00   11.32 ^ _06968_/B (sky130_fd_sc_hd__xor2_4)
                  0.24    0.27   11.59 ^ _06968_/X (sky130_fd_sc_hd__xor2_4)
     2    0.03                           _01945_ (net)
                  0.24    0.00   11.59 ^ _07765_/A2 (sky130_fd_sc_hd__a21oi_1)
                  0.10    0.16   11.75 v _07765_/Y (sky130_fd_sc_hd__a21oi_1)
     1    0.01                           _02742_ (net)
                  0.10    0.00   11.75 v _07770_/A (sky130_fd_sc_hd__xnor2_1)
                  0.27    0.29   12.04 ^ _07770_/Y (sky130_fd_sc_hd__xnor2_1)
     1    0.01                           _02747_ (net)
                  0.27    0.00   12.04 ^ _07813_/A (sky130_fd_sc_hd__xnor2_2)
                  0.27    0.21   12.26 ^ _07813_/Y (sky130_fd_sc_hd__xnor2_2)
     3    0.02                           _02790_ (net)
                  0.27    0.00   12.26 ^ _07863_/B (sky130_fd_sc_hd__nor3_1)
                  0.08    0.11   12.36 v _07863_/Y (sky130_fd_sc_hd__nor3_1)
     1    0.00                           _02840_ (net)
                  0.08    0.00   12.36 v _07864_/B1 (sky130_fd_sc_hd__a311o_4)
                  0.12    0.49   12.85 v _07864_/X (sky130_fd_sc_hd__a311o_4)
     3    0.05                           _02841_ (net)
                  0.12    0.01   12.86 v _07917_/A (sky130_fd_sc_hd__clkbuf_2)
                  0.09    0.20   13.06 v _07917_/X (sky130_fd_sc_hd__clkbuf_2)
     5    0.02                           _02884_ (net)
                  0.09    0.00   13.06 v _07939_/A (sky130_fd_sc_hd__nor2_2)
                  0.20    0.22   13.29 ^ _07939_/Y (sky130_fd_sc_hd__nor2_2)
     1    0.02                           _02902_ (net)
                  0.20    0.00   13.29 ^ _07941_/B1 (sky130_fd_sc_hd__o221a_1)
                  0.06    0.23   13.51 ^ _07941_/X (sky130_fd_sc_hd__o221a_1)
     1    0.00                           _00090_ (net)
                  0.06    0.00   13.51 ^ _10708_/D (sky130_fd_sc_hd__dfxtp_1)
                                 13.51   data arrival time

                         20.00   20.00   clock clock (rise edge)
                          0.00   20.00   clock source latency
                  0.31    0.21   20.21 ^ clock (in)
     1    0.07                           clock (net)
                  0.31    0.00   20.21 ^ clkbuf_0_clock/A (sky130_fd_sc_hd__clkbuf_16)
                  0.05    0.20   20.41 ^ clkbuf_0_clock/X (sky130_fd_sc_hd__clkbuf_16)
     2    0.02                           clknet_0_clock (net)
                  0.05    0.00   20.41 ^ clkbuf_1_1_0_clock/A (sky130_fd_sc_hd__clkbuf_2)
                  0.19    0.20   20.61 ^ clkbuf_1_1_0_clock/X (sky130_fd_sc_hd__clkbuf_2)
     2    0.03                           clknet_1_1_0_clock (net)
                  0.19    0.00   20.61 ^ clkbuf_2_3_0_clock/A (sky130_fd_sc_hd__clkbuf_2)
                  0.11    0.19   20.80 ^ clkbuf_2_3_0_clock/X (sky130_fd_sc_hd__clkbuf_2)
     2    0.02                           clknet_2_3_0_clock (net)
                  0.11    0.00   20.80 ^ clkbuf_3_6_0_clock/A (sky130_fd_sc_hd__clkbuf_2)
                  0.60    0.49   21.28 ^ clkbuf_3_6_0_clock/X (sky130_fd_sc_hd__clkbuf_2)
     8    0.11                           clknet_3_6_0_clock (net)
                  0.60    0.00   21.28 ^ clkbuf_leaf_10_clock/A (sky130_fd_sc_hd__clkbuf_16)
                  0.07    0.26   21.54 ^ clkbuf_leaf_10_clock/X (sky130_fd_sc_hd__clkbuf_16)
    10    0.03                           clknet_leaf_10_clock (net)
                  0.07    0.00   21.54 ^ _10708_/CLK (sky130_fd_sc_hd__dfxtp_1)
                         -0.25   21.29   clock uncertainty
                          0.04   21.33   clock reconvergence pessimism
                         -0.05   21.28   library setup time
                                 21.28   data required time
-----------------------------------------------------------------------------
                                 21.28   data required time
                                -13.51   data arrival time
-----------------------------------------------------------------------------
                                  7.77   slack (MET)


Startpoint: _10999_ (rising edge-triggered flip-flop clocked by clock)
Endpoint: _10699_ (rising edge-triggered flip-flop clocked by clock)
Path Group: clock
Path Type: max

Fanout     Cap    Slew   Delay    Time   Description
-----------------------------------------------------------------------------
                          0.00    0.00   clock clock (rise edge)
                          0.00    0.00   clock source latency
                  0.31    0.23    0.23 ^ clock (in)
     1    0.07                           clock (net)
                  0.31    0.00    0.23 ^ clkbuf_0_clock/A (sky130_fd_sc_hd__clkbuf_16)
                  0.05    0.22    0.45 ^ clkbuf_0_clock/X (sky130_fd_sc_hd__clkbuf_16)
     2    0.02                           clknet_0_clock (net)
                  0.05    0.00    0.45 ^ clkbuf_1_0_0_clock/A (sky130_fd_sc_hd__clkbuf_2)
                  0.19    0.22    0.67 ^ clkbuf_1_0_0_clock/X (sky130_fd_sc_hd__clkbuf_2)
     2    0.03                           clknet_1_0_0_clock (net)
                  0.19    0.00    0.67 ^ clkbuf_2_1_0_clock/A (sky130_fd_sc_hd__clkbuf_2)
                  0.15    0.23    0.90 ^ clkbuf_2_1_0_clock/X (sky130_fd_sc_hd__clkbuf_2)
     2    0.03                           clknet_2_1_0_clock (net)
                  0.15    0.00    0.90 ^ clkbuf_3_3_0_clock/A (sky130_fd_sc_hd__clkbuf_2)
                  0.71    0.63    1.53 ^ clkbuf_3_3_0_clock/X (sky130_fd_sc_hd__clkbuf_2)
    10    0.13                           clknet_3_3_0_clock (net)
                  0.71    0.00    1.53 ^ clkbuf_leaf_48_clock/A (sky130_fd_sc_hd__clkbuf_16)
                  0.06    0.28    1.82 ^ clkbuf_leaf_48_clock/X (sky130_fd_sc_hd__clkbuf_16)
     6    0.02                           clknet_leaf_48_clock (net)
                  0.06    0.00    1.82 ^ _10999_/CLK (sky130_fd_sc_hd__dfxtp_2)
                  0.08    0.38    2.20 v _10999_/Q (sky130_fd_sc_hd__dfxtp_2)
     4    0.03                           pid.sigma_old[6] (net)
                  0.08    0.00    2.20 v _06338_/A (sky130_fd_sc_hd__xnor2_4)
                  0.09    0.19    2.39 v _06338_/Y (sky130_fd_sc_hd__xnor2_4)
     3    0.02                           _01315_ (net)
                  0.09    0.00    2.39 v _06339_/A (sky130_fd_sc_hd__or3b_1)
                  0.08    0.43    2.82 v _06339_/X (sky130_fd_sc_hd__or3b_1)
     2    0.01                           _01316_ (net)
                  0.08    0.00    2.82 v _06342_/C (sky130_fd_sc_hd__or3_1)
                  0.07    0.33    3.15 v _06342_/X (sky130_fd_sc_hd__or3_1)
     1    0.00                           _01319_ (net)
                  0.07    0.00    3.15 v _06343_/B1 (sky130_fd_sc_hd__a311o_1)
                  0.09    0.39    3.54 v _06343_/X (sky130_fd_sc_hd__a311o_1)
     2    0.01                           _01320_ (net)
                  0.09    0.00    3.54 v _06347_/A3 (sky130_fd_sc_hd__a31o_2)
                  0.08    0.33    3.87 v _06347_/X (sky130_fd_sc_hd__a31o_2)
     3    0.02                           _01324_ (net)
                  0.08    0.00    3.87 v _06362_/A1 (sky130_fd_sc_hd__o311ai_4)
                  0.33    0.40    4.26 ^ _06362_/Y (sky130_fd_sc_hd__o311ai_4)
     3    0.02                           _01339_ (net)
                  0.33    0.00    4.26 ^ _06363_/B2 (sky130_fd_sc_hd__a221o_1)
                  0.08    0.24    4.50 ^ _06363_/X (sky130_fd_sc_hd__a221o_1)
     2    0.01                           _01340_ (net)
                  0.08    0.00    4.50 ^ _06365_/A3 (sky130_fd_sc_hd__a31o_2)
                  0.15    0.25    4.75 ^ _06365_/X (sky130_fd_sc_hd__a31o_2)
     2    0.02                           _01342_ (net)
                  0.15    0.00    4.75 ^ _06380_/A (sky130_fd_sc_hd__xor2_2)
                  0.10    0.12    4.87 v _06380_/X (sky130_fd_sc_hd__xor2_2)
     4    0.01                           _01357_ (net)
                  0.10    0.00    4.87 v _06382_/A (sky130_fd_sc_hd__clkbuf_2)
                  0.08    0.18    5.05 v _06382_/X (sky130_fd_sc_hd__clkbuf_2)
     5    0.02                           _01359_ (net)
                  0.08    0.00    5.05 v _06398_/C (sky130_fd_sc_hd__or3_1)
                  0.08    0.35    5.40 v _06398_/X (sky130_fd_sc_hd__or3_1)
     2    0.01                           _01375_ (net)
                  0.08    0.00    5.40 v _06598_/B1 (sky130_fd_sc_hd__o2111a_1)
                  0.07    0.18    5.58 v _06598_/X (sky130_fd_sc_hd__o2111a_1)
     2    0.01                           _01575_ (net)
                  0.07    0.00    5.58 v _06599_/B1 (sky130_fd_sc_hd__a31o_1)
                  0.09    0.25    5.84 v _06599_/X (sky130_fd_sc_hd__a31o_1)
     4    0.02                           _01576_ (net)
                  0.09    0.00    5.84 v _06601_/B (sky130_fd_sc_hd__and3_1)
                  0.05    0.20    6.04 v _06601_/X (sky130_fd_sc_hd__and3_1)
     2    0.01                           _01578_ (net)
                  0.05    0.00    6.04 v _06603_/B (sky130_fd_sc_hd__or3_1)
                  0.10    0.40    6.44 v _06603_/X (sky130_fd_sc_hd__or3_1)
     3    0.01                           _01580_ (net)
                  0.10    0.00    6.44 v _06610_/C (sky130_fd_sc_hd__and3_1)
                  0.04    0.22    6.66 v _06610_/X (sky130_fd_sc_hd__and3_1)
     2    0.00                           _01587_ (net)
                  0.04    0.00    6.66 v _06633_/A (sky130_fd_sc_hd__or3b_1)
                  0.09    0.43    7.09 v _06633_/X (sky130_fd_sc_hd__or3b_1)
     3    0.01                           _01610_ (net)
                  0.09    0.00    7.09 v _06646_/A1 (sky130_fd_sc_hd__a21o_1)
                  0.04    0.19    7.28 v _06646_/X (sky130_fd_sc_hd__a21o_1)
     2    0.01                           _01623_ (net)
                  0.04    0.00    7.28 v _06650_/A2 (sky130_fd_sc_hd__a21o_1)
                  0.06    0.21    7.49 v _06650_/X (sky130_fd_sc_hd__a21o_1)
     3    0.01                           _01627_ (net)
                  0.06    0.00    7.49 v _06652_/A2 (sky130_fd_sc_hd__a21bo_1)
                  0.06    0.23    7.72 v _06652_/X (sky130_fd_sc_hd__a21bo_1)
     2    0.01                           _01629_ (net)
                  0.06    0.00    7.72 v _06654_/A2 (sky130_fd_sc_hd__a21o_1)
                  0.06    0.22    7.93 v _06654_/X (sky130_fd_sc_hd__a21o_1)
     2    0.01                           _01631_ (net)
                  0.06    0.00    7.93 v _06656_/A2 (sky130_fd_sc_hd__a21o_1)
                  0.09    0.25    8.18 v _06656_/X (sky130_fd_sc_hd__a21o_1)
     4    0.02                           _01633_ (net)
                  0.09    0.00    8.18 v _06699_/A1 (sky130_fd_sc_hd__a21oi_1)
                  0.24    0.24    8.43 ^ _06699_/Y (sky130_fd_sc_hd__a21oi_1)
     1    0.01                           _01676_ (net)
                  0.24    0.00    8.43 ^ _06700_/B (sky130_fd_sc_hd__xnor2_2)
                  0.09    0.13    8.56 v _06700_/Y (sky130_fd_sc_hd__xnor2_2)
     2    0.01                           _01677_ (net)
                  0.09    0.00    8.56 v _06731_/B (sky130_fd_sc_hd__xor2_2)
                  0.09    0.19    8.75 v _06731_/X (sky130_fd_sc_hd__xor2_2)
     2    0.01                           _01708_ (net)
                  0.09    0.00    8.75 v _06733_/A (sky130_fd_sc_hd__xnor2_2)
                  0.29    0.31    9.06 ^ _06733_/Y (sky130_fd_sc_hd__xnor2_2)
     2    0.02                           _01710_ (net)
                  0.29    0.00    9.06 ^ _06735_/A2 (sky130_fd_sc_hd__a21o_1)
                  0.12    0.24    9.29 ^ _06735_/X (sky130_fd_sc_hd__a21o_1)
     2    0.01                           _01712_ (net)
                  0.12    0.00    9.29 ^ _06737_/A2 (sky130_fd_sc_hd__a21o_1)
                  0.18    0.24    9.54 ^ _06737_/X (sky130_fd_sc_hd__a21o_1)
     2    0.02                           _01714_ (net)
                  0.18    0.00    9.54 ^ _06929_/B (sky130_fd_sc_hd__xor2_4)
                  0.28    0.31    9.85 ^ _06929_/X (sky130_fd_sc_hd__xor2_4)
     2    0.04                           _01906_ (net)
                  0.28    0.00    9.85 ^ _06930_/B (sky130_fd_sc_hd__xor2_4)
                  0.24    0.28   10.13 ^ _06930_/X (sky130_fd_sc_hd__xor2_4)
     2    0.03                           _01907_ (net)
                  0.24    0.00   10.13 ^ _06935_/A (sky130_fd_sc_hd__xnor2_4)
                  0.22    0.19   10.32 ^ _06935_/Y (sky130_fd_sc_hd__xnor2_4)
     2    0.02                           _01912_ (net)
                  0.22    0.00   10.32 ^ _06942_/A (sky130_fd_sc_hd__xor2_4)
                  0.20    0.25   10.57 ^ _06942_/X (sky130_fd_sc_hd__xor2_4)
     2    0.02                           _01919_ (net)
                  0.20    0.00   10.57 ^ _06963_/A1 (sky130_fd_sc_hd__a21o_2)
                  0.12    0.24   10.80 ^ _06963_/X (sky130_fd_sc_hd__a21o_2)
     2    0.02                           _01940_ (net)
                  0.12    0.00   10.80 ^ _06965_/A2 (sky130_fd_sc_hd__a21o_1)
                  0.19    0.25   11.06 ^ _06965_/X (sky130_fd_sc_hd__a21o_1)
     2    0.02                           _01942_ (net)
                  0.19    0.00   11.06 ^ _06967_/A2 (sky130_fd_sc_hd__a21o_1)
                  0.18    0.26   11.32 ^ _06967_/X (sky130_fd_sc_hd__a21o_1)
     2    0.02                           _01944_ (net)
                  0.18    0.00   11.32 ^ _06968_/B (sky130_fd_sc_hd__xor2_4)
                  0.24    0.27   11.59 ^ _06968_/X (sky130_fd_sc_hd__xor2_4)
     2    0.03                           _01945_ (net)
                  0.24    0.00   11.59 ^ _07765_/A2 (sky130_fd_sc_hd__a21oi_1)
                  0.10    0.16   11.75 v _07765_/Y (sky130_fd_sc_hd__a21oi_1)
     1    0.01                           _02742_ (net)
                  0.10    0.00   11.75 v _07770_/A (sky130_fd_sc_hd__xnor2_1)
                  0.27    0.29   12.04 ^ _07770_/Y (sky130_fd_sc_hd__xnor2_1)
     1    0.01                           _02747_ (net)
                  0.27    0.00   12.04 ^ _07813_/A (sky130_fd_sc_hd__xnor2_2)
                  0.27    0.21   12.26 ^ _07813_/Y (sky130_fd_sc_hd__xnor2_2)
     3    0.02                           _02790_ (net)
                  0.27    0.00   12.26 ^ _07863_/B (sky130_fd_sc_hd__nor3_1)
                  0.08    0.11   12.36 v _07863_/Y (sky130_fd_sc_hd__nor3_1)
     1    0.00                           _02840_ (net)
                  0.08    0.00   12.36 v _07864_/B1 (sky130_fd_sc_hd__a311o_4)
                  0.12    0.49   12.85 v _07864_/X (sky130_fd_sc_hd__a311o_4)
     3    0.05                           _02841_ (net)
                  0.12    0.01   12.86 v _07891_/A (sky130_fd_sc_hd__clkbuf_2)
                  0.09    0.20   13.06 v _07891_/X (sky130_fd_sc_hd__clkbuf_2)
     5    0.02                           _02863_ (net)
                  0.09    0.00   13.06 v _07894_/A (sky130_fd_sc_hd__nor2_2)
                  0.23    0.25   13.31 ^ _07894_/Y (sky130_fd_sc_hd__nor2_2)
     1    0.02                           _02866_ (net)
                  0.23    0.00   13.31 ^ _07898_/B1 (sky130_fd_sc_hd__o221a_1)
                  0.08    0.26   13.56 ^ _07898_/X (sky130_fd_sc_hd__o221a_1)
     1    0.01                           _00081_ (net)
                  0.08    0.00   13.56 ^ _10699_/D (sky130_fd_sc_hd__dfxtp_1)
                                 13.56   data arrival time

                         20.00   20.00   clock clock (rise edge)
                          0.00   20.00   clock source latency
                  0.31    0.21   20.21 ^ clock (in)
     1    0.07                           clock (net)
                  0.31    0.00   20.21 ^ clkbuf_0_clock/A (sky130_fd_sc_hd__clkbuf_16)
                  0.05    0.20   20.41 ^ clkbuf_0_clock/X (sky130_fd_sc_hd__clkbuf_16)
     2    0.02                           clknet_0_clock (net)
                  0.05    0.00   20.41 ^ clkbuf_1_0_0_clock/A (sky130_fd_sc_hd__clkbuf_2)
                  0.19    0.20   20.60 ^ clkbuf_1_0_0_clock/X (sky130_fd_sc_hd__clkbuf_2)
     2    0.03                           clknet_1_0_0_clock (net)
                  0.19    0.00   20.60 ^ clkbuf_2_0_0_clock/A (sky130_fd_sc_hd__clkbuf_2)
                  0.12    0.19   20.80 ^ clkbuf_2_0_0_clock/X (sky130_fd_sc_hd__clkbuf_2)
     2    0.02                           clknet_2_0_0_clock (net)
                  0.12    0.00   20.80 ^ clkbuf_3_1_0_clock/A (sky130_fd_sc_hd__clkbuf_2)
                  0.79    0.61   21.41 ^ clkbuf_3_1_0_clock/X (sky130_fd_sc_hd__clkbuf_2)
    11    0.15                           clknet_3_1_0_clock (net)
                  0.79    0.00   21.41 ^ clkbuf_leaf_6_clock/A (sky130_fd_sc_hd__clkbuf_16)
                  0.06    0.26   21.68 ^ clkbuf_leaf_6_clock/X (sky130_fd_sc_hd__clkbuf_16)
     5    0.02                           clknet_leaf_6_clock (net)
                  0.06    0.00   21.68 ^ _10699_/CLK (sky130_fd_sc_hd__dfxtp_1)
                         -0.25   21.43   clock uncertainty
                          0.06   21.49   clock reconvergence pessimism
                         -0.06   21.43   library setup time
                                 21.43   data required time
-----------------------------------------------------------------------------
                                 21.43   data required time
                                -13.56   data arrival time
-----------------------------------------------------------------------------
                                  7.87   slack (MET)


Startpoint: _10999_ (rising edge-triggered flip-flop clocked by clock)
Endpoint: _10700_ (rising edge-triggered flip-flop clocked by clock)
Path Group: clock
Path Type: max

Fanout     Cap    Slew   Delay    Time   Description
-----------------------------------------------------------------------------
                          0.00    0.00   clock clock (rise edge)
                          0.00    0.00   clock source latency
                  0.31    0.23    0.23 ^ clock (in)
     1    0.07                           clock (net)
                  0.31    0.00    0.23 ^ clkbuf_0_clock/A (sky130_fd_sc_hd__clkbuf_16)
                  0.05    0.22    0.45 ^ clkbuf_0_clock/X (sky130_fd_sc_hd__clkbuf_16)
     2    0.02                           clknet_0_clock (net)
                  0.05    0.00    0.45 ^ clkbuf_1_0_0_clock/A (sky130_fd_sc_hd__clkbuf_2)
                  0.19    0.22    0.67 ^ clkbuf_1_0_0_clock/X (sky130_fd_sc_hd__clkbuf_2)
     2    0.03                           clknet_1_0_0_clock (net)
                  0.19    0.00    0.67 ^ clkbuf_2_1_0_clock/A (sky130_fd_sc_hd__clkbuf_2)
                  0.15    0.23    0.90 ^ clkbuf_2_1_0_clock/X (sky130_fd_sc_hd__clkbuf_2)
     2    0.03                           clknet_2_1_0_clock (net)
                  0.15    0.00    0.90 ^ clkbuf_3_3_0_clock/A (sky130_fd_sc_hd__clkbuf_2)
                  0.71    0.63    1.53 ^ clkbuf_3_3_0_clock/X (sky130_fd_sc_hd__clkbuf_2)
    10    0.13                           clknet_3_3_0_clock (net)
                  0.71    0.00    1.53 ^ clkbuf_leaf_48_clock/A (sky130_fd_sc_hd__clkbuf_16)
                  0.06    0.28    1.82 ^ clkbuf_leaf_48_clock/X (sky130_fd_sc_hd__clkbuf_16)
     6    0.02                           clknet_leaf_48_clock (net)
                  0.06    0.00    1.82 ^ _10999_/CLK (sky130_fd_sc_hd__dfxtp_2)
                  0.08    0.38    2.20 v _10999_/Q (sky130_fd_sc_hd__dfxtp_2)
     4    0.03                           pid.sigma_old[6] (net)
                  0.08    0.00    2.20 v _06338_/A (sky130_fd_sc_hd__xnor2_4)
                  0.09    0.19    2.39 v _06338_/Y (sky130_fd_sc_hd__xnor2_4)
     3    0.02                           _01315_ (net)
                  0.09    0.00    2.39 v _06339_/A (sky130_fd_sc_hd__or3b_1)
                  0.08    0.43    2.82 v _06339_/X (sky130_fd_sc_hd__or3b_1)
     2    0.01                           _01316_ (net)
                  0.08    0.00    2.82 v _06342_/C (sky130_fd_sc_hd__or3_1)
                  0.07    0.33    3.15 v _06342_/X (sky130_fd_sc_hd__or3_1)
     1    0.00                           _01319_ (net)
                  0.07    0.00    3.15 v _06343_/B1 (sky130_fd_sc_hd__a311o_1)
                  0.09    0.39    3.54 v _06343_/X (sky130_fd_sc_hd__a311o_1)
     2    0.01                           _01320_ (net)
                  0.09    0.00    3.54 v _06347_/A3 (sky130_fd_sc_hd__a31o_2)
                  0.08    0.33    3.87 v _06347_/X (sky130_fd_sc_hd__a31o_2)
     3    0.02                           _01324_ (net)
                  0.08    0.00    3.87 v _06362_/A1 (sky130_fd_sc_hd__o311ai_4)
                  0.33    0.40    4.26 ^ _06362_/Y (sky130_fd_sc_hd__o311ai_4)
     3    0.02                           _01339_ (net)
                  0.33    0.00    4.26 ^ _06363_/B2 (sky130_fd_sc_hd__a221o_1)
                  0.08    0.24    4.50 ^ _06363_/X (sky130_fd_sc_hd__a221o_1)
     2    0.01                           _01340_ (net)
                  0.08    0.00    4.50 ^ _06365_/A3 (sky130_fd_sc_hd__a31o_2)
                  0.15    0.25    4.75 ^ _06365_/X (sky130_fd_sc_hd__a31o_2)
     2    0.02                           _01342_ (net)
                  0.15    0.00    4.75 ^ _06380_/A (sky130_fd_sc_hd__xor2_2)
                  0.10    0.12    4.87 v _06380_/X (sky130_fd_sc_hd__xor2_2)
     4    0.01                           _01357_ (net)
                  0.10    0.00    4.87 v _06382_/A (sky130_fd_sc_hd__clkbuf_2)
                  0.08    0.18    5.05 v _06382_/X (sky130_fd_sc_hd__clkbuf_2)
     5    0.02                           _01359_ (net)
                  0.08    0.00    5.05 v _06398_/C (sky130_fd_sc_hd__or3_1)
                  0.08    0.35    5.40 v _06398_/X (sky130_fd_sc_hd__or3_1)
     2    0.01                           _01375_ (net)
                  0.08    0.00    5.40 v _06598_/B1 (sky130_fd_sc_hd__o2111a_1)
                  0.07    0.18    5.58 v _06598_/X (sky130_fd_sc_hd__o2111a_1)
     2    0.01                           _01575_ (net)
                  0.07    0.00    5.58 v _06599_/B1 (sky130_fd_sc_hd__a31o_1)
                  0.09    0.25    5.84 v _06599_/X (sky130_fd_sc_hd__a31o_1)
     4    0.02                           _01576_ (net)
                  0.09    0.00    5.84 v _06601_/B (sky130_fd_sc_hd__and3_1)
                  0.05    0.20    6.04 v _06601_/X (sky130_fd_sc_hd__and3_1)
     2    0.01                           _01578_ (net)
                  0.05    0.00    6.04 v _06603_/B (sky130_fd_sc_hd__or3_1)
                  0.10    0.40    6.44 v _06603_/X (sky130_fd_sc_hd__or3_1)
     3    0.01                           _01580_ (net)
                  0.10    0.00    6.44 v _06610_/C (sky130_fd_sc_hd__and3_1)
                  0.04    0.22    6.66 v _06610_/X (sky130_fd_sc_hd__and3_1)
     2    0.00                           _01587_ (net)
                  0.04    0.00    6.66 v _06633_/A (sky130_fd_sc_hd__or3b_1)
                  0.09    0.43    7.09 v _06633_/X (sky130_fd_sc_hd__or3b_1)
     3    0.01                           _01610_ (net)
                  0.09    0.00    7.09 v _06646_/A1 (sky130_fd_sc_hd__a21o_1)
                  0.04    0.19    7.28 v _06646_/X (sky130_fd_sc_hd__a21o_1)
     2    0.01                           _01623_ (net)
                  0.04    0.00    7.28 v _06650_/A2 (sky130_fd_sc_hd__a21o_1)
                  0.06    0.21    7.49 v _06650_/X (sky130_fd_sc_hd__a21o_1)
     3    0.01                           _01627_ (net)
                  0.06    0.00    7.49 v _06652_/A2 (sky130_fd_sc_hd__a21bo_1)
                  0.06    0.23    7.72 v _06652_/X (sky130_fd_sc_hd__a21bo_1)
     2    0.01                           _01629_ (net)
                  0.06    0.00    7.72 v _06654_/A2 (sky130_fd_sc_hd__a21o_1)
                  0.06    0.22    7.93 v _06654_/X (sky130_fd_sc_hd__a21o_1)
     2    0.01                           _01631_ (net)
                  0.06    0.00    7.93 v _06656_/A2 (sky130_fd_sc_hd__a21o_1)
                  0.09    0.25    8.18 v _06656_/X (sky130_fd_sc_hd__a21o_1)
     4    0.02                           _01633_ (net)
                  0.09    0.00    8.18 v _06699_/A1 (sky130_fd_sc_hd__a21oi_1)
                  0.24    0.24    8.43 ^ _06699_/Y (sky130_fd_sc_hd__a21oi_1)
     1    0.01                           _01676_ (net)
                  0.24    0.00    8.43 ^ _06700_/B (sky130_fd_sc_hd__xnor2_2)
                  0.09    0.13    8.56 v _06700_/Y (sky130_fd_sc_hd__xnor2_2)
     2    0.01                           _01677_ (net)
                  0.09    0.00    8.56 v _06731_/B (sky130_fd_sc_hd__xor2_2)
                  0.09    0.19    8.75 v _06731_/X (sky130_fd_sc_hd__xor2_2)
     2    0.01                           _01708_ (net)
                  0.09    0.00    8.75 v _06733_/A (sky130_fd_sc_hd__xnor2_2)
                  0.29    0.31    9.06 ^ _06733_/Y (sky130_fd_sc_hd__xnor2_2)
     2    0.02                           _01710_ (net)
                  0.29    0.00    9.06 ^ _06735_/A2 (sky130_fd_sc_hd__a21o_1)
                  0.12    0.24    9.29 ^ _06735_/X (sky130_fd_sc_hd__a21o_1)
     2    0.01                           _01712_ (net)
                  0.12    0.00    9.29 ^ _06737_/A2 (sky130_fd_sc_hd__a21o_1)
                  0.18    0.24    9.54 ^ _06737_/X (sky130_fd_sc_hd__a21o_1)
     2    0.02                           _01714_ (net)
                  0.18    0.00    9.54 ^ _06929_/B (sky130_fd_sc_hd__xor2_4)
                  0.28    0.31    9.85 ^ _06929_/X (sky130_fd_sc_hd__xor2_4)
     2    0.04                           _01906_ (net)
                  0.28    0.00    9.85 ^ _06930_/B (sky130_fd_sc_hd__xor2_4)
                  0.24    0.28   10.13 ^ _06930_/X (sky130_fd_sc_hd__xor2_4)
     2    0.03                           _01907_ (net)
                  0.24    0.00   10.13 ^ _06935_/A (sky130_fd_sc_hd__xnor2_4)
                  0.22    0.19   10.32 ^ _06935_/Y (sky130_fd_sc_hd__xnor2_4)
     2    0.02                           _01912_ (net)
                  0.22    0.00   10.32 ^ _06942_/A (sky130_fd_sc_hd__xor2_4)
                  0.20    0.25   10.57 ^ _06942_/X (sky130_fd_sc_hd__xor2_4)
     2    0.02                           _01919_ (net)
                  0.20    0.00   10.57 ^ _06963_/A1 (sky130_fd_sc_hd__a21o_2)
                  0.12    0.24   10.80 ^ _06963_/X (sky130_fd_sc_hd__a21o_2)
     2    0.02                           _01940_ (net)
                  0.12    0.00   10.80 ^ _06965_/A2 (sky130_fd_sc_hd__a21o_1)
                  0.19    0.25   11.06 ^ _06965_/X (sky130_fd_sc_hd__a21o_1)
     2    0.02                           _01942_ (net)
                  0.19    0.00   11.06 ^ _06967_/A2 (sky130_fd_sc_hd__a21o_1)
                  0.18    0.26   11.32 ^ _06967_/X (sky130_fd_sc_hd__a21o_1)
     2    0.02                           _01944_ (net)
                  0.18    0.00   11.32 ^ _06968_/B (sky130_fd_sc_hd__xor2_4)
                  0.24    0.27   11.59 ^ _06968_/X (sky130_fd_sc_hd__xor2_4)
     2    0.03                           _01945_ (net)
                  0.24    0.00   11.59 ^ _07765_/A2 (sky130_fd_sc_hd__a21oi_1)
                  0.10    0.16   11.75 v _07765_/Y (sky130_fd_sc_hd__a21oi_1)
     1    0.01                           _02742_ (net)
                  0.10    0.00   11.75 v _07770_/A (sky130_fd_sc_hd__xnor2_1)
                  0.27    0.29   12.04 ^ _07770_/Y (sky130_fd_sc_hd__xnor2_1)
     1    0.01                           _02747_ (net)
                  0.27    0.00   12.04 ^ _07813_/A (sky130_fd_sc_hd__xnor2_2)
                  0.27    0.21   12.26 ^ _07813_/Y (sky130_fd_sc_hd__xnor2_2)
     3    0.02                           _02790_ (net)
                  0.27    0.00   12.26 ^ _07863_/B (sky130_fd_sc_hd__nor3_1)
                  0.08    0.11   12.36 v _07863_/Y (sky130_fd_sc_hd__nor3_1)
     1    0.00                           _02840_ (net)
                  0.08    0.00   12.36 v _07864_/B1 (sky130_fd_sc_hd__a311o_4)
                  0.12    0.49   12.85 v _07864_/X (sky130_fd_sc_hd__a311o_4)
     3    0.05                           _02841_ (net)
                  0.12    0.01   12.86 v _07891_/A (sky130_fd_sc_hd__clkbuf_2)
                  0.09    0.20   13.06 v _07891_/X (sky130_fd_sc_hd__clkbuf_2)
     5    0.02                           _02863_ (net)
                  0.09    0.00   13.06 v _07900_/A (sky130_fd_sc_hd__nor2_2)
                  0.23    0.25   13.31 ^ _07900_/Y (sky130_fd_sc_hd__nor2_2)
     1    0.02                           _02871_ (net)
                  0.23    0.00   13.31 ^ _07902_/B1 (sky130_fd_sc_hd__o221a_1)
                  0.05    0.23   13.54 ^ _07902_/X (sky130_fd_sc_hd__o221a_1)
     1    0.00                           _00082_ (net)
                  0.05    0.00   13.54 ^ _10700_/D (sky130_fd_sc_hd__dfxtp_1)
                                 13.54   data arrival time

                         20.00   20.00   clock clock (rise edge)
                          0.00   20.00   clock source latency
                  0.31    0.21   20.21 ^ clock (in)
     1    0.07                           clock (net)
                  0.31    0.00   20.21 ^ clkbuf_0_clock/A (sky130_fd_sc_hd__clkbuf_16)
                  0.05    0.20   20.41 ^ clkbuf_0_clock/X (sky130_fd_sc_hd__clkbuf_16)
     2    0.02                           clknet_0_clock (net)
                  0.05    0.00   20.41 ^ clkbuf_1_0_0_clock/A (sky130_fd_sc_hd__clkbuf_2)
                  0.19    0.20   20.60 ^ clkbuf_1_0_0_clock/X (sky130_fd_sc_hd__clkbuf_2)
     2    0.03                           clknet_1_0_0_clock (net)
                  0.19    0.00   20.60 ^ clkbuf_2_0_0_clock/A (sky130_fd_sc_hd__clkbuf_2)
                  0.12    0.19   20.80 ^ clkbuf_2_0_0_clock/X (sky130_fd_sc_hd__clkbuf_2)
     2    0.02                           clknet_2_0_0_clock (net)
                  0.12    0.00   20.80 ^ clkbuf_3_1_0_clock/A (sky130_fd_sc_hd__clkbuf_2)
                  0.79    0.61   21.41 ^ clkbuf_3_1_0_clock/X (sky130_fd_sc_hd__clkbuf_2)
    11    0.15                           clknet_3_1_0_clock (net)
                  0.79    0.00   21.41 ^ clkbuf_leaf_6_clock/A (sky130_fd_sc_hd__clkbuf_16)
                  0.06    0.26   21.68 ^ clkbuf_leaf_6_clock/X (sky130_fd_sc_hd__clkbuf_16)
     5    0.02                           clknet_leaf_6_clock (net)
                  0.06    0.00   21.68 ^ _10700_/CLK (sky130_fd_sc_hd__dfxtp_1)
                         -0.25   21.43   clock uncertainty
                          0.06   21.49   clock reconvergence pessimism
                         -0.05   21.44   library setup time
                                 21.44   data required time
-----------------------------------------------------------------------------
                                 21.44   data required time
                                -13.54   data arrival time
-----------------------------------------------------------------------------
                                  7.89   slack (MET)


Startpoint: _10999_ (rising edge-triggered flip-flop clocked by clock)
Endpoint: _10702_ (rising edge-triggered flip-flop clocked by clock)
Path Group: clock
Path Type: max

Fanout     Cap    Slew   Delay    Time   Description
-----------------------------------------------------------------------------
                          0.00    0.00   clock clock (rise edge)
                          0.00    0.00   clock source latency
                  0.31    0.23    0.23 ^ clock (in)
     1    0.07                           clock (net)
                  0.31    0.00    0.23 ^ clkbuf_0_clock/A (sky130_fd_sc_hd__clkbuf_16)
                  0.05    0.22    0.45 ^ clkbuf_0_clock/X (sky130_fd_sc_hd__clkbuf_16)
     2    0.02                           clknet_0_clock (net)
                  0.05    0.00    0.45 ^ clkbuf_1_0_0_clock/A (sky130_fd_sc_hd__clkbuf_2)
                  0.19    0.22    0.67 ^ clkbuf_1_0_0_clock/X (sky130_fd_sc_hd__clkbuf_2)
     2    0.03                           clknet_1_0_0_clock (net)
                  0.19    0.00    0.67 ^ clkbuf_2_1_0_clock/A (sky130_fd_sc_hd__clkbuf_2)
                  0.15    0.23    0.90 ^ clkbuf_2_1_0_clock/X (sky130_fd_sc_hd__clkbuf_2)
     2    0.03                           clknet_2_1_0_clock (net)
                  0.15    0.00    0.90 ^ clkbuf_3_3_0_clock/A (sky130_fd_sc_hd__clkbuf_2)
                  0.71    0.63    1.53 ^ clkbuf_3_3_0_clock/X (sky130_fd_sc_hd__clkbuf_2)
    10    0.13                           clknet_3_3_0_clock (net)
                  0.71    0.00    1.53 ^ clkbuf_leaf_48_clock/A (sky130_fd_sc_hd__clkbuf_16)
                  0.06    0.28    1.82 ^ clkbuf_leaf_48_clock/X (sky130_fd_sc_hd__clkbuf_16)
     6    0.02                           clknet_leaf_48_clock (net)
                  0.06    0.00    1.82 ^ _10999_/CLK (sky130_fd_sc_hd__dfxtp_2)
                  0.08    0.38    2.20 v _10999_/Q (sky130_fd_sc_hd__dfxtp_2)
     4    0.03                           pid.sigma_old[6] (net)
                  0.08    0.00    2.20 v _06338_/A (sky130_fd_sc_hd__xnor2_4)
                  0.09    0.19    2.39 v _06338_/Y (sky130_fd_sc_hd__xnor2_4)
     3    0.02                           _01315_ (net)
                  0.09    0.00    2.39 v _06339_/A (sky130_fd_sc_hd__or3b_1)
                  0.08    0.43    2.82 v _06339_/X (sky130_fd_sc_hd__or3b_1)
     2    0.01                           _01316_ (net)
                  0.08    0.00    2.82 v _06342_/C (sky130_fd_sc_hd__or3_1)
                  0.07    0.33    3.15 v _06342_/X (sky130_fd_sc_hd__or3_1)
     1    0.00                           _01319_ (net)
                  0.07    0.00    3.15 v _06343_/B1 (sky130_fd_sc_hd__a311o_1)
                  0.09    0.39    3.54 v _06343_/X (sky130_fd_sc_hd__a311o_1)
     2    0.01                           _01320_ (net)
                  0.09    0.00    3.54 v _06347_/A3 (sky130_fd_sc_hd__a31o_2)
                  0.08    0.33    3.87 v _06347_/X (sky130_fd_sc_hd__a31o_2)
     3    0.02                           _01324_ (net)
                  0.08    0.00    3.87 v _06362_/A1 (sky130_fd_sc_hd__o311ai_4)
                  0.33    0.40    4.26 ^ _06362_/Y (sky130_fd_sc_hd__o311ai_4)
     3    0.02                           _01339_ (net)
                  0.33    0.00    4.26 ^ _06363_/B2 (sky130_fd_sc_hd__a221o_1)
                  0.08    0.24    4.50 ^ _06363_/X (sky130_fd_sc_hd__a221o_1)
     2    0.01                           _01340_ (net)
                  0.08    0.00    4.50 ^ _06365_/A3 (sky130_fd_sc_hd__a31o_2)
                  0.15    0.25    4.75 ^ _06365_/X (sky130_fd_sc_hd__a31o_2)
     2    0.02                           _01342_ (net)
                  0.15    0.00    4.75 ^ _06380_/A (sky130_fd_sc_hd__xor2_2)
                  0.10    0.12    4.87 v _06380_/X (sky130_fd_sc_hd__xor2_2)
     4    0.01                           _01357_ (net)
                  0.10    0.00    4.87 v _06382_/A (sky130_fd_sc_hd__clkbuf_2)
                  0.08    0.18    5.05 v _06382_/X (sky130_fd_sc_hd__clkbuf_2)
     5    0.02                           _01359_ (net)
                  0.08    0.00    5.05 v _06398_/C (sky130_fd_sc_hd__or3_1)
                  0.08    0.35    5.40 v _06398_/X (sky130_fd_sc_hd__or3_1)
     2    0.01                           _01375_ (net)
                  0.08    0.00    5.40 v _06598_/B1 (sky130_fd_sc_hd__o2111a_1)
                  0.07    0.18    5.58 v _06598_/X (sky130_fd_sc_hd__o2111a_1)
     2    0.01                           _01575_ (net)
                  0.07    0.00    5.58 v _06599_/B1 (sky130_fd_sc_hd__a31o_1)
                  0.09    0.25    5.84 v _06599_/X (sky130_fd_sc_hd__a31o_1)
     4    0.02                           _01576_ (net)
                  0.09    0.00    5.84 v _06601_/B (sky130_fd_sc_hd__and3_1)
                  0.05    0.20    6.04 v _06601_/X (sky130_fd_sc_hd__and3_1)
     2    0.01                           _01578_ (net)
                  0.05    0.00    6.04 v _06603_/B (sky130_fd_sc_hd__or3_1)
                  0.10    0.40    6.44 v _06603_/X (sky130_fd_sc_hd__or3_1)
     3    0.01                           _01580_ (net)
                  0.10    0.00    6.44 v _06610_/C (sky130_fd_sc_hd__and3_1)
                  0.04    0.22    6.66 v _06610_/X (sky130_fd_sc_hd__and3_1)
     2    0.00                           _01587_ (net)
                  0.04    0.00    6.66 v _06633_/A (sky130_fd_sc_hd__or3b_1)
                  0.09    0.43    7.09 v _06633_/X (sky130_fd_sc_hd__or3b_1)
     3    0.01                           _01610_ (net)
                  0.09    0.00    7.09 v _06646_/A1 (sky130_fd_sc_hd__a21o_1)
                  0.04    0.19    7.28 v _06646_/X (sky130_fd_sc_hd__a21o_1)
     2    0.01                           _01623_ (net)
                  0.04    0.00    7.28 v _06650_/A2 (sky130_fd_sc_hd__a21o_1)
                  0.06    0.21    7.49 v _06650_/X (sky130_fd_sc_hd__a21o_1)
     3    0.01                           _01627_ (net)
                  0.06    0.00    7.49 v _06652_/A2 (sky130_fd_sc_hd__a21bo_1)
                  0.06    0.23    7.72 v _06652_/X (sky130_fd_sc_hd__a21bo_1)
     2    0.01                           _01629_ (net)
                  0.06    0.00    7.72 v _06654_/A2 (sky130_fd_sc_hd__a21o_1)
                  0.06    0.22    7.93 v _06654_/X (sky130_fd_sc_hd__a21o_1)
     2    0.01                           _01631_ (net)
                  0.06    0.00    7.93 v _06656_/A2 (sky130_fd_sc_hd__a21o_1)
                  0.09    0.25    8.18 v _06656_/X (sky130_fd_sc_hd__a21o_1)
     4    0.02                           _01633_ (net)
                  0.09    0.00    8.18 v _06699_/A1 (sky130_fd_sc_hd__a21oi_1)
                  0.24    0.24    8.43 ^ _06699_/Y (sky130_fd_sc_hd__a21oi_1)
     1    0.01                           _01676_ (net)
                  0.24    0.00    8.43 ^ _06700_/B (sky130_fd_sc_hd__xnor2_2)
                  0.09    0.13    8.56 v _06700_/Y (sky130_fd_sc_hd__xnor2_2)
     2    0.01                           _01677_ (net)
                  0.09    0.00    8.56 v _06731_/B (sky130_fd_sc_hd__xor2_2)
                  0.09    0.19    8.75 v _06731_/X (sky130_fd_sc_hd__xor2_2)
     2    0.01                           _01708_ (net)
                  0.09    0.00    8.75 v _06733_/A (sky130_fd_sc_hd__xnor2_2)
                  0.29    0.31    9.06 ^ _06733_/Y (sky130_fd_sc_hd__xnor2_2)
     2    0.02                           _01710_ (net)
                  0.29    0.00    9.06 ^ _06735_/A2 (sky130_fd_sc_hd__a21o_1)
                  0.12    0.24    9.29 ^ _06735_/X (sky130_fd_sc_hd__a21o_1)
     2    0.01                           _01712_ (net)
                  0.12    0.00    9.29 ^ _06737_/A2 (sky130_fd_sc_hd__a21o_1)
                  0.18    0.24    9.54 ^ _06737_/X (sky130_fd_sc_hd__a21o_1)
     2    0.02                           _01714_ (net)
                  0.18    0.00    9.54 ^ _06929_/B (sky130_fd_sc_hd__xor2_4)
                  0.28    0.31    9.85 ^ _06929_/X (sky130_fd_sc_hd__xor2_4)
     2    0.04                           _01906_ (net)
                  0.28    0.00    9.85 ^ _06930_/B (sky130_fd_sc_hd__xor2_4)
                  0.24    0.28   10.13 ^ _06930_/X (sky130_fd_sc_hd__xor2_4)
     2    0.03                           _01907_ (net)
                  0.24    0.00   10.13 ^ _06935_/A (sky130_fd_sc_hd__xnor2_4)
                  0.22    0.19   10.32 ^ _06935_/Y (sky130_fd_sc_hd__xnor2_4)
     2    0.02                           _01912_ (net)
                  0.22    0.00   10.32 ^ _06942_/A (sky130_fd_sc_hd__xor2_4)
                  0.20    0.25   10.57 ^ _06942_/X (sky130_fd_sc_hd__xor2_4)
     2    0.02                           _01919_ (net)
                  0.20    0.00   10.57 ^ _06963_/A1 (sky130_fd_sc_hd__a21o_2)
                  0.12    0.24   10.80 ^ _06963_/X (sky130_fd_sc_hd__a21o_2)
     2    0.02                           _01940_ (net)
                  0.12    0.00   10.80 ^ _06965_/A2 (sky130_fd_sc_hd__a21o_1)
                  0.19    0.25   11.06 ^ _06965_/X (sky130_fd_sc_hd__a21o_1)
     2    0.02                           _01942_ (net)
                  0.19    0.00   11.06 ^ _06967_/A2 (sky130_fd_sc_hd__a21o_1)
                  0.18    0.26   11.32 ^ _06967_/X (sky130_fd_sc_hd__a21o_1)
     2    0.02                           _01944_ (net)
                  0.18    0.00   11.32 ^ _06968_/B (sky130_fd_sc_hd__xor2_4)
                  0.24    0.27   11.59 ^ _06968_/X (sky130_fd_sc_hd__xor2_4)
     2    0.03                           _01945_ (net)
                  0.24    0.00   11.59 ^ _07765_/A2 (sky130_fd_sc_hd__a21oi_1)
                  0.10    0.16   11.75 v _07765_/Y (sky130_fd_sc_hd__a21oi_1)
     1    0.01                           _02742_ (net)
                  0.10    0.00   11.75 v _07770_/A (sky130_fd_sc_hd__xnor2_1)
                  0.27    0.29   12.04 ^ _07770_/Y (sky130_fd_sc_hd__xnor2_1)
     1    0.01                           _02747_ (net)
                  0.27    0.00   12.04 ^ _07813_/A (sky130_fd_sc_hd__xnor2_2)
                  0.27    0.21   12.26 ^ _07813_/Y (sky130_fd_sc_hd__xnor2_2)
     3    0.02                           _02790_ (net)
                  0.27    0.00   12.26 ^ _07863_/B (sky130_fd_sc_hd__nor3_1)
                  0.08    0.11   12.36 v _07863_/Y (sky130_fd_sc_hd__nor3_1)
     1    0.00                           _02840_ (net)
                  0.08    0.00   12.36 v _07864_/B1 (sky130_fd_sc_hd__a311o_4)
                  0.12    0.49   12.85 v _07864_/X (sky130_fd_sc_hd__a311o_4)
     3    0.05                           _02841_ (net)
                  0.12    0.01   12.86 v _07891_/A (sky130_fd_sc_hd__clkbuf_2)
                  0.09    0.20   13.06 v _07891_/X (sky130_fd_sc_hd__clkbuf_2)
     5    0.02                           _02863_ (net)
                  0.09    0.00   13.06 v _07908_/A (sky130_fd_sc_hd__nor2_2)
                  0.22    0.24   13.30 ^ _07908_/Y (sky130_fd_sc_hd__nor2_2)
     1    0.02                           _02877_ (net)
                  0.22    0.00   13.30 ^ _07910_/B1 (sky130_fd_sc_hd__o221a_1)
                  0.06    0.24   13.54 ^ _07910_/X (sky130_fd_sc_hd__o221a_1)
     1    0.00                           _00084_ (net)
                  0.06    0.00   13.54 ^ _10702_/D (sky130_fd_sc_hd__dfxtp_1)
                                 13.54   data arrival time

                         20.00   20.00   clock clock (rise edge)
                          0.00   20.00   clock source latency
                  0.31    0.21   20.21 ^ clock (in)
     1    0.07                           clock (net)
                  0.31    0.00   20.21 ^ clkbuf_0_clock/A (sky130_fd_sc_hd__clkbuf_16)
                  0.05    0.20   20.41 ^ clkbuf_0_clock/X (sky130_fd_sc_hd__clkbuf_16)
     2    0.02                           clknet_0_clock (net)
                  0.05    0.00   20.41 ^ clkbuf_1_1_0_clock/A (sky130_fd_sc_hd__clkbuf_2)
                  0.19    0.20   20.61 ^ clkbuf_1_1_0_clock/X (sky130_fd_sc_hd__clkbuf_2)
     2    0.03                           clknet_1_1_0_clock (net)
                  0.19    0.00   20.61 ^ clkbuf_2_2_0_clock/A (sky130_fd_sc_hd__clkbuf_2)
                  0.13    0.20   20.81 ^ clkbuf_2_2_0_clock/X (sky130_fd_sc_hd__clkbuf_2)
     2    0.02                           clknet_2_2_0_clock (net)
                  0.13    0.00   20.81 ^ clkbuf_3_4_0_clock/A (sky130_fd_sc_hd__clkbuf_2)
                  0.79    0.62   21.42 ^ clkbuf_3_4_0_clock/X (sky130_fd_sc_hd__clkbuf_2)
    11    0.15                           clknet_3_4_0_clock (net)
                  0.79    0.00   21.43 ^ clkbuf_leaf_8_clock/A (sky130_fd_sc_hd__clkbuf_16)
                  0.08    0.28   21.71 ^ clkbuf_leaf_8_clock/X (sky130_fd_sc_hd__clkbuf_16)
    11    0.04                           clknet_leaf_8_clock (net)
                  0.08    0.00   21.71 ^ _10702_/CLK (sky130_fd_sc_hd__dfxtp_1)
                         -0.25   21.46   clock uncertainty
                          0.04   21.50   clock reconvergence pessimism
                         -0.05   21.45   library setup time
                                 21.45   data required time
-----------------------------------------------------------------------------
                                 21.45   data required time
                                -13.54   data arrival time
-----------------------------------------------------------------------------
                                  7.91   slack (MET)


