OpenROAD 8d53e9b018dec98fa63e907ddeb6c5406f035361 
This program is licensed under the BSD-3 license. See the LICENSE file for details.
Components of this program may be licensed under more restrictive licenses which must be honored.
[INFO ODB-0222] Reading LEF file: /home/ali112000/mpw5/UETRV-ECORE/openlane/Motor_Top/runs/Motor_Top/tmp/merged.lef
[INFO ODB-0223]     Created 13 technology layers
[INFO ODB-0224]     Created 25 technology vias
[INFO ODB-0225]     Created 441 library cells
[INFO ODB-0226] Finished LEF file:  /home/ali112000/mpw5/UETRV-ECORE/openlane/Motor_Top/runs/Motor_Top/tmp/merged.lef
[INFO ODB-0127] Reading DEF file: /home/ali112000/mpw5/UETRV-ECORE/openlane/Motor_Top/runs/Motor_Top/tmp/floorplan/3-initial_fp.def
[INFO ODB-0128] Design: Motor_Top
[INFO ODB-0130]     Created 97 pins.
[INFO ODB-0131]     Created 5759 components and 42507 component-terminals.
[INFO ODB-0133]     Created 5818 nets and 19471 connections.
[INFO ODB-0134] Finished DEF file: /home/ali112000/mpw5/UETRV-ECORE/openlane/Motor_Top/runs/Motor_Top/tmp/floorplan/3-initial_fp.def
Top-level design name: Motor_Top
Warning: Some pins weren't matched by the config file
Those are: ['io_pwm_high_en', 'io_pwm_low_en', 'io_wbs_ack_o', 'io_wbs_data_o[0]', 'io_wbs_data_o[1]', 'io_wbs_data_o[2]', 'io_wbs_data_o[3]', 'io_wbs_data_o[4]', 'io_wbs_data_o[5]', 'io_wbs_data_o[6]', 'io_wbs_data_o[7]', 'io_wbs_data_o[8]', 'io_wbs_data_o[9]', 'io_wbs_data_o[10]', 'io_wbs_data_o[11]', 'io_wbs_data_o[12]', 'io_wbs_data_o[13]', 'io_wbs_data_o[14]', 'io_wbs_data_o[15]', 'io_wbs_data_o[16]', 'io_wbs_data_o[17]', 'io_wbs_data_o[18]', 'io_wbs_data_o[19]', 'io_wbs_data_o[20]', 'io_wbs_data_o[21]', 'io_wbs_data_o[22]', 'io_wbs_data_o[23]', 'io_wbs_data_o[24]', 'io_wbs_data_o[25]', 'io_wbs_data_o[26]', 'io_wbs_data_o[27]', 'io_wbs_data_o[28]', 'io_wbs_data_o[29]', 'io_wbs_data_o[30]', 'io_wbs_data_o[31]']
Assigning random sides to the above pins
Block boundaries: 0 0 500000 500000
Writing /home/ali112000/mpw5/UETRV-ECORE/openlane/Motor_Top/runs/Motor_Top/tmp/floorplan/4-io.def...
