OpenROAD 8d53e9b018dec98fa63e907ddeb6c5406f035361 
This program is licensed under the BSD-3 license. See the LICENSE file for details.
Components of this program may be licensed under more restrictive licenses which must be honored.
[INFO ODB-0222] Reading LEF file: /home/ali112000/mpw5/UETRV-ECORE/openlane/Motor_Top/runs/Motor_Top/tmp/merged_unpadded.lef
[INFO ODB-0223]     Created 13 technology layers
[INFO ODB-0224]     Created 25 technology vias
[INFO ODB-0225]     Created 441 library cells
[INFO ODB-0226] Finished LEF file:  /home/ali112000/mpw5/UETRV-ECORE/openlane/Motor_Top/runs/Motor_Top/tmp/merged_unpadded.lef
[INFO ODB-0127] Reading DEF file: /home/ali112000/mpw5/UETRV-ECORE/openlane/Motor_Top/runs/Motor_Top/tmp/routing/15-diodes.def
[INFO ODB-0128] Design: Motor_Top
[INFO ODB-0130]     Created 99 pins.
[INFO ODB-0131]     Created 11639 components and 61919 component-terminals.
[INFO ODB-0132]     Created 2 special nets and 40008 connections.
[INFO ODB-0133]     Created 6002 nets and 21911 connections.
[INFO ODB-0134] Finished DEF file: /home/ali112000/mpw5/UETRV-ECORE/openlane/Motor_Top/runs/Motor_Top/tmp/routing/15-diodes.def
Placement Analysis
---------------------------------
total displacement       6485.6 u
average displacement        0.6 u
max displacement           12.0 u
original HPWL          190444.3 u
legalized HPWL         196354.9 u
delta HPWL                    3 %

[INFO DPL-0020] Mirrored 2978 instances
[INFO DPL-0021] HPWL before          196354.9 u
[INFO DPL-0022] HPWL after           191759.7 u
[INFO DPL-0023] HPWL delta               -2.3 %
