
===========================================================================
 report_power
============================================================================


======================= Slowest Corner =================================

Group                  Internal  Switching    Leakage      Total
                          Power      Power      Power      Power
----------------------------------------------------------------
Sequential             2.73e-03   2.24e-04   2.38e-05   2.97e-03  35.0%
Combinational          2.59e-03   2.86e-03   5.92e-05   5.52e-03  65.0%
Macro                  0.00e+00   0.00e+00   0.00e+00   0.00e+00   0.0%
Pad                    0.00e+00   0.00e+00   0.00e+00   0.00e+00   0.0%
----------------------------------------------------------------
Total                  5.32e-03   3.09e-03   8.31e-05   8.49e-03 100.0%
                          62.7%      36.4%       1.0%

======================= Typical Corner ===================================

Group                  Internal  Switching    Leakage      Total
                          Power      Power      Power      Power
----------------------------------------------------------------
Sequential             3.51e-03   2.86e-04   1.37e-08   3.79e-03  35.4%
Combinational          3.25e-03   3.67e-03   6.87e-08   6.92e-03  64.6%
Macro                  0.00e+00   0.00e+00   0.00e+00   0.00e+00   0.0%
Pad                    0.00e+00   0.00e+00   0.00e+00   0.00e+00   0.0%
----------------------------------------------------------------
Total                  6.76e-03   3.95e-03   8.24e-08   1.07e-02 100.0%
                          63.1%      36.9%       0.0%


======================= Fastest Corner =================================

Group                  Internal  Switching    Leakage      Total
                          Power      Power      Power      Power
----------------------------------------------------------------
Sequential             4.06e-03   3.40e-04   2.41e-08   4.41e-03  35.0%
Combinational          3.83e-03   4.34e-03   9.92e-08   8.17e-03  65.0%
Macro                  0.00e+00   0.00e+00   0.00e+00   0.00e+00   0.0%
Pad                    0.00e+00   0.00e+00   0.00e+00   0.00e+00   0.0%
----------------------------------------------------------------
Total                  7.90e-03   4.68e-03   1.23e-07   1.26e-02 100.0%
                          62.8%      37.2%       0.0%
