OpenROAD 8d53e9b018dec98fa63e907ddeb6c5406f035361 
This program is licensed under the BSD-3 license. See the LICENSE file for details.
Components of this program may be licensed under more restrictive licenses which must be honored.
[INFO ODB-0222] Reading LEF file: /home/ali112000/mpw5/UETRV-ECORE/openlane/Wishbone_InterConnect/runs/Wishbone_InterConnect/tmp/merged_unpadded.lef
[INFO ODB-0223]     Created 13 technology layers
[INFO ODB-0224]     Created 25 technology vias
[INFO ODB-0225]     Created 441 library cells
[INFO ODB-0226] Finished LEF file:  /home/ali112000/mpw5/UETRV-ECORE/openlane/Wishbone_InterConnect/runs/Wishbone_InterConnect/tmp/merged_unpadded.lef
[INFO ODB-0127] Reading DEF file: /home/ali112000/mpw5/UETRV-ECORE/openlane/Wishbone_InterConnect/runs/Wishbone_InterConnect/tmp/routing/15-diodes.def
[INFO ODB-0128] Design: WB_InterConnect
[INFO ODB-0130]     Created 430 pins.
[INFO ODB-0131]     Created 22195 components and 67129 component-terminals.
[INFO ODB-0132]     Created 2 special nets and 55348 connections.
[INFO ODB-0133]     Created 3381 nets and 11781 connections.
[INFO ODB-0134] Finished DEF file: /home/ali112000/mpw5/UETRV-ECORE/openlane/Wishbone_InterConnect/runs/Wishbone_InterConnect/tmp/routing/15-diodes.def
Placement Analysis
---------------------------------
total displacement      25630.0 u
average displacement        1.2 u
max displacement          120.9 u
original HPWL          335424.6 u
legalized HPWL         346571.6 u
delta HPWL                    3 %

[INFO DPL-0020] Mirrored 2165 instances
[INFO DPL-0021] HPWL before          346571.6 u
[INFO DPL-0022] HPWL after           344072.4 u
[INFO DPL-0023] HPWL delta               -0.7 %
