
===========================================================================
 report_clock_skew
============================================================================

======================== Slowest Corner ==================================

Clock clock
Latency      CRPR       Skew
_19447_/CLK ^
   4.74
_19095_/CLK ^
   2.95     -0.07       1.73


======================= Typical Corner ===================================

Clock clock
Latency      CRPR       Skew
_19447_/CLK ^
   2.63
_19095_/CLK ^
   1.70     -0.04       0.89


======================= Fastest Corner ===================================

Clock clock
Latency      CRPR       Skew
_19447_/CLK ^
   1.76
_19095_/CLK ^
   1.18     -0.03       0.55

