
===========================================================================
report_checks -path_delay max (Setup)
============================================================================
Startpoint: _18779_ (rising edge-triggered flip-flop clocked by clock)
Endpoint: io_ibus_addr[29] (output port clocked by clock)
Path Group: clock
Path Type: max

Fanout     Cap    Slew   Delay    Time   Description
-----------------------------------------------------------------------------
                  0.15    0.00    0.00   clock clock (rise edge)
                          0.00    0.00   clock network delay (ideal)
                  0.15    0.00    0.00 ^ _18779_/CLK (sky130_fd_sc_hd__dfxtp_2)
                  0.06    0.39    0.39 ^ _18779_/Q (sky130_fd_sc_hd__dfxtp_2)
     4    0.01                           _00005_ (net)
                  0.06    0.00    0.39 ^ _09408_/A (sky130_fd_sc_hd__buf_1)
                  0.23    0.22    0.61 ^ _09408_/X (sky130_fd_sc_hd__buf_1)
     5    0.02                           _03850_ (net)
                  0.23    0.00    0.62 ^ _09409_/A (sky130_fd_sc_hd__buf_1)
                  0.31    0.32    0.93 ^ _09409_/X (sky130_fd_sc_hd__buf_1)
     5    0.03                           _03851_ (net)
                  0.31    0.00    0.93 ^ _09410_/A (sky130_fd_sc_hd__buf_1)
                  0.29    0.31    1.24 ^ _09410_/X (sky130_fd_sc_hd__buf_1)
     5    0.02                           _03852_ (net)
                  0.29    0.00    1.24 ^ _09411_/A (sky130_fd_sc_hd__buf_1)
                  0.26    0.28    1.53 ^ _09411_/X (sky130_fd_sc_hd__buf_1)
     5    0.02                           _03853_ (net)
                  0.26    0.00    1.53 ^ _09412_/A (sky130_fd_sc_hd__buf_1)
                  0.23    0.26    1.79 ^ _09412_/X (sky130_fd_sc_hd__buf_1)
     5    0.02                           _03854_ (net)
                  0.23    0.00    1.80 ^ _09587_/A (sky130_fd_sc_hd__buf_1)
                  0.29    0.30    2.09 ^ _09587_/X (sky130_fd_sc_hd__buf_1)
     5    0.02                           _04029_ (net)
                  0.29    0.00    2.09 ^ _10542_/A (sky130_fd_sc_hd__buf_1)
                  0.33    0.33    2.43 ^ _10542_/X (sky130_fd_sc_hd__buf_1)
     5    0.03                           _04984_ (net)
                  0.33    0.00    2.43 ^ _10763_/S (sky130_fd_sc_hd__mux2_2)
                  0.05    0.39    2.82 v _10763_/X (sky130_fd_sc_hd__mux2_2)
     1    0.00                           _05205_ (net)
                  0.05    0.00    2.83 v _10766_/A2 (sky130_fd_sc_hd__a21o_2)
                  0.03    0.21    3.04 v _10766_/X (sky130_fd_sc_hd__a21o_2)
     1    0.00                           _05208_ (net)
                  0.03    0.00    3.04 v _10771_/A3 (sky130_fd_sc_hd__a311o_2)
                  0.05    0.38    3.43 v _10771_/X (sky130_fd_sc_hd__a311o_2)
     1    0.00                           _05213_ (net)
                  0.05    0.00    3.43 v _10772_/A3 (sky130_fd_sc_hd__a32o_2)
                  0.06    0.30    3.73 v _10772_/X (sky130_fd_sc_hd__a32o_2)
     4    0.01                           _05214_ (net)
                  0.06    0.00    3.73 v _10797_/A (sky130_fd_sc_hd__or2_2)
                  0.09    0.36    4.09 v _10797_/X (sky130_fd_sc_hd__or2_2)
     4    0.01                           _05239_ (net)
                  0.09    0.00    4.09 v _11296_/A2 (sky130_fd_sc_hd__a311o_2)
                  0.07    0.42    4.51 v _11296_/X (sky130_fd_sc_hd__a311o_2)
     3    0.01                           _05738_ (net)
                  0.07    0.00    4.51 v _11346_/A3 (sky130_fd_sc_hd__a41o_2)
                  0.06    0.32    4.83 v _11346_/X (sky130_fd_sc_hd__a41o_2)
     3    0.01                           _05788_ (net)
                  0.06    0.00    4.83 v _11348_/A2 (sky130_fd_sc_hd__a211o_2)
                  0.07    0.38    5.22 v _11348_/X (sky130_fd_sc_hd__a211o_2)
     4    0.01                           _05790_ (net)
                  0.07    0.00    5.22 v _11350_/A3 (sky130_fd_sc_hd__a311o_2)
                  0.08    0.45    5.67 v _11350_/X (sky130_fd_sc_hd__a311o_2)
     4    0.01                           _05792_ (net)
                  0.08    0.00    5.67 v _11353_/A3 (sky130_fd_sc_hd__a311o_2)
                  0.08    0.45    6.12 v _11353_/X (sky130_fd_sc_hd__a311o_2)
     4    0.01                           _05795_ (net)
                  0.08    0.00    6.12 v _11356_/A3 (sky130_fd_sc_hd__a311o_2)
                  0.08    0.45    6.57 v _11356_/X (sky130_fd_sc_hd__a311o_2)
     4    0.01                           _05798_ (net)
                  0.08    0.00    6.58 v _11359_/A3 (sky130_fd_sc_hd__a311o_2)
                  0.08    0.46    7.03 v _11359_/X (sky130_fd_sc_hd__a311o_2)
     5    0.01                           _05801_ (net)
                  0.08    0.00    7.03 v _11429_/A3 (sky130_fd_sc_hd__a32o_2)
                  0.04    0.28    7.32 v _11429_/X (sky130_fd_sc_hd__a32o_2)
     1    0.00                           _05871_ (net)
                  0.04    0.00    7.32 v _11478_/A2 (sky130_fd_sc_hd__a221o_2)
                  0.05    0.39    7.71 v _11478_/X (sky130_fd_sc_hd__a221o_2)
     1    0.00                           _05920_ (net)
                  0.05    0.00    7.71 v _11480_/C1 (sky130_fd_sc_hd__a2111o_2)
                  0.06    0.41    8.12 v _11480_/X (sky130_fd_sc_hd__a2111o_2)
     1    0.00                           _05922_ (net)
                  0.06    0.00    8.13 v _11481_/C1 (sky130_fd_sc_hd__a221o_2)
                  0.06    0.32    8.44 v _11481_/X (sky130_fd_sc_hd__a221o_2)
     2    0.00                           _05923_ (net)
                  0.06    0.00    8.45 v _11494_/A2 (sky130_fd_sc_hd__o211a_2)
                  0.04    0.24    8.69 v _11494_/X (sky130_fd_sc_hd__o211a_2)
     1    0.00                           _05936_ (net)
                  0.04    0.00    8.69 v _11495_/C (sky130_fd_sc_hd__and3_2)
                  0.07    0.25    8.94 v _11495_/X (sky130_fd_sc_hd__and3_2)
     5    0.02                           _05937_ (net)
                  0.07    0.01    8.95 v _11548_/A (sky130_fd_sc_hd__nand2_2)
                  0.06    0.08    9.02 ^ _11548_/Y (sky130_fd_sc_hd__nand2_2)
     3    0.01                           _05985_ (net)
                  0.06    0.00    9.02 ^ _11641_/A (sky130_fd_sc_hd__buf_1)
                  0.18    0.18    9.21 ^ _11641_/X (sky130_fd_sc_hd__buf_1)
     5    0.01                           _06074_ (net)
                  0.18    0.00    9.21 ^ _11642_/A (sky130_fd_sc_hd__buf_1)
                  0.21    0.23    9.44 ^ _11642_/X (sky130_fd_sc_hd__buf_1)
     5    0.02                           _06075_ (net)
                  0.21    0.00    9.45 ^ _11643_/A (sky130_fd_sc_hd__buf_1)
                  0.24    0.26    9.71 ^ _11643_/X (sky130_fd_sc_hd__buf_1)
     5    0.02                           _06076_ (net)
                  0.24    0.00    9.71 ^ _12392_/S (sky130_fd_sc_hd__mux2_2)
                  0.05    0.38   10.09 v _12392_/X (sky130_fd_sc_hd__mux2_2)
     1    0.00                           _06771_ (net)
                  0.05    0.00   10.09 v _12393_/B2 (sky130_fd_sc_hd__o221a_2)
                  0.05    0.24   10.34 v _12393_/X (sky130_fd_sc_hd__o221a_2)
     2    0.01                           _06772_ (net)
                  0.05    0.00   10.34 v _12397_/B1 (sky130_fd_sc_hd__o22a_2)
                  0.15    0.29   10.63 v _12397_/X (sky130_fd_sc_hd__o22a_2)
     1    0.03                           io_ibus_addr[29] (net)
                  0.15    0.00   10.63 v io_ibus_addr[29] (out)
                                 10.63   data arrival time

                  0.15   20.00   20.00   clock clock (rise edge)
                          0.00   20.00   clock network delay (ideal)
                         -0.25   19.75   clock uncertainty
                          0.00   19.75   clock reconvergence pessimism
                         -4.00   15.75   output external delay
                                 15.75   data required time
-----------------------------------------------------------------------------
                                 15.75   data required time
                                -10.63   data arrival time
-----------------------------------------------------------------------------
                                  5.12   slack (MET)


Startpoint: _18779_ (rising edge-triggered flip-flop clocked by clock)
Endpoint: io_ibus_addr[22] (output port clocked by clock)
Path Group: clock
Path Type: max

Fanout     Cap    Slew   Delay    Time   Description
-----------------------------------------------------------------------------
                  0.15    0.00    0.00   clock clock (rise edge)
                          0.00    0.00   clock network delay (ideal)
                  0.15    0.00    0.00 ^ _18779_/CLK (sky130_fd_sc_hd__dfxtp_2)
                  0.06    0.39    0.39 ^ _18779_/Q (sky130_fd_sc_hd__dfxtp_2)
     4    0.01                           _00005_ (net)
                  0.06    0.00    0.39 ^ _09408_/A (sky130_fd_sc_hd__buf_1)
                  0.23    0.22    0.61 ^ _09408_/X (sky130_fd_sc_hd__buf_1)
     5    0.02                           _03850_ (net)
                  0.23    0.00    0.62 ^ _09409_/A (sky130_fd_sc_hd__buf_1)
                  0.31    0.32    0.93 ^ _09409_/X (sky130_fd_sc_hd__buf_1)
     5    0.03                           _03851_ (net)
                  0.31    0.00    0.93 ^ _09410_/A (sky130_fd_sc_hd__buf_1)
                  0.29    0.31    1.24 ^ _09410_/X (sky130_fd_sc_hd__buf_1)
     5    0.02                           _03852_ (net)
                  0.29    0.00    1.24 ^ _09411_/A (sky130_fd_sc_hd__buf_1)
                  0.26    0.28    1.53 ^ _09411_/X (sky130_fd_sc_hd__buf_1)
     5    0.02                           _03853_ (net)
                  0.26    0.00    1.53 ^ _09412_/A (sky130_fd_sc_hd__buf_1)
                  0.23    0.26    1.79 ^ _09412_/X (sky130_fd_sc_hd__buf_1)
     5    0.02                           _03854_ (net)
                  0.23    0.00    1.80 ^ _09587_/A (sky130_fd_sc_hd__buf_1)
                  0.29    0.30    2.09 ^ _09587_/X (sky130_fd_sc_hd__buf_1)
     5    0.02                           _04029_ (net)
                  0.29    0.00    2.09 ^ _10542_/A (sky130_fd_sc_hd__buf_1)
                  0.33    0.33    2.43 ^ _10542_/X (sky130_fd_sc_hd__buf_1)
     5    0.03                           _04984_ (net)
                  0.33    0.00    2.43 ^ _10763_/S (sky130_fd_sc_hd__mux2_2)
                  0.05    0.39    2.82 v _10763_/X (sky130_fd_sc_hd__mux2_2)
     1    0.00                           _05205_ (net)
                  0.05    0.00    2.83 v _10766_/A2 (sky130_fd_sc_hd__a21o_2)
                  0.03    0.21    3.04 v _10766_/X (sky130_fd_sc_hd__a21o_2)
     1    0.00                           _05208_ (net)
                  0.03    0.00    3.04 v _10771_/A3 (sky130_fd_sc_hd__a311o_2)
                  0.05    0.38    3.43 v _10771_/X (sky130_fd_sc_hd__a311o_2)
     1    0.00                           _05213_ (net)
                  0.05    0.00    3.43 v _10772_/A3 (sky130_fd_sc_hd__a32o_2)
                  0.06    0.30    3.73 v _10772_/X (sky130_fd_sc_hd__a32o_2)
     4    0.01                           _05214_ (net)
                  0.06    0.00    3.73 v _10797_/A (sky130_fd_sc_hd__or2_2)
                  0.09    0.36    4.09 v _10797_/X (sky130_fd_sc_hd__or2_2)
     4    0.01                           _05239_ (net)
                  0.09    0.00    4.09 v _11296_/A2 (sky130_fd_sc_hd__a311o_2)
                  0.07    0.42    4.51 v _11296_/X (sky130_fd_sc_hd__a311o_2)
     3    0.01                           _05738_ (net)
                  0.07    0.00    4.51 v _11346_/A3 (sky130_fd_sc_hd__a41o_2)
                  0.06    0.32    4.83 v _11346_/X (sky130_fd_sc_hd__a41o_2)
     3    0.01                           _05788_ (net)
                  0.06    0.00    4.83 v _11348_/A2 (sky130_fd_sc_hd__a211o_2)
                  0.07    0.38    5.22 v _11348_/X (sky130_fd_sc_hd__a211o_2)
     4    0.01                           _05790_ (net)
                  0.07    0.00    5.22 v _11350_/A3 (sky130_fd_sc_hd__a311o_2)
                  0.08    0.45    5.67 v _11350_/X (sky130_fd_sc_hd__a311o_2)
     4    0.01                           _05792_ (net)
                  0.08    0.00    5.67 v _11353_/A3 (sky130_fd_sc_hd__a311o_2)
                  0.08    0.45    6.12 v _11353_/X (sky130_fd_sc_hd__a311o_2)
     4    0.01                           _05795_ (net)
                  0.08    0.00    6.12 v _11356_/A3 (sky130_fd_sc_hd__a311o_2)
                  0.08    0.45    6.57 v _11356_/X (sky130_fd_sc_hd__a311o_2)
     4    0.01                           _05798_ (net)
                  0.08    0.00    6.58 v _11359_/A3 (sky130_fd_sc_hd__a311o_2)
                  0.08    0.46    7.03 v _11359_/X (sky130_fd_sc_hd__a311o_2)
     5    0.01                           _05801_ (net)
                  0.08    0.00    7.03 v _11429_/A3 (sky130_fd_sc_hd__a32o_2)
                  0.04    0.28    7.32 v _11429_/X (sky130_fd_sc_hd__a32o_2)
     1    0.00                           _05871_ (net)
                  0.04    0.00    7.32 v _11478_/A2 (sky130_fd_sc_hd__a221o_2)
                  0.05    0.39    7.71 v _11478_/X (sky130_fd_sc_hd__a221o_2)
     1    0.00                           _05920_ (net)
                  0.05    0.00    7.71 v _11480_/C1 (sky130_fd_sc_hd__a2111o_2)
                  0.06    0.41    8.12 v _11480_/X (sky130_fd_sc_hd__a2111o_2)
     1    0.00                           _05922_ (net)
                  0.06    0.00    8.13 v _11481_/C1 (sky130_fd_sc_hd__a221o_2)
                  0.06    0.32    8.44 v _11481_/X (sky130_fd_sc_hd__a221o_2)
     2    0.00                           _05923_ (net)
                  0.06    0.00    8.45 v _11482_/C_N (sky130_fd_sc_hd__or3b_2)
                  0.03    0.19    8.64 ^ _11482_/X (sky130_fd_sc_hd__or3b_2)
     1    0.00                           _05924_ (net)
                  0.03    0.00    8.64 ^ _11495_/A (sky130_fd_sc_hd__and3_2)
                  0.10    0.21    8.85 ^ _11495_/X (sky130_fd_sc_hd__and3_2)
     5    0.02                           _05937_ (net)
                  0.10    0.01    8.86 ^ _11548_/A (sky130_fd_sc_hd__nand2_2)
                  0.05    0.07    8.93 v _11548_/Y (sky130_fd_sc_hd__nand2_2)
     3    0.01                           _05985_ (net)
                  0.05    0.00    8.93 v _11641_/A (sky130_fd_sc_hd__buf_1)
                  0.08    0.14    9.07 v _11641_/X (sky130_fd_sc_hd__buf_1)
     5    0.01                           _06074_ (net)
                  0.08    0.00    9.07 v _11642_/A (sky130_fd_sc_hd__buf_1)
                  0.10    0.17    9.24 v _11642_/X (sky130_fd_sc_hd__buf_1)
     5    0.02                           _06075_ (net)
                  0.10    0.00    9.24 v _11643_/A (sky130_fd_sc_hd__buf_1)
                  0.11    0.19    9.43 v _11643_/X (sky130_fd_sc_hd__buf_1)
     5    0.02                           _06076_ (net)
                  0.11    0.00    9.43 v _12229_/A (sky130_fd_sc_hd__or3_2)
                  0.08    0.51    9.94 v _12229_/X (sky130_fd_sc_hd__or3_2)
     1    0.00                           _06622_ (net)
                  0.08    0.00    9.94 v _12232_/A3 (sky130_fd_sc_hd__a31o_2)
                  0.05    0.27   10.22 v _12232_/X (sky130_fd_sc_hd__a31o_2)
     2    0.01                           _06625_ (net)
                  0.05    0.00   10.22 v _12237_/A1_N (sky130_fd_sc_hd__o2bb2a_2)
                  0.22    0.36   10.58 ^ _12237_/X (sky130_fd_sc_hd__o2bb2a_2)
     1    0.03                           io_ibus_addr[22] (net)
                  0.22    0.00   10.58 ^ io_ibus_addr[22] (out)
                                 10.58   data arrival time

                  0.15   20.00   20.00   clock clock (rise edge)
                          0.00   20.00   clock network delay (ideal)
                         -0.25   19.75   clock uncertainty
                          0.00   19.75   clock reconvergence pessimism
                         -4.00   15.75   output external delay
                                 15.75   data required time
-----------------------------------------------------------------------------
                                 15.75   data required time
                                -10.58   data arrival time
-----------------------------------------------------------------------------
                                  5.17   slack (MET)


Startpoint: _18779_ (rising edge-triggered flip-flop clocked by clock)
Endpoint: io_ibus_addr[28] (output port clocked by clock)
Path Group: clock
Path Type: max

Fanout     Cap    Slew   Delay    Time   Description
-----------------------------------------------------------------------------
                  0.15    0.00    0.00   clock clock (rise edge)
                          0.00    0.00   clock network delay (ideal)
                  0.15    0.00    0.00 ^ _18779_/CLK (sky130_fd_sc_hd__dfxtp_2)
                  0.06    0.39    0.39 ^ _18779_/Q (sky130_fd_sc_hd__dfxtp_2)
     4    0.01                           _00005_ (net)
                  0.06    0.00    0.39 ^ _09408_/A (sky130_fd_sc_hd__buf_1)
                  0.23    0.22    0.61 ^ _09408_/X (sky130_fd_sc_hd__buf_1)
     5    0.02                           _03850_ (net)
                  0.23    0.00    0.62 ^ _09409_/A (sky130_fd_sc_hd__buf_1)
                  0.31    0.32    0.93 ^ _09409_/X (sky130_fd_sc_hd__buf_1)
     5    0.03                           _03851_ (net)
                  0.31    0.00    0.93 ^ _09410_/A (sky130_fd_sc_hd__buf_1)
                  0.29    0.31    1.24 ^ _09410_/X (sky130_fd_sc_hd__buf_1)
     5    0.02                           _03852_ (net)
                  0.29    0.00    1.24 ^ _09411_/A (sky130_fd_sc_hd__buf_1)
                  0.26    0.28    1.53 ^ _09411_/X (sky130_fd_sc_hd__buf_1)
     5    0.02                           _03853_ (net)
                  0.26    0.00    1.53 ^ _09412_/A (sky130_fd_sc_hd__buf_1)
                  0.23    0.26    1.79 ^ _09412_/X (sky130_fd_sc_hd__buf_1)
     5    0.02                           _03854_ (net)
                  0.23    0.00    1.80 ^ _09587_/A (sky130_fd_sc_hd__buf_1)
                  0.29    0.30    2.09 ^ _09587_/X (sky130_fd_sc_hd__buf_1)
     5    0.02                           _04029_ (net)
                  0.29    0.00    2.09 ^ _10542_/A (sky130_fd_sc_hd__buf_1)
                  0.33    0.33    2.43 ^ _10542_/X (sky130_fd_sc_hd__buf_1)
     5    0.03                           _04984_ (net)
                  0.33    0.00    2.43 ^ _10763_/S (sky130_fd_sc_hd__mux2_2)
                  0.05    0.39    2.82 v _10763_/X (sky130_fd_sc_hd__mux2_2)
     1    0.00                           _05205_ (net)
                  0.05    0.00    2.83 v _10766_/A2 (sky130_fd_sc_hd__a21o_2)
                  0.03    0.21    3.04 v _10766_/X (sky130_fd_sc_hd__a21o_2)
     1    0.00                           _05208_ (net)
                  0.03    0.00    3.04 v _10771_/A3 (sky130_fd_sc_hd__a311o_2)
                  0.05    0.38    3.43 v _10771_/X (sky130_fd_sc_hd__a311o_2)
     1    0.00                           _05213_ (net)
                  0.05    0.00    3.43 v _10772_/A3 (sky130_fd_sc_hd__a32o_2)
                  0.06    0.30    3.73 v _10772_/X (sky130_fd_sc_hd__a32o_2)
     4    0.01                           _05214_ (net)
                  0.06    0.00    3.73 v _10797_/A (sky130_fd_sc_hd__or2_2)
                  0.09    0.36    4.09 v _10797_/X (sky130_fd_sc_hd__or2_2)
     4    0.01                           _05239_ (net)
                  0.09    0.00    4.09 v _11296_/A2 (sky130_fd_sc_hd__a311o_2)
                  0.07    0.42    4.51 v _11296_/X (sky130_fd_sc_hd__a311o_2)
     3    0.01                           _05738_ (net)
                  0.07    0.00    4.51 v _11346_/A3 (sky130_fd_sc_hd__a41o_2)
                  0.06    0.32    4.83 v _11346_/X (sky130_fd_sc_hd__a41o_2)
     3    0.01                           _05788_ (net)
                  0.06    0.00    4.83 v _11348_/A2 (sky130_fd_sc_hd__a211o_2)
                  0.07    0.38    5.22 v _11348_/X (sky130_fd_sc_hd__a211o_2)
     4    0.01                           _05790_ (net)
                  0.07    0.00    5.22 v _11350_/A3 (sky130_fd_sc_hd__a311o_2)
                  0.08    0.45    5.67 v _11350_/X (sky130_fd_sc_hd__a311o_2)
     4    0.01                           _05792_ (net)
                  0.08    0.00    5.67 v _11353_/A3 (sky130_fd_sc_hd__a311o_2)
                  0.08    0.45    6.12 v _11353_/X (sky130_fd_sc_hd__a311o_2)
     4    0.01                           _05795_ (net)
                  0.08    0.00    6.12 v _11356_/A3 (sky130_fd_sc_hd__a311o_2)
                  0.08    0.45    6.57 v _11356_/X (sky130_fd_sc_hd__a311o_2)
     4    0.01                           _05798_ (net)
                  0.08    0.00    6.58 v _11359_/A3 (sky130_fd_sc_hd__a311o_2)
                  0.08    0.46    7.03 v _11359_/X (sky130_fd_sc_hd__a311o_2)
     5    0.01                           _05801_ (net)
                  0.08    0.00    7.03 v _11429_/A3 (sky130_fd_sc_hd__a32o_2)
                  0.04    0.28    7.32 v _11429_/X (sky130_fd_sc_hd__a32o_2)
     1    0.00                           _05871_ (net)
                  0.04    0.00    7.32 v _11478_/A2 (sky130_fd_sc_hd__a221o_2)
                  0.05    0.39    7.71 v _11478_/X (sky130_fd_sc_hd__a221o_2)
     1    0.00                           _05920_ (net)
                  0.05    0.00    7.71 v _11480_/C1 (sky130_fd_sc_hd__a2111o_2)
                  0.06    0.41    8.12 v _11480_/X (sky130_fd_sc_hd__a2111o_2)
     1    0.00                           _05922_ (net)
                  0.06    0.00    8.13 v _11481_/C1 (sky130_fd_sc_hd__a221o_2)
                  0.06    0.32    8.44 v _11481_/X (sky130_fd_sc_hd__a221o_2)
     2    0.00                           _05923_ (net)
                  0.06    0.00    8.45 v _11482_/C_N (sky130_fd_sc_hd__or3b_2)
                  0.03    0.19    8.64 ^ _11482_/X (sky130_fd_sc_hd__or3b_2)
     1    0.00                           _05924_ (net)
                  0.03    0.00    8.64 ^ _11495_/A (sky130_fd_sc_hd__and3_2)
                  0.10    0.21    8.85 ^ _11495_/X (sky130_fd_sc_hd__and3_2)
     5    0.02                           _05937_ (net)
                  0.10    0.01    8.86 ^ _11548_/A (sky130_fd_sc_hd__nand2_2)
                  0.05    0.07    8.93 v _11548_/Y (sky130_fd_sc_hd__nand2_2)
     3    0.01                           _05985_ (net)
                  0.05    0.00    8.93 v _11641_/A (sky130_fd_sc_hd__buf_1)
                  0.08    0.14    9.07 v _11641_/X (sky130_fd_sc_hd__buf_1)
     5    0.01                           _06074_ (net)
                  0.08    0.00    9.07 v _11645_/A (sky130_fd_sc_hd__buf_1)
                  0.07    0.15    9.22 v _11645_/X (sky130_fd_sc_hd__buf_1)
     5    0.01                           _06078_ (net)
                  0.07    0.00    9.22 v _12372_/A (sky130_fd_sc_hd__or3_2)
                  0.08    0.49    9.71 v _12372_/X (sky130_fd_sc_hd__or3_2)
     1    0.00                           _06753_ (net)
                  0.08    0.00    9.72 v _12374_/A3 (sky130_fd_sc_hd__a31o_2)
                  0.04    0.26    9.98 v _12374_/X (sky130_fd_sc_hd__a31o_2)
     1    0.00                           _06755_ (net)
                  0.04    0.00    9.98 v _12375_/C1 (sky130_fd_sc_hd__o311a_2)
                  0.07    0.13   10.11 v _12375_/X (sky130_fd_sc_hd__o311a_2)
     2    0.01                           _06756_ (net)
                  0.07    0.01   10.12 v _12376_/B1 (sky130_fd_sc_hd__a21oi_2)
                  0.46    0.35   10.46 ^ _12376_/Y (sky130_fd_sc_hd__a21oi_2)
     1    0.03                           io_ibus_addr[28] (net)
                  0.46    0.00   10.46 ^ io_ibus_addr[28] (out)
                                 10.46   data arrival time

                  0.15   20.00   20.00   clock clock (rise edge)
                          0.00   20.00   clock network delay (ideal)
                         -0.25   19.75   clock uncertainty
                          0.00   19.75   clock reconvergence pessimism
                         -4.00   15.75   output external delay
                                 15.75   data required time
-----------------------------------------------------------------------------
                                 15.75   data required time
                                -10.46   data arrival time
-----------------------------------------------------------------------------
                                  5.29   slack (MET)


Startpoint: _18779_ (rising edge-triggered flip-flop clocked by clock)
Endpoint: io_ibus_addr[12] (output port clocked by clock)
Path Group: clock
Path Type: max

Fanout     Cap    Slew   Delay    Time   Description
-----------------------------------------------------------------------------
                  0.15    0.00    0.00   clock clock (rise edge)
                          0.00    0.00   clock network delay (ideal)
                  0.15    0.00    0.00 ^ _18779_/CLK (sky130_fd_sc_hd__dfxtp_2)
                  0.06    0.39    0.39 ^ _18779_/Q (sky130_fd_sc_hd__dfxtp_2)
     4    0.01                           _00005_ (net)
                  0.06    0.00    0.39 ^ _09408_/A (sky130_fd_sc_hd__buf_1)
                  0.23    0.22    0.61 ^ _09408_/X (sky130_fd_sc_hd__buf_1)
     5    0.02                           _03850_ (net)
                  0.23    0.00    0.62 ^ _09409_/A (sky130_fd_sc_hd__buf_1)
                  0.31    0.32    0.93 ^ _09409_/X (sky130_fd_sc_hd__buf_1)
     5    0.03                           _03851_ (net)
                  0.31    0.00    0.93 ^ _09410_/A (sky130_fd_sc_hd__buf_1)
                  0.29    0.31    1.24 ^ _09410_/X (sky130_fd_sc_hd__buf_1)
     5    0.02                           _03852_ (net)
                  0.29    0.00    1.24 ^ _09411_/A (sky130_fd_sc_hd__buf_1)
                  0.26    0.28    1.53 ^ _09411_/X (sky130_fd_sc_hd__buf_1)
     5    0.02                           _03853_ (net)
                  0.26    0.00    1.53 ^ _09412_/A (sky130_fd_sc_hd__buf_1)
                  0.23    0.26    1.79 ^ _09412_/X (sky130_fd_sc_hd__buf_1)
     5    0.02                           _03854_ (net)
                  0.23    0.00    1.80 ^ _09587_/A (sky130_fd_sc_hd__buf_1)
                  0.29    0.30    2.09 ^ _09587_/X (sky130_fd_sc_hd__buf_1)
     5    0.02                           _04029_ (net)
                  0.29    0.00    2.09 ^ _10542_/A (sky130_fd_sc_hd__buf_1)
                  0.33    0.33    2.43 ^ _10542_/X (sky130_fd_sc_hd__buf_1)
     5    0.03                           _04984_ (net)
                  0.33    0.00    2.43 ^ _10763_/S (sky130_fd_sc_hd__mux2_2)
                  0.05    0.39    2.82 v _10763_/X (sky130_fd_sc_hd__mux2_2)
     1    0.00                           _05205_ (net)
                  0.05    0.00    2.83 v _10766_/A2 (sky130_fd_sc_hd__a21o_2)
                  0.03    0.21    3.04 v _10766_/X (sky130_fd_sc_hd__a21o_2)
     1    0.00                           _05208_ (net)
                  0.03    0.00    3.04 v _10771_/A3 (sky130_fd_sc_hd__a311o_2)
                  0.05    0.38    3.43 v _10771_/X (sky130_fd_sc_hd__a311o_2)
     1    0.00                           _05213_ (net)
                  0.05    0.00    3.43 v _10772_/A3 (sky130_fd_sc_hd__a32o_2)
                  0.06    0.30    3.73 v _10772_/X (sky130_fd_sc_hd__a32o_2)
     4    0.01                           _05214_ (net)
                  0.06    0.00    3.73 v _10797_/A (sky130_fd_sc_hd__or2_2)
                  0.09    0.36    4.09 v _10797_/X (sky130_fd_sc_hd__or2_2)
     4    0.01                           _05239_ (net)
                  0.09    0.00    4.09 v _11296_/A2 (sky130_fd_sc_hd__a311o_2)
                  0.07    0.42    4.51 v _11296_/X (sky130_fd_sc_hd__a311o_2)
     3    0.01                           _05738_ (net)
                  0.07    0.00    4.51 v _11346_/A3 (sky130_fd_sc_hd__a41o_2)
                  0.06    0.32    4.83 v _11346_/X (sky130_fd_sc_hd__a41o_2)
     3    0.01                           _05788_ (net)
                  0.06    0.00    4.83 v _11348_/A2 (sky130_fd_sc_hd__a211o_2)
                  0.07    0.38    5.22 v _11348_/X (sky130_fd_sc_hd__a211o_2)
     4    0.01                           _05790_ (net)
                  0.07    0.00    5.22 v _11350_/A3 (sky130_fd_sc_hd__a311o_2)
                  0.08    0.45    5.67 v _11350_/X (sky130_fd_sc_hd__a311o_2)
     4    0.01                           _05792_ (net)
                  0.08    0.00    5.67 v _11353_/A3 (sky130_fd_sc_hd__a311o_2)
                  0.08    0.45    6.12 v _11353_/X (sky130_fd_sc_hd__a311o_2)
     4    0.01                           _05795_ (net)
                  0.08    0.00    6.12 v _11356_/A3 (sky130_fd_sc_hd__a311o_2)
                  0.08    0.45    6.57 v _11356_/X (sky130_fd_sc_hd__a311o_2)
     4    0.01                           _05798_ (net)
                  0.08    0.00    6.58 v _11359_/A3 (sky130_fd_sc_hd__a311o_2)
                  0.08    0.46    7.03 v _11359_/X (sky130_fd_sc_hd__a311o_2)
     5    0.01                           _05801_ (net)
                  0.08    0.00    7.03 v _11429_/A3 (sky130_fd_sc_hd__a32o_2)
                  0.04    0.28    7.32 v _11429_/X (sky130_fd_sc_hd__a32o_2)
     1    0.00                           _05871_ (net)
                  0.04    0.00    7.32 v _11478_/A2 (sky130_fd_sc_hd__a221o_2)
                  0.05    0.39    7.71 v _11478_/X (sky130_fd_sc_hd__a221o_2)
     1    0.00                           _05920_ (net)
                  0.05    0.00    7.71 v _11480_/C1 (sky130_fd_sc_hd__a2111o_2)
                  0.06    0.41    8.12 v _11480_/X (sky130_fd_sc_hd__a2111o_2)
     1    0.00                           _05922_ (net)
                  0.06    0.00    8.13 v _11481_/C1 (sky130_fd_sc_hd__a221o_2)
                  0.06    0.32    8.44 v _11481_/X (sky130_fd_sc_hd__a221o_2)
     2    0.00                           _05923_ (net)
                  0.06    0.00    8.45 v _11494_/A2 (sky130_fd_sc_hd__o211a_2)
                  0.04    0.24    8.69 v _11494_/X (sky130_fd_sc_hd__o211a_2)
     1    0.00                           _05936_ (net)
                  0.04    0.00    8.69 v _11495_/C (sky130_fd_sc_hd__and3_2)
                  0.07    0.25    8.94 v _11495_/X (sky130_fd_sc_hd__and3_2)
     5    0.02                           _05937_ (net)
                  0.07    0.01    8.95 v _11548_/A (sky130_fd_sc_hd__nand2_2)
                  0.06    0.08    9.02 ^ _11548_/Y (sky130_fd_sc_hd__nand2_2)
     3    0.01                           _05985_ (net)
                  0.06    0.00    9.02 ^ _11641_/A (sky130_fd_sc_hd__buf_1)
                  0.18    0.18    9.21 ^ _11641_/X (sky130_fd_sc_hd__buf_1)
     5    0.01                           _06074_ (net)
                  0.18    0.00    9.21 ^ _11642_/A (sky130_fd_sc_hd__buf_1)
                  0.21    0.23    9.44 ^ _11642_/X (sky130_fd_sc_hd__buf_1)
     5    0.02                           _06075_ (net)
                  0.21    0.00    9.45 ^ _11643_/A (sky130_fd_sc_hd__buf_1)
                  0.24    0.26    9.71 ^ _11643_/X (sky130_fd_sc_hd__buf_1)
     5    0.02                           _06076_ (net)
                  0.24    0.01    9.71 ^ _11968_/A (sky130_fd_sc_hd__nand2_2)
                  0.05    0.06    9.78 v _11968_/Y (sky130_fd_sc_hd__nand2_2)
     1    0.00                           _06381_ (net)
                  0.05    0.00    9.78 v _11973_/A2 (sky130_fd_sc_hd__a31o_2)
                  0.03    0.23   10.01 v _11973_/X (sky130_fd_sc_hd__a31o_2)
     1    0.00                           _06386_ (net)
                  0.03    0.00   10.02 v _11974_/C_N (sky130_fd_sc_hd__or3b_2)
                  0.05    0.20   10.21 ^ _11974_/X (sky130_fd_sc_hd__or3b_2)
     2    0.01                           _06387_ (net)
                  0.05    0.00   10.22 ^ _11975_/B1 (sky130_fd_sc_hd__o21a_2)
                  0.21    0.23   10.44 ^ _11975_/X (sky130_fd_sc_hd__o21a_2)
     1    0.03                           io_ibus_addr[12] (net)
                  0.21    0.00   10.45 ^ io_ibus_addr[12] (out)
                                 10.45   data arrival time

                  0.15   20.00   20.00   clock clock (rise edge)
                          0.00   20.00   clock network delay (ideal)
                         -0.25   19.75   clock uncertainty
                          0.00   19.75   clock reconvergence pessimism
                         -4.00   15.75   output external delay
                                 15.75   data required time
-----------------------------------------------------------------------------
                                 15.75   data required time
                                -10.45   data arrival time
-----------------------------------------------------------------------------
                                  5.30   slack (MET)


Startpoint: _18779_ (rising edge-triggered flip-flop clocked by clock)
Endpoint: io_ibus_addr[16] (output port clocked by clock)
Path Group: clock
Path Type: max

Fanout     Cap    Slew   Delay    Time   Description
-----------------------------------------------------------------------------
                  0.15    0.00    0.00   clock clock (rise edge)
                          0.00    0.00   clock network delay (ideal)
                  0.15    0.00    0.00 ^ _18779_/CLK (sky130_fd_sc_hd__dfxtp_2)
                  0.06    0.39    0.39 ^ _18779_/Q (sky130_fd_sc_hd__dfxtp_2)
     4    0.01                           _00005_ (net)
                  0.06    0.00    0.39 ^ _09408_/A (sky130_fd_sc_hd__buf_1)
                  0.23    0.22    0.61 ^ _09408_/X (sky130_fd_sc_hd__buf_1)
     5    0.02                           _03850_ (net)
                  0.23    0.00    0.62 ^ _09409_/A (sky130_fd_sc_hd__buf_1)
                  0.31    0.32    0.93 ^ _09409_/X (sky130_fd_sc_hd__buf_1)
     5    0.03                           _03851_ (net)
                  0.31    0.00    0.93 ^ _09410_/A (sky130_fd_sc_hd__buf_1)
                  0.29    0.31    1.24 ^ _09410_/X (sky130_fd_sc_hd__buf_1)
     5    0.02                           _03852_ (net)
                  0.29    0.00    1.24 ^ _09411_/A (sky130_fd_sc_hd__buf_1)
                  0.26    0.28    1.53 ^ _09411_/X (sky130_fd_sc_hd__buf_1)
     5    0.02                           _03853_ (net)
                  0.26    0.00    1.53 ^ _09412_/A (sky130_fd_sc_hd__buf_1)
                  0.23    0.26    1.79 ^ _09412_/X (sky130_fd_sc_hd__buf_1)
     5    0.02                           _03854_ (net)
                  0.23    0.00    1.80 ^ _09587_/A (sky130_fd_sc_hd__buf_1)
                  0.29    0.30    2.09 ^ _09587_/X (sky130_fd_sc_hd__buf_1)
     5    0.02                           _04029_ (net)
                  0.29    0.00    2.09 ^ _10542_/A (sky130_fd_sc_hd__buf_1)
                  0.33    0.33    2.43 ^ _10542_/X (sky130_fd_sc_hd__buf_1)
     5    0.03                           _04984_ (net)
                  0.33    0.00    2.43 ^ _10763_/S (sky130_fd_sc_hd__mux2_2)
                  0.05    0.39    2.82 v _10763_/X (sky130_fd_sc_hd__mux2_2)
     1    0.00                           _05205_ (net)
                  0.05    0.00    2.83 v _10766_/A2 (sky130_fd_sc_hd__a21o_2)
                  0.03    0.21    3.04 v _10766_/X (sky130_fd_sc_hd__a21o_2)
     1    0.00                           _05208_ (net)
                  0.03    0.00    3.04 v _10771_/A3 (sky130_fd_sc_hd__a311o_2)
                  0.05    0.38    3.43 v _10771_/X (sky130_fd_sc_hd__a311o_2)
     1    0.00                           _05213_ (net)
                  0.05    0.00    3.43 v _10772_/A3 (sky130_fd_sc_hd__a32o_2)
                  0.06    0.30    3.73 v _10772_/X (sky130_fd_sc_hd__a32o_2)
     4    0.01                           _05214_ (net)
                  0.06    0.00    3.73 v _10797_/A (sky130_fd_sc_hd__or2_2)
                  0.09    0.36    4.09 v _10797_/X (sky130_fd_sc_hd__or2_2)
     4    0.01                           _05239_ (net)
                  0.09    0.00    4.09 v _11296_/A2 (sky130_fd_sc_hd__a311o_2)
                  0.07    0.42    4.51 v _11296_/X (sky130_fd_sc_hd__a311o_2)
     3    0.01                           _05738_ (net)
                  0.07    0.00    4.51 v _11346_/A3 (sky130_fd_sc_hd__a41o_2)
                  0.06    0.32    4.83 v _11346_/X (sky130_fd_sc_hd__a41o_2)
     3    0.01                           _05788_ (net)
                  0.06    0.00    4.83 v _11348_/A2 (sky130_fd_sc_hd__a211o_2)
                  0.07    0.38    5.22 v _11348_/X (sky130_fd_sc_hd__a211o_2)
     4    0.01                           _05790_ (net)
                  0.07    0.00    5.22 v _11350_/A3 (sky130_fd_sc_hd__a311o_2)
                  0.08    0.45    5.67 v _11350_/X (sky130_fd_sc_hd__a311o_2)
     4    0.01                           _05792_ (net)
                  0.08    0.00    5.67 v _11353_/A3 (sky130_fd_sc_hd__a311o_2)
                  0.08    0.45    6.12 v _11353_/X (sky130_fd_sc_hd__a311o_2)
     4    0.01                           _05795_ (net)
                  0.08    0.00    6.12 v _11356_/A3 (sky130_fd_sc_hd__a311o_2)
                  0.08    0.45    6.57 v _11356_/X (sky130_fd_sc_hd__a311o_2)
     4    0.01                           _05798_ (net)
                  0.08    0.00    6.58 v _11359_/A3 (sky130_fd_sc_hd__a311o_2)
                  0.08    0.46    7.03 v _11359_/X (sky130_fd_sc_hd__a311o_2)
     5    0.01                           _05801_ (net)
                  0.08    0.00    7.03 v _11429_/A3 (sky130_fd_sc_hd__a32o_2)
                  0.04    0.28    7.32 v _11429_/X (sky130_fd_sc_hd__a32o_2)
     1    0.00                           _05871_ (net)
                  0.04    0.00    7.32 v _11478_/A2 (sky130_fd_sc_hd__a221o_2)
                  0.05    0.39    7.71 v _11478_/X (sky130_fd_sc_hd__a221o_2)
     1    0.00                           _05920_ (net)
                  0.05    0.00    7.71 v _11480_/C1 (sky130_fd_sc_hd__a2111o_2)
                  0.06    0.41    8.12 v _11480_/X (sky130_fd_sc_hd__a2111o_2)
     1    0.00                           _05922_ (net)
                  0.06    0.00    8.13 v _11481_/C1 (sky130_fd_sc_hd__a221o_2)
                  0.06    0.32    8.44 v _11481_/X (sky130_fd_sc_hd__a221o_2)
     2    0.00                           _05923_ (net)
                  0.06    0.00    8.45 v _11482_/C_N (sky130_fd_sc_hd__or3b_2)
                  0.03    0.19    8.64 ^ _11482_/X (sky130_fd_sc_hd__or3b_2)
     1    0.00                           _05924_ (net)
                  0.03    0.00    8.64 ^ _11495_/A (sky130_fd_sc_hd__and3_2)
                  0.10    0.21    8.85 ^ _11495_/X (sky130_fd_sc_hd__and3_2)
     5    0.02                           _05937_ (net)
                  0.10    0.01    8.86 ^ _11548_/A (sky130_fd_sc_hd__nand2_2)
                  0.05    0.07    8.93 v _11548_/Y (sky130_fd_sc_hd__nand2_2)
     3    0.01                           _05985_ (net)
                  0.05    0.00    8.93 v _11641_/A (sky130_fd_sc_hd__buf_1)
                  0.08    0.14    9.07 v _11641_/X (sky130_fd_sc_hd__buf_1)
     5    0.01                           _06074_ (net)
                  0.08    0.00    9.07 v _11645_/A (sky130_fd_sc_hd__buf_1)
                  0.07    0.15    9.22 v _11645_/X (sky130_fd_sc_hd__buf_1)
     5    0.01                           _06078_ (net)
                  0.07    0.00    9.22 v _12064_/A (sky130_fd_sc_hd__buf_1)
                  0.08    0.15    9.37 v _12064_/X (sky130_fd_sc_hd__buf_1)
     5    0.01                           _06469_ (net)
                  0.08    0.00    9.37 v _12067_/A (sky130_fd_sc_hd__or3_2)
                  0.08    0.51    9.88 v _12067_/X (sky130_fd_sc_hd__or3_2)
     1    0.00                           _06472_ (net)
                  0.09    0.01    9.89 v _12073_/A3 (sky130_fd_sc_hd__a31oi_2)
                  0.15    0.21   10.11 ^ _12073_/Y (sky130_fd_sc_hd__a31oi_2)
     2    0.01                           _06478_ (net)
                  0.15    0.00   10.11 ^ _12080_/B1 (sky130_fd_sc_hd__o22a_2)
                  0.21    0.27   10.38 ^ _12080_/X (sky130_fd_sc_hd__o22a_2)
     1    0.03                           io_ibus_addr[16] (net)
                  0.21    0.00   10.38 ^ io_ibus_addr[16] (out)
                                 10.38   data arrival time

                  0.15   20.00   20.00   clock clock (rise edge)
                          0.00   20.00   clock network delay (ideal)
                         -0.25   19.75   clock uncertainty
                          0.00   19.75   clock reconvergence pessimism
                         -4.00   15.75   output external delay
                                 15.75   data required time
-----------------------------------------------------------------------------
                                 15.75   data required time
                                -10.38   data arrival time
-----------------------------------------------------------------------------
                                  5.37   slack (MET)


