
===========================================================================
report_checks -path_delay max (Setup)
============================================================================
Startpoint: io_ibus_addr[2] (input port clocked by clock)
Endpoint: io_imem_io_addr[0] (output port clocked by clock)
Path Group: clock
Path Type: max

Fanout     Cap    Slew   Delay    Time   Description
-----------------------------------------------------------------------------
                          0.00    0.00   clock clock (rise edge)
                          0.00    0.00   clock network delay (propagated)
                          4.00    4.00 ^ input external delay
                  0.02    0.01    4.01 ^ io_ibus_addr[2] (in)
     2    0.00                           io_ibus_addr[2] (net)
                  0.02    0.00    4.01 ^ input93/A (sky130_fd_sc_hd__dlymetal6s2s_1)
                  0.14    0.16    4.17 ^ input93/X (sky130_fd_sc_hd__dlymetal6s2s_1)
     4    0.01                           net93 (net)
                  0.14    0.00    4.17 ^ _2307_/A (sky130_fd_sc_hd__clkbuf_2)
                  0.15    0.22    4.39 ^ _2307_/X (sky130_fd_sc_hd__clkbuf_2)
     5    0.03                           _2068_ (net)
                  0.15    0.00    4.39 ^ _2308_/A (sky130_fd_sc_hd__dlymetal6s2s_1)
                  0.21    0.24    4.64 ^ _2308_/X (sky130_fd_sc_hd__dlymetal6s2s_1)
     5    0.02                           _2069_ (net)
                  0.21    0.00    4.64 ^ _2309_/A (sky130_fd_sc_hd__clkbuf_2)
                  0.16    0.25    4.89 ^ _2309_/X (sky130_fd_sc_hd__clkbuf_2)
     5    0.03                           _2070_ (net)
                  0.16    0.00    4.89 ^ _2310_/A (sky130_fd_sc_hd__buf_2)
                  0.17    0.25    5.14 ^ _2310_/X (sky130_fd_sc_hd__buf_2)
     5    0.03                           _2071_ (net)
                  0.17    0.00    5.14 ^ _2311_/A (sky130_fd_sc_hd__clkbuf_2)
                  0.22    0.29    5.43 ^ _2311_/X (sky130_fd_sc_hd__clkbuf_2)
     5    0.04                           _2072_ (net)
                  0.22    0.00    5.43 ^ _2312_/A (sky130_fd_sc_hd__buf_2)
                  0.35    0.39    5.82 ^ _2312_/X (sky130_fd_sc_hd__buf_2)
    10    0.07                           _2073_ (net)
                  0.35    0.01    5.83 ^ _2313_/A (sky130_fd_sc_hd__clkbuf_2)
                  0.14    0.27    6.09 ^ _2313_/X (sky130_fd_sc_hd__clkbuf_2)
     5    0.02                           _2074_ (net)
                  0.14    0.00    6.10 ^ _2314_/A (sky130_fd_sc_hd__dlymetal6s2s_1)
                  0.21    0.25    6.35 ^ _2314_/X (sky130_fd_sc_hd__dlymetal6s2s_1)
     5    0.02                           _2075_ (net)
                  0.21    0.00    6.35 ^ _2315_/A (sky130_fd_sc_hd__buf_2)
                  0.47    0.48    6.83 ^ _2315_/X (sky130_fd_sc_hd__buf_2)
    10    0.10                           _2076_ (net)
                  0.47    0.00    6.83 ^ _2316_/A (sky130_fd_sc_hd__buf_4)
                  0.35    0.44    7.27 ^ _2316_/X (sky130_fd_sc_hd__buf_4)
    10    0.13                           _2077_ (net)
                  0.35    0.02    7.29 ^ _2320_/A0 (sky130_fd_sc_hd__mux2_1)
                  0.09    0.23    7.53 ^ _2320_/X (sky130_fd_sc_hd__mux2_1)
     1    0.01                           _2080_ (net)
                  0.09    0.00    7.53 ^ _2321_/A (sky130_fd_sc_hd__buf_8)
                  0.15    0.17    7.70 ^ _2321_/X (sky130_fd_sc_hd__buf_8)
     2    0.09                           net281 (net)
                  0.18    0.05    7.75 ^ output281/A (sky130_fd_sc_hd__buf_2)
                  0.17    0.26    8.01 ^ output281/X (sky130_fd_sc_hd__buf_2)
     1    0.03                           io_imem_io_addr[0] (net)
                  0.17    0.00    8.01 ^ io_imem_io_addr[0] (out)
                                  8.01   data arrival time

                         20.00   20.00   clock clock (rise edge)
                          0.00   20.00   clock network delay (propagated)
                         -0.25   19.75   clock uncertainty
                          0.00   19.75   clock reconvergence pessimism
                         -4.00   15.75   output external delay
                                 15.75   data required time
-----------------------------------------------------------------------------
                                 15.75   data required time
                                 -8.01   data arrival time
-----------------------------------------------------------------------------
                                  7.74   slack (MET)


Startpoint: io_ibus_addr[3] (input port clocked by clock)
Endpoint: _4801_ (rising edge-triggered flip-flop clocked by clock)
Path Group: clock
Path Type: max

Fanout     Cap    Slew   Delay    Time   Description
-----------------------------------------------------------------------------
                          0.00    0.00   clock clock (rise edge)
                          0.00    0.00   clock network delay (propagated)
                          4.00    4.00 v input external delay
                  0.01    0.01    4.01 v io_ibus_addr[3] (in)
     2    0.00                           io_ibus_addr[3] (net)
                  0.01    0.00    4.01 v input94/A (sky130_fd_sc_hd__dlymetal6s2s_1)
                  0.08    0.17    4.18 v input94/X (sky130_fd_sc_hd__dlymetal6s2s_1)
     5    0.01                           net94 (net)
                  0.08    0.00    4.18 v _2322_/A (sky130_fd_sc_hd__buf_2)
                  0.08    0.20    4.37 v _2322_/X (sky130_fd_sc_hd__buf_2)
     5    0.03                           _2081_ (net)
                  0.08    0.00    4.37 v _2323_/A (sky130_fd_sc_hd__clkbuf_2)
                  0.09    0.18    4.56 v _2323_/X (sky130_fd_sc_hd__clkbuf_2)
     5    0.02                           _2082_ (net)
                  0.09    0.00    4.56 v _2776_/A (sky130_fd_sc_hd__inv_2)
                  0.11    0.13    4.69 ^ _2776_/Y (sky130_fd_sc_hd__inv_2)
     5    0.02                           _0370_ (net)
                  0.11    0.00    4.69 ^ _2792_/B (sky130_fd_sc_hd__nor2_2)
                  0.08    0.08    4.77 v _2792_/Y (sky130_fd_sc_hd__nor2_2)
     3    0.02                           _0386_ (net)
                  0.08    0.00    4.77 v _2964_/B (sky130_fd_sc_hd__nor2_4)
                  0.81    0.66    5.43 ^ _2964_/Y (sky130_fd_sc_hd__nor2_4)
    10    0.14                           _0558_ (net)
                  0.81    0.00    5.43 ^ _3092_/A (sky130_fd_sc_hd__nor2_2)
                  0.44    0.52    5.95 v _3092_/Y (sky130_fd_sc_hd__nor2_2)
     8    0.14                           _0686_ (net)
                  0.44    0.00    5.95 v _3844_/C (sky130_fd_sc_hd__or4_1)
                  0.09    0.64    6.59 v _3844_/X (sky130_fd_sc_hd__or4_1)
     1    0.00                           _1330_ (net)
                  0.09    0.00    6.59 v _3845_/D (sky130_fd_sc_hd__or4_1)
                  0.11    0.47    7.06 v _3845_/X (sky130_fd_sc_hd__or4_1)
     1    0.01                           _1331_ (net)
                  0.11    0.00    7.07 v _3846_/D (sky130_fd_sc_hd__or4_1)
                  0.08    0.42    7.49 v _3846_/X (sky130_fd_sc_hd__or4_1)
     1    0.00                           _1332_ (net)
                  0.08    0.00    7.49 v _3847_/D (sky130_fd_sc_hd__or4_1)
                  0.13    0.49    7.98 v _3847_/X (sky130_fd_sc_hd__or4_1)
     1    0.01                           _1333_ (net)
                  0.13    0.00    7.98 v _3848_/D (sky130_fd_sc_hd__or4_1)
                  0.09    0.45    8.42 v _3848_/X (sky130_fd_sc_hd__or4_1)
     1    0.00                           _1334_ (net)
                  0.09    0.00    8.43 v _3849_/D (sky130_fd_sc_hd__or4_1)
                  0.09    0.44    8.87 v _3849_/X (sky130_fd_sc_hd__or4_1)
     1    0.00                           _1335_ (net)
                  0.09    0.00    8.87 v _3850_/D (sky130_fd_sc_hd__or4_1)
                  0.10    0.45    9.32 v _3850_/X (sky130_fd_sc_hd__or4_1)
     1    0.00                           _1336_ (net)
                  0.10    0.00    9.32 v _3851_/D (sky130_fd_sc_hd__or4_1)
                  0.08    0.42    9.73 v _3851_/X (sky130_fd_sc_hd__or4_1)
     1    0.00                           _1337_ (net)
                  0.08    0.00    9.73 v _3852_/D (sky130_fd_sc_hd__or4_1)
                  0.11    0.46   10.20 v _3852_/X (sky130_fd_sc_hd__or4_1)
     1    0.01                           _1338_ (net)
                  0.11    0.00   10.20 v _3854_/C (sky130_fd_sc_hd__or4_1)
                  0.09    0.51   10.71 v _3854_/X (sky130_fd_sc_hd__or4_1)
     1    0.00                           _1340_ (net)
                  0.09    0.00   10.71 v _3855_/D (sky130_fd_sc_hd__or4_1)
                  0.10    0.45   11.16 v _3855_/X (sky130_fd_sc_hd__or4_1)
     1    0.01                           _1341_ (net)
                  0.10    0.00   11.16 v _3857_/C (sky130_fd_sc_hd__or4_1)
                  0.08    0.50   11.66 v _3857_/X (sky130_fd_sc_hd__or4_1)
     1    0.00                           _1343_ (net)
                  0.08    0.00   11.66 v _3858_/D (sky130_fd_sc_hd__or4_1)
                  0.10    0.46   12.12 v _3858_/X (sky130_fd_sc_hd__or4_1)
     1    0.01                           _1344_ (net)
                  0.10    0.00   12.12 v _3862_/C (sky130_fd_sc_hd__or4_1)
                  0.08    0.50   12.62 v _3862_/X (sky130_fd_sc_hd__or4_1)
     1    0.00                           _1348_ (net)
                  0.08    0.00   12.62 v _3863_/D (sky130_fd_sc_hd__or4_1)
                  0.09    0.44   13.06 v _3863_/X (sky130_fd_sc_hd__or4_1)
     1    0.00                           _1349_ (net)
                  0.09    0.00   13.06 v _3868_/A2 (sky130_fd_sc_hd__o211a_1)
                  0.04    0.23   13.29 v _3868_/X (sky130_fd_sc_hd__o211a_1)
     1    0.00                           _0123_ (net)
                  0.04    0.00   13.29 v _4801_/D (sky130_fd_sc_hd__dfxtp_1)
                                 13.29   data arrival time

                         20.00   20.00   clock clock (rise edge)
                          0.00   20.00   clock source latency
                  0.42    0.28   20.28 ^ clock (in)
     2    0.09                           clock (net)
                  0.42    0.00   20.28 ^ clkbuf_0_clock/A (sky130_fd_sc_hd__clkbuf_16)
                  0.07    0.23   20.51 ^ clkbuf_0_clock/X (sky130_fd_sc_hd__clkbuf_16)
     4    0.04                           clknet_0_clock (net)
                  0.07    0.00   20.51 ^ clkbuf_1_1_0_clock/A (sky130_fd_sc_hd__clkbuf_2)
                  0.95    0.68   21.20 ^ clkbuf_1_1_0_clock/X (sky130_fd_sc_hd__clkbuf_2)
    16    0.18                           clknet_1_1_0_clock (net)
                  0.96    0.05   21.24 ^ clkbuf_opt_3_0_clock/A (sky130_fd_sc_hd__clkbuf_16)
                  0.06    0.27   21.51 ^ clkbuf_opt_3_0_clock/X (sky130_fd_sc_hd__clkbuf_16)
     1    0.01                           clknet_opt_3_0_clock (net)
                  0.06    0.00   21.51 ^ clkbuf_leaf_3_clock/A (sky130_fd_sc_hd__clkbuf_16)
                  0.06    0.14   21.65 ^ clkbuf_leaf_3_clock/X (sky130_fd_sc_hd__clkbuf_16)
    14    0.04                           clknet_leaf_3_clock (net)
                  0.06    0.00   21.65 ^ _4801_/CLK (sky130_fd_sc_hd__dfxtp_1)
                         -0.25   21.40   clock uncertainty
                          0.00   21.40   clock reconvergence pessimism
                         -0.11   21.30   library setup time
                                 21.30   data required time
-----------------------------------------------------------------------------
                                 21.30   data required time
                                -13.29   data arrival time
-----------------------------------------------------------------------------
                                  8.00   slack (MET)


Startpoint: io_ibus_addr[3] (input port clocked by clock)
Endpoint: io_imem_io_addr[1] (output port clocked by clock)
Path Group: clock
Path Type: max

Fanout     Cap    Slew   Delay    Time   Description
-----------------------------------------------------------------------------
                          0.00    0.00   clock clock (rise edge)
                          0.00    0.00   clock network delay (propagated)
                          4.00    4.00 ^ input external delay
                  0.02    0.02    4.02 ^ io_ibus_addr[3] (in)
     2    0.00                           io_ibus_addr[3] (net)
                  0.02    0.00    4.02 ^ input94/A (sky130_fd_sc_hd__dlymetal6s2s_1)
                  0.16    0.17    4.19 ^ input94/X (sky130_fd_sc_hd__dlymetal6s2s_1)
     5    0.01                           net94 (net)
                  0.16    0.00    4.19 ^ _2322_/A (sky130_fd_sc_hd__buf_2)
                  0.16    0.24    4.43 ^ _2322_/X (sky130_fd_sc_hd__buf_2)
     5    0.03                           _2081_ (net)
                  0.16    0.00    4.43 ^ _2323_/A (sky130_fd_sc_hd__clkbuf_2)
                  0.14    0.22    4.65 ^ _2323_/X (sky130_fd_sc_hd__clkbuf_2)
     5    0.03                           _2082_ (net)
                  0.14    0.00    4.65 ^ _2324_/A (sky130_fd_sc_hd__clkbuf_4)
                  0.21    0.30    4.95 ^ _2324_/X (sky130_fd_sc_hd__clkbuf_4)
    10    0.07                           _2083_ (net)
                  0.21    0.00    4.96 ^ _2325_/A (sky130_fd_sc_hd__clkbuf_2)
                  0.14    0.24    5.19 ^ _2325_/X (sky130_fd_sc_hd__clkbuf_2)
     5    0.02                           _2084_ (net)
                  0.14    0.00    5.20 ^ _2326_/A (sky130_fd_sc_hd__clkbuf_4)
                  0.41    0.44    5.64 ^ _2326_/X (sky130_fd_sc_hd__clkbuf_4)
    10    0.14                           _2085_ (net)
                  0.42    0.03    5.66 ^ _2327_/A (sky130_fd_sc_hd__buf_2)
                  0.21    0.33    5.99 ^ _2327_/X (sky130_fd_sc_hd__buf_2)
     5    0.04                           _2086_ (net)
                  0.21    0.00    6.00 ^ _2328_/A (sky130_fd_sc_hd__buf_2)
                  0.30    0.36    6.35 ^ _2328_/X (sky130_fd_sc_hd__buf_2)
    10    0.06                           _2087_ (net)
                  0.30    0.01    6.36 ^ _2329_/A0 (sky130_fd_sc_hd__mux2_1)
                  0.10    0.24    6.60 ^ _2329_/X (sky130_fd_sc_hd__mux2_1)
     1    0.01                           _2088_ (net)
                  0.10    0.00    6.60 ^ _2330_/A (sky130_fd_sc_hd__buf_12)
                  0.14    0.20    6.80 ^ _2330_/X (sky130_fd_sc_hd__buf_12)
     2    0.12                           net282 (net)
                  0.15    0.01    6.81 ^ output282/A (sky130_fd_sc_hd__buf_2)
                  0.17    0.24    7.06 ^ output282/X (sky130_fd_sc_hd__buf_2)
     1    0.03                           io_imem_io_addr[1] (net)
                  0.17    0.00    7.06 ^ io_imem_io_addr[1] (out)
                                  7.06   data arrival time

                         20.00   20.00   clock clock (rise edge)
                          0.00   20.00   clock network delay (propagated)
                         -0.25   19.75   clock uncertainty
                          0.00   19.75   clock reconvergence pessimism
                         -4.00   15.75   output external delay
                                 15.75   data required time
-----------------------------------------------------------------------------
                                 15.75   data required time
                                 -7.06   data arrival time
-----------------------------------------------------------------------------
                                  8.69   slack (MET)


Startpoint: io_ibus_addr[9] (input port clocked by clock)
Endpoint: _4811_ (rising edge-triggered flip-flop clocked by clock)
Path Group: clock
Path Type: max

Fanout     Cap    Slew   Delay    Time   Description
-----------------------------------------------------------------------------
                          0.00    0.00   clock clock (rise edge)
                          0.00    0.00   clock network delay (propagated)
                          4.00    4.00 v input external delay
                  0.03    0.02    4.02 v io_ibus_addr[9] (in)
     2    0.01                           io_ibus_addr[9] (net)
                  0.03    0.00    4.02 v input100/A (sky130_fd_sc_hd__dlymetal6s2s_1)
                  0.10    0.19    4.22 v input100/X (sky130_fd_sc_hd__dlymetal6s2s_1)
     5    0.02                           net100 (net)
                  0.10    0.00    4.22 v _2354_/A (sky130_fd_sc_hd__clkbuf_2)
                  0.28    0.32    4.54 v _2354_/X (sky130_fd_sc_hd__clkbuf_2)
    10    0.07                           _2107_ (net)
                  0.28    0.02    4.57 v _2787_/B_N (sky130_fd_sc_hd__or2b_1)
                  0.14    0.33    4.89 ^ _2787_/X (sky130_fd_sc_hd__or2b_1)
     4    0.01                           _0381_ (net)
                  0.14    0.00    4.89 ^ _2788_/B (sky130_fd_sc_hd__or2_2)
                  0.18    0.25    5.14 ^ _2788_/X (sky130_fd_sc_hd__or2_2)
     4    0.03                           _0382_ (net)
                  0.18    0.00    5.14 ^ _2789_/A (sky130_fd_sc_hd__dlymetal6s2s_1)
                  0.22    0.26    5.40 ^ _2789_/X (sky130_fd_sc_hd__dlymetal6s2s_1)
     5    0.02                           _0383_ (net)
                  0.22    0.00    5.41 ^ _3004_/A (sky130_fd_sc_hd__nor2_1)
                  0.07    0.11    5.51 v _3004_/Y (sky130_fd_sc_hd__nor2_1)
     2    0.01                           _0598_ (net)
                  0.07    0.00    5.51 v _3005_/A (sky130_fd_sc_hd__clkbuf_2)
                  0.27    0.31    5.83 v _3005_/X (sky130_fd_sc_hd__clkbuf_2)
    10    0.07                           _0599_ (net)
                  0.27    0.00    5.83 v _3956_/A (sky130_fd_sc_hd__or2_1)
                  0.07    0.35    6.18 v _3956_/X (sky130_fd_sc_hd__or2_1)
     3    0.01                           _1440_ (net)
                  0.07    0.00    6.18 v _4131_/A (sky130_fd_sc_hd__or3_1)
                  0.09    0.42    6.60 v _4131_/X (sky130_fd_sc_hd__or3_1)
     1    0.01                           _1607_ (net)
                  0.09    0.00    6.60 v _4136_/B (sky130_fd_sc_hd__or4b_1)
                  0.13    0.61    7.21 v _4136_/X (sky130_fd_sc_hd__or4b_1)
     1    0.01                           _1612_ (net)
                  0.13    0.00    7.21 v _4137_/D (sky130_fd_sc_hd__or4_1)
                  0.10    0.46    7.67 v _4137_/X (sky130_fd_sc_hd__or4_1)
     1    0.00                           _1613_ (net)
                  0.10    0.00    7.67 v _4139_/C (sky130_fd_sc_hd__or4_1)
                  0.13    0.57    8.25 v _4139_/X (sky130_fd_sc_hd__or4_1)
     1    0.01                           _1615_ (net)
                  0.13    0.00    8.25 v _4140_/D (sky130_fd_sc_hd__or4_1)
                  0.09    0.44    8.69 v _4140_/X (sky130_fd_sc_hd__or4_1)
     1    0.00                           _1616_ (net)
                  0.09    0.00    8.69 v _4141_/D (sky130_fd_sc_hd__or4_1)
                  0.09    0.44    9.13 v _4141_/X (sky130_fd_sc_hd__or4_1)
     1    0.00                           _1617_ (net)
                  0.09    0.00    9.13 v _4142_/D (sky130_fd_sc_hd__or4_1)
                  0.10    0.45    9.58 v _4142_/X (sky130_fd_sc_hd__or4_1)
     1    0.00                           _1618_ (net)
                  0.10    0.00    9.58 v _4143_/B2 (sky130_fd_sc_hd__o2bb2a_1)
                  0.05    0.30    9.88 v _4143_/X (sky130_fd_sc_hd__o2bb2a_1)
     1    0.00                           _1619_ (net)
                  0.05    0.00    9.88 v _4144_/D (sky130_fd_sc_hd__or4_1)
                  0.11    0.45   10.33 v _4144_/X (sky130_fd_sc_hd__or4_1)
     1    0.01                           _1620_ (net)
                  0.11    0.00   10.33 v _4145_/D (sky130_fd_sc_hd__or4_1)
                  0.08    0.43   10.75 v _4145_/X (sky130_fd_sc_hd__or4_1)
     1    0.00                           _1621_ (net)
                  0.08    0.00   10.75 v _4146_/D (sky130_fd_sc_hd__or4_1)
                  0.13    0.49   11.25 v _4146_/X (sky130_fd_sc_hd__or4_1)
     1    0.01                           _1622_ (net)
                  0.13    0.00   11.25 v _4147_/D (sky130_fd_sc_hd__or4_1)
                  0.09    0.45   11.70 v _4147_/X (sky130_fd_sc_hd__or4_1)
     1    0.00                           _1623_ (net)
                  0.09    0.00   11.70 v _4148_/C1 (sky130_fd_sc_hd__a311o_1)
                  0.07    0.31   12.01 v _4148_/X (sky130_fd_sc_hd__a311o_1)
     1    0.01                           _1624_ (net)
                  0.07    0.00   12.01 v _4149_/C1 (sky130_fd_sc_hd__o211a_1)
                  0.04    0.12   12.13 v _4149_/X (sky130_fd_sc_hd__o211a_1)
     1    0.00                           _0133_ (net)
                  0.04    0.00   12.13 v _4811_/D (sky130_fd_sc_hd__dfxtp_1)
                                 12.13   data arrival time

                         20.00   20.00   clock clock (rise edge)
                          0.00   20.00   clock source latency
                  0.42    0.28   20.28 ^ clock (in)
     2    0.09                           clock (net)
                  0.42    0.00   20.28 ^ clkbuf_0_clock/A (sky130_fd_sc_hd__clkbuf_16)
                  0.07    0.23   20.51 ^ clkbuf_0_clock/X (sky130_fd_sc_hd__clkbuf_16)
     4    0.04                           clknet_0_clock (net)
                  0.07    0.00   20.51 ^ clkbuf_1_1_0_clock/A (sky130_fd_sc_hd__clkbuf_2)
                  0.95    0.68   21.20 ^ clkbuf_1_1_0_clock/X (sky130_fd_sc_hd__clkbuf_2)
    16    0.18                           clknet_1_1_0_clock (net)
                  0.96    0.04   21.24 ^ clkbuf_leaf_4_clock/A (sky130_fd_sc_hd__clkbuf_16)
                  0.06    0.28   21.51 ^ clkbuf_leaf_4_clock/X (sky130_fd_sc_hd__clkbuf_16)
     7    0.02                           clknet_leaf_4_clock (net)
                  0.06    0.00   21.51 ^ _4811_/CLK (sky130_fd_sc_hd__dfxtp_1)
                         -0.25   21.26   clock uncertainty
                          0.00   21.26   clock reconvergence pessimism
                         -0.10   21.16   library setup time
                                 21.16   data required time
-----------------------------------------------------------------------------
                                 21.16   data required time
                                -12.13   data arrival time
-----------------------------------------------------------------------------
                                  9.04   slack (MET)


Startpoint: io_ibus_addr[4] (input port clocked by clock)
Endpoint: _4688_ (rising edge-triggered flip-flop clocked by clock)
Path Group: clock
Path Type: max

Fanout     Cap    Slew   Delay    Time   Description
-----------------------------------------------------------------------------
                          0.00    0.00   clock clock (rise edge)
                          0.00    0.00   clock network delay (propagated)
                          4.00    4.00 ^ input external delay
                  0.04    0.02    4.02 ^ io_ibus_addr[4] (in)
     2    0.01                           io_ibus_addr[4] (net)
                  0.04    0.00    4.02 ^ input95/A (sky130_fd_sc_hd__clkbuf_1)
                  0.18    0.18    4.20 ^ input95/X (sky130_fd_sc_hd__clkbuf_1)
     5    0.01                           net95 (net)
                  0.18    0.00    4.20 ^ _2331_/A (sky130_fd_sc_hd__clkbuf_2)
                  0.16    0.24    4.44 ^ _2331_/X (sky130_fd_sc_hd__clkbuf_2)
     5    0.03                           _2089_ (net)
                  0.16    0.00    4.44 ^ _2332_/A (sky130_fd_sc_hd__clkbuf_2)
                  0.16    0.23    4.68 ^ _2332_/X (sky130_fd_sc_hd__clkbuf_2)
     5    0.03                           _2090_ (net)
                  0.16    0.00    4.68 ^ _2777_/A_N (sky130_fd_sc_hd__and2b_1)
                  0.07    0.24    4.92 v _2777_/X (sky130_fd_sc_hd__and2b_1)
     2    0.01                           _0371_ (net)
                  0.07    0.00    4.92 v _2778_/A (sky130_fd_sc_hd__buf_2)
                  0.07    0.18    5.11 v _2778_/X (sky130_fd_sc_hd__buf_2)
     5    0.03                           _0372_ (net)
                  0.07    0.00    5.11 v _2779_/B (sky130_fd_sc_hd__nand2_2)
                  0.27    0.25    5.36 ^ _2779_/Y (sky130_fd_sc_hd__nand2_2)
     6    0.05                           _0373_ (net)
                  0.27    0.00    5.36 ^ _2807_/A2 (sky130_fd_sc_hd__a21oi_1)
                  0.10    0.16    5.52 v _2807_/Y (sky130_fd_sc_hd__a21oi_1)
     3    0.01                           _0401_ (net)
                  0.10    0.00    5.52 v _3335_/A (sky130_fd_sc_hd__or3_2)
                  0.13    0.59    6.11 v _3335_/X (sky130_fd_sc_hd__or3_2)
     4    0.02                           _0925_ (net)
                  0.13    0.00    6.11 v _3345_/C (sky130_fd_sc_hd__or4_1)
                  0.14    0.59    6.70 v _3345_/X (sky130_fd_sc_hd__or4_1)
     1    0.01                           _0935_ (net)
                  0.14    0.00    6.70 v _3346_/D (sky130_fd_sc_hd__or4_1)
                  0.08    0.43    7.14 v _3346_/X (sky130_fd_sc_hd__or4_1)
     1    0.00                           _0936_ (net)
                  0.08    0.00    7.14 v _3347_/D (sky130_fd_sc_hd__or4_1)
                  0.13    0.49    7.63 v _3347_/X (sky130_fd_sc_hd__or4_1)
     1    0.01                           _0937_ (net)
                  0.13    0.00    7.63 v _3353_/B (sky130_fd_sc_hd__or3_1)
                  0.08    0.41    8.04 v _3353_/X (sky130_fd_sc_hd__or3_1)
     1    0.01                           _0943_ (net)
                  0.08    0.00    8.04 v _3354_/C (sky130_fd_sc_hd__or3_1)
                  0.10    0.38    8.42 v _3354_/X (sky130_fd_sc_hd__or3_1)
     1    0.01                           _0944_ (net)
                  0.10    0.00    8.42 v _3355_/D (sky130_fd_sc_hd__or4_1)
                  0.09    0.43    8.86 v _3355_/X (sky130_fd_sc_hd__or4_1)
     1    0.00                           _0945_ (net)
                  0.09    0.00    8.86 v _3356_/D (sky130_fd_sc_hd__or4_1)
                  0.09    0.43    9.29 v _3356_/X (sky130_fd_sc_hd__or4_1)
     1    0.00                           _0946_ (net)
                  0.09    0.00    9.29 v _3357_/D (sky130_fd_sc_hd__or4_1)
                  0.08    0.42    9.70 v _3357_/X (sky130_fd_sc_hd__or4_1)
     1    0.00                           _0947_ (net)
                  0.08    0.00    9.70 v _3358_/D (sky130_fd_sc_hd__or4_1)
                  0.10    0.44   10.15 v _3358_/X (sky130_fd_sc_hd__or4_1)
     1    0.00                           _0948_ (net)
                  0.10    0.00   10.15 v _3359_/D (sky130_fd_sc_hd__or4_1)
                  0.07    0.41   10.56 v _3359_/X (sky130_fd_sc_hd__or4_1)
     1    0.00                           _0949_ (net)
                  0.07    0.00   10.56 v _3360_/D (sky130_fd_sc_hd__or4_1)
                  0.11    0.46   11.02 v _3360_/X (sky130_fd_sc_hd__or4_1)
     1    0.01                           _0950_ (net)
                  0.11    0.00   11.02 v _3361_/D (sky130_fd_sc_hd__or4_1)
                  0.08    0.43   11.45 v _3361_/X (sky130_fd_sc_hd__or4_1)
     1    0.00                           _0951_ (net)
                  0.08    0.00   11.45 v _3362_/D (sky130_fd_sc_hd__or4_1)
                  0.12    0.48   11.93 v _3362_/X (sky130_fd_sc_hd__or4_1)
     1    0.01                           _0952_ (net)
                  0.12    0.00   11.93 v _3363_/C1 (sky130_fd_sc_hd__o211a_1)
                  0.04    0.14   12.07 v _3363_/X (sky130_fd_sc_hd__o211a_1)
     1    0.00                           _0019_ (net)
                  0.04    0.00   12.07 v _4688_/D (sky130_fd_sc_hd__dfxtp_1)
                                 12.07   data arrival time

                         20.00   20.00   clock clock (rise edge)
                          0.00   20.00   clock source latency
                  0.42    0.28   20.28 ^ clock (in)
     2    0.09                           clock (net)
                  0.42    0.00   20.28 ^ clkbuf_0_clock/A (sky130_fd_sc_hd__clkbuf_16)
                  0.07    0.23   20.51 ^ clkbuf_0_clock/X (sky130_fd_sc_hd__clkbuf_16)
     4    0.04                           clknet_0_clock (net)
                  0.07    0.00   20.51 ^ clkbuf_1_1_0_clock/A (sky130_fd_sc_hd__clkbuf_2)
                  0.95    0.68   21.20 ^ clkbuf_1_1_0_clock/X (sky130_fd_sc_hd__clkbuf_2)
    16    0.18                           clknet_1_1_0_clock (net)
                  0.96    0.05   21.24 ^ clkbuf_opt_3_0_clock/A (sky130_fd_sc_hd__clkbuf_16)
                  0.06    0.27   21.51 ^ clkbuf_opt_3_0_clock/X (sky130_fd_sc_hd__clkbuf_16)
     1    0.01                           clknet_opt_3_0_clock (net)
                  0.06    0.00   21.51 ^ clkbuf_leaf_3_clock/A (sky130_fd_sc_hd__clkbuf_16)
                  0.06    0.14   21.65 ^ clkbuf_leaf_3_clock/X (sky130_fd_sc_hd__clkbuf_16)
    14    0.04                           clknet_leaf_3_clock (net)
                  0.06    0.00   21.65 ^ _4688_/CLK (sky130_fd_sc_hd__dfxtp_1)
                         -0.25   21.40   clock uncertainty
                          0.00   21.40   clock reconvergence pessimism
                         -0.10   21.30   library setup time
                                 21.30   data required time
-----------------------------------------------------------------------------
                                 21.30   data required time
                                -12.07   data arrival time
-----------------------------------------------------------------------------
                                  9.23   slack (MET)


