
===========================================================================
 report_clock_skew
============================================================================

======================== Slowest Corner ==================================

Clock clock
Latency      CRPR       Skew
_4828_/CLK ^
   3.11
_4827_/CLK ^
   2.05     -0.10       0.96


======================= Typical Corner ===================================

Clock clock
Latency      CRPR       Skew
_4828_/CLK ^
   1.71
_4827_/CLK ^
   1.21     -0.05       0.45


======================= Fastest Corner ===================================

Clock clock
Latency      CRPR       Skew
_4828_/CLK ^
   1.15
_4827_/CLK ^
   0.86     -0.04       0.25

