
===========================================================================
 report_power
============================================================================


======================= Slowest Corner =================================

Group                  Internal  Switching    Leakage      Total
                          Power      Power      Power      Power
----------------------------------------------------------------
Sequential             3.94e-04   2.73e-05   3.47e-06   4.24e-04  31.1%
Combinational          3.47e-04   5.76e-04   1.66e-05   9.40e-04  68.9%
Macro                  0.00e+00   0.00e+00   0.00e+00   0.00e+00   0.0%
Pad                    0.00e+00   0.00e+00   0.00e+00   0.00e+00   0.0%
----------------------------------------------------------------
Total                  7.41e-04   6.04e-04   2.01e-05   1.36e-03 100.0%
                          54.3%      44.2%       1.5%

======================= Typical Corner ===================================

Group                  Internal  Switching    Leakage      Total
                          Power      Power      Power      Power
----------------------------------------------------------------
Sequential             5.07e-04   3.48e-05   1.99e-09   5.42e-04  31.8%
Combinational          4.27e-04   7.36e-04   3.11e-07   1.16e-03  68.2%
Macro                  0.00e+00   0.00e+00   0.00e+00   0.00e+00   0.0%
Pad                    0.00e+00   0.00e+00   0.00e+00   0.00e+00   0.0%
----------------------------------------------------------------
Total                  9.34e-04   7.71e-04   3.13e-07   1.71e-03 100.0%
                          54.8%      45.2%       0.0%


======================= Fastest Corner =================================

Group                  Internal  Switching    Leakage      Total
                          Power      Power      Power      Power
----------------------------------------------------------------
Sequential             5.88e-04   4.12e-05   3.49e-09   6.29e-04  31.5%
Combinational          5.00e-04   8.68e-04   3.27e-07   1.37e-03  68.5%
Macro                  0.00e+00   0.00e+00   0.00e+00   0.00e+00   0.0%
Pad                    0.00e+00   0.00e+00   0.00e+00   0.00e+00   0.0%
----------------------------------------------------------------
Total                  1.09e-03   9.09e-04   3.31e-07   2.00e-03 100.0%
                          54.5%      45.5%       0.0%
