
===========================================================================
report_checks -unconstrained
============================================================================
Startpoint: io_ibus_addr[2] (input port clocked by clock)
Endpoint: _4801_ (rising edge-triggered flip-flop clocked by clock)
Path Group: clock
Path Type: max

Fanout     Cap    Slew   Delay    Time   Description
-----------------------------------------------------------------------------
                  0.15    0.00    0.00   clock clock (rise edge)
                          0.00    0.00   clock network delay (ideal)
                          4.00    4.00 v input external delay
                  0.01    0.00    4.00 v io_ibus_addr[2] (in)
     1    0.00                           io_ibus_addr[2] (net)
                  0.01    0.00    4.00 v input93/A (sky130_fd_sc_hd__dlymetal6s2s_1)
                  0.08    0.16    4.17 v input93/X (sky130_fd_sc_hd__dlymetal6s2s_1)
     4    0.01                           net93 (net)
                  0.08    0.00    4.17 v _2761_/A (sky130_fd_sc_hd__buf_2)
                  0.08    0.19    4.36 v _2761_/X (sky130_fd_sc_hd__buf_2)
     5    0.03                           _0355_ (net)
                  0.08    0.00    4.36 v _2953_/A (sky130_fd_sc_hd__xor2_4)
                  0.08    0.22    4.58 v _2953_/X (sky130_fd_sc_hd__xor2_4)
     3    0.02                           _0547_ (net)
                  0.08    0.00    4.58 v _2954_/C (sky130_fd_sc_hd__and3_1)
                  0.06    0.22    4.80 v _2954_/X (sky130_fd_sc_hd__and3_1)
     3    0.01                           _0548_ (net)
                  0.06    0.00    4.80 v _3837_/A (sky130_fd_sc_hd__or4_1)
                  0.08    0.53    5.34 v _3837_/X (sky130_fd_sc_hd__or4_1)
     1    0.00                           _1323_ (net)
                  0.08    0.00    5.34 v _3843_/B (sky130_fd_sc_hd__or4_1)
                  0.11    0.58    5.91 v _3843_/X (sky130_fd_sc_hd__or4_1)
     1    0.01                           _1329_ (net)
                  0.11    0.00    5.91 v _3844_/D (sky130_fd_sc_hd__or4_1)
                  0.09    0.44    6.36 v _3844_/X (sky130_fd_sc_hd__or4_1)
     1    0.00                           _1330_ (net)
                  0.09    0.00    6.36 v _3845_/D (sky130_fd_sc_hd__or4_1)
                  0.10    0.45    6.80 v _3845_/X (sky130_fd_sc_hd__or4_1)
     1    0.00                           _1331_ (net)
                  0.10    0.00    6.80 v _3846_/D (sky130_fd_sc_hd__or4_1)
                  0.08    0.42    7.22 v _3846_/X (sky130_fd_sc_hd__or4_1)
     1    0.00                           _1332_ (net)
                  0.08    0.00    7.22 v _3847_/D (sky130_fd_sc_hd__or4_1)
                  0.11    0.47    7.69 v _3847_/X (sky130_fd_sc_hd__or4_1)
     1    0.01                           _1333_ (net)
                  0.11    0.00    7.69 v _3848_/D (sky130_fd_sc_hd__or4_1)
                  0.08    0.43    8.12 v _3848_/X (sky130_fd_sc_hd__or4_1)
     1    0.00                           _1334_ (net)
                  0.08    0.00    8.12 v _3849_/D (sky130_fd_sc_hd__or4_1)
                  0.09    0.43    8.55 v _3849_/X (sky130_fd_sc_hd__or4_1)
     1    0.00                           _1335_ (net)
                  0.09    0.00    8.55 v _3850_/D (sky130_fd_sc_hd__or4_1)
                  0.09    0.44    8.99 v _3850_/X (sky130_fd_sc_hd__or4_1)
     1    0.00                           _1336_ (net)
                  0.09    0.00    8.99 v _3851_/D (sky130_fd_sc_hd__or4_1)
                  0.08    0.41    9.40 v _3851_/X (sky130_fd_sc_hd__or4_1)
     1    0.00                           _1337_ (net)
                  0.08    0.00    9.40 v _3852_/D (sky130_fd_sc_hd__or4_1)
                  0.09    0.44    9.84 v _3852_/X (sky130_fd_sc_hd__or4_1)
     1    0.00                           _1338_ (net)
                  0.09    0.00    9.84 v _3854_/C (sky130_fd_sc_hd__or4_1)
                  0.08    0.50   10.34 v _3854_/X (sky130_fd_sc_hd__or4_1)
     1    0.00                           _1340_ (net)
                  0.08    0.00   10.34 v _3855_/D (sky130_fd_sc_hd__or4_1)
                  0.09    0.44   10.78 v _3855_/X (sky130_fd_sc_hd__or4_1)
     1    0.00                           _1341_ (net)
                  0.09    0.00   10.78 v _3857_/C (sky130_fd_sc_hd__or4_1)
                  0.08    0.50   11.28 v _3857_/X (sky130_fd_sc_hd__or4_1)
     1    0.00                           _1343_ (net)
                  0.08    0.00   11.28 v _3858_/D (sky130_fd_sc_hd__or4_1)
                  0.09    0.44   11.72 v _3858_/X (sky130_fd_sc_hd__or4_1)
     1    0.00                           _1344_ (net)
                  0.09    0.00   11.72 v _3862_/C (sky130_fd_sc_hd__or4_1)
                  0.08    0.49   12.21 v _3862_/X (sky130_fd_sc_hd__or4_1)
     1    0.00                           _1348_ (net)
                  0.08    0.00   12.21 v _3863_/D (sky130_fd_sc_hd__or4_1)
                  0.09    0.43   12.64 v _3863_/X (sky130_fd_sc_hd__or4_1)
     1    0.00                           _1349_ (net)
                  0.09    0.00   12.64 v _3868_/A2 (sky130_fd_sc_hd__o211a_1)
                  0.04    0.23   12.87 v _3868_/X (sky130_fd_sc_hd__o211a_1)
     1    0.00                           _0123_ (net)
                  0.04    0.00   12.87 v _4801_/D (sky130_fd_sc_hd__dfxtp_1)
                                 12.87   data arrival time

                  0.15   20.00   20.00   clock clock (rise edge)
                          0.00   20.00   clock network delay (ideal)
                         -0.25   19.75   clock uncertainty
                          0.00   19.75   clock reconvergence pessimism
                                 19.75 ^ _4801_/CLK (sky130_fd_sc_hd__dfxtp_1)
                         -0.08   19.67   library setup time
                                 19.67   data required time
-----------------------------------------------------------------------------
                                 19.67   data required time
                                -12.87   data arrival time
-----------------------------------------------------------------------------
                                  6.80   slack (MET)



===========================================================================
report_checks --slack_max -0.01
============================================================================
No paths found.
