OpenROAD 8d53e9b018dec98fa63e907ddeb6c5406f035361 
This program is licensed under the BSD-3 license. See the LICENSE file for details.
Components of this program may be licensed under more restrictive licenses which must be honored.
[INFO ODB-0222] Reading LEF file: /home/ali112000/mpw5/UETRV-ECORE/openlane/Core/runs/Core/tmp/merged_unpadded.lef
[INFO ODB-0223]     Created 13 technology layers
[INFO ODB-0224]     Created 25 technology vias
[INFO ODB-0225]     Created 441 library cells
[INFO ODB-0226] Finished LEF file:  /home/ali112000/mpw5/UETRV-ECORE/openlane/Core/runs/Core/tmp/merged_unpadded.lef
[WARNING ORD-0033] -order_wires is deprecated.
[INFO ODB-0127] Reading DEF file: /home/ali112000/mpw5/UETRV-ECORE/openlane/Core/runs/Core/results/routing/Core.def
[INFO ODB-0128] Design: Core
[INFO ODB-0130]     Created 176 pins.
[INFO ODB-0131]     Created 43384 components and 210284 component-terminals.
[INFO ODB-0132]     Created 2 special nets and 166988 connections.
[INFO ODB-0133]     Created 11278 nets and 43296 connections.
[INFO ODB-0134] Finished DEF file: /home/ali112000/mpw5/UETRV-ECORE/openlane/Core/runs/Core/results/routing/Core.def
[INFO]: Setting RC values...
[INFO RCX-0431] Defined process_corner X with ext_model_index 0
[INFO RCX-0029] Defined extraction corner X
[INFO RCX-0008] extracting parasitics of Core ...
Notice 0: Split top of 4269 T shapes.
[INFO RCX-0435] Reading extraction model file /home/ali112000/Desktop/mpw/pdk/sky130A/libs.tech/openlane/rcx_rules.info ...
[INFO RCX-0436] RC segment generation Core (max_merge_res 50.0) ...
[INFO RCX-0040] Final 57905 rc segments
[INFO RCX-0439] Coupling Cap extraction Core ...
[INFO RCX-0440] Coupling threshhold is 0.1000 fF, coupling capacitance less than 0.1000 fF will be grounded.
[INFO RCX-0043] 103051 wires to be extracted
[INFO RCX-0442] 51% completion -- 52991 wires have been extracted
[INFO RCX-0442] 100% completion -- 103051 wires have been extracted
[INFO RCX-0045] Extract 11278 nets, 69183 rsegs, 69183 caps, 136170 ccs
[INFO RCX-0015] Finished extracting Core.
[INFO RCX-0016] Writing SPEF ...
[INFO RCX-0443] 11278 nets finished
[INFO RCX-0017] Finished writing SPEF ...
