
===========================================================================
report_checks -unconstrained
============================================================================
Startpoint: _10999_ (rising edge-triggered flip-flop clocked by clock)
Endpoint: _10959_ (rising edge-triggered flip-flop clocked by clock)
Path Group: clock
Path Type: max

Fanout     Cap    Slew   Delay    Time   Description
-----------------------------------------------------------------------------
                  0.15    0.00    0.00   clock clock (rise edge)
                          0.00    0.00   clock network delay (ideal)
                  0.15    0.00    0.00 ^ _10999_/CLK (sky130_fd_sc_hd__dfxtp_2)
                  0.06    0.39    0.39 v _10999_/Q (sky130_fd_sc_hd__dfxtp_2)
     4    0.02                           pid.sigma_old[6] (net)
                  0.06    0.01    0.40 v _06338_/A (sky130_fd_sc_hd__xnor2_2)
                  0.08    0.17    0.57 v _06338_/Y (sky130_fd_sc_hd__xnor2_2)
     3    0.01                           _01315_ (net)
                  0.08    0.00    0.58 v _06339_/A (sky130_fd_sc_hd__or3b_2)
                  0.08    0.49    1.07 v _06339_/X (sky130_fd_sc_hd__or3b_2)
     2    0.00                           _01316_ (net)
                  0.08    0.00    1.07 v _06342_/C (sky130_fd_sc_hd__or3_2)
                  0.07    0.43    1.50 v _06342_/X (sky130_fd_sc_hd__or3_2)
     1    0.00                           _01319_ (net)
                  0.07    0.00    1.50 v _06343_/B1 (sky130_fd_sc_hd__a311o_2)
                  0.07    0.39    1.89 v _06343_/X (sky130_fd_sc_hd__a311o_2)
     2    0.01                           _01320_ (net)
                  0.07    0.00    1.90 v _06347_/A3 (sky130_fd_sc_hd__a31o_2)
                  0.06    0.29    2.19 v _06347_/X (sky130_fd_sc_hd__a31o_2)
     3    0.01                           _01324_ (net)
                  0.06    0.01    2.20 v _06362_/A1 (sky130_fd_sc_hd__o311ai_2)
                  0.41    0.45    2.65 ^ _06362_/Y (sky130_fd_sc_hd__o311ai_2)
     3    0.02                           _01339_ (net)
                  0.41    0.00    2.66 ^ _06363_/B2 (sky130_fd_sc_hd__a221o_2)
                  0.06    0.25    2.90 ^ _06363_/X (sky130_fd_sc_hd__a221o_2)
     2    0.01                           _01340_ (net)
                  0.06    0.00    2.91 ^ _06365_/A3 (sky130_fd_sc_hd__a31o_2)
                  0.13    0.22    3.13 ^ _06365_/X (sky130_fd_sc_hd__a31o_2)
     2    0.02                           _01342_ (net)
                  0.13    0.01    3.14 ^ _06380_/A (sky130_fd_sc_hd__xor2_2)
                  0.10    0.11    3.25 v _06380_/X (sky130_fd_sc_hd__xor2_2)
     4    0.01                           _01357_ (net)
                  0.10    0.00    3.25 v _06382_/A (sky130_fd_sc_hd__buf_1)
                  0.10    0.18    3.43 v _06382_/X (sky130_fd_sc_hd__buf_1)
     5    0.02                           _01359_ (net)
                  0.10    0.00    3.43 v _06398_/C (sky130_fd_sc_hd__or3_2)
                  0.09    0.46    3.89 v _06398_/X (sky130_fd_sc_hd__or3_2)
     2    0.01                           _01375_ (net)
                  0.09    0.00    3.89 v _06598_/B1 (sky130_fd_sc_hd__o2111a_2)
                  0.05    0.19    4.08 v _06598_/X (sky130_fd_sc_hd__o2111a_2)
     2    0.01                           _01575_ (net)
                  0.05    0.00    4.08 v _06599_/B1 (sky130_fd_sc_hd__a31o_2)
                  0.07    0.26    4.34 v _06599_/X (sky130_fd_sc_hd__a31o_2)
     4    0.02                           _01576_ (net)
                  0.07    0.00    4.34 v _06601_/B (sky130_fd_sc_hd__and3_2)
                  0.05    0.22    4.56 v _06601_/X (sky130_fd_sc_hd__and3_2)
     2    0.01                           _01578_ (net)
                  0.05    0.00    4.57 v _06603_/B (sky130_fd_sc_hd__or3_2)
                  0.10    0.50    5.07 v _06603_/X (sky130_fd_sc_hd__or3_2)
     3    0.01                           _01580_ (net)
                  0.10    0.00    5.07 v _06610_/C (sky130_fd_sc_hd__and3_2)
                  0.05    0.25    5.32 v _06610_/X (sky130_fd_sc_hd__and3_2)
     2    0.01                           _01587_ (net)
                  0.05    0.00    5.32 v _06633_/A (sky130_fd_sc_hd__or3b_2)
                  0.10    0.52    5.83 v _06633_/X (sky130_fd_sc_hd__or3b_2)
     3    0.01                           _01610_ (net)
                  0.10    0.00    5.84 v _06646_/A1 (sky130_fd_sc_hd__a21o_2)
                  0.04    0.23    6.06 v _06646_/X (sky130_fd_sc_hd__a21o_2)
     2    0.01                           _01623_ (net)
                  0.05    0.00    6.07 v _06650_/A2 (sky130_fd_sc_hd__a21o_2)
                  0.05    0.24    6.30 v _06650_/X (sky130_fd_sc_hd__a21o_2)
     3    0.01                           _01627_ (net)
                  0.05    0.00    6.30 v _06713_/A2 (sky130_fd_sc_hd__a21o_2)
                  0.06    0.24    6.55 v _06713_/X (sky130_fd_sc_hd__a21o_2)
     3    0.01                           _01690_ (net)
                  0.06    0.00    6.55 v _06715_/C (sky130_fd_sc_hd__and3_2)
                  0.05    0.23    6.78 v _06715_/X (sky130_fd_sc_hd__and3_2)
     2    0.01                           _01692_ (net)
                  0.05    0.00    6.78 v _06719_/A (sky130_fd_sc_hd__or3_2)
                  0.09    0.51    7.29 v _06719_/X (sky130_fd_sc_hd__or3_2)
     2    0.01                           _01696_ (net)
                  0.09    0.00    7.30 v _06721_/A2 (sky130_fd_sc_hd__a21o_2)
                  0.06    0.26    7.56 v _06721_/X (sky130_fd_sc_hd__a21o_2)
     3    0.01                           _01698_ (net)
                  0.06    0.01    7.56 v _06723_/A2 (sky130_fd_sc_hd__a21oi_2)
                  0.15    0.19    7.75 ^ _06723_/Y (sky130_fd_sc_hd__a21oi_2)
     3    0.01                           _01700_ (net)
                  0.15    0.00    7.75 ^ _06730_/A2 (sky130_fd_sc_hd__o21a_2)
                  0.10    0.19    7.94 ^ _06730_/X (sky130_fd_sc_hd__o21a_2)
     3    0.02                           _01707_ (net)
                  0.10    0.01    7.95 ^ _06950_/A (sky130_fd_sc_hd__nor2_2)
                  0.05    0.06    8.01 v _06950_/Y (sky130_fd_sc_hd__nor2_2)
     2    0.01                           _01927_ (net)
                  0.05    0.01    8.02 v _06951_/B (sky130_fd_sc_hd__xnor2_2)
                  0.22    0.21    8.23 ^ _06951_/Y (sky130_fd_sc_hd__xnor2_2)
     2    0.01                           _01928_ (net)
                  0.22    0.01    8.24 ^ _06974_/B (sky130_fd_sc_hd__xnor2_2)
                  0.23    0.18    8.42 ^ _06974_/Y (sky130_fd_sc_hd__xnor2_2)
     2    0.01                           _01951_ (net)
                  0.23    0.01    8.43 ^ _07690_/A (sky130_fd_sc_hd__xor2_2)
                  0.18    0.22    8.65 ^ _07690_/X (sky130_fd_sc_hd__xor2_2)
     2    0.01                           _02667_ (net)
                  0.18    0.01    8.66 ^ _07691_/B (sky130_fd_sc_hd__xnor2_2)
                  0.19    0.16    8.82 ^ _07691_/Y (sky130_fd_sc_hd__xnor2_2)
     2    0.01                           _02668_ (net)
                  0.19    0.00    8.82 ^ _07750_/A_N (sky130_fd_sc_hd__and2b_2)
                  0.03    0.24    9.07 v _07750_/X (sky130_fd_sc_hd__and2b_2)
     1    0.00                           _02727_ (net)
                  0.03    0.00    9.07 v _07751_/B1_N (sky130_fd_sc_hd__o21ba_2)
                  0.08    0.26    9.33 ^ _07751_/X (sky130_fd_sc_hd__o21ba_2)
     2    0.01                           _02728_ (net)
                  0.08    0.00    9.33 ^ _07753_/A_N (sky130_fd_sc_hd__and2b_2)
                  0.03    0.22    9.54 v _07753_/X (sky130_fd_sc_hd__and2b_2)
     1    0.00                           _02730_ (net)
                  0.03    0.00    9.55 v _07754_/B1_N (sky130_fd_sc_hd__o21bai_2)
                  0.07    0.21    9.76 v _07754_/Y (sky130_fd_sc_hd__o21bai_2)
     2    0.01                           _02731_ (net)
                  0.07    0.00    9.76 v _07756_/A2 (sky130_fd_sc_hd__a21o_2)
                  0.06    0.25   10.01 v _07756_/X (sky130_fd_sc_hd__a21o_2)
     2    0.01                           _02733_ (net)
                  0.06    0.00   10.01 v _07758_/A2 (sky130_fd_sc_hd__a21bo_2)
                  0.06    0.25   10.26 v _07758_/X (sky130_fd_sc_hd__a21bo_2)
     2    0.01                           _02735_ (net)
                  0.06    0.01   10.27 v _07760_/A2 (sky130_fd_sc_hd__a21oi_2)
                  0.17    0.20   10.47 ^ _07760_/Y (sky130_fd_sc_hd__a21oi_2)
     2    0.01                           _02737_ (net)
                  0.17    0.00   10.47 ^ _07762_/A2 (sky130_fd_sc_hd__o21a_2)
                  0.08    0.18   10.66 ^ _07762_/X (sky130_fd_sc_hd__o21a_2)
     2    0.01                           _02739_ (net)
                  0.09    0.01   10.67 ^ _10122_/B (sky130_fd_sc_hd__xnor2_2)
                  0.08    0.09   10.75 v _10122_/Y (sky130_fd_sc_hd__xnor2_2)
     2    0.01                           _04836_ (net)
                  0.08    0.01   10.76 v _10190_/A (sky130_fd_sc_hd__xor2_2)
                  0.08    0.21   10.97 v _10190_/X (sky130_fd_sc_hd__xor2_2)
     2    0.01                           _04904_ (net)
                  0.08    0.00   10.97 v _10198_/A1 (sky130_fd_sc_hd__o21a_2)
                  0.05    0.24   11.22 v _10198_/X (sky130_fd_sc_hd__o21a_2)
     1    0.01                           _04911_ (net)
                  0.06    0.01   11.23 v _10199_/B (sky130_fd_sc_hd__xnor2_2)
                  0.07    0.15   11.38 v _10199_/Y (sky130_fd_sc_hd__xnor2_2)
     1    0.01                           _04912_ (net)
                  0.08    0.02   11.40 v _10243_/A (sky130_fd_sc_hd__xnor2_2)
                  0.05    0.14   11.54 v _10243_/Y (sky130_fd_sc_hd__xnor2_2)
     1    0.00                           _04956_ (net)
                  0.05    0.00   11.54 v _10244_/B1 (sky130_fd_sc_hd__a22o_2)
                  0.04    0.21   11.75 v _10244_/X (sky130_fd_sc_hd__a22o_2)
     1    0.00                           _00340_ (net)
                  0.04    0.00   11.76 v _10959_/D (sky130_fd_sc_hd__dfxtp_2)
                                 11.76   data arrival time

                  0.15   20.00   20.00   clock clock (rise edge)
                          0.00   20.00   clock network delay (ideal)
                         -0.25   19.75   clock uncertainty
                          0.00   19.75   clock reconvergence pessimism
                                 19.75 ^ _10959_/CLK (sky130_fd_sc_hd__dfxtp_2)
                         -0.09   19.66   library setup time
                                 19.66   data required time
-----------------------------------------------------------------------------
                                 19.66   data required time
                                -11.76   data arrival time
-----------------------------------------------------------------------------
                                  7.91   slack (MET)



===========================================================================
report_checks --slack_max -0.01
============================================================================
No paths found.
