First Layout: /home/ali112000/mpw5/UETRV-ECORE/openlane/Wishbone_InterConnect/runs/Wishbone_InterConnect/results/finishing/WB_InterConnect.gds
Second Layout: /home/ali112000/mpw5/UETRV-ECORE/openlane/Wishbone_InterConnect/runs/Wishbone_InterConnect/results/finishing/WB_InterConnect.klayout.gds
Design Name: WB_InterConnect
Output GDS will be: /home/ali112000/mpw5/UETRV-ECORE/openlane/Wishbone_InterConnect/runs/Wishbone_InterConnect/reports/finishing/WB_InterConnect.xor.xml
Reading /home/ali112000/mpw5/UETRV-ECORE/openlane/Wishbone_InterConnect/runs/Wishbone_InterConnect/results/finishing/WB_InterConnect.gds ..
Reading /home/ali112000/mpw5/UETRV-ECORE/openlane/Wishbone_InterConnect/runs/Wishbone_InterConnect/results/finishing/WB_InterConnect.klayout.gds ..
--- Running XOR for 122/16 ---
"input" in: xor.drc:38
    Polygons (raw): 107067 (flat)  135 (hierarchical)
    Elapsed: 0.000s  Memory: 537.00M
"input" in: xor.drc:38
    Polygons (raw): 107067 (flat)  135 (hierarchical)
    Elapsed: 0.000s  Memory: 537.00M
"^" in: xor.drc:38
    Polygons (raw): 0 (flat)  0 (hierarchical)
    Elapsed: 0.920s  Memory: 537.00M
XOR differences: 0
"output" in: xor.drc:40
    Polygons (raw): 0 (flat)  0 (hierarchical)
    Elapsed: 0.010s  Memory: 537.00M
--- Running XOR for 235/4 ---
"input" in: xor.drc:38
    Polygons (raw): 1 (flat)  1 (hierarchical)
    Elapsed: 0.000s  Memory: 537.00M
"input" in: xor.drc:38
    Polygons (raw): 1 (flat)  1 (hierarchical)
    Elapsed: 0.010s  Memory: 537.00M
"^" in: xor.drc:38
    Polygons (raw): 0 (flat)  0 (hierarchical)
    Elapsed: 0.110s  Memory: 537.00M
XOR differences: 0
"output" in: xor.drc:40
    Polygons (raw): 0 (flat)  0 (hierarchical)
    Elapsed: 0.010s  Memory: 537.00M
--- Running XOR for 236/0 ---
"input" in: xor.drc:38
    Polygons (raw): 87092 (flat)  127 (hierarchical)
    Elapsed: 0.000s  Memory: 537.00M
"input" in: xor.drc:38
    Polygons (raw): 87092 (flat)  127 (hierarchical)
    Elapsed: 0.000s  Memory: 537.00M
"^" in: xor.drc:38
    Polygons (raw): 0 (flat)  0 (hierarchical)
    Elapsed: 0.780s  Memory: 584.00M
XOR differences: 0
"output" in: xor.drc:40
    Polygons (raw): 0 (flat)  0 (hierarchical)
    Elapsed: 0.000s  Memory: 584.00M
--- Running XOR for 64/16 ---
"input" in: xor.drc:38
    Polygons (raw): 107047 (flat)  133 (hierarchical)
    Elapsed: 0.000s  Memory: 584.00M
"input" in: xor.drc:38
    Polygons (raw): 107047 (flat)  133 (hierarchical)
    Elapsed: 0.000s  Memory: 584.00M
"^" in: xor.drc:38
    Polygons (raw): 0 (flat)  0 (hierarchical)
    Elapsed: 0.910s  Memory: 584.00M
XOR differences: 0
"output" in: xor.drc:40
    Polygons (raw): 0 (flat)  0 (hierarchical)
    Elapsed: 0.000s  Memory: 584.00M
--- Running XOR for 64/20 ---
"input" in: xor.drc:38
    Polygons (raw): 123497 (flat)  130 (hierarchical)
    Elapsed: 0.000s  Memory: 584.00M
"input" in: xor.drc:38
    Polygons (raw): 123497 (flat)  130 (hierarchical)
    Elapsed: 0.000s  Memory: 584.00M
"^" in: xor.drc:38
    Polygons (raw): 0 (flat)  0 (hierarchical)
    Elapsed: 1.340s  Memory: 594.00M
XOR differences: 0
"output" in: xor.drc:40
    Polygons (raw): 0 (flat)  0 (hierarchical)
    Elapsed: 0.000s  Memory: 594.00M
--- Running XOR for 64/5 ---
"input" in: xor.drc:38
    Polygons (raw): 0 (flat)  0 (hierarchical)
    Elapsed: 0.010s  Memory: 594.00M
"input" in: xor.drc:38
    Polygons (raw): 0 (flat)  0 (hierarchical)
    Elapsed: 0.000s  Memory: 594.00M
"^" in: xor.drc:38
    Polygons (raw): 0 (flat)  0 (hierarchical)
    Elapsed: 0.280s  Memory: 594.00M
XOR differences: 0
"output" in: xor.drc:40
    Polygons (raw): 0 (flat)  0 (hierarchical)
    Elapsed: 0.000s  Memory: 594.00M
--- Running XOR for 64/59 ---
"input" in: xor.drc:38
    Polygons (raw): 0 (flat)  0 (hierarchical)
    Elapsed: 0.000s  Memory: 594.00M
"input" in: xor.drc:38
    Polygons (raw): 0 (flat)  0 (hierarchical)
    Elapsed: 0.000s  Memory: 594.00M
"^" in: xor.drc:38
    Polygons (raw): 0 (flat)  0 (hierarchical)
    Elapsed: 0.290s  Memory: 594.00M
XOR differences: 0
"output" in: xor.drc:40
    Polygons (raw): 0 (flat)  0 (hierarchical)
    Elapsed: 0.000s  Memory: 594.00M
--- Running XOR for 65/20 ---
"input" in: xor.drc:38
    Polygons (raw): 174876 (flat)  366 (hierarchical)
    Elapsed: 0.000s  Memory: 594.00M
"input" in: xor.drc:38
    Polygons (raw): 174876 (flat)  366 (hierarchical)
    Elapsed: 0.000s  Memory: 594.00M
"^" in: xor.drc:38
    Polygons (raw): 0 (flat)  0 (hierarchical)
    Elapsed: 1.270s  Memory: 594.00M
XOR differences: 0
"output" in: xor.drc:40
    Polygons (raw): 0 (flat)  0 (hierarchical)
    Elapsed: 0.000s  Memory: 594.00M
--- Running XOR for 65/44 ---
"input" in: xor.drc:38
    Polygons (raw): 33432 (flat)  2 (hierarchical)
    Elapsed: 0.000s  Memory: 594.00M
"input" in: xor.drc:38
    Polygons (raw): 33432 (flat)  2 (hierarchical)
    Elapsed: 0.010s  Memory: 594.00M
"^" in: xor.drc:38
    Polygons (raw): 0 (flat)  0 (hierarchical)
    Elapsed: 0.310s  Memory: 594.00M
XOR differences: 0
"output" in: xor.drc:40
    Polygons (raw): 0 (flat)  0 (hierarchical)
    Elapsed: 0.000s  Memory: 594.00M
--- Running XOR for 66/20 ---
"input" in: xor.drc:38
    Polygons (raw): 178741 (flat)  620 (hierarchical)
    Elapsed: 0.000s  Memory: 594.00M
"input" in: xor.drc:38
    Polygons (raw): 178741 (flat)  620 (hierarchical)
    Elapsed: 0.000s  Memory: 594.00M
"^" in: xor.drc:38
    Polygons (raw): 0 (flat)  0 (hierarchical)
    Elapsed: 1.790s  Memory: 594.00M
XOR differences: 0
"output" in: xor.drc:40
    Polygons (raw): 0 (flat)  0 (hierarchical)
    Elapsed: 0.000s  Memory: 594.00M
--- Running XOR for 66/44 ---
"input" in: xor.drc:38
    Polygons (raw): 1208600 (flat)  3927 (hierarchical)
    Elapsed: 0.000s  Memory: 594.00M
"input" in: xor.drc:38
    Polygons (raw): 1208600 (flat)  3927 (hierarchical)
    Elapsed: 0.000s  Memory: 594.00M
"^" in: xor.drc:38
    Polygons (raw): 0 (flat)  0 (hierarchical)
    Elapsed: 6.740s  Memory: 594.00M
XOR differences: 0
"output" in: xor.drc:40
    Polygons (raw): 0 (flat)  0 (hierarchical)
    Elapsed: 0.010s  Memory: 594.00M
--- Running XOR for 67/16 ---
"input" in: xor.drc:38
    Polygons (raw): 39777 (flat)  1014 (hierarchical)
    Elapsed: 0.000s  Memory: 594.00M
"input" in: xor.drc:38
    Polygons (raw): 39777 (flat)  1014 (hierarchical)
    Elapsed: 0.010s  Memory: 594.00M
"^" in: xor.drc:38
    Polygons (raw): 0 (flat)  0 (hierarchical)
    Elapsed: 0.290s  Memory: 594.00M
XOR differences: 0
"output" in: xor.drc:40
    Polygons (raw): 0 (flat)  0 (hierarchical)
    Elapsed: 0.000s  Memory: 594.00M
--- Running XOR for 67/20 ---
"input" in: xor.drc:38
    Polygons (raw): 310979 (flat)  12829 (hierarchical)
    Elapsed: 0.000s  Memory: 594.00M
"input" in: xor.drc:38
    Polygons (raw): 310979 (flat)  1061 (hierarchical)
    Elapsed: 0.000s  Memory: 594.00M
"^" in: xor.drc:38
    Polygons (raw): 0 (flat)  0 (hierarchical)
    Elapsed: 4.020s  Memory: 602.00M
XOR differences: 0
"output" in: xor.drc:40
    Polygons (raw): 0 (flat)  0 (hierarchical)
    Elapsed: 0.010s  Memory: 602.00M
--- Running XOR for 67/44 ---
"input" in: xor.drc:38
    Polygons (raw): 1887929 (flat)  14103 (hierarchical)
    Elapsed: 0.020s  Memory: 602.00M
"input" in: xor.drc:38
    Polygons (raw): 1887929 (flat)  2335 (hierarchical)
    Elapsed: 0.000s  Memory: 602.00M
"^" in: xor.drc:38
    Polygons (raw): 0 (flat)  0 (hierarchical)
    Elapsed: 9.450s  Memory: 606.00M
XOR differences: 0
"output" in: xor.drc:40
    Polygons (raw): 0 (flat)  0 (hierarchical)
    Elapsed: 0.000s  Memory: 606.00M
--- Running XOR for 67/5 ---
"input" in: xor.drc:38
    Polygons (raw): 0 (flat)  0 (hierarchical)
    Elapsed: 0.000s  Memory: 606.00M
"input" in: xor.drc:38
    Polygons (raw): 0 (flat)  0 (hierarchical)
    Elapsed: 0.000s  Memory: 606.00M
"^" in: xor.drc:38
    Polygons (raw): 0 (flat)  0 (hierarchical)
    Elapsed: 0.110s  Memory: 606.00M
XOR differences: 0
"output" in: xor.drc:40
    Polygons (raw): 0 (flat)  0 (hierarchical)
    Elapsed: 0.000s  Memory: 606.00M
--- Running XOR for 68/16 ---
"input" in: xor.drc:38
    Polygons (raw): 247340 (flat)  266 (hierarchical)
    Elapsed: 0.000s  Memory: 606.00M
"input" in: xor.drc:38
    Polygons (raw): 247340 (flat)  266 (hierarchical)
    Elapsed: 0.000s  Memory: 606.00M
"^" in: xor.drc:38
    Polygons (raw): 0 (flat)  0 (hierarchical)
    Elapsed: 1.740s  Memory: 606.00M
XOR differences: 0
"output" in: xor.drc:40
    Polygons (raw): 0 (flat)  0 (hierarchical)
    Elapsed: 0.000s  Memory: 606.00M
--- Running XOR for 68/20 ---
"input" in: xor.drc:38
    Polygons (raw): 307236 (flat)  60009 (hierarchical)
    Elapsed: 0.000s  Memory: 606.00M
"input" in: xor.drc:38
    Polygons (raw): 296102 (flat)  20746 (hierarchical)
    Elapsed: 0.000s  Memory: 606.00M
"^" in: xor.drc:38
    Polygons (raw): 0 (flat)  0 (hierarchical)
    Elapsed: 2.670s  Memory: 619.00M
XOR differences: 0
"output" in: xor.drc:40
    Polygons (raw): 0 (flat)  0 (hierarchical)
    Elapsed: 0.000s  Memory: 619.00M
--- Running XOR for 68/44 ---
"input" in: xor.drc:38
    Polygons (raw): 27479 (flat)  27479 (hierarchical)
    Elapsed: 0.020s  Memory: 619.00M
"input" in: xor.drc:38
    Polygons (raw): 27479 (flat)  6 (hierarchical)
    Elapsed: 0.000s  Memory: 619.00M
"^" in: xor.drc:38
    Polygons (raw): 0 (flat)  0 (hierarchical)
    Elapsed: 0.230s  Memory: 619.00M
XOR differences: 0
"output" in: xor.drc:40
    Polygons (raw): 0 (flat)  0 (hierarchical)
    Elapsed: 0.000s  Memory: 619.00M
--- Running XOR for 68/5 ---
"input" in: xor.drc:38
    Polygons (raw): 0 (flat)  0 (hierarchical)
    Elapsed: 0.000s  Memory: 619.00M
"input" in: xor.drc:38
    Polygons (raw): 0 (flat)  0 (hierarchical)
    Elapsed: 0.010s  Memory: 619.00M
"^" in: xor.drc:38
    Polygons (raw): 0 (flat)  0 (hierarchical)
    Elapsed: 0.310s  Memory: 619.00M
XOR differences: 0
"output" in: xor.drc:40
    Polygons (raw): 0 (flat)  0 (hierarchical)
    Elapsed: 0.000s  Memory: 619.00M
--- Running XOR for 69/16 ---
"input" in: xor.drc:38
    Polygons (raw): 121 (flat)  121 (hierarchical)
    Elapsed: 0.000s  Memory: 619.00M
"input" in: xor.drc:38
    Polygons (raw): 121 (flat)  121 (hierarchical)
    Elapsed: 0.000s  Memory: 619.00M
"^" in: xor.drc:38
    Polygons (raw): 0 (flat)  0 (hierarchical)
    Elapsed: 0.110s  Memory: 619.00M
XOR differences: 0
"output" in: xor.drc:40
    Polygons (raw): 0 (flat)  0 (hierarchical)
    Elapsed: 0.010s  Memory: 619.00M
--- Running XOR for 69/20 ---
"input" in: xor.drc:38
    Polygons (raw): 31320 (flat)  31320 (hierarchical)
    Elapsed: 0.000s  Memory: 619.00M
"input" in: xor.drc:38
    Polygons (raw): 34144 (flat)  12200 (hierarchical)
    Elapsed: 0.010s  Memory: 619.00M
"^" in: xor.drc:38
    Polygons (raw): 121 (flat)  121 (hierarchical)
    Elapsed: 0.470s  Memory: 619.00M
XOR differences: 121
"output" in: xor.drc:40
    Polygons (raw): 121 (flat)  121 (hierarchical)
    Elapsed: 0.000s  Memory: 619.00M
--- Running XOR for 69/44 ---
"input" in: xor.drc:38
    Polygons (raw): 13922 (flat)  13922 (hierarchical)
    Elapsed: 0.000s  Memory: 619.00M
"input" in: xor.drc:38
    Polygons (raw): 13922 (flat)  5 (hierarchical)
    Elapsed: 0.000s  Memory: 619.00M
"^" in: xor.drc:38
    Polygons (raw): 0 (flat)  0 (hierarchical)
    Elapsed: 0.170s  Memory: 619.00M
XOR differences: 0
"output" in: xor.drc:40
    Polygons (raw): 0 (flat)  0 (hierarchical)
    Elapsed: 0.000s  Memory: 619.00M
--- Running XOR for 69/5 ---
"input" in: xor.drc:38
    Polygons (raw): 0 (flat)  0 (hierarchical)
    Elapsed: 0.010s  Memory: 619.00M
"input" in: xor.drc:38
    Polygons (raw): 0 (flat)  0 (hierarchical)
    Elapsed: 0.000s  Memory: 619.00M
"^" in: xor.drc:38
    Polygons (raw): 0 (flat)  0 (hierarchical)
    Elapsed: 0.000s  Memory: 619.00M
XOR differences: 0
"output" in: xor.drc:40
    Polygons (raw): 0 (flat)  0 (hierarchical)
    Elapsed: 0.030s  Memory: 619.00M
--- Running XOR for 70/16 ---
"input" in: xor.drc:38
    Polygons (raw): 307 (flat)  307 (hierarchical)
    Elapsed: 0.000s  Memory: 619.00M
"input" in: xor.drc:38
    Polygons (raw): 307 (flat)  307 (hierarchical)
    Elapsed: 0.000s  Memory: 619.00M
"^" in: xor.drc:38
    Polygons (raw): 0 (flat)  0 (hierarchical)
    Elapsed: 0.120s  Memory: 619.00M
XOR differences: 0
"output" in: xor.drc:40
    Polygons (raw): 0 (flat)  0 (hierarchical)
    Elapsed: 0.000s  Memory: 619.00M
--- Running XOR for 70/20 ---
"input" in: xor.drc:38
    Polygons (raw): 13665 (flat)  13665 (hierarchical)
    Elapsed: 0.000s  Memory: 619.00M
"input" in: xor.drc:38
    Polygons (raw): 12440 (flat)  2967 (hierarchical)
    Elapsed: 0.000s  Memory: 619.00M
"^" in: xor.drc:38
    Polygons (raw): 307 (flat)  307 (hierarchical)
    Elapsed: 0.200s  Memory: 619.00M
XOR differences: 307
"output" in: xor.drc:40
    Polygons (raw): 307 (flat)  307 (hierarchical)
    Elapsed: 0.010s  Memory: 619.00M
--- Running XOR for 70/44 ---
"input" in: xor.drc:38
    Polygons (raw): 12229 (flat)  12229 (hierarchical)
    Elapsed: 0.000s  Memory: 619.00M
"input" in: xor.drc:38
    Polygons (raw): 12229 (flat)  5 (hierarchical)
    Elapsed: 0.000s  Memory: 619.00M
"^" in: xor.drc:38
    Polygons (raw): 0 (flat)  0 (hierarchical)
    Elapsed: 0.170s  Memory: 619.00M
XOR differences: 0
"output" in: xor.drc:40
    Polygons (raw): 0 (flat)  0 (hierarchical)
    Elapsed: 0.000s  Memory: 619.00M
--- Running XOR for 70/5 ---
"input" in: xor.drc:38
    Polygons (raw): 0 (flat)  0 (hierarchical)
    Elapsed: 0.000s  Memory: 619.00M
"input" in: xor.drc:38
    Polygons (raw): 0 (flat)  0 (hierarchical)
    Elapsed: 0.010s  Memory: 619.00M
"^" in: xor.drc:38
    Polygons (raw): 0 (flat)  0 (hierarchical)
    Elapsed: 0.000s  Memory: 619.00M
XOR differences: 0
"output" in: xor.drc:40
    Polygons (raw): 0 (flat)  0 (hierarchical)
    Elapsed: 0.030s  Memory: 619.00M
--- Running XOR for 71/16 ---
"input" in: xor.drc:38
    Polygons (raw): 14 (flat)  14 (hierarchical)
    Elapsed: 0.010s  Memory: 619.00M
"input" in: xor.drc:38
    Polygons (raw): 14 (flat)  14 (hierarchical)
    Elapsed: 0.000s  Memory: 619.00M
"^" in: xor.drc:38
    Polygons (raw): 0 (flat)  0 (hierarchical)
    Elapsed: 0.110s  Memory: 619.00M
XOR differences: 0
"output" in: xor.drc:40
    Polygons (raw): 0 (flat)  0 (hierarchical)
    Elapsed: 0.010s  Memory: 619.00M
--- Running XOR for 71/20 ---
"input" in: xor.drc:38
    Polygons (raw): 1857 (flat)  1857 (hierarchical)
    Elapsed: 0.000s  Memory: 619.00M
"input" in: xor.drc:38
    Polygons (raw): 4620 (flat)  730 (hierarchical)
    Elapsed: 0.010s  Memory: 619.00M
"^" in: xor.drc:38
    Polygons (raw): 0 (flat)  0 (hierarchical)
    Elapsed: 0.150s  Memory: 619.00M
XOR differences: 0
"output" in: xor.drc:40
    Polygons (raw): 0 (flat)  0 (hierarchical)
    Elapsed: 0.010s  Memory: 619.00M
--- Running XOR for 71/5 ---
"input" in: xor.drc:38
    Polygons (raw): 0 (flat)  0 (hierarchical)
    Elapsed: 0.000s  Memory: 619.00M
"input" in: xor.drc:38
    Polygons (raw): 0 (flat)  0 (hierarchical)
    Elapsed: 0.000s  Memory: 619.00M
"^" in: xor.drc:38
    Polygons (raw): 0 (flat)  0 (hierarchical)
    Elapsed: 0.000s  Memory: 619.00M
XOR differences: 0
"output" in: xor.drc:40
    Polygons (raw): 0 (flat)  0 (hierarchical)
    Elapsed: 0.020s  Memory: 619.00M
--- Running XOR for 78/44 ---
"input" in: xor.drc:38
    Polygons (raw): 123833 (flat)  132 (hierarchical)
    Elapsed: 0.000s  Memory: 619.00M
"input" in: xor.drc:38
    Polygons (raw): 123833 (flat)  132 (hierarchical)
    Elapsed: 0.000s  Memory: 619.00M
"^" in: xor.drc:38
    Polygons (raw): 0 (flat)  0 (hierarchical)
    Elapsed: 1.030s  Memory: 619.00M
XOR differences: 0
"output" in: xor.drc:40
    Polygons (raw): 0 (flat)  0 (hierarchical)
    Elapsed: 0.000s  Memory: 619.00M
--- Running XOR for 81/14 ---
"input" in: xor.drc:38
    Polygons (raw): 1 (flat)  1 (hierarchical)
    Elapsed: 0.000s  Memory: 619.00M
"input" in: xor.drc:38
    Polygons (raw): 0 (flat)  0 (hierarchical)
    Elapsed: 0.000s  Memory: 619.00M
"^" in: xor.drc:38
    Polygons (raw): 1 (flat)  1 (hierarchical)
    Elapsed: 0.010s  Memory: 619.00M
XOR differences: 1
"output" in: xor.drc:40
    Polygons (raw): 1 (flat)  1 (hierarchical)
    Elapsed: 0.020s  Memory: 619.00M
--- Running XOR for 81/23 ---
"input" in: xor.drc:38
    Polygons (raw): 1510 (flat)  1 (hierarchical)
    Elapsed: 0.000s  Memory: 619.00M
"input" in: xor.drc:38
    Polygons (raw): 1510 (flat)  1 (hierarchical)
    Elapsed: 0.000s  Memory: 619.00M
"^" in: xor.drc:38
    Polygons (raw): 0 (flat)  0 (hierarchical)
    Elapsed: 0.100s  Memory: 619.00M
XOR differences: 0
"output" in: xor.drc:40
    Polygons (raw): 0 (flat)  0 (hierarchical)
    Elapsed: 0.010s  Memory: 619.00M
--- Running XOR for 81/4 ---
"input" in: xor.drc:38
    Polygons (raw): 123497 (flat)  130 (hierarchical)
    Elapsed: 0.000s  Memory: 619.00M
"input" in: xor.drc:38
    Polygons (raw): 123497 (flat)  130 (hierarchical)
    Elapsed: 0.010s  Memory: 619.00M
"^" in: xor.drc:38
    Polygons (raw): 0 (flat)  0 (hierarchical)
    Elapsed: 1.070s  Memory: 591.00M
XOR differences: 0
"output" in: xor.drc:40
    Polygons (raw): 0 (flat)  0 (hierarchical)
    Elapsed: 0.000s  Memory: 591.00M
--- Running XOR for 83/44 ---
"input" in: xor.drc:38
    Polygons (raw): 0 (flat)  0 (hierarchical)
    Elapsed: 0.000s  Memory: 591.00M
"input" in: xor.drc:38
    Polygons (raw): 0 (flat)  0 (hierarchical)
    Elapsed: 0.000s  Memory: 591.00M
"^" in: xor.drc:38
    Polygons (raw): 0 (flat)  0 (hierarchical)
    Elapsed: 0.290s  Memory: 591.00M
XOR differences: 0
"output" in: xor.drc:40
    Polygons (raw): 0 (flat)  0 (hierarchical)
    Elapsed: 0.000s  Memory: 591.00M
--- Running XOR for 93/44 ---
"input" in: xor.drc:38
    Polygons (raw): 140213 (flat)  131 (hierarchical)
    Elapsed: 0.000s  Memory: 591.00M
"input" in: xor.drc:38
    Polygons (raw): 140213 (flat)  131 (hierarchical)
    Elapsed: 0.000s  Memory: 591.00M
"^" in: xor.drc:38
    Polygons (raw): 0 (flat)  0 (hierarchical)
    Elapsed: 1.330s  Memory: 633.00M
XOR differences: 0
"output" in: xor.drc:40
    Polygons (raw): 0 (flat)  0 (hierarchical)
    Elapsed: 0.010s  Memory: 633.00M
--- Running XOR for 94/20 ---
"input" in: xor.drc:38
    Polygons (raw): 140213 (flat)  131 (hierarchical)
    Elapsed: 0.000s  Memory: 633.00M
"input" in: xor.drc:38
    Polygons (raw): 140213 (flat)  131 (hierarchical)
    Elapsed: 0.010s  Memory: 633.00M
"^" in: xor.drc:38
    Polygons (raw): 0 (flat)  0 (hierarchical)
    Elapsed: 1.320s  Memory: 591.00M
XOR differences: 0
"output" in: xor.drc:40
    Polygons (raw): 0 (flat)  0 (hierarchical)
    Elapsed: 0.000s  Memory: 591.00M
--- Running XOR for 95/20 ---
"input" in: xor.drc:38
    Polygons (raw): 86054 (flat)  141 (hierarchical)
    Elapsed: 0.000s  Memory: 591.00M
"input" in: xor.drc:38
    Polygons (raw): 86054 (flat)  141 (hierarchical)
    Elapsed: 0.000s  Memory: 591.00M
"^" in: xor.drc:38
    Polygons (raw): 0 (flat)  0 (hierarchical)
    Elapsed: 0.850s  Memory: 617.00M
XOR differences: 0
"output" in: xor.drc:40
    Polygons (raw): 0 (flat)  0 (hierarchical)
    Elapsed: 0.010s  Memory: 617.00M
Writing report database: /home/ali112000/mpw5/UETRV-ECORE/openlane/Wishbone_InterConnect/runs/Wishbone_InterConnect/reports/finishing/WB_InterConnect.xor.xml ..
Total elapsed: 43.260s  Memory: 617.00M
