OpenROAD 8d53e9b018dec98fa63e907ddeb6c5406f035361 
This program is licensed under the BSD-3 license. See the LICENSE file for details.
Components of this program may be licensed under more restrictive licenses which must be honored.
[INFO ODB-0222] Reading LEF file: /home/ali112000/mpw5/UETRV-ECORE/openlane/Wishbone_InterConnect/runs/Wishbone_InterConnect/tmp/merged_unpadded.lef
[INFO ODB-0223]     Created 13 technology layers
[INFO ODB-0224]     Created 25 technology vias
[INFO ODB-0225]     Created 441 library cells
[INFO ODB-0226] Finished LEF file:  /home/ali112000/mpw5/UETRV-ECORE/openlane/Wishbone_InterConnect/runs/Wishbone_InterConnect/tmp/merged_unpadded.lef
[WARNING ORD-0033] -order_wires is deprecated.
[INFO ODB-0127] Reading DEF file: /home/ali112000/mpw5/UETRV-ECORE/openlane/Wishbone_InterConnect/runs/Wishbone_InterConnect/results/routing/WB_InterConnect.def
[INFO ODB-0128] Design: WB_InterConnect
[INFO ODB-0094] 		Created 100000 Insts
[INFO ODB-0130]     Created 430 pins.
[INFO ODB-0131]     Created 123497 components and 472337 component-terminals.
[INFO ODB-0132]     Created 2 special nets and 460556 connections.
[INFO ODB-0133]     Created 3381 nets and 11781 connections.
[INFO ODB-0134] Finished DEF file: /home/ali112000/mpw5/UETRV-ECORE/openlane/Wishbone_InterConnect/runs/Wishbone_InterConnect/results/routing/WB_InterConnect.def
Notice 0: Split top of 1100 T shapes.
[INFO ANT-0001] Found 44 pin violations.
[INFO ANT-0002] Found 42 net violations in 3381 nets.
