First Layout: /home/ali112000/mpw5/UETRV-ECORE/openlane/Motor_Top/runs/Motor_Top/results/finishing/Motor_Top.gds
Second Layout: /home/ali112000/mpw5/UETRV-ECORE/openlane/Motor_Top/runs/Motor_Top/results/finishing/Motor_Top.klayout.gds
Design Name: Motor_Top
Output GDS will be: /home/ali112000/mpw5/UETRV-ECORE/openlane/Motor_Top/runs/Motor_Top/reports/finishing/Motor_Top.xor.xml
Reading /home/ali112000/mpw5/UETRV-ECORE/openlane/Motor_Top/runs/Motor_Top/results/finishing/Motor_Top.gds ..
Reading /home/ali112000/mpw5/UETRV-ECORE/openlane/Motor_Top/runs/Motor_Top/results/finishing/Motor_Top.klayout.gds ..
--- Running XOR for 122/16 ---
"input" in: xor.drc:38
    Polygons (raw): 29956 (flat)  164 (hierarchical)
    Elapsed: 0.010s  Memory: 412.00M
"input" in: xor.drc:38
    Polygons (raw): 29956 (flat)  164 (hierarchical)
    Elapsed: 0.000s  Memory: 412.00M
"^" in: xor.drc:38
    Polygons (raw): 0 (flat)  0 (hierarchical)
    Elapsed: 0.300s  Memory: 413.00M
XOR differences: 0
"output" in: xor.drc:40
    Polygons (raw): 0 (flat)  0 (hierarchical)
    Elapsed: 0.010s  Memory: 413.00M
--- Running XOR for 235/4 ---
"input" in: xor.drc:38
    Polygons (raw): 1 (flat)  1 (hierarchical)
    Elapsed: 0.000s  Memory: 413.00M
"input" in: xor.drc:38
    Polygons (raw): 1 (flat)  1 (hierarchical)
    Elapsed: 0.000s  Memory: 413.00M
"^" in: xor.drc:38
    Polygons (raw): 0 (flat)  0 (hierarchical)
    Elapsed: 0.050s  Memory: 413.00M
XOR differences: 0
"output" in: xor.drc:40
    Polygons (raw): 0 (flat)  0 (hierarchical)
    Elapsed: 0.000s  Memory: 413.00M
--- Running XOR for 236/0 ---
"input" in: xor.drc:38
    Polygons (raw): 21806 (flat)  155 (hierarchical)
    Elapsed: 0.010s  Memory: 413.00M
"input" in: xor.drc:38
    Polygons (raw): 21806 (flat)  155 (hierarchical)
    Elapsed: 0.000s  Memory: 413.00M
"^" in: xor.drc:38
    Polygons (raw): 0 (flat)  0 (hierarchical)
    Elapsed: 0.210s  Memory: 412.00M
XOR differences: 0
"output" in: xor.drc:40
    Polygons (raw): 0 (flat)  0 (hierarchical)
    Elapsed: 0.010s  Memory: 412.00M
--- Running XOR for 64/16 ---
"input" in: xor.drc:38
    Polygons (raw): 29954 (flat)  162 (hierarchical)
    Elapsed: 0.000s  Memory: 412.00M
"input" in: xor.drc:38
    Polygons (raw): 29954 (flat)  162 (hierarchical)
    Elapsed: 0.000s  Memory: 412.00M
"^" in: xor.drc:38
    Polygons (raw): 0 (flat)  0 (hierarchical)
    Elapsed: 0.290s  Memory: 420.00M
XOR differences: 0
"output" in: xor.drc:40
    Polygons (raw): 0 (flat)  0 (hierarchical)
    Elapsed: 0.010s  Memory: 420.00M
--- Running XOR for 64/20 ---
"input" in: xor.drc:38
    Polygons (raw): 32703 (flat)  158 (hierarchical)
    Elapsed: 0.000s  Memory: 420.00M
"input" in: xor.drc:38
    Polygons (raw): 32703 (flat)  158 (hierarchical)
    Elapsed: 0.000s  Memory: 420.00M
"^" in: xor.drc:38
    Polygons (raw): 0 (flat)  0 (hierarchical)
    Elapsed: 0.350s  Memory: 434.00M
XOR differences: 0
"output" in: xor.drc:40
    Polygons (raw): 0 (flat)  0 (hierarchical)
    Elapsed: 0.010s  Memory: 434.00M
--- Running XOR for 64/5 ---
"input" in: xor.drc:38
    Polygons (raw): 0 (flat)  0 (hierarchical)
    Elapsed: 0.000s  Memory: 434.00M
"input" in: xor.drc:38
    Polygons (raw): 0 (flat)  0 (hierarchical)
    Elapsed: 0.000s  Memory: 434.00M
"^" in: xor.drc:38
    Polygons (raw): 0 (flat)  0 (hierarchical)
    Elapsed: 0.100s  Memory: 434.00M
XOR differences: 0
"output" in: xor.drc:40
    Polygons (raw): 0 (flat)  0 (hierarchical)
    Elapsed: 0.000s  Memory: 434.00M
--- Running XOR for 64/59 ---
"input" in: xor.drc:38
    Polygons (raw): 0 (flat)  0 (hierarchical)
    Elapsed: 0.000s  Memory: 434.00M
"input" in: xor.drc:38
    Polygons (raw): 0 (flat)  0 (hierarchical)
    Elapsed: 0.010s  Memory: 434.00M
"^" in: xor.drc:38
    Polygons (raw): 0 (flat)  0 (hierarchical)
    Elapsed: 0.090s  Memory: 434.00M
XOR differences: 0
"output" in: xor.drc:40
    Polygons (raw): 0 (flat)  0 (hierarchical)
    Elapsed: 0.000s  Memory: 434.00M
--- Running XOR for 65/20 ---
"input" in: xor.drc:38
    Polygons (raw): 47863 (flat)  448 (hierarchical)
    Elapsed: 0.000s  Memory: 434.00M
"input" in: xor.drc:38
    Polygons (raw): 47863 (flat)  448 (hierarchical)
    Elapsed: 0.000s  Memory: 434.00M
"^" in: xor.drc:38
    Polygons (raw): 0 (flat)  0 (hierarchical)
    Elapsed: 0.360s  Memory: 434.00M
XOR differences: 0
"output" in: xor.drc:40
    Polygons (raw): 0 (flat)  0 (hierarchical)
    Elapsed: 0.000s  Memory: 434.00M
--- Running XOR for 65/44 ---
"input" in: xor.drc:38
    Polygons (raw): 6548 (flat)  2 (hierarchical)
    Elapsed: 0.000s  Memory: 434.00M
"input" in: xor.drc:38
    Polygons (raw): 6548 (flat)  2 (hierarchical)
    Elapsed: 0.000s  Memory: 434.00M
"^" in: xor.drc:38
    Polygons (raw): 0 (flat)  0 (hierarchical)
    Elapsed: 0.090s  Memory: 434.00M
XOR differences: 0
"output" in: xor.drc:40
    Polygons (raw): 0 (flat)  0 (hierarchical)
    Elapsed: 0.000s  Memory: 434.00M
--- Running XOR for 66/20 ---
"input" in: xor.drc:38
    Polygons (raw): 55420 (flat)  743 (hierarchical)
    Elapsed: 0.010s  Memory: 434.00M
"input" in: xor.drc:38
    Polygons (raw): 55420 (flat)  743 (hierarchical)
    Elapsed: 0.000s  Memory: 434.00M
"^" in: xor.drc:38
    Polygons (raw): 0 (flat)  0 (hierarchical)
    Elapsed: 0.770s  Memory: 434.00M
XOR differences: 0
"output" in: xor.drc:40
    Polygons (raw): 0 (flat)  0 (hierarchical)
    Elapsed: 0.000s  Memory: 434.00M
--- Running XOR for 66/44 ---
"input" in: xor.drc:38
    Polygons (raw): 324392 (flat)  4638 (hierarchical)
    Elapsed: 0.010s  Memory: 434.00M
"input" in: xor.drc:38
    Polygons (raw): 324392 (flat)  4638 (hierarchical)
    Elapsed: 0.000s  Memory: 434.00M
"^" in: xor.drc:38
    Polygons (raw): 0 (flat)  0 (hierarchical)
    Elapsed: 1.920s  Memory: 434.00M
XOR differences: 0
"output" in: xor.drc:40
    Polygons (raw): 0 (flat)  0 (hierarchical)
    Elapsed: 0.000s  Memory: 434.00M
--- Running XOR for 67/16 ---
"input" in: xor.drc:38
    Polygons (raw): 62025 (flat)  1316 (hierarchical)
    Elapsed: 0.000s  Memory: 434.00M
"input" in: xor.drc:38
    Polygons (raw): 62025 (flat)  1316 (hierarchical)
    Elapsed: 0.010s  Memory: 434.00M
"^" in: xor.drc:38
    Polygons (raw): 0 (flat)  0 (hierarchical)
    Elapsed: 0.350s  Memory: 434.00M
XOR differences: 0
"output" in: xor.drc:40
    Polygons (raw): 0 (flat)  0 (hierarchical)
    Elapsed: 0.000s  Memory: 434.00M
--- Running XOR for 67/20 ---
"input" in: xor.drc:38
    Polygons (raw): 132066 (flat)  23127 (hierarchical)
    Elapsed: 0.000s  Memory: 434.00M
"input" in: xor.drc:38
    Polygons (raw): 132066 (flat)  1297 (hierarchical)
    Elapsed: 0.000s  Memory: 434.00M
"^" in: xor.drc:38
    Polygons (raw): 0 (flat)  0 (hierarchical)
    Elapsed: 1.920s  Memory: 468.00M
XOR differences: 0
"output" in: xor.drc:40
    Polygons (raw): 0 (flat)  0 (hierarchical)
    Elapsed: 0.000s  Memory: 468.00M
--- Running XOR for 67/44 ---
"input" in: xor.drc:38
    Polygons (raw): 396825 (flat)  24557 (hierarchical)
    Elapsed: 0.000s  Memory: 468.00M
"input" in: xor.drc:38
    Polygons (raw): 396825 (flat)  2727 (hierarchical)
    Elapsed: 0.000s  Memory: 468.00M
"^" in: xor.drc:38
    Polygons (raw): 0 (flat)  0 (hierarchical)
    Elapsed: 1.950s  Memory: 468.00M
XOR differences: 0
"output" in: xor.drc:40
    Polygons (raw): 0 (flat)  0 (hierarchical)
    Elapsed: 0.010s  Memory: 468.00M
--- Running XOR for 67/5 ---
"input" in: xor.drc:38
    Polygons (raw): 0 (flat)  0 (hierarchical)
    Elapsed: 0.010s  Memory: 468.00M
"input" in: xor.drc:38
    Polygons (raw): 0 (flat)  0 (hierarchical)
    Elapsed: 0.000s  Memory: 468.00M
"^" in: xor.drc:38
    Polygons (raw): 0 (flat)  0 (hierarchical)
    Elapsed: 0.080s  Memory: 468.00M
XOR differences: 0
"output" in: xor.drc:40
    Polygons (raw): 0 (flat)  0 (hierarchical)
    Elapsed: 0.000s  Memory: 468.00M
--- Running XOR for 68/16 ---
"input" in: xor.drc:38
    Polygons (raw): 66142 (flat)  322 (hierarchical)
    Elapsed: 0.000s  Memory: 468.00M
"input" in: xor.drc:38
    Polygons (raw): 66142 (flat)  322 (hierarchical)
    Elapsed: 0.000s  Memory: 468.00M
"^" in: xor.drc:38
    Polygons (raw): 0 (flat)  0 (hierarchical)
    Elapsed: 0.520s  Memory: 468.00M
XOR differences: 0
"output" in: xor.drc:40
    Polygons (raw): 0 (flat)  0 (hierarchical)
    Elapsed: 0.000s  Memory: 468.00M
--- Running XOR for 68/20 ---
"input" in: xor.drc:38
    Polygons (raw): 166921 (flat)  100646 (hierarchical)
    Elapsed: 0.000s  Memory: 468.00M
"input" in: xor.drc:38
    Polygons (raw): 145066 (flat)  34402 (hierarchical)
    Elapsed: 0.000s  Memory: 468.00M
"^" in: xor.drc:38
    Polygons (raw): 0 (flat)  0 (hierarchical)
    Elapsed: 1.310s  Memory: 412.00M
XOR differences: 0
"output" in: xor.drc:40
    Polygons (raw): 0 (flat)  0 (hierarchical)
    Elapsed: 0.000s  Memory: 412.00M
--- Running XOR for 68/44 ---
"input" in: xor.drc:38
    Polygons (raw): 25026 (flat)  25026 (hierarchical)
    Elapsed: 0.000s  Memory: 412.00M
"input" in: xor.drc:38
    Polygons (raw): 25026 (flat)  7 (hierarchical)
    Elapsed: 0.010s  Memory: 412.00M
"^" in: xor.drc:38
    Polygons (raw): 0 (flat)  0 (hierarchical)
    Elapsed: 0.190s  Memory: 418.00M
XOR differences: 0
"output" in: xor.drc:40
    Polygons (raw): 0 (flat)  0 (hierarchical)
    Elapsed: 0.000s  Memory: 418.00M
--- Running XOR for 68/5 ---
"input" in: xor.drc:38
    Polygons (raw): 0 (flat)  0 (hierarchical)
    Elapsed: 0.000s  Memory: 418.00M
"input" in: xor.drc:38
    Polygons (raw): 0 (flat)  0 (hierarchical)
    Elapsed: 0.000s  Memory: 418.00M
"^" in: xor.drc:38
    Polygons (raw): 0 (flat)  0 (hierarchical)
    Elapsed: 0.130s  Memory: 418.00M
XOR differences: 0
"output" in: xor.drc:40
    Polygons (raw): 0 (flat)  0 (hierarchical)
    Elapsed: 0.000s  Memory: 418.00M
--- Running XOR for 69/16 ---
"input" in: xor.drc:38
    Polygons (raw): 22 (flat)  22 (hierarchical)
    Elapsed: 0.000s  Memory: 418.00M
"input" in: xor.drc:38
    Polygons (raw): 22 (flat)  22 (hierarchical)
    Elapsed: 0.000s  Memory: 418.00M
"^" in: xor.drc:38
    Polygons (raw): 0 (flat)  0 (hierarchical)
    Elapsed: 0.040s  Memory: 418.00M
XOR differences: 0
"output" in: xor.drc:40
    Polygons (raw): 0 (flat)  0 (hierarchical)
    Elapsed: 0.000s  Memory: 418.00M
--- Running XOR for 69/20 ---
"input" in: xor.drc:38
    Polygons (raw): 39461 (flat)  39461 (hierarchical)
    Elapsed: 0.010s  Memory: 418.00M
"input" in: xor.drc:38
    Polygons (raw): 39950 (flat)  15938 (hierarchical)
    Elapsed: 0.000s  Memory: 418.00M
"^" in: xor.drc:38
    Polygons (raw): 22 (flat)  22 (hierarchical)
    Elapsed: 0.470s  Memory: 431.00M
XOR differences: 22
"output" in: xor.drc:40
    Polygons (raw): 22 (flat)  22 (hierarchical)
    Elapsed: 0.000s  Memory: 431.00M
--- Running XOR for 69/44 ---
"input" in: xor.drc:38
    Polygons (raw): 3303 (flat)  3303 (hierarchical)
    Elapsed: 0.000s  Memory: 431.00M
"input" in: xor.drc:38
    Polygons (raw): 3303 (flat)  5 (hierarchical)
    Elapsed: 0.010s  Memory: 431.00M
"^" in: xor.drc:38
    Polygons (raw): 0 (flat)  0 (hierarchical)
    Elapsed: 0.070s  Memory: 431.00M
XOR differences: 0
"output" in: xor.drc:40
    Polygons (raw): 0 (flat)  0 (hierarchical)
    Elapsed: 0.000s  Memory: 431.00M
--- Running XOR for 69/5 ---
"input" in: xor.drc:38
    Polygons (raw): 0 (flat)  0 (hierarchical)
    Elapsed: 0.010s  Memory: 431.00M
"input" in: xor.drc:38
    Polygons (raw): 0 (flat)  0 (hierarchical)
    Elapsed: 0.000s  Memory: 431.00M
"^" in: xor.drc:38
    Polygons (raw): 0 (flat)  0 (hierarchical)
    Elapsed: 0.000s  Memory: 431.00M
XOR differences: 0
"output" in: xor.drc:40
    Polygons (raw): 0 (flat)  0 (hierarchical)
    Elapsed: 0.020s  Memory: 431.00M
--- Running XOR for 70/16 ---
"input" in: xor.drc:38
    Polygons (raw): 75 (flat)  75 (hierarchical)
    Elapsed: 0.010s  Memory: 431.00M
"input" in: xor.drc:38
    Polygons (raw): 75 (flat)  75 (hierarchical)
    Elapsed: 0.000s  Memory: 431.00M
"^" in: xor.drc:38
    Polygons (raw): 0 (flat)  0 (hierarchical)
    Elapsed: 0.040s  Memory: 431.00M
XOR differences: 0
"output" in: xor.drc:40
    Polygons (raw): 0 (flat)  0 (hierarchical)
    Elapsed: 0.010s  Memory: 431.00M
--- Running XOR for 70/20 ---
"input" in: xor.drc:38
    Polygons (raw): 3444 (flat)  3444 (hierarchical)
    Elapsed: 0.000s  Memory: 431.00M
"input" in: xor.drc:38
    Polygons (raw): 2986 (flat)  696 (hierarchical)
    Elapsed: 0.000s  Memory: 431.00M
"^" in: xor.drc:38
    Polygons (raw): 75 (flat)  75 (hierarchical)
    Elapsed: 0.080s  Memory: 431.00M
XOR differences: 75
"output" in: xor.drc:40
    Polygons (raw): 75 (flat)  75 (hierarchical)
    Elapsed: 0.000s  Memory: 431.00M
--- Running XOR for 70/44 ---
"input" in: xor.drc:38
    Polygons (raw): 2687 (flat)  2687 (hierarchical)
    Elapsed: 0.000s  Memory: 431.00M
"input" in: xor.drc:38
    Polygons (raw): 2687 (flat)  5 (hierarchical)
    Elapsed: 0.000s  Memory: 431.00M
"^" in: xor.drc:38
    Polygons (raw): 0 (flat)  0 (hierarchical)
    Elapsed: 0.060s  Memory: 431.00M
XOR differences: 0
"output" in: xor.drc:40
    Polygons (raw): 0 (flat)  0 (hierarchical)
    Elapsed: 0.010s  Memory: 431.00M
--- Running XOR for 70/5 ---
"input" in: xor.drc:38
    Polygons (raw): 0 (flat)  0 (hierarchical)
    Elapsed: 0.000s  Memory: 431.00M
"input" in: xor.drc:38
    Polygons (raw): 0 (flat)  0 (hierarchical)
    Elapsed: 0.000s  Memory: 431.00M
"^" in: xor.drc:38
    Polygons (raw): 0 (flat)  0 (hierarchical)
    Elapsed: 0.010s  Memory: 431.00M
XOR differences: 0
"output" in: xor.drc:40
    Polygons (raw): 0 (flat)  0 (hierarchical)
    Elapsed: 0.010s  Memory: 431.00M
--- Running XOR for 71/16 ---
"input" in: xor.drc:38
    Polygons (raw): 7 (flat)  7 (hierarchical)
    Elapsed: 0.000s  Memory: 431.00M
"input" in: xor.drc:38
    Polygons (raw): 7 (flat)  7 (hierarchical)
    Elapsed: 0.010s  Memory: 431.00M
"^" in: xor.drc:38
    Polygons (raw): 0 (flat)  0 (hierarchical)
    Elapsed: 0.050s  Memory: 431.00M
XOR differences: 0
"output" in: xor.drc:40
    Polygons (raw): 0 (flat)  0 (hierarchical)
    Elapsed: 0.000s  Memory: 431.00M
--- Running XOR for 71/20 ---
"input" in: xor.drc:38
    Polygons (raw): 354 (flat)  354 (hierarchical)
    Elapsed: 0.000s  Memory: 431.00M
"input" in: xor.drc:38
    Polygons (raw): 970 (flat)  133 (hierarchical)
    Elapsed: 0.000s  Memory: 431.00M
"^" in: xor.drc:38
    Polygons (raw): 0 (flat)  0 (hierarchical)
    Elapsed: 0.070s  Memory: 431.00M
XOR differences: 0
"output" in: xor.drc:40
    Polygons (raw): 0 (flat)  0 (hierarchical)
    Elapsed: 0.000s  Memory: 431.00M
--- Running XOR for 71/5 ---
"input" in: xor.drc:38
    Polygons (raw): 0 (flat)  0 (hierarchical)
    Elapsed: 0.010s  Memory: 431.00M
"input" in: xor.drc:38
    Polygons (raw): 0 (flat)  0 (hierarchical)
    Elapsed: 0.000s  Memory: 431.00M
"^" in: xor.drc:38
    Polygons (raw): 0 (flat)  0 (hierarchical)
    Elapsed: 0.010s  Memory: 431.00M
XOR differences: 0
"output" in: xor.drc:40
    Polygons (raw): 0 (flat)  0 (hierarchical)
    Elapsed: 0.010s  Memory: 431.00M
--- Running XOR for 78/44 ---
"input" in: xor.drc:38
    Polygons (raw): 33419 (flat)  160 (hierarchical)
    Elapsed: 0.000s  Memory: 431.00M
"input" in: xor.drc:38
    Polygons (raw): 33419 (flat)  160 (hierarchical)
    Elapsed: 0.010s  Memory: 431.00M
"^" in: xor.drc:38
    Polygons (raw): 0 (flat)  0 (hierarchical)
    Elapsed: 0.290s  Memory: 431.00M
XOR differences: 0
"output" in: xor.drc:40
    Polygons (raw): 0 (flat)  0 (hierarchical)
    Elapsed: 0.010s  Memory: 431.00M
--- Running XOR for 81/23 ---
"input" in: xor.drc:38
    Polygons (raw): 2072 (flat)  1 (hierarchical)
    Elapsed: 0.000s  Memory: 431.00M
"input" in: xor.drc:38
    Polygons (raw): 2072 (flat)  1 (hierarchical)
    Elapsed: 0.010s  Memory: 431.00M
"^" in: xor.drc:38
    Polygons (raw): 0 (flat)  0 (hierarchical)
    Elapsed: 0.060s  Memory: 431.00M
XOR differences: 0
"output" in: xor.drc:40
    Polygons (raw): 0 (flat)  0 (hierarchical)
    Elapsed: 0.000s  Memory: 431.00M
--- Running XOR for 81/4 ---
"input" in: xor.drc:38
    Polygons (raw): 32703 (flat)  158 (hierarchical)
    Elapsed: 0.000s  Memory: 431.00M
"input" in: xor.drc:38
    Polygons (raw): 32703 (flat)  158 (hierarchical)
    Elapsed: 0.000s  Memory: 431.00M
"^" in: xor.drc:38
    Polygons (raw): 0 (flat)  0 (hierarchical)
    Elapsed: 0.290s  Memory: 437.00M
XOR differences: 0
"output" in: xor.drc:40
    Polygons (raw): 0 (flat)  0 (hierarchical)
    Elapsed: 0.010s  Memory: 437.00M
--- Running XOR for 83/44 ---
"input" in: xor.drc:38
    Polygons (raw): 0 (flat)  0 (hierarchical)
    Elapsed: 0.000s  Memory: 437.00M
"input" in: xor.drc:38
    Polygons (raw): 0 (flat)  0 (hierarchical)
    Elapsed: 0.000s  Memory: 437.00M
"^" in: xor.drc:38
    Polygons (raw): 0 (flat)  0 (hierarchical)
    Elapsed: 0.100s  Memory: 437.00M
XOR differences: 0
"output" in: xor.drc:40
    Polygons (raw): 0 (flat)  0 (hierarchical)
    Elapsed: 0.010s  Memory: 437.00M
--- Running XOR for 93/44 ---
"input" in: xor.drc:38
    Polygons (raw): 35977 (flat)  159 (hierarchical)
    Elapsed: 0.000s  Memory: 437.00M
"input" in: xor.drc:38
    Polygons (raw): 35977 (flat)  159 (hierarchical)
    Elapsed: 0.010s  Memory: 437.00M
"^" in: xor.drc:38
    Polygons (raw): 0 (flat)  0 (hierarchical)
    Elapsed: 0.360s  Memory: 437.00M
XOR differences: 0
"output" in: xor.drc:40
    Polygons (raw): 0 (flat)  0 (hierarchical)
    Elapsed: 0.000s  Memory: 437.00M
--- Running XOR for 94/20 ---
"input" in: xor.drc:38
    Polygons (raw): 35977 (flat)  159 (hierarchical)
    Elapsed: 0.000s  Memory: 437.00M
"input" in: xor.drc:38
    Polygons (raw): 35977 (flat)  159 (hierarchical)
    Elapsed: 0.010s  Memory: 437.00M
"^" in: xor.drc:38
    Polygons (raw): 0 (flat)  0 (hierarchical)
    Elapsed: 0.400s  Memory: 437.00M
XOR differences: 0
"output" in: xor.drc:40
    Polygons (raw): 0 (flat)  0 (hierarchical)
    Elapsed: 0.000s  Memory: 437.00M
--- Running XOR for 95/20 ---
"input" in: xor.drc:38
    Polygons (raw): 20432 (flat)  169 (hierarchical)
    Elapsed: 0.000s  Memory: 437.00M
"input" in: xor.drc:38
    Polygons (raw): 20432 (flat)  169 (hierarchical)
    Elapsed: 0.010s  Memory: 437.00M
"^" in: xor.drc:38
    Polygons (raw): 0 (flat)  0 (hierarchical)
    Elapsed: 0.250s  Memory: 437.00M
XOR differences: 0
"output" in: xor.drc:40
    Polygons (raw): 0 (flat)  0 (hierarchical)
    Elapsed: 0.010s  Memory: 437.00M
Writing report database: /home/ali112000/mpw5/UETRV-ECORE/openlane/Motor_Top/runs/Motor_Top/reports/finishing/Motor_Top.xor.xml ..
Total elapsed: 14.650s  Memory: 437.00M
