OpenROAD 8d53e9b018dec98fa63e907ddeb6c5406f035361 
This program is licensed under the BSD-3 license. See the LICENSE file for details.
Components of this program may be licensed under more restrictive licenses which must be honored.
[INFO ODB-0222] Reading LEF file: /home/ali11-2000/FYP/mpw/UETRV-ECORE/openlane/Motor_Top/runs/Motor_Top/tmp/merged_unpadded.lef
[INFO ODB-0223]     Created 13 technology layers
[INFO ODB-0224]     Created 25 technology vias
[INFO ODB-0225]     Created 441 library cells
[INFO ODB-0226] Finished LEF file:  /home/ali11-2000/FYP/mpw/UETRV-ECORE/openlane/Motor_Top/runs/Motor_Top/tmp/merged_unpadded.lef
[INFO ODB-0127] Reading DEF file: /home/ali11-2000/FYP/mpw/UETRV-ECORE/openlane/Motor_Top/runs/Motor_Top/tmp/routing/15-diodes.def
[INFO ODB-0128] Design: Motor_Top
[INFO ODB-0130]     Created 97 pins.
[INFO ODB-0131]     Created 11515 components and 61229 component-terminals.
[INFO ODB-0132]     Created 2 special nets and 39512 connections.
[INFO ODB-0133]     Created 5997 nets and 21717 connections.
[INFO ODB-0134] Finished DEF file: /home/ali11-2000/FYP/mpw/UETRV-ECORE/openlane/Motor_Top/runs/Motor_Top/tmp/routing/15-diodes.def
Placement Analysis
---------------------------------
total displacement       6271.7 u
average displacement        0.5 u
max displacement           12.4 u
original HPWL          199424.8 u
legalized HPWL         205156.4 u
delta HPWL                    3 %

[INFO DPL-0020] Mirrored 3051 instances
[INFO DPL-0021] HPWL before          205156.4 u
[INFO DPL-0022] HPWL after           200555.8 u
[INFO DPL-0023] HPWL delta               -2.2 %
