Sun Mar 20 09:08:45 UTC 2022 - Executing "/openlane/scripts/mergeLef.py -i /home/ali11-2000/FYP/mpw/pdks/sky130A/libs.ref/sky130_fd_sc_hd/techlef/sky130_fd_sc_hd.tlef /home/ali11-2000/FYP/mpw/pdks/sky130A/libs.ref/sky130_fd_sc_hd/lef/sky130_fd_sc_hd.lef -o /home/ali11-2000/FYP/mpw/UETRV-ECORE/openlane/Core/runs/Core/tmp/merged_unpadded.lef |& tee >&@stdout"

Sun Mar 20 09:08:45 UTC 2022 - Executing "openroad -python /openlane/scripts/mergeLib.py --output /home/ali11-2000/FYP/mpw/UETRV-ECORE/openlane/Core/runs/Core/tmp/synthesis/merged.lib --name sky130A_merged /home/ali11-2000/FYP/mpw/pdks/sky130A/libs.ref/sky130_fd_sc_hd/lib/sky130_fd_sc_hd__tt_025C_1v80.lib"

Sun Mar 20 09:08:45 UTC 2022 - Executing "openroad -python /openlane/scripts/libtrim.py --cell-file /home/ali11-2000/FYP/mpw/UETRV-ECORE/openlane/Core/runs/Core/tmp/synthesis/trimmed.lib.exclude.list --output /home/ali11-2000/FYP/mpw/UETRV-ECORE/openlane/Core/runs/Core/tmp/synthesis/trimmed.lib /home/ali11-2000/FYP/mpw/UETRV-ECORE/openlane/Core/runs/Core/tmp/synthesis/merged.lib"

Sun Mar 20 09:08:46 UTC 2022 - Executing "echo {openlane 2022.02.23_02.50.41} > /home/ali11-2000/FYP/mpw/UETRV-ECORE/openlane/Core/runs/Core/OPENLANE_VERSION"

Sun Mar 20 09:08:46 UTC 2022 - Executing "openroad -python /openlane/scripts/new_tracks.py -i /home/ali11-2000/FYP/mpw/pdks/sky130A/libs.tech/openlane/sky130_fd_sc_hd/tracks.info -o /home/ali11-2000/FYP/mpw/UETRV-ECORE/openlane/Core/runs/Core/tmp/routing/config.tracks"

Sun Mar 20 09:08:46 UTC 2022 - Executing "sed -E {s/^([[:space:]]+)pg_pin(.*)/\1pin\2\n\1    direction : "inout";/g} /home/ali11-2000/FYP/mpw/pdks/sky130A/libs.ref/sky130_fd_sc_hd/lib/sky130_fd_sc_hd__tt_025C_1v80.lib > /home/ali11-2000/FYP/mpw/UETRV-ECORE/openlane/Core/runs/Core/tmp/synthesis/1-sky130_fd_sc_hd__tt_025C_1v80.no_pg.lib"

Sun Mar 20 09:08:46 UTC 2022 - Executing "yosys -c /openlane/scripts/yosys/synth.tcl -l /home/ali11-2000/FYP/mpw/UETRV-ECORE/openlane/Core/runs/Core/logs/synthesis/1-synthesis.log |& tee >&@stdout"

Sun Mar 20 09:10:29 UTC 2022 - Executing "sed -i -e {s/\(set ::env(CURRENT_NETLIST)\).*/\1 \/home\/ali11-2000\/FYP\/mpw\/UETRV-ECORE\/openlane\/Core\/runs\/Core\/results\/synthesis\/Core.v/} /home/ali11-2000/FYP/mpw/UETRV-ECORE/openlane/Core/runs/Core/config.tcl"

Sun Mar 20 09:10:29 UTC 2022 - Executing "sed -i -e {s/\(set ::env(PREV_NETLIST)\).*/\1 0/} /home/ali11-2000/FYP/mpw/UETRV-ECORE/openlane/Core/runs/Core/config.tcl"

Sun Mar 20 09:10:29 UTC 2022 - Executing "sed -i /defparam/d /home/ali11-2000/FYP/mpw/UETRV-ECORE/openlane/Core/runs/Core/results/synthesis/Core.v"

Sun Mar 20 09:10:29 UTC 2022 - Executing "openroad -exit /openlane/scripts/openroad/sta.tcl"

Sun Mar 20 09:10:32 UTC 2022 - Executing "openroad -exit /openlane/scripts/openroad/floorplan.tcl"

Sun Mar 20 09:10:33 UTC 2022 - Executing "openroad -python /openlane/scripts/defutil.py extract_core_dims --output-data /home/ali11-2000/FYP/mpw/UETRV-ECORE/openlane/Core/runs/Core/tmp/dimensions.txt --input-lef /home/ali11-2000/FYP/mpw/UETRV-ECORE/openlane/Core/runs/Core/tmp/merged.lef /home/ali11-2000/FYP/mpw/UETRV-ECORE/openlane/Core/runs/Core/tmp/floorplan/3-initial_fp.def"

Sun Mar 20 09:10:33 UTC 2022 - Executing "openroad -python /openlane/scripts/io_place.py --input-lef /home/ali11-2000/FYP/mpw/UETRV-ECORE/openlane/Core/runs/Core/tmp/merged.lef --config /home/ali11-2000/FYP/mpw/UETRV-ECORE/openlane/Core/pin_order.cfg --hor-layer met3 --ver-layer met2 --ver-width-mult 2 --hor-width-mult 2 --hor-extension -1 --ver-extension -1 --length 4 -o /home/ali11-2000/FYP/mpw/UETRV-ECORE/openlane/Core/runs/Core/tmp/floorplan/4-io.def /home/ali11-2000/FYP/mpw/UETRV-ECORE/openlane/Core/runs/Core/tmp/floorplan/3-initial_fp.def |& tee /home/ali11-2000/FYP/mpw/UETRV-ECORE/openlane/Core/runs/Core/logs/floorplan/4-place_io_ol.log >&@stdout"

Sun Mar 20 09:10:34 UTC 2022 - Executing "openroad -exit /openlane/scripts/openroad/tapcell.tcl"

Sun Mar 20 09:10:34 UTC 2022 - Executing "openroad -exit /openlane/scripts/openroad/pdn.tcl"

Sun Mar 20 09:10:37 UTC 2022 - Executing "openroad -exit /openlane/scripts/openroad/replace.tcl"

Sun Mar 20 09:10:47 UTC 2022 - Executing "openroad -exit /openlane/scripts/openroad/resizer.tcl"

Sun Mar 20 09:10:56 UTC 2022 - Executing "openroad -exit /openlane/scripts/openroad/write_verilog.tcl"

Sun Mar 20 09:10:57 UTC 2022 - Executing "sed -i -e {s/\(set ::env(CURRENT_NETLIST)\).*/\1 \/home\/ali11-2000\/FYP\/mpw\/UETRV-ECORE\/openlane\/Core\/runs\/Core\/results\/placement\/Core.resized.v/} /home/ali11-2000/FYP/mpw/UETRV-ECORE/openlane/Core/runs/Core/config.tcl"

Sun Mar 20 09:10:57 UTC 2022 - Executing "sed -i -e {s/\(set ::env(PREV_NETLIST)\).*/\1 \/home\/ali11-2000\/FYP\/mpw\/UETRV-ECORE\/openlane\/Core\/runs\/Core\/results\/synthesis\/Core.v/} /home/ali11-2000/FYP/mpw/UETRV-ECORE/openlane/Core/runs/Core/config.tcl"

Sun Mar 20 09:10:57 UTC 2022 - Executing "openroad -exit /openlane/scripts/openroad/opendp.tcl"

Sun Mar 20 09:10:58 UTC 2022 - Executing "openroad -python /openlane/scripts/libtrim.py --cell-file /home/ali11-2000/FYP/mpw/UETRV-ECORE/openlane/Core/runs/Core/tmp/cts/cts.lib.exclude.list --output /home/ali11-2000/FYP/mpw/UETRV-ECORE/openlane/Core/runs/Core/tmp/cts/cts.lib /home/ali11-2000/FYP/mpw/pdks/sky130A/libs.ref/sky130_fd_sc_hd/lib/sky130_fd_sc_hd__tt_025C_1v80.lib"

Sun Mar 20 09:10:58 UTC 2022 - Executing "openroad -exit /openlane/scripts/openroad/cts.tcl"

Sun Mar 20 09:11:46 UTC 2022 - Executing "openroad -exit /openlane/scripts/openroad/write_verilog.tcl"

Sun Mar 20 09:11:46 UTC 2022 - Executing "sed -i -e {s/\(set ::env(CURRENT_NETLIST)\).*/\1 \/home\/ali11-2000\/FYP\/mpw\/UETRV-ECORE\/openlane\/Core\/runs\/Core\/results\/cts\/Core.v/} /home/ali11-2000/FYP/mpw/UETRV-ECORE/openlane/Core/runs/Core/config.tcl"

Sun Mar 20 09:11:46 UTC 2022 - Executing "sed -i -e {s/\(set ::env(PREV_NETLIST)\).*/\1 \/home\/ali11-2000\/FYP\/mpw\/UETRV-ECORE\/openlane\/Core\/runs\/Core\/results\/placement\/Core.resized.v/} /home/ali11-2000/FYP/mpw/UETRV-ECORE/openlane/Core/runs/Core/config.tcl"

Sun Mar 20 09:11:46 UTC 2022 - Executing "openroad -exit /openlane/scripts/openroad/resizer_timing.tcl"

Sun Mar 20 09:11:53 UTC 2022 - Executing "openroad -exit /openlane/scripts/openroad/write_verilog.tcl"

Sun Mar 20 09:11:54 UTC 2022 - Executing "sed -i -e {s/\(set ::env(CURRENT_NETLIST)\).*/\1 \/home\/ali11-2000\/FYP\/mpw\/UETRV-ECORE\/openlane\/Core\/runs\/Core\/results\/cts\/Core.resized.v/} /home/ali11-2000/FYP/mpw/UETRV-ECORE/openlane/Core/runs/Core/config.tcl"

Sun Mar 20 09:11:54 UTC 2022 - Executing "sed -i -e {s/\(set ::env(PREV_NETLIST)\).*/\1 \/home\/ali11-2000\/FYP\/mpw\/UETRV-ECORE\/openlane\/Core\/runs\/Core\/results\/cts\/Core.v/} /home/ali11-2000/FYP/mpw/UETRV-ECORE/openlane/Core/runs/Core/config.tcl"

Sun Mar 20 09:11:54 UTC 2022 - Executing "openroad -python /openlane/scripts/place_diodes.py -l /home/ali11-2000/FYP/mpw/UETRV-ECORE/openlane/Core/runs/Core/tmp/merged.lef -id /home/ali11-2000/FYP/mpw/UETRV-ECORE/openlane/Core/runs/Core/tmp/cts/13-resizer_timing.def -o /home/ali11-2000/FYP/mpw/UETRV-ECORE/openlane/Core/runs/Core/tmp/routing/15-diodes.def --diode-cell sky130_fd_sc_hd__diode_2 --diode-pin DIODE --fake-diode-cell sky130_fd_sc_hd__diode_2 |& tee >&@stdout /home/ali11-2000/FYP/mpw/UETRV-ECORE/openlane/Core/runs/Core/logs/routing/15-diodes.log"

Sun Mar 20 09:11:55 UTC 2022 - Executing "openroad -exit /openlane/scripts/openroad/opendp.tcl"

Sun Mar 20 09:11:56 UTC 2022 - Executing "openroad -exit /openlane/scripts/openroad/write_verilog.tcl"

Sun Mar 20 09:11:56 UTC 2022 - Executing "sed -i -e {s/\(set ::env(CURRENT_NETLIST)\).*/\1 \/home\/ali11-2000\/FYP\/mpw\/UETRV-ECORE\/openlane\/Core\/runs\/Core\/results\/synthesis\/Core_diodes.v/} /home/ali11-2000/FYP/mpw/UETRV-ECORE/openlane/Core/runs/Core/config.tcl"

Sun Mar 20 09:11:56 UTC 2022 - Executing "sed -i -e {s/\(set ::env(PREV_NETLIST)\).*/\1 \/home\/ali11-2000\/FYP\/mpw\/UETRV-ECORE\/openlane\/Core\/runs\/Core\/results\/cts\/Core.resized.v/} /home/ali11-2000/FYP/mpw/UETRV-ECORE/openlane/Core/runs/Core/config.tcl"

Sun Mar 20 09:11:57 UTC 2022 - Executing "openroad -exit /openlane/scripts/openroad/fill.tcl"

Sun Mar 20 09:11:58 UTC 2022 - Executing "openroad -exit /openlane/scripts/openroad/groute.tcl"

Sun Mar 20 09:12:04 UTC 2022 - Executing "openroad -exit /openlane/scripts/openroad/write_verilog.tcl"

Sun Mar 20 09:12:05 UTC 2022 - Executing "sed -i -e {s/\(set ::env(CURRENT_NETLIST)\).*/\1 \/home\/ali11-2000\/FYP\/mpw\/UETRV-ECORE\/openlane\/Core\/runs\/Core\/tmp\/routing\/19-global.v/} /home/ali11-2000/FYP/mpw/UETRV-ECORE/openlane/Core/runs/Core/config.tcl"

Sun Mar 20 09:12:05 UTC 2022 - Executing "sed -i -e {s/\(set ::env(PREV_NETLIST)\).*/\1 \/home\/ali11-2000\/FYP\/mpw\/UETRV-ECORE\/openlane\/Core\/runs\/Core\/results\/synthesis\/Core_diodes.v/} /home/ali11-2000/FYP/mpw/UETRV-ECORE/openlane/Core/runs/Core/config.tcl"

Sun Mar 20 09:12:05 UTC 2022 - Executing "openroad -exit /openlane/scripts/openroad/droute.tcl"

Sun Mar 20 09:22:53 UTC 2022 - Executing "openroad -python /openlane/scripts/tr_drc_to_klayout_drc.py -i /home/ali11-2000/FYP/mpw/UETRV-ECORE/openlane/Core/runs/Core/reports/routing/detailed.drc -o /home/ali11-2000/FYP/mpw/UETRV-ECORE/openlane/Core/runs/Core/reports/routing/detailed.klayout.xml --design-name Core"

Sun Mar 20 09:22:53 UTC 2022 - Executing "openroad -exit /openlane/scripts/openroad/write_verilog.tcl"

Sun Mar 20 09:22:55 UTC 2022 - Executing "sed -i -e {s/\(set ::env(CURRENT_NETLIST)\).*/\1 \/home\/ali11-2000\/FYP\/mpw\/UETRV-ECORE\/openlane\/Core\/runs\/Core\/tmp\/routing\/21-detailed.v/} /home/ali11-2000/FYP/mpw/UETRV-ECORE/openlane/Core/runs/Core/config.tcl"

Sun Mar 20 09:22:55 UTC 2022 - Executing "sed -i -e {s/\(set ::env(PREV_NETLIST)\).*/\1 \/home\/ali11-2000\/FYP\/mpw\/UETRV-ECORE\/openlane\/Core\/runs\/Core\/tmp\/routing\/19-global.v/} /home/ali11-2000/FYP/mpw/UETRV-ECORE/openlane/Core/runs/Core/config.tcl"

Sun Mar 20 09:22:55 UTC 2022 - Executing "openroad -exit /openlane/scripts/openroad/rcx.tcl"

Sun Mar 20 09:23:02 UTC 2022 - Executing "openroad -exit /openlane/scripts/openroad/rcx.tcl"

Sun Mar 20 09:23:09 UTC 2022 - Executing "openroad -exit /openlane/scripts/openroad/rcx.tcl"

Sun Mar 20 09:23:17 UTC 2022 - Executing "openroad -exit /openlane/scripts/openroad/sta.tcl"

Sun Mar 20 09:23:25 UTC 2022 - Executing "openroad -exit /openlane/scripts/openroad/sta_multi_corner.tcl"

Sun Mar 20 09:24:00 UTC 2022 - Executing "magic -noconsole -dnull -rcfile /home/ali11-2000/FYP/mpw/pdks/sky130A/libs.tech/magic/sky130A.magicrc /openlane/scripts/magic/mag_gds.tcl </dev/null |& tee >&@stdout /home/ali11-2000/FYP/mpw/UETRV-ECORE/openlane/Core/runs/Core/logs/finishing/28-gdsii.log"

Sun Mar 20 09:24:09 UTC 2022 - Executing "magic -noconsole -dnull -rcfile /home/ali11-2000/FYP/mpw/pdks/sky130A/libs.tech/magic/sky130A.magicrc /openlane/scripts/magic/gds_pointers.tcl </dev/null |& tee >&@stdout /home/ali11-2000/FYP/mpw/UETRV-ECORE/openlane/Core/runs/Core/logs/finishing/28-gds_ptrs.log"

Sun Mar 20 09:24:16 UTC 2022 - Executing "sed -i -n {/^<< properties >>/,/^<< end >>/p} /home/ali11-2000/FYP/mpw/UETRV-ECORE/openlane/Core/runs/Core/tmp/finishing/gds_ptrs.mag"

Sun Mar 20 09:24:16 UTC 2022 - Executing "magic -noconsole -dnull -rcfile /home/ali11-2000/FYP/mpw/pdks/sky130A/libs.tech/magic/sky130A.magicrc /openlane/scripts/magic/lef.tcl </dev/null |& tee >&@stdout /home/ali11-2000/FYP/mpw/UETRV-ECORE/openlane/Core/runs/Core/logs/finishing/28-lef.log"

Sun Mar 20 09:24:26 UTC 2022 - Executing "magic -noconsole -dnull -rcfile /home/ali11-2000/FYP/mpw/pdks/sky130A/libs.tech/magic/sky130A.magicrc /openlane/scripts/magic/maglef.tcl </dev/null |& tee >&@stdout /home/ali11-2000/FYP/mpw/UETRV-ECORE/openlane/Core/runs/Core/logs/finishing/28-maglef.log"

Sun Mar 20 09:24:26 UTC 2022 - Executing "klayout -b -rm /openlane/scripts/klayout/def2gds.py -rd out_gds=/home/ali11-2000/FYP/mpw/UETRV-ECORE/openlane/Core/runs/Core/results/finishing/Core.klayout.gds -rd tech_file=/home/ali11-2000/FYP/mpw/pdks/sky130A/libs.tech/klayout/sky130A.lyt -rd design_name=Core -rd in_def=/home/ali11-2000/FYP/mpw/UETRV-ECORE/openlane/Core/runs/Core/results/routing/Core.def -rd {in_gds=/home/ali11-2000/FYP/mpw/pdks/sky130A/libs.ref/sky130_fd_sc_hd/gds/sky130_fd_sc_hd.gds } -rd config_file= -rd seal_gds= -rd lef_file=/home/ali11-2000/FYP/mpw/UETRV-ECORE/openlane/Core/runs/Core/tmp/merged.lef |& tee >&@stdout /home/ali11-2000/FYP/mpw/UETRV-ECORE/openlane/Core/runs/Core/logs/finishing/29-gdsii-klayout.log"

Sun Mar 20 09:24:28 UTC 2022 - Executing "bash /openlane/scripts/klayout/xor.sh /home/ali11-2000/FYP/mpw/UETRV-ECORE/openlane/Core/runs/Core/results/finishing/Core.gds /home/ali11-2000/FYP/mpw/UETRV-ECORE/openlane/Core/runs/Core/results/finishing/Core.klayout.gds Core /home/ali11-2000/FYP/mpw/UETRV-ECORE/openlane/Core/runs/Core/reports/finishing/Core.xor.gds |& tee >&@stdout /home/ali11-2000/FYP/mpw/UETRV-ECORE/openlane/Core/runs/Core/logs/finishing/30-xor.log"

Sun Mar 20 09:24:50 UTC 2022 - Executing "openroad -python /openlane/scripts/parse_klayout_xor_log.py -l /home/ali11-2000/FYP/mpw/UETRV-ECORE/openlane/Core/runs/Core/logs/finishing/30-xor.log -o /home/ali11-2000/FYP/mpw/UETRV-ECORE/openlane/Core/runs/Core/reports/finishing/30-xor.rpt"

Sun Mar 20 09:24:50 UTC 2022 - Executing "bash /openlane/scripts/klayout/xor.sh /home/ali11-2000/FYP/mpw/UETRV-ECORE/openlane/Core/runs/Core/results/finishing/Core.gds /home/ali11-2000/FYP/mpw/UETRV-ECORE/openlane/Core/runs/Core/results/finishing/Core.klayout.gds Core /home/ali11-2000/FYP/mpw/UETRV-ECORE/openlane/Core/runs/Core/reports/finishing/Core.xor.xml |& tee >&@stdout /home/ali11-2000/FYP/mpw/UETRV-ECORE/openlane/Core/runs/Core/logs/finishing/30-xor.log"

Sun Mar 20 09:25:12 UTC 2022 - Executing "openroad -python /openlane/scripts/parse_klayout_xor_log.py -l /home/ali11-2000/FYP/mpw/UETRV-ECORE/openlane/Core/runs/Core/logs/finishing/30-xor.log -o /home/ali11-2000/FYP/mpw/UETRV-ECORE/openlane/Core/runs/Core/reports/finishing/30-xor.rpt"

Sun Mar 20 09:25:12 UTC 2022 - Executing "magic -noconsole -dnull -rcfile /home/ali11-2000/FYP/mpw/pdks/sky130A/libs.tech/magic/sky130A.magicrc /home/ali11-2000/FYP/mpw/UETRV-ECORE/openlane/Core/runs/Core/tmp/finishing/spice.tcl </dev/null |& tee >&@stdout /home/ali11-2000/FYP/mpw/UETRV-ECORE/openlane/Core/runs/Core/logs/finishing/31-spice.log"

Sun Mar 20 09:25:42 UTC 2022 - Executing "openroad -python /openlane/scripts/write_powered_def.py -d /home/ali11-2000/FYP/mpw/UETRV-ECORE/openlane/Core/runs/Core/results/routing/Core.def -l /home/ali11-2000/FYP/mpw/UETRV-ECORE/openlane/Core/runs/Core/tmp/merged.lef --power-port vccd1 --ground-port vssd1 --powered-netlist {} -o /home/ali11-2000/FYP/mpw/UETRV-ECORE/openlane/Core/runs/Core/tmp/finishing/31-powered_def.def |& tee >&@stdout /home/ali11-2000/FYP/mpw/UETRV-ECORE/openlane/Core/runs/Core/logs/finishing/32-write_powered_def.log"

Sun Mar 20 09:25:45 UTC 2022 - Executing "openroad -exit /openlane/scripts/openroad/write_verilog.tcl"

Sun Mar 20 09:25:46 UTC 2022 - Executing "sed -i -e {s/\(set ::env(CURRENT_NETLIST)\).*/\1 \/home\/ali11-2000\/FYP\/mpw\/UETRV-ECORE\/openlane\/Core\/runs\/Core\/tmp\/finishing\/31-powered_netlist.v/} /home/ali11-2000/FYP/mpw/UETRV-ECORE/openlane/Core/runs/Core/config.tcl"

Sun Mar 20 09:25:46 UTC 2022 - Executing "sed -i -e {s/\(set ::env(PREV_NETLIST)\).*/\1 \/home\/ali11-2000\/FYP\/mpw\/UETRV-ECORE\/openlane\/Core\/runs\/Core\/tmp\/routing\/21-detailed.v/} /home/ali11-2000/FYP/mpw/UETRV-ECORE/openlane/Core/runs/Core/config.tcl"

Sun Mar 20 09:25:46 UTC 2022 - Executing "netgen -batch source /home/ali11-2000/FYP/mpw/UETRV-ECORE/openlane/Core/runs/Core/tmp/finishing/34-setup_file.lef.lvs |& tee >&@stdout /home/ali11-2000/FYP/mpw/UETRV-ECORE/openlane/Core/runs/Core/logs/finishing/34-lef.log"

Sun Mar 20 09:25:51 UTC 2022 - Executing "magic -noconsole -dnull -rcfile /home/ali11-2000/FYP/mpw/pdks/sky130A/libs.tech/magic/sky130A.magicrc /openlane/scripts/magic/drc.tcl </dev/null |& tee >&@stdout /home/ali11-2000/FYP/mpw/UETRV-ECORE/openlane/Core/runs/Core/logs/finishing/35-drc.log"

Sun Mar 20 09:27:53 UTC 2022 - Executing "openroad -python /openlane/scripts/magic_drc_to_tcl.py -i /home/ali11-2000/FYP/mpw/UETRV-ECORE/openlane/Core/runs/Core/reports/finishing/drc.rpt -o /home/ali11-2000/FYP/mpw/UETRV-ECORE/openlane/Core/runs/Core/reports/finishing/drc.tcl"

Sun Mar 20 09:27:53 UTC 2022 - Executing "openroad -python /openlane/scripts/magic_drc_to_tr_drc.py -i /home/ali11-2000/FYP/mpw/UETRV-ECORE/openlane/Core/runs/Core/reports/finishing/drc.rpt -o /home/ali11-2000/FYP/mpw/UETRV-ECORE/openlane/Core/runs/Core/reports/finishing/drc.tr"

Sun Mar 20 09:27:53 UTC 2022 - Executing "openroad -python /openlane/scripts/tr_drc_to_klayout_drc.py -i /home/ali11-2000/FYP/mpw/UETRV-ECORE/openlane/Core/runs/Core/reports/finishing/drc.tr -o /home/ali11-2000/FYP/mpw/UETRV-ECORE/openlane/Core/runs/Core/reports/finishing/drc.klayout.xml --design-name Core"

Sun Mar 20 09:27:54 UTC 2022 - Executing "openroad -python /openlane/scripts/magic_drc_to_rdb.py --magic_drc_in /home/ali11-2000/FYP/mpw/UETRV-ECORE/openlane/Core/runs/Core/reports/finishing/drc.rpt --rdb_out /home/ali11-2000/FYP/mpw/UETRV-ECORE/openlane/Core/runs/Core/reports/finishing/drc.rdb"

Sun Mar 20 09:27:54 UTC 2022 - Executing "openroad -exit /openlane/scripts/openroad/antenna_check.tcl"

Sun Mar 20 09:27:57 UTC 2022 - Executing "awk -v vdd=vccd1 -v gnd=vssd1 -f /openlane/scripts/cvc/sky130A/power.awk /home/ali11-2000/FYP/mpw/UETRV-ECORE/openlane/Core/runs/Core/tmp/finishing/31-powered_netlist.v > /home/ali11-2000/FYP/mpw/UETRV-ECORE/openlane/Core/runs/Core/tmp/finishing/Core.power"

Sun Mar 20 09:27:57 UTC 2022 - Executing "awk -f /openlane/scripts/cvc/sky130A/cdl.awk /home/ali11-2000/FYP/mpw/pdks/sky130A/libs.ref/sky130_fd_sc_hd/cdl/sky130_fd_sc_hd.cdl /home/ali11-2000/FYP/mpw/UETRV-ECORE/openlane/Core/runs/Core/results/finishing/Core.lef.spice > /home/ali11-2000/FYP/mpw/UETRV-ECORE/openlane/Core/runs/Core/tmp/finishing/Core.cdl"

Sun Mar 20 09:27:57 UTC 2022 - Executing "cvc /openlane/scripts/cvc/sky130A/cvcrc.sky130A |& tee >&@stdout /home/ali11-2000/FYP/mpw/UETRV-ECORE/openlane/Core/runs/Core/logs/finishing/37-erc_screen.log"

Sun Mar 20 09:27:59 UTC 2022 - Executing "openroad -python /openlane/scripts/generate_reports.py -d /home/ali11-2000/FYP/mpw/UETRV-ECORE/openlane/Core --design_name Core --tag Core --output_file /home/ali11-2000/FYP/mpw/UETRV-ECORE/openlane/Core/runs/Core/reports/final_summary_report.csv --man_report /home/ali11-2000/FYP/mpw/UETRV-ECORE/openlane/Core/runs/Core/reports/manufacturability_report.rpt --run_path /home/ali11-2000/FYP/mpw/UETRV-ECORE/openlane/Core/runs/Core"

