[INFO]: Current run directory is /home/ali11-2000/FYP/mpw/UETRV-ECORE/openlane/Motor_Top/runs/Motor_Top
[INFO]: Storing configs into config.tcl ...
[INFO]: Preparing LEF Files
[INFO]: Extracting the number of available metal layers from /home/ali11-2000/FYP/mpw/pdks/sky130A/libs.ref/sky130_fd_sc_hd/techlef/sky130_fd_sc_hd.tlef
[INFO]: The available metal layers (6) are li1  met1  met2  met3  met4  met5
[INFO]: Merging LEF Files...
[INFO]: Trimming Liberty...
[INFO]: Generating Exclude List...
[INFO]: Generating Exclude List...
[INFO]: Creating ::env(DONT_USE_CELLS)...
[INFO]: Preparation complete
[INFO]: Incremented step index to 0.
[INFO]: Running Synthesis...
[INFO]: Changing netlist from 0 to /home/ali11-2000/FYP/mpw/UETRV-ECORE/openlane/Motor_Top/runs/Motor_Top/results/synthesis/Motor_Top.v
[INFO]: Incremented step index to 1.
[INFO]: Running Static Timing Analysis...
[INFO]: Synthesis was successful
[INFO]: Running Floorplanning...
[INFO]: Running Initial Floorplanning...
[INFO]: Incremented step index to 2.
[INFO]: Core area width: 488.96000000000004
[INFO]: Core area height: 478.24
[INFO]: Final Vertical PDN Offset: 16.32
[INFO]: Final Horizontal PDN Offset: 16.65
[INFO]: Final Vertical PDN Pitch: 153.6
[INFO]: Final Horizontal PDN Pitch: 153.18
[INFO]: Changing layout from 0 to /home/ali11-2000/FYP/mpw/UETRV-ECORE/openlane/Motor_Top/runs/Motor_Top/tmp/floorplan/3-initial_fp.def
[INFO]: Setting Core Dimensions...
[INFO]: Incremented step index to 3.
[INFO]: Running IO Placement...
[INFO]: Changing layout from /home/ali11-2000/FYP/mpw/UETRV-ECORE/openlane/Motor_Top/runs/Motor_Top/tmp/floorplan/3-initial_fp.def to /home/ali11-2000/FYP/mpw/UETRV-ECORE/openlane/Motor_Top/runs/Motor_Top/tmp/floorplan/4-io.def
[INFO]: Incremented step index to 4.
[INFO]: Running Tap/Decap Insertion...
[INFO]: Changing layout from /home/ali11-2000/FYP/mpw/UETRV-ECORE/openlane/Motor_Top/runs/Motor_Top/tmp/floorplan/4-io.def to /home/ali11-2000/FYP/mpw/UETRV-ECORE/openlane/Motor_Top/runs/Motor_Top/results/floorplan/Motor_Top.def
[INFO]: Power planning the following nets
[INFO]: Power: vccd1
[INFO]: Ground: vssd1
[INFO]: Incremented step index to 5.
[INFO]: Generating PDN...
[INFO]: PDN generation was successful.
[INFO]: Changing layout from /home/ali11-2000/FYP/mpw/UETRV-ECORE/openlane/Motor_Top/runs/Motor_Top/results/floorplan/Motor_Top.def to /home/ali11-2000/FYP/mpw/UETRV-ECORE/openlane/Motor_Top/runs/Motor_Top/tmp/floorplan/6-pdn.def
[INFO]: Running Placement...
[INFO]: Incremented step index to 6.
[INFO]: Running Global Placement...
[INFO]: Global placement was successful
[INFO]: Changing layout from /home/ali11-2000/FYP/mpw/UETRV-ECORE/openlane/Motor_Top/runs/Motor_Top/tmp/floorplan/6-pdn.def to /home/ali11-2000/FYP/mpw/UETRV-ECORE/openlane/Motor_Top/runs/Motor_Top/tmp/placement/7-global.def
[INFO]: Incremented step index to 7.
[INFO]: Running Resizer Design Optimizations...
[INFO]: Changing layout from /home/ali11-2000/FYP/mpw/UETRV-ECORE/openlane/Motor_Top/runs/Motor_Top/tmp/placement/7-global.def to /home/ali11-2000/FYP/mpw/UETRV-ECORE/openlane/Motor_Top/runs/Motor_Top/tmp/placement/8-resizer.def
[INFO]: Incremented step index to 8.
[INFO]: Writing Verilog...
[INFO]: Changing netlist from /home/ali11-2000/FYP/mpw/UETRV-ECORE/openlane/Motor_Top/runs/Motor_Top/results/synthesis/Motor_Top.v to /home/ali11-2000/FYP/mpw/UETRV-ECORE/openlane/Motor_Top/runs/Motor_Top/results/placement/Motor_Top.resized.v
[INFO]: Incremented step index to 9.
[INFO]: Running Detailed Placement...
[INFO]: Changing layout from /home/ali11-2000/FYP/mpw/UETRV-ECORE/openlane/Motor_Top/runs/Motor_Top/tmp/placement/8-resizer.def to /home/ali11-2000/FYP/mpw/UETRV-ECORE/openlane/Motor_Top/runs/Motor_Top/results/placement/Motor_Top.def
[INFO]: Changing layout from /home/ali11-2000/FYP/mpw/UETRV-ECORE/openlane/Motor_Top/runs/Motor_Top/results/placement/Motor_Top.def to /home/ali11-2000/FYP/mpw/UETRV-ECORE/openlane/Motor_Top/runs/Motor_Top/results/placement/Motor_Top.def
[INFO]: Incremented step index to 10.
[INFO]: Running TritonCTS...
[INFO]: Trimming Liberty...
[INFO]: Generating Exclude List...
[INFO]: Clock Tree Synthesis was successful
[INFO]: Changing layout from /home/ali11-2000/FYP/mpw/UETRV-ECORE/openlane/Motor_Top/runs/Motor_Top/results/placement/Motor_Top.def to /home/ali11-2000/FYP/mpw/UETRV-ECORE/openlane/Motor_Top/runs/Motor_Top/results/cts/Motor_Top.def
[INFO]: Incremented step index to 11.
[INFO]: Writing Verilog...
[INFO]: Changing netlist from /home/ali11-2000/FYP/mpw/UETRV-ECORE/openlane/Motor_Top/runs/Motor_Top/results/placement/Motor_Top.resized.v to /home/ali11-2000/FYP/mpw/UETRV-ECORE/openlane/Motor_Top/runs/Motor_Top/results/cts/Motor_Top.v
[INFO]: Incremented step index to 12.
[INFO]: Running Resizer Timing Optimizations...
[INFO]: Changing layout from /home/ali11-2000/FYP/mpw/UETRV-ECORE/openlane/Motor_Top/runs/Motor_Top/results/cts/Motor_Top.def to /home/ali11-2000/FYP/mpw/UETRV-ECORE/openlane/Motor_Top/runs/Motor_Top/tmp/cts/13-resizer_timing.def
[INFO]: Incremented step index to 13.
[INFO]: Writing Verilog...
[INFO]: Changing netlist from /home/ali11-2000/FYP/mpw/UETRV-ECORE/openlane/Motor_Top/runs/Motor_Top/results/cts/Motor_Top.v to /home/ali11-2000/FYP/mpw/UETRV-ECORE/openlane/Motor_Top/runs/Motor_Top/results/cts/Motor_Top.resized.v
[INFO]: Routing...
[INFO]: Skipping Resizer Timing Optimizations.
[INFO]: Incremented step index to 14.
[INFO]: Running Diode Insertion...
[INFO]: Changing layout from /home/ali11-2000/FYP/mpw/UETRV-ECORE/openlane/Motor_Top/runs/Motor_Top/tmp/cts/13-resizer_timing.def to /home/ali11-2000/FYP/mpw/UETRV-ECORE/openlane/Motor_Top/runs/Motor_Top/tmp/routing/15-diodes.def
[INFO]: Incremented step index to 15.
[INFO]: Running Detailed Placement...
[INFO]: Changing layout from /home/ali11-2000/FYP/mpw/UETRV-ECORE/openlane/Motor_Top/runs/Motor_Top/tmp/routing/15-diodes.def to /home/ali11-2000/FYP/mpw/UETRV-ECORE/openlane/Motor_Top/runs/Motor_Top/tmp/routing/15-diodes.def
[INFO]: Changing layout from /home/ali11-2000/FYP/mpw/UETRV-ECORE/openlane/Motor_Top/runs/Motor_Top/tmp/routing/15-diodes.def to /home/ali11-2000/FYP/mpw/UETRV-ECORE/openlane/Motor_Top/runs/Motor_Top/tmp/routing/15-diodes.def
[INFO]: Incremented step index to 16.
[INFO]: Writing Verilog...
[INFO]: Changing netlist from /home/ali11-2000/FYP/mpw/UETRV-ECORE/openlane/Motor_Top/runs/Motor_Top/results/cts/Motor_Top.resized.v to /home/ali11-2000/FYP/mpw/UETRV-ECORE/openlane/Motor_Top/runs/Motor_Top/results/synthesis/Motor_Top_diodes.v
[INFO]: Incremented step index to 17.
[INFO]: Running Fill Insertion...
[INFO]: Changing layout from /home/ali11-2000/FYP/mpw/UETRV-ECORE/openlane/Motor_Top/runs/Motor_Top/tmp/routing/15-diodes.def to /home/ali11-2000/FYP/mpw/UETRV-ECORE/openlane/Motor_Top/runs/Motor_Top/tmp/routing/18-fill.def
[INFO]: Incremented step index to 18.
[INFO]: Running Global Routing...
[INFO]: Changing layout from /home/ali11-2000/FYP/mpw/UETRV-ECORE/openlane/Motor_Top/runs/Motor_Top/tmp/routing/18-fill.def to /home/ali11-2000/FYP/mpw/UETRV-ECORE/openlane/Motor_Top/runs/Motor_Top/tmp/routing/19-global.def
[INFO]: Changing layout from 0 to /home/ali11-2000/FYP/mpw/UETRV-ECORE/openlane/Motor_Top/runs/Motor_Top/tmp/routing/19-global.guide
[INFO]: Current Def is /home/ali11-2000/FYP/mpw/UETRV-ECORE/openlane/Motor_Top/runs/Motor_Top/tmp/routing/19-global.def
[INFO]: Current Guide is /home/ali11-2000/FYP/mpw/UETRV-ECORE/openlane/Motor_Top/runs/Motor_Top/tmp/routing/19-global.guide
[INFO]: Incremented step index to 19.
[INFO]: Writing Verilog...
[INFO]: Changing netlist from /home/ali11-2000/FYP/mpw/UETRV-ECORE/openlane/Motor_Top/runs/Motor_Top/results/synthesis/Motor_Top_diodes.v to /home/ali11-2000/FYP/mpw/UETRV-ECORE/openlane/Motor_Top/runs/Motor_Top/tmp/routing/19-global.v
[INFO]: Incremented step index to 20.
[INFO]: Running Detailed Routing...
[INFO]: No DRC violations after detailed routing.
[INFO]: Changing layout from /home/ali11-2000/FYP/mpw/UETRV-ECORE/openlane/Motor_Top/runs/Motor_Top/tmp/routing/19-global.def to /home/ali11-2000/FYP/mpw/UETRV-ECORE/openlane/Motor_Top/runs/Motor_Top/results/routing/Motor_Top.def
[INFO]: Incremented step index to 21.
[INFO]: Writing Verilog...
[INFO]: Changing netlist from /home/ali11-2000/FYP/mpw/UETRV-ECORE/openlane/Motor_Top/runs/Motor_Top/tmp/routing/19-global.v to /home/ali11-2000/FYP/mpw/UETRV-ECORE/openlane/Motor_Top/runs/Motor_Top/tmp/routing/21-detailed.v
[INFO]: Incremented step index to 22.
[INFO]: Running SPEF Extraction...
[INFO]: Incremented step index to 23.
[INFO]: Running SPEF Extraction...
[INFO]: Incremented step index to 24.
[INFO]: Running SPEF Extraction...
[INFO]: Incremented step index to 25.
[INFO]: Running Static Timing Analysis...
[INFO]: Incremented step index to 26.
[INFO]: Running Static Timing Analysis...
